七月 14, 2016 10:37:23 上午 org.apache.tomcat.util.digester.SetPropertiesRule begin
警告: [SetPropertiesRule]{Server/Service/Engine/Host/Context} Setting property 'source' to 'org.eclipse.jst.jee.server:MapTest' did not find a matching property.
七月 14, 2016 10:37:24 上午 org.apache.catalina.startup.VersionLoggerListener log
信息: Server version:        Apache Tomcat/7.0.68
七月 14, 2016 10:37:24 上午 org.apache.catalina.startup.VersionLoggerListener log
信息: Server built:          Feb 8 2016 20:25:54 UTC
七月 14, 2016 10:37:24 上午 org.apache.catalina.startup.VersionLoggerListener log
信息: Server number:         7.0.68.0
七月 14, 2016 10:37:24 上午 org.apache.catalina.startup.VersionLoggerListener log
信息: OS Name:               Windows 7
七月 14, 2016 10:37:24 上午 org.apache.catalina.startup.VersionLoggerListener log
信息: OS Version:            6.1
七月 14, 2016 10:37:24 上午 org.apache.catalina.startup.VersionLoggerListener log
信息: Architecture:          x86
七月 14, 2016 10:37:24 上午 org.apache.catalina.startup.VersionLoggerListener log
信息: Java Home:             G:\eclipse workspace\FrameTest\jre
七月 14, 2016 10:37:24 上午 org.apache.catalina.startup.VersionLoggerListener log
信息: JVM Version:           1.8.0_20-b26
七月 14, 2016 10:37:24 上午 org.apache.catalina.startup.VersionLoggerListener log
信息: JVM Vendor:            Oracle Corporation
七月 14, 2016 10:37:24 上午 org.apache.catalina.startup.VersionLoggerListener log
信息: CATALINA_BASE:         G:\wangziwei\Spec_for_new_transfer\apache-tomcat-7.0.68
七月 14, 2016 10:37:24 上午 org.apache.catalina.startup.VersionLoggerListener log
信息: CATALINA_HOME:         G:\wangziwei\Spec_for_new_transfer\apache-tomcat-7.0.68
七月 14, 2016 10:37:24 上午 org.apache.catalina.startup.VersionLoggerListener log
信息: Command line argument: -Djava.util.logging.config.file=G:\wangziwei\Spec_for_new_transfer\apache-tomcat-7.0.68\conf\logging.properties
七月 14, 2016 10:37:24 上午 org.apache.catalina.startup.VersionLoggerListener log
信息: Command line argument: -Djava.util.logging.manager=org.apache.juli.ClassLoaderLogManager
七月 14, 2016 10:37:24 上午 org.apache.catalina.startup.VersionLoggerListener log
信息: Command line argument: -Djava.endorsed.dirs=G:\wangziwei\Spec_for_new_transfer\apache-tomcat-7.0.68\endorsed
七月 14, 2016 10:37:24 上午 org.apache.catalina.startup.VersionLoggerListener log
信息: Command line argument: -Dcatalina.base=G:\wangziwei\Spec_for_new_transfer\apache-tomcat-7.0.68
七月 14, 2016 10:37:24 上午 org.apache.catalina.startup.VersionLoggerListener log
信息: Command line argument: -Dcatalina.home=G:\wangziwei\Spec_for_new_transfer\apache-tomcat-7.0.68
七月 14, 2016 10:37:24 上午 org.apache.catalina.startup.VersionLoggerListener log
信息: Command line argument: -Djava.io.tmpdir=G:\wangziwei\Spec_for_new_transfer\apache-tomcat-7.0.68\temp
七月 14, 2016 10:37:24 上午 org.apache.catalina.core.AprLifecycleListener lifecycleEvent
信息: Loaded APR based Apache Tomcat Native library 1.1.33 using APR version 1.5.1.
七月 14, 2016 10:37:24 上午 org.apache.catalina.core.AprLifecycleListener lifecycleEvent
信息: APR capabilities: IPv6 [true], sendfile [true], accept filters [false], random [true].
七月 14, 2016 10:37:25 上午 org.apache.catalina.core.AprLifecycleListener initializeSSL
信息: OpenSSL successfully initialized (OpenSSL 1.0.1m 19 Mar 2015)
七月 14, 2016 10:37:25 上午 org.apache.coyote.AbstractProtocol init
信息: Initializing ProtocolHandler ["http-apr-8080"]
七月 14, 2016 10:37:25 上午 org.apache.coyote.AbstractProtocol init
信息: Initializing ProtocolHandler ["ajp-apr-8009"]
七月 14, 2016 10:37:25 上午 org.apache.catalina.startup.Catalina load
信息: Initialization processed in 3655 ms
七月 14, 2016 10:37:25 上午 org.apache.catalina.core.StandardService startInternal
信息: Starting service Catalina
七月 14, 2016 10:37:25 上午 org.apache.catalina.core.StandardEngine startInternal
信息: Starting Servlet Engine: Apache Tomcat/7.0.68
七月 14, 2016 10:37:26 上午 org.apache.catalina.startup.TldConfig execute
信息: At least one JAR was scanned for TLDs yet contained no TLDs. Enable debug logging for this logger for a complete list of JARs that were scanned but no TLDs were found in them. Skipping unneeded JARs during scanning can improve startup time and JSP compilation time.
七月 14, 2016 10:37:26 上午 org.apache.catalina.util.SessionIdGeneratorBase createSecureRandom
信息: Creation of SecureRandom instance for session ID generation using [SHA1PRNG] took [187] milliseconds.
七月 14, 2016 10:37:26 上午 org.apache.catalina.startup.HostConfig deployDirectory
信息: Deploying web application directory G:\wangziwei\Spec_for_new_transfer\apache-tomcat-7.0.68\webapps\docs
七月 14, 2016 10:37:26 上午 org.apache.catalina.startup.HostConfig deployDirectory
信息: Deployment of web application directory G:\wangziwei\Spec_for_new_transfer\apache-tomcat-7.0.68\webapps\docs has finished in 58 ms
七月 14, 2016 10:37:26 上午 org.apache.catalina.startup.HostConfig deployDirectory
信息: Deploying web application directory G:\wangziwei\Spec_for_new_transfer\apache-tomcat-7.0.68\webapps\examples
七月 14, 2016 10:37:27 上午 org.apache.catalina.startup.HostConfig deployDirectory
信息: Deployment of web application directory G:\wangziwei\Spec_for_new_transfer\apache-tomcat-7.0.68\webapps\examples has finished in 404 ms
七月 14, 2016 10:37:27 上午 org.apache.catalina.startup.HostConfig deployDirectory
信息: Deploying web application directory G:\wangziwei\Spec_for_new_transfer\apache-tomcat-7.0.68\webapps\host-manager
七月 14, 2016 10:37:27 上午 org.apache.catalina.startup.HostConfig deployDirectory
信息: Deployment of web application directory G:\wangziwei\Spec_for_new_transfer\apache-tomcat-7.0.68\webapps\host-manager has finished in 50 ms
七月 14, 2016 10:37:27 上午 org.apache.catalina.startup.HostConfig deployDirectory
信息: Deploying web application directory G:\wangziwei\Spec_for_new_transfer\apache-tomcat-7.0.68\webapps\manager
七月 14, 2016 10:37:27 上午 org.apache.catalina.startup.HostConfig deployDirectory
信息: Deployment of web application directory G:\wangziwei\Spec_for_new_transfer\apache-tomcat-7.0.68\webapps\manager has finished in 48 ms
七月 14, 2016 10:37:27 上午 org.apache.catalina.startup.HostConfig deployDirectory
信息: Deploying web application directory G:\wangziwei\Spec_for_new_transfer\apache-tomcat-7.0.68\webapps\ROOT
七月 14, 2016 10:37:27 上午 org.apache.catalina.startup.HostConfig deployDirectory
信息: Deployment of web application directory G:\wangziwei\Spec_for_new_transfer\apache-tomcat-7.0.68\webapps\ROOT has finished in 39 ms
七月 14, 2016 10:37:27 上午 org.apache.coyote.AbstractProtocol start
信息: Starting ProtocolHandler ["http-apr-8080"]
七月 14, 2016 10:37:27 上午 org.apache.coyote.AbstractProtocol start
信息: Starting ProtocolHandler ["ajp-apr-8009"]
七月 14, 2016 10:37:27 上午 org.apache.catalina.startup.Catalina start
信息: Server startup in 1692 ms
七月 14, 2016 10:37:58 上午 org.apache.catalina.core.StandardServer await
信息: A valid shutdown command was received via the shutdown port. Stopping the Server instance.
七月 14, 2016 10:37:58 上午 org.apache.coyote.AbstractProtocol pause
信息: Pausing ProtocolHandler ["http-apr-8080"]
七月 14, 2016 10:37:58 上午 org.apache.coyote.AbstractProtocol pause
信息: Pausing ProtocolHandler ["ajp-apr-8009"]
七月 14, 2016 10:37:59 上午 org.apache.catalina.core.StandardService stopInternal
信息: Stopping service Catalina
七月 14, 2016 10:37:59 上午 org.apache.coyote.AbstractProtocol stop
信息: Stopping ProtocolHandler ["http-apr-8080"]
七月 14, 2016 10:37:59 上午 org.apache.coyote.AbstractProtocol stop
信息: Stopping ProtocolHandler ["ajp-apr-8009"]
七月 14, 2016 10:37:59 上午 org.apache.coyote.AbstractProtocol destroy
信息: Destroying ProtocolHandler ["http-apr-8080"]
七月 14, 2016 10:37:59 上午 org.apache.coyote.AbstractProtocol destroy
信息: Destroying ProtocolHandler ["ajp-apr-8009"]
