十月 10, 2016 3:22:21 下午 org.apache.tomcat.util.digester.SetPropertiesRule begin
警告: [SetPropertiesRule]{Server/Service/Engine/Host/Context} Setting property 'source' to 'org.eclipse.jst.jee.server:MapTest' did not find a matching property.
十月 10, 2016 3:22:22 下午 org.apache.catalina.startup.VersionLoggerListener log
信息: Server version:        Apache Tomcat/7.0.68
十月 10, 2016 3:22:22 下午 org.apache.catalina.startup.VersionLoggerListener log
信息: Server built:          Feb 8 2016 20:25:54 UTC
十月 10, 2016 3:22:22 下午 org.apache.catalina.startup.VersionLoggerListener log
信息: Server number:         7.0.68.0
十月 10, 2016 3:22:22 下午 org.apache.catalina.startup.VersionLoggerListener log
信息: OS Name:               Windows 7
十月 10, 2016 3:22:22 下午 org.apache.catalina.startup.VersionLoggerListener log
信息: OS Version:            6.1
十月 10, 2016 3:22:22 下午 org.apache.catalina.startup.VersionLoggerListener log
信息: Architecture:          x86
十月 10, 2016 3:22:22 下午 org.apache.catalina.startup.VersionLoggerListener log
信息: Java Home:             C:\SRF_501_8_5\jre
十月 10, 2016 3:22:22 下午 org.apache.catalina.startup.VersionLoggerListener log
信息: JVM Version:           1.8.0_20-b26
十月 10, 2016 3:22:22 下午 org.apache.catalina.startup.VersionLoggerListener log
信息: JVM Vendor:            Oracle Corporation
十月 10, 2016 3:22:22 下午 org.apache.catalina.startup.VersionLoggerListener log
信息: CATALINA_BASE:         C:\Spec_for_new_transfer_9_20\apache-tomcat-7.0.68
十月 10, 2016 3:22:22 下午 org.apache.catalina.startup.VersionLoggerListener log
信息: CATALINA_HOME:         C:\Spec_for_new_transfer_9_20\apache-tomcat-7.0.68
十月 10, 2016 3:22:22 下午 org.apache.catalina.startup.VersionLoggerListener log
信息: Command line argument: -Djava.util.logging.config.file=C:\Spec_for_new_transfer_9_20\apache-tomcat-7.0.68\conf\logging.properties
十月 10, 2016 3:22:22 下午 org.apache.catalina.startup.VersionLoggerListener log
信息: Command line argument: -Djava.util.logging.manager=org.apache.juli.ClassLoaderLogManager
十月 10, 2016 3:22:22 下午 org.apache.catalina.startup.VersionLoggerListener log
信息: Command line argument: -Djava.endorsed.dirs=C:\Spec_for_new_transfer_9_20\apache-tomcat-7.0.68\endorsed
十月 10, 2016 3:22:22 下午 org.apache.catalina.startup.VersionLoggerListener log
信息: Command line argument: -Dcatalina.base=C:\Spec_for_new_transfer_9_20\apache-tomcat-7.0.68
十月 10, 2016 3:22:22 下午 org.apache.catalina.startup.VersionLoggerListener log
信息: Command line argument: -Dcatalina.home=C:\Spec_for_new_transfer_9_20\apache-tomcat-7.0.68
十月 10, 2016 3:22:22 下午 org.apache.catalina.startup.VersionLoggerListener log
信息: Command line argument: -Djava.io.tmpdir=C:\Spec_for_new_transfer_9_20\apache-tomcat-7.0.68\temp
十月 10, 2016 3:22:22 下午 org.apache.catalina.core.AprLifecycleListener lifecycleEvent
信息: Loaded APR based Apache Tomcat Native library 1.1.33 using APR version 1.5.1.
十月 10, 2016 3:22:22 下午 org.apache.catalina.core.AprLifecycleListener lifecycleEvent
信息: APR capabilities: IPv6 [true], sendfile [true], accept filters [false], random [true].
十月 10, 2016 3:22:23 下午 org.apache.catalina.core.AprLifecycleListener initializeSSL
信息: OpenSSL successfully initialized (OpenSSL 1.0.1m 19 Mar 2015)
十月 10, 2016 3:22:24 下午 org.apache.coyote.AbstractProtocol init
信息: Initializing ProtocolHandler ["http-apr-8080"]
十月 10, 2016 3:22:24 下午 org.apache.coyote.AbstractProtocol init
信息: Initializing ProtocolHandler ["ajp-apr-8009"]
十月 10, 2016 3:22:24 下午 org.apache.catalina.startup.Catalina load
信息: Initialization processed in 3918 ms
十月 10, 2016 3:22:24 下午 org.apache.catalina.core.StandardService startInternal
信息: Starting service Catalina
十月 10, 2016 3:22:24 下午 org.apache.catalina.core.StandardEngine startInternal
信息: Starting Servlet Engine: Apache Tomcat/7.0.68
十月 10, 2016 3:22:24 下午 org.apache.catalina.startup.TldConfig execute
信息: At least one JAR was scanned for TLDs yet contained no TLDs. Enable debug logging for this logger for a complete list of JARs that were scanned but no TLDs were found in them. Skipping unneeded JARs during scanning can improve startup time and JSP compilation time.
十月 10, 2016 3:22:25 下午 org.apache.catalina.util.SessionIdGeneratorBase createSecureRandom
信息: Creation of SecureRandom instance for session ID generation using [SHA1PRNG] took [158] milliseconds.
十月 10, 2016 3:22:25 下午 org.apache.catalina.startup.HostConfig deployDirectory
信息: Deploying web application directory C:\Spec_for_new_transfer_9_20\apache-tomcat-7.0.68\webapps\docs
十月 10, 2016 3:22:25 下午 org.apache.catalina.startup.HostConfig deployDirectory
信息: Deployment of web application directory C:\Spec_for_new_transfer_9_20\apache-tomcat-7.0.68\webapps\docs has finished in 78 ms
十月 10, 2016 3:22:25 下午 org.apache.catalina.startup.HostConfig deployDirectory
信息: Deploying web application directory C:\Spec_for_new_transfer_9_20\apache-tomcat-7.0.68\webapps\examples
十月 10, 2016 3:22:26 下午 org.apache.catalina.startup.HostConfig deployDirectory
信息: Deployment of web application directory C:\Spec_for_new_transfer_9_20\apache-tomcat-7.0.68\webapps\examples has finished in 962 ms
十月 10, 2016 3:22:26 下午 org.apache.catalina.startup.HostConfig deployDirectory
信息: Deploying web application directory C:\Spec_for_new_transfer_9_20\apache-tomcat-7.0.68\webapps\host-manager
十月 10, 2016 3:22:26 下午 org.apache.catalina.startup.HostConfig deployDirectory
信息: Deployment of web application directory C:\Spec_for_new_transfer_9_20\apache-tomcat-7.0.68\webapps\host-manager has finished in 135 ms
十月 10, 2016 3:22:26 下午 org.apache.catalina.startup.HostConfig deployDirectory
信息: Deploying web application directory C:\Spec_for_new_transfer_9_20\apache-tomcat-7.0.68\webapps\manager
十月 10, 2016 3:22:26 下午 org.apache.catalina.startup.HostConfig deployDirectory
信息: Deployment of web application directory C:\Spec_for_new_transfer_9_20\apache-tomcat-7.0.68\webapps\manager has finished in 70 ms
十月 10, 2016 3:22:26 下午 org.apache.catalina.startup.HostConfig deployDirectory
信息: Deploying web application directory C:\Spec_for_new_transfer_9_20\apache-tomcat-7.0.68\webapps\ROOT
十月 10, 2016 3:22:26 下午 org.apache.catalina.startup.HostConfig deployDirectory
信息: Deployment of web application directory C:\Spec_for_new_transfer_9_20\apache-tomcat-7.0.68\webapps\ROOT has finished in 55 ms
十月 10, 2016 3:22:26 下午 org.apache.coyote.AbstractProtocol start
信息: Starting ProtocolHandler ["http-apr-8080"]
十月 10, 2016 3:22:26 下午 org.apache.coyote.AbstractProtocol start
信息: Starting ProtocolHandler ["ajp-apr-8009"]
十月 10, 2016 3:22:26 下午 org.apache.catalina.startup.Catalina start
信息: Server startup in 2516 ms
十月 10, 2016 3:33:10 下午 org.apache.catalina.core.StandardServer await
信息: A valid shutdown command was received via the shutdown port. Stopping the Server instance.
十月 10, 2016 3:33:10 下午 org.apache.coyote.AbstractProtocol pause
信息: Pausing ProtocolHandler ["http-apr-8080"]
十月 10, 2016 3:33:10 下午 org.apache.coyote.AbstractProtocol pause
信息: Pausing ProtocolHandler ["ajp-apr-8009"]
十月 10, 2016 3:33:11 下午 org.apache.catalina.core.StandardService stopInternal
信息: Stopping service Catalina
十月 10, 2016 3:33:11 下午 org.apache.coyote.AbstractProtocol stop
信息: Stopping ProtocolHandler ["http-apr-8080"]
十月 10, 2016 3:33:11 下午 org.apache.coyote.AbstractProtocol stop
信息: Stopping ProtocolHandler ["ajp-apr-8009"]
十月 10, 2016 3:33:11 下午 org.apache.coyote.AbstractProtocol destroy
信息: Destroying ProtocolHandler ["http-apr-8080"]
十月 10, 2016 3:33:11 下午 org.apache.coyote.AbstractProtocol destroy
信息: Destroying ProtocolHandler ["ajp-apr-8009"]
十月 10, 2016 3:33:17 下午 org.apache.tomcat.util.digester.SetPropertiesRule begin
警告: [SetPropertiesRule]{Server/Service/Engine/Host/Context} Setting property 'source' to 'org.eclipse.jst.jee.server:MapTest' did not find a matching property.
十月 10, 2016 3:33:17 下午 org.apache.catalina.startup.VersionLoggerListener log
信息: Server version:        Apache Tomcat/7.0.68
十月 10, 2016 3:33:17 下午 org.apache.catalina.startup.VersionLoggerListener log
信息: Server built:          Feb 8 2016 20:25:54 UTC
十月 10, 2016 3:33:17 下午 org.apache.catalina.startup.VersionLoggerListener log
信息: Server number:         7.0.68.0
十月 10, 2016 3:33:18 下午 org.apache.catalina.startup.VersionLoggerListener log
信息: OS Name:               Windows 7
十月 10, 2016 3:33:18 下午 org.apache.catalina.startup.VersionLoggerListener log
信息: OS Version:            6.1
十月 10, 2016 3:33:18 下午 org.apache.catalina.startup.VersionLoggerListener log
信息: Architecture:          x86
十月 10, 2016 3:33:18 下午 org.apache.catalina.startup.VersionLoggerListener log
信息: Java Home:             C:\SRF_501_8_5\jre
十月 10, 2016 3:33:18 下午 org.apache.catalina.startup.VersionLoggerListener log
信息: JVM Version:           1.8.0_20-b26
十月 10, 2016 3:33:18 下午 org.apache.catalina.startup.VersionLoggerListener log
信息: JVM Vendor:            Oracle Corporation
十月 10, 2016 3:33:18 下午 org.apache.catalina.startup.VersionLoggerListener log
信息: CATALINA_BASE:         C:\Spec_for_new_transfer_9_20\apache-tomcat-7.0.68
十月 10, 2016 3:33:18 下午 org.apache.catalina.startup.VersionLoggerListener log
信息: CATALINA_HOME:         C:\Spec_for_new_transfer_9_20\apache-tomcat-7.0.68
十月 10, 2016 3:33:18 下午 org.apache.catalina.startup.VersionLoggerListener log
信息: Command line argument: -Djava.util.logging.config.file=C:\Spec_for_new_transfer_9_20\apache-tomcat-7.0.68\conf\logging.properties
十月 10, 2016 3:33:18 下午 org.apache.catalina.startup.VersionLoggerListener log
信息: Command line argument: -Djava.util.logging.manager=org.apache.juli.ClassLoaderLogManager
十月 10, 2016 3:33:18 下午 org.apache.catalina.startup.VersionLoggerListener log
信息: Command line argument: -Djava.endorsed.dirs=C:\Spec_for_new_transfer_9_20\apache-tomcat-7.0.68\endorsed
十月 10, 2016 3:33:18 下午 org.apache.catalina.startup.VersionLoggerListener log
信息: Command line argument: -Dcatalina.base=C:\Spec_for_new_transfer_9_20\apache-tomcat-7.0.68
十月 10, 2016 3:33:18 下午 org.apache.catalina.startup.VersionLoggerListener log
信息: Command line argument: -Dcatalina.home=C:\Spec_for_new_transfer_9_20\apache-tomcat-7.0.68
十月 10, 2016 3:33:18 下午 org.apache.catalina.startup.VersionLoggerListener log
信息: Command line argument: -Djava.io.tmpdir=C:\Spec_for_new_transfer_9_20\apache-tomcat-7.0.68\temp
十月 10, 2016 3:33:18 下午 org.apache.catalina.core.AprLifecycleListener lifecycleEvent
信息: Loaded APR based Apache Tomcat Native library 1.1.33 using APR version 1.5.1.
十月 10, 2016 3:33:18 下午 org.apache.catalina.core.AprLifecycleListener lifecycleEvent
信息: APR capabilities: IPv6 [true], sendfile [true], accept filters [false], random [true].
十月 10, 2016 3:33:19 下午 org.apache.catalina.core.AprLifecycleListener initializeSSL
信息: OpenSSL successfully initialized (OpenSSL 1.0.1m 19 Mar 2015)
十月 10, 2016 3:33:19 下午 org.apache.coyote.AbstractProtocol init
信息: Initializing ProtocolHandler ["http-apr-8080"]
十月 10, 2016 3:33:19 下午 org.apache.coyote.AbstractProtocol init
信息: Initializing ProtocolHandler ["ajp-apr-8009"]
十月 10, 2016 3:33:19 下午 org.apache.catalina.startup.Catalina load
信息: Initialization processed in 1671 ms
十月 10, 2016 3:33:19 下午 org.apache.catalina.core.StandardService startInternal
信息: Starting service Catalina
十月 10, 2016 3:33:19 下午 org.apache.catalina.core.StandardEngine startInternal
信息: Starting Servlet Engine: Apache Tomcat/7.0.68
十月 10, 2016 3:33:19 下午 org.apache.catalina.startup.TldConfig execute
信息: At least one JAR was scanned for TLDs yet contained no TLDs. Enable debug logging for this logger for a complete list of JARs that were scanned but no TLDs were found in them. Skipping unneeded JARs during scanning can improve startup time and JSP compilation time.
十月 10, 2016 3:33:19 下午 org.apache.catalina.startup.HostConfig deployDirectory
信息: Deploying web application directory C:\Spec_for_new_transfer_9_20\apache-tomcat-7.0.68\webapps\docs
十月 10, 2016 3:33:19 下午 org.apache.catalina.startup.HostConfig deployDirectory
信息: Deployment of web application directory C:\Spec_for_new_transfer_9_20\apache-tomcat-7.0.68\webapps\docs has finished in 54 ms
十月 10, 2016 3:33:19 下午 org.apache.catalina.startup.HostConfig deployDirectory
信息: Deploying web application directory C:\Spec_for_new_transfer_9_20\apache-tomcat-7.0.68\webapps\examples
十月 10, 2016 3:33:20 下午 org.apache.catalina.startup.HostConfig deployDirectory
信息: Deployment of web application directory C:\Spec_for_new_transfer_9_20\apache-tomcat-7.0.68\webapps\examples has finished in 555 ms
十月 10, 2016 3:33:20 下午 org.apache.catalina.startup.HostConfig deployDirectory
信息: Deploying web application directory C:\Spec_for_new_transfer_9_20\apache-tomcat-7.0.68\webapps\host-manager
十月 10, 2016 3:33:20 下午 org.apache.catalina.startup.HostConfig deployDirectory
信息: Deployment of web application directory C:\Spec_for_new_transfer_9_20\apache-tomcat-7.0.68\webapps\host-manager has finished in 87 ms
十月 10, 2016 3:33:20 下午 org.apache.catalina.startup.HostConfig deployDirectory
信息: Deploying web application directory C:\Spec_for_new_transfer_9_20\apache-tomcat-7.0.68\webapps\manager
十月 10, 2016 3:33:20 下午 org.apache.catalina.startup.HostConfig deployDirectory
信息: Deployment of web application directory C:\Spec_for_new_transfer_9_20\apache-tomcat-7.0.68\webapps\manager has finished in 74 ms
十月 10, 2016 3:33:20 下午 org.apache.catalina.startup.HostConfig deployDirectory
信息: Deploying web application directory C:\Spec_for_new_transfer_9_20\apache-tomcat-7.0.68\webapps\ROOT
十月 10, 2016 3:33:20 下午 org.apache.catalina.startup.HostConfig deployDirectory
信息: Deployment of web application directory C:\Spec_for_new_transfer_9_20\apache-tomcat-7.0.68\webapps\ROOT has finished in 47 ms
十月 10, 2016 3:33:20 下午 org.apache.coyote.AbstractProtocol start
信息: Starting ProtocolHandler ["http-apr-8080"]
十月 10, 2016 3:33:20 下午 org.apache.coyote.AbstractProtocol start
信息: Starting ProtocolHandler ["ajp-apr-8009"]
十月 10, 2016 3:33:20 下午 org.apache.catalina.startup.Catalina start
信息: Server startup in 1419 ms
十月 10, 2016 3:35:03 下午 org.apache.catalina.core.StandardServer await
信息: A valid shutdown command was received via the shutdown port. Stopping the Server instance.
十月 10, 2016 3:35:03 下午 org.apache.coyote.AbstractProtocol pause
信息: Pausing ProtocolHandler ["http-apr-8080"]
十月 10, 2016 3:35:03 下午 org.apache.coyote.AbstractProtocol pause
信息: Pausing ProtocolHandler ["ajp-apr-8009"]
十月 10, 2016 3:35:03 下午 org.apache.catalina.core.StandardService stopInternal
信息: Stopping service Catalina
十月 10, 2016 3:35:03 下午 org.apache.coyote.AbstractProtocol stop
信息: Stopping ProtocolHandler ["http-apr-8080"]
十月 10, 2016 3:35:03 下午 org.apache.coyote.AbstractProtocol stop
信息: Stopping ProtocolHandler ["ajp-apr-8009"]
十月 10, 2016 3:35:03 下午 org.apache.coyote.AbstractProtocol destroy
信息: Destroying ProtocolHandler ["http-apr-8080"]
十月 10, 2016 3:35:03 下午 org.apache.coyote.AbstractProtocol destroy
信息: Destroying ProtocolHandler ["ajp-apr-8009"]
十月 10, 2016 3:35:09 下午 org.apache.tomcat.util.digester.SetPropertiesRule begin
警告: [SetPropertiesRule]{Server/Service/Engine/Host/Context} Setting property 'source' to 'org.eclipse.jst.jee.server:MapTest' did not find a matching property.
十月 10, 2016 3:35:09 下午 org.apache.catalina.startup.VersionLoggerListener log
信息: Server version:        Apache Tomcat/7.0.68
十月 10, 2016 3:35:09 下午 org.apache.catalina.startup.VersionLoggerListener log
信息: Server built:          Feb 8 2016 20:25:54 UTC
十月 10, 2016 3:35:09 下午 org.apache.catalina.startup.VersionLoggerListener log
信息: Server number:         7.0.68.0
十月 10, 2016 3:35:09 下午 org.apache.catalina.startup.VersionLoggerListener log
信息: OS Name:               Windows 7
十月 10, 2016 3:35:09 下午 org.apache.catalina.startup.VersionLoggerListener log
信息: OS Version:            6.1
十月 10, 2016 3:35:09 下午 org.apache.catalina.startup.VersionLoggerListener log
信息: Architecture:          x86
十月 10, 2016 3:35:09 下午 org.apache.catalina.startup.VersionLoggerListener log
信息: Java Home:             C:\SRF_501_8_5\jre
十月 10, 2016 3:35:09 下午 org.apache.catalina.startup.VersionLoggerListener log
信息: JVM Version:           1.8.0_20-b26
十月 10, 2016 3:35:09 下午 org.apache.catalina.startup.VersionLoggerListener log
信息: JVM Vendor:            Oracle Corporation
十月 10, 2016 3:35:09 下午 org.apache.catalina.startup.VersionLoggerListener log
信息: CATALINA_BASE:         C:\Spec_for_new_transfer_9_20\apache-tomcat-7.0.68
十月 10, 2016 3:35:09 下午 org.apache.catalina.startup.VersionLoggerListener log
信息: CATALINA_HOME:         C:\Spec_for_new_transfer_9_20\apache-tomcat-7.0.68
十月 10, 2016 3:35:09 下午 org.apache.catalina.startup.VersionLoggerListener log
信息: Command line argument: -Djava.util.logging.config.file=C:\Spec_for_new_transfer_9_20\apache-tomcat-7.0.68\conf\logging.properties
十月 10, 2016 3:35:09 下午 org.apache.catalina.startup.VersionLoggerListener log
信息: Command line argument: -Djava.util.logging.manager=org.apache.juli.ClassLoaderLogManager
十月 10, 2016 3:35:09 下午 org.apache.catalina.startup.VersionLoggerListener log
信息: Command line argument: -Djava.endorsed.dirs=C:\Spec_for_new_transfer_9_20\apache-tomcat-7.0.68\endorsed
十月 10, 2016 3:35:09 下午 org.apache.catalina.startup.VersionLoggerListener log
信息: Command line argument: -Dcatalina.base=C:\Spec_for_new_transfer_9_20\apache-tomcat-7.0.68
十月 10, 2016 3:35:09 下午 org.apache.catalina.startup.VersionLoggerListener log
信息: Command line argument: -Dcatalina.home=C:\Spec_for_new_transfer_9_20\apache-tomcat-7.0.68
十月 10, 2016 3:35:09 下午 org.apache.catalina.startup.VersionLoggerListener log
信息: Command line argument: -Djava.io.tmpdir=C:\Spec_for_new_transfer_9_20\apache-tomcat-7.0.68\temp
十月 10, 2016 3:35:09 下午 org.apache.catalina.core.AprLifecycleListener lifecycleEvent
信息: Loaded APR based Apache Tomcat Native library 1.1.33 using APR version 1.5.1.
十月 10, 2016 3:35:09 下午 org.apache.catalina.core.AprLifecycleListener lifecycleEvent
信息: APR capabilities: IPv6 [true], sendfile [true], accept filters [false], random [true].
十月 10, 2016 3:35:09 下午 org.apache.catalina.core.AprLifecycleListener initializeSSL
信息: OpenSSL successfully initialized (OpenSSL 1.0.1m 19 Mar 2015)
十月 10, 2016 3:35:10 下午 org.apache.coyote.AbstractProtocol init
信息: Initializing ProtocolHandler ["http-apr-8080"]
十月 10, 2016 3:35:10 下午 org.apache.coyote.AbstractProtocol init
信息: Initializing ProtocolHandler ["ajp-apr-8009"]
十月 10, 2016 3:35:10 下午 org.apache.catalina.startup.Catalina load
信息: Initialization processed in 1655 ms
十月 10, 2016 3:35:10 下午 org.apache.catalina.core.StandardService startInternal
信息: Starting service Catalina
十月 10, 2016 3:35:10 下午 org.apache.catalina.core.StandardEngine startInternal
信息: Starting Servlet Engine: Apache Tomcat/7.0.68
十月 10, 2016 3:35:10 下午 org.apache.catalina.startup.TldConfig execute
信息: At least one JAR was scanned for TLDs yet contained no TLDs. Enable debug logging for this logger for a complete list of JARs that were scanned but no TLDs were found in them. Skipping unneeded JARs during scanning can improve startup time and JSP compilation time.
十月 10, 2016 3:35:10 下午 org.apache.catalina.startup.HostConfig deployDirectory
信息: Deploying web application directory C:\Spec_for_new_transfer_9_20\apache-tomcat-7.0.68\webapps\docs
十月 10, 2016 3:35:10 下午 org.apache.catalina.startup.HostConfig deployDirectory
信息: Deployment of web application directory C:\Spec_for_new_transfer_9_20\apache-tomcat-7.0.68\webapps\docs has finished in 54 ms
十月 10, 2016 3:35:10 下午 org.apache.catalina.startup.HostConfig deployDirectory
信息: Deploying web application directory C:\Spec_for_new_transfer_9_20\apache-tomcat-7.0.68\webapps\examples
十月 10, 2016 3:35:10 下午 org.apache.catalina.startup.HostConfig deployDirectory
信息: Deployment of web application directory C:\Spec_for_new_transfer_9_20\apache-tomcat-7.0.68\webapps\examples has finished in 276 ms
十月 10, 2016 3:35:10 下午 org.apache.catalina.startup.HostConfig deployDirectory
信息: Deploying web application directory C:\Spec_for_new_transfer_9_20\apache-tomcat-7.0.68\webapps\host-manager
十月 10, 2016 3:35:11 下午 org.apache.catalina.startup.HostConfig deployDirectory
信息: Deployment of web application directory C:\Spec_for_new_transfer_9_20\apache-tomcat-7.0.68\webapps\host-manager has finished in 90 ms
十月 10, 2016 3:35:11 下午 org.apache.catalina.startup.HostConfig deployDirectory
信息: Deploying web application directory C:\Spec_for_new_transfer_9_20\apache-tomcat-7.0.68\webapps\manager
十月 10, 2016 3:35:11 下午 org.apache.catalina.startup.HostConfig deployDirectory
信息: Deployment of web application directory C:\Spec_for_new_transfer_9_20\apache-tomcat-7.0.68\webapps\manager has finished in 59 ms
十月 10, 2016 3:35:11 下午 org.apache.catalina.startup.HostConfig deployDirectory
信息: Deploying web application directory C:\Spec_for_new_transfer_9_20\apache-tomcat-7.0.68\webapps\ROOT
十月 10, 2016 3:35:11 下午 org.apache.catalina.startup.HostConfig deployDirectory
信息: Deployment of web application directory C:\Spec_for_new_transfer_9_20\apache-tomcat-7.0.68\webapps\ROOT has finished in 49 ms
十月 10, 2016 3:35:11 下午 org.apache.coyote.AbstractProtocol start
信息: Starting ProtocolHandler ["http-apr-8080"]
十月 10, 2016 3:35:11 下午 org.apache.coyote.AbstractProtocol start
信息: Starting ProtocolHandler ["ajp-apr-8009"]
十月 10, 2016 3:35:11 下午 org.apache.catalina.startup.Catalina start
信息: Server startup in 1060 ms
十月 10, 2016 3:38:12 下午 org.apache.catalina.core.StandardServer await
信息: A valid shutdown command was received via the shutdown port. Stopping the Server instance.
十月 10, 2016 3:38:12 下午 org.apache.coyote.AbstractProtocol pause
信息: Pausing ProtocolHandler ["http-apr-8080"]
十月 10, 2016 3:38:13 下午 org.apache.coyote.AbstractProtocol pause
信息: Pausing ProtocolHandler ["ajp-apr-8009"]
十月 10, 2016 3:38:13 下午 org.apache.catalina.core.StandardService stopInternal
信息: Stopping service Catalina
十月 10, 2016 3:38:13 下午 org.apache.coyote.AbstractProtocol stop
信息: Stopping ProtocolHandler ["http-apr-8080"]
十月 10, 2016 3:38:13 下午 org.apache.coyote.AbstractProtocol stop
信息: Stopping ProtocolHandler ["ajp-apr-8009"]
十月 10, 2016 3:38:13 下午 org.apache.coyote.AbstractProtocol destroy
信息: Destroying ProtocolHandler ["http-apr-8080"]
十月 10, 2016 3:38:13 下午 org.apache.coyote.AbstractProtocol destroy
信息: Destroying ProtocolHandler ["ajp-apr-8009"]
