九月 16, 2016 3:53:37 下午 org.apache.tomcat.util.digester.SetPropertiesRule begin
警告: [SetPropertiesRule]{Server/Service/Engine/Host/Context} Setting property 'source' to 'org.eclipse.jst.jee.server:MapTest' did not find a matching property.
九月 16, 2016 3:53:37 下午 org.apache.catalina.startup.VersionLoggerListener log
信息: Server version:        Apache Tomcat/7.0.68
九月 16, 2016 3:53:37 下午 org.apache.catalina.startup.VersionLoggerListener log
信息: Server built:          Feb 8 2016 20:25:54 UTC
九月 16, 2016 3:53:37 下午 org.apache.catalina.startup.VersionLoggerListener log
信息: Server number:         7.0.68.0
九月 16, 2016 3:53:37 下午 org.apache.catalina.startup.VersionLoggerListener log
信息: OS Name:               Windows 8.1
九月 16, 2016 3:53:37 下午 org.apache.catalina.startup.VersionLoggerListener log
信息: OS Version:            6.3
九月 16, 2016 3:53:37 下午 org.apache.catalina.startup.VersionLoggerListener log
信息: Architecture:          x86
九月 16, 2016 3:53:37 下午 org.apache.catalina.startup.VersionLoggerListener log
信息: Java Home:             C:\SRF_501_8_5\jre
九月 16, 2016 3:53:37 下午 org.apache.catalina.startup.VersionLoggerListener log
信息: JVM Version:           1.8.0_20-b26
九月 16, 2016 3:53:37 下午 org.apache.catalina.startup.VersionLoggerListener log
信息: JVM Vendor:            Oracle Corporation
九月 16, 2016 3:53:37 下午 org.apache.catalina.startup.VersionLoggerListener log
信息: CATALINA_BASE:         C:\Spec_for_new_transfer_9_16\apache-tomcat-7.0.68
九月 16, 2016 3:53:37 下午 org.apache.catalina.startup.VersionLoggerListener log
信息: CATALINA_HOME:         C:\Spec_for_new_transfer_9_16\apache-tomcat-7.0.68
九月 16, 2016 3:53:37 下午 org.apache.catalina.startup.VersionLoggerListener log
信息: Command line argument: -Djava.util.logging.config.file=C:\Spec_for_new_transfer_9_16\apache-tomcat-7.0.68\conf\logging.properties
九月 16, 2016 3:53:37 下午 org.apache.catalina.startup.VersionLoggerListener log
信息: Command line argument: -Djava.util.logging.manager=org.apache.juli.ClassLoaderLogManager
九月 16, 2016 3:53:37 下午 org.apache.catalina.startup.VersionLoggerListener log
信息: Command line argument: -Djava.endorsed.dirs=C:\Spec_for_new_transfer_9_16\apache-tomcat-7.0.68\endorsed
九月 16, 2016 3:53:37 下午 org.apache.catalina.startup.VersionLoggerListener log
信息: Command line argument: -Dcatalina.base=C:\Spec_for_new_transfer_9_16\apache-tomcat-7.0.68
九月 16, 2016 3:53:37 下午 org.apache.catalina.startup.VersionLoggerListener log
信息: Command line argument: -Dcatalina.home=C:\Spec_for_new_transfer_9_16\apache-tomcat-7.0.68
九月 16, 2016 3:53:37 下午 org.apache.catalina.startup.VersionLoggerListener log
信息: Command line argument: -Djava.io.tmpdir=C:\Spec_for_new_transfer_9_16\apache-tomcat-7.0.68\temp
九月 16, 2016 3:53:37 下午 org.apache.catalina.core.AprLifecycleListener lifecycleEvent
信息: Loaded APR based Apache Tomcat Native library 1.1.33 using APR version 1.5.1.
九月 16, 2016 3:53:37 下午 org.apache.catalina.core.AprLifecycleListener lifecycleEvent
信息: APR capabilities: IPv6 [true], sendfile [true], accept filters [false], random [true].
九月 16, 2016 3:53:38 下午 org.apache.catalina.core.AprLifecycleListener initializeSSL
信息: OpenSSL successfully initialized (OpenSSL 1.0.1m 19 Mar 2015)
九月 16, 2016 3:53:38 下午 org.apache.coyote.AbstractProtocol init
信息: Initializing ProtocolHandler ["http-apr-8080"]
九月 16, 2016 3:53:39 下午 org.apache.coyote.AbstractProtocol init
信息: Initializing ProtocolHandler ["ajp-apr-8009"]
九月 16, 2016 3:53:39 下午 org.apache.catalina.startup.Catalina load
信息: Initialization processed in 3247 ms
九月 16, 2016 3:53:39 下午 org.apache.catalina.core.StandardService startInternal
信息: Starting service Catalina
九月 16, 2016 3:53:39 下午 org.apache.catalina.core.StandardEngine startInternal
信息: Starting Servlet Engine: Apache Tomcat/7.0.68
九月 16, 2016 3:53:40 下午 org.apache.catalina.startup.TldConfig execute
信息: At least one JAR was scanned for TLDs yet contained no TLDs. Enable debug logging for this logger for a complete list of JARs that were scanned but no TLDs were found in them. Skipping unneeded JARs during scanning can improve startup time and JSP compilation time.
九月 16, 2016 3:53:40 下午 org.apache.catalina.util.SessionIdGeneratorBase createSecureRandom
信息: Creation of SecureRandom instance for session ID generation using [SHA1PRNG] took [156] milliseconds.
九月 16, 2016 3:53:40 下午 org.apache.catalina.startup.HostConfig deployDirectory
信息: Deploying web application directory C:\Spec_for_new_transfer_9_16\apache-tomcat-7.0.68\webapps\docs
九月 16, 2016 3:53:40 下午 org.apache.catalina.startup.HostConfig deployDirectory
信息: Deployment of web application directory C:\Spec_for_new_transfer_9_16\apache-tomcat-7.0.68\webapps\docs has finished in 156 ms
九月 16, 2016 3:53:40 下午 org.apache.catalina.startup.HostConfig deployDirectory
信息: Deploying web application directory C:\Spec_for_new_transfer_9_16\apache-tomcat-7.0.68\webapps\examples
九月 16, 2016 3:53:42 下午 org.apache.catalina.startup.HostConfig deployDirectory
信息: Deployment of web application directory C:\Spec_for_new_transfer_9_16\apache-tomcat-7.0.68\webapps\examples has finished in 1,828 ms
九月 16, 2016 3:53:42 下午 org.apache.catalina.startup.HostConfig deployDirectory
信息: Deploying web application directory C:\Spec_for_new_transfer_9_16\apache-tomcat-7.0.68\webapps\host-manager
九月 16, 2016 3:53:42 下午 org.apache.catalina.startup.HostConfig deployDirectory
信息: Deployment of web application directory C:\Spec_for_new_transfer_9_16\apache-tomcat-7.0.68\webapps\host-manager has finished in 313 ms
九月 16, 2016 3:53:42 下午 org.apache.catalina.startup.HostConfig deployDirectory
信息: Deploying web application directory C:\Spec_for_new_transfer_9_16\apache-tomcat-7.0.68\webapps\manager
九月 16, 2016 3:53:43 下午 org.apache.catalina.startup.HostConfig deployDirectory
信息: Deployment of web application directory C:\Spec_for_new_transfer_9_16\apache-tomcat-7.0.68\webapps\manager has finished in 250 ms
九月 16, 2016 3:53:43 下午 org.apache.catalina.startup.HostConfig deployDirectory
信息: Deploying web application directory C:\Spec_for_new_transfer_9_16\apache-tomcat-7.0.68\webapps\ROOT
九月 16, 2016 3:53:43 下午 org.apache.catalina.startup.HostConfig deployDirectory
信息: Deployment of web application directory C:\Spec_for_new_transfer_9_16\apache-tomcat-7.0.68\webapps\ROOT has finished in 156 ms
九月 16, 2016 3:53:43 下午 org.apache.coyote.AbstractProtocol start
信息: Starting ProtocolHandler ["http-apr-8080"]
九月 16, 2016 3:53:43 下午 org.apache.coyote.AbstractProtocol start
信息: Starting ProtocolHandler ["ajp-apr-8009"]
九月 16, 2016 3:53:43 下午 org.apache.catalina.startup.Catalina start
信息: Server startup in 4225 ms
九月 16, 2016 3:55:12 下午 org.apache.catalina.core.StandardServer await
信息: A valid shutdown command was received via the shutdown port. Stopping the Server instance.
九月 16, 2016 3:55:12 下午 org.apache.coyote.AbstractProtocol pause
信息: Pausing ProtocolHandler ["http-apr-8080"]
九月 16, 2016 3:55:12 下午 org.apache.coyote.AbstractProtocol pause
信息: Pausing ProtocolHandler ["ajp-apr-8009"]
九月 16, 2016 3:55:12 下午 org.apache.catalina.core.StandardService stopInternal
信息: Stopping service Catalina
九月 16, 2016 3:55:12 下午 org.apache.coyote.AbstractProtocol stop
信息: Stopping ProtocolHandler ["http-apr-8080"]
九月 16, 2016 3:55:12 下午 org.apache.coyote.AbstractProtocol stop
信息: Stopping ProtocolHandler ["ajp-apr-8009"]
九月 16, 2016 3:55:12 下午 org.apache.coyote.AbstractProtocol destroy
信息: Destroying ProtocolHandler ["http-apr-8080"]
九月 16, 2016 3:55:12 下午 org.apache.coyote.AbstractProtocol destroy
信息: Destroying ProtocolHandler ["ajp-apr-8009"]
九月 16, 2016 3:56:34 下午 org.apache.tomcat.util.digester.SetPropertiesRule begin
警告: [SetPropertiesRule]{Server/Service/Engine/Host/Context} Setting property 'source' to 'org.eclipse.jst.jee.server:MapTest' did not find a matching property.
九月 16, 2016 3:56:34 下午 org.apache.catalina.startup.VersionLoggerListener log
信息: Server version:        Apache Tomcat/7.0.68
九月 16, 2016 3:56:34 下午 org.apache.catalina.startup.VersionLoggerListener log
信息: Server built:          Feb 8 2016 20:25:54 UTC
九月 16, 2016 3:56:34 下午 org.apache.catalina.startup.VersionLoggerListener log
信息: Server number:         7.0.68.0
九月 16, 2016 3:56:34 下午 org.apache.catalina.startup.VersionLoggerListener log
信息: OS Name:               Windows 8.1
九月 16, 2016 3:56:34 下午 org.apache.catalina.startup.VersionLoggerListener log
信息: OS Version:            6.3
九月 16, 2016 3:56:34 下午 org.apache.catalina.startup.VersionLoggerListener log
信息: Architecture:          x86
九月 16, 2016 3:56:34 下午 org.apache.catalina.startup.VersionLoggerListener log
信息: Java Home:             C:\SRF_501_8_5\jre
九月 16, 2016 3:56:34 下午 org.apache.catalina.startup.VersionLoggerListener log
信息: JVM Version:           1.8.0_20-b26
九月 16, 2016 3:56:34 下午 org.apache.catalina.startup.VersionLoggerListener log
信息: JVM Vendor:            Oracle Corporation
九月 16, 2016 3:56:34 下午 org.apache.catalina.startup.VersionLoggerListener log
信息: CATALINA_BASE:         C:\Spec_for_new_transfer_9_16\apache-tomcat-7.0.68
九月 16, 2016 3:56:34 下午 org.apache.catalina.startup.VersionLoggerListener log
信息: CATALINA_HOME:         C:\Spec_for_new_transfer_9_16\apache-tomcat-7.0.68
九月 16, 2016 3:56:34 下午 org.apache.catalina.startup.VersionLoggerListener log
信息: Command line argument: -Djava.util.logging.config.file=C:\Spec_for_new_transfer_9_16\apache-tomcat-7.0.68\conf\logging.properties
九月 16, 2016 3:56:34 下午 org.apache.catalina.startup.VersionLoggerListener log
信息: Command line argument: -Djava.util.logging.manager=org.apache.juli.ClassLoaderLogManager
九月 16, 2016 3:56:34 下午 org.apache.catalina.startup.VersionLoggerListener log
信息: Command line argument: -Djava.endorsed.dirs=C:\Spec_for_new_transfer_9_16\apache-tomcat-7.0.68\endorsed
九月 16, 2016 3:56:34 下午 org.apache.catalina.startup.VersionLoggerListener log
信息: Command line argument: -Dcatalina.base=C:\Spec_for_new_transfer_9_16\apache-tomcat-7.0.68
九月 16, 2016 3:56:34 下午 org.apache.catalina.startup.VersionLoggerListener log
信息: Command line argument: -Dcatalina.home=C:\Spec_for_new_transfer_9_16\apache-tomcat-7.0.68
九月 16, 2016 3:56:34 下午 org.apache.catalina.startup.VersionLoggerListener log
信息: Command line argument: -Djava.io.tmpdir=C:\Spec_for_new_transfer_9_16\apache-tomcat-7.0.68\temp
九月 16, 2016 3:56:34 下午 org.apache.catalina.core.AprLifecycleListener lifecycleEvent
信息: Loaded APR based Apache Tomcat Native library 1.1.33 using APR version 1.5.1.
九月 16, 2016 3:56:34 下午 org.apache.catalina.core.AprLifecycleListener lifecycleEvent
信息: APR capabilities: IPv6 [true], sendfile [true], accept filters [false], random [true].
九月 16, 2016 3:56:36 下午 org.apache.catalina.core.AprLifecycleListener initializeSSL
信息: OpenSSL successfully initialized (OpenSSL 1.0.1m 19 Mar 2015)
九月 16, 2016 3:56:36 下午 org.apache.coyote.AbstractProtocol init
信息: Initializing ProtocolHandler ["http-apr-8080"]
九月 16, 2016 3:56:36 下午 org.apache.coyote.AbstractProtocol init
信息: Initializing ProtocolHandler ["ajp-apr-8009"]
九月 16, 2016 3:56:36 下午 org.apache.catalina.startup.Catalina load
信息: Initialization processed in 3191 ms
九月 16, 2016 3:56:36 下午 org.apache.catalina.core.StandardService startInternal
信息: Starting service Catalina
九月 16, 2016 3:56:36 下午 org.apache.catalina.core.StandardEngine startInternal
信息: Starting Servlet Engine: Apache Tomcat/7.0.68
九月 16, 2016 3:56:37 下午 org.apache.catalina.startup.TldConfig execute
信息: At least one JAR was scanned for TLDs yet contained no TLDs. Enable debug logging for this logger for a complete list of JARs that were scanned but no TLDs were found in them. Skipping unneeded JARs during scanning can improve startup time and JSP compilation time.
九月 16, 2016 3:56:37 下午 org.apache.catalina.util.SessionIdGeneratorBase createSecureRandom
信息: Creation of SecureRandom instance for session ID generation using [SHA1PRNG] took [141] milliseconds.
九月 16, 2016 3:56:37 下午 org.apache.catalina.startup.HostConfig deployDirectory
信息: Deploying web application directory C:\Spec_for_new_transfer_9_16\apache-tomcat-7.0.68\webapps\docs
九月 16, 2016 3:56:37 下午 org.apache.catalina.startup.HostConfig deployDirectory
信息: Deployment of web application directory C:\Spec_for_new_transfer_9_16\apache-tomcat-7.0.68\webapps\docs has finished in 156 ms
九月 16, 2016 3:56:38 下午 org.apache.catalina.startup.HostConfig deployDirectory
信息: Deploying web application directory C:\Spec_for_new_transfer_9_16\apache-tomcat-7.0.68\webapps\examples
九月 16, 2016 3:56:38 下午 org.apache.catalina.startup.HostConfig deployDirectory
信息: Deployment of web application directory C:\Spec_for_new_transfer_9_16\apache-tomcat-7.0.68\webapps\examples has finished in 796 ms
九月 16, 2016 3:56:38 下午 org.apache.catalina.startup.HostConfig deployDirectory
信息: Deploying web application directory C:\Spec_for_new_transfer_9_16\apache-tomcat-7.0.68\webapps\host-manager
九月 16, 2016 3:56:39 下午 org.apache.catalina.startup.HostConfig deployDirectory
信息: Deployment of web application directory C:\Spec_for_new_transfer_9_16\apache-tomcat-7.0.68\webapps\host-manager has finished in 235 ms
九月 16, 2016 3:56:39 下午 org.apache.catalina.startup.HostConfig deployDirectory
信息: Deploying web application directory C:\Spec_for_new_transfer_9_16\apache-tomcat-7.0.68\webapps\manager
九月 16, 2016 3:56:39 下午 org.apache.catalina.startup.HostConfig deployDirectory
信息: Deployment of web application directory C:\Spec_for_new_transfer_9_16\apache-tomcat-7.0.68\webapps\manager has finished in 172 ms
九月 16, 2016 3:56:39 下午 org.apache.catalina.startup.HostConfig deployDirectory
信息: Deploying web application directory C:\Spec_for_new_transfer_9_16\apache-tomcat-7.0.68\webapps\ROOT
九月 16, 2016 3:56:39 下午 org.apache.catalina.startup.HostConfig deployDirectory
信息: Deployment of web application directory C:\Spec_for_new_transfer_9_16\apache-tomcat-7.0.68\webapps\ROOT has finished in 125 ms
九月 16, 2016 3:56:39 下午 org.apache.coyote.AbstractProtocol start
信息: Starting ProtocolHandler ["http-apr-8080"]
九月 16, 2016 3:56:39 下午 org.apache.coyote.AbstractProtocol start
信息: Starting ProtocolHandler ["ajp-apr-8009"]
九月 16, 2016 3:56:39 下午 org.apache.catalina.startup.Catalina start
信息: Server startup in 2953 ms
九月 16, 2016 4:57:01 下午 org.apache.catalina.core.StandardServer await
信息: A valid shutdown command was received via the shutdown port. Stopping the Server instance.
九月 16, 2016 4:57:01 下午 org.apache.coyote.AbstractProtocol pause
信息: Pausing ProtocolHandler ["http-apr-8080"]
九月 16, 2016 4:57:01 下午 org.apache.coyote.AbstractProtocol pause
信息: Pausing ProtocolHandler ["ajp-apr-8009"]
九月 16, 2016 4:57:01 下午 org.apache.catalina.core.StandardService stopInternal
信息: Stopping service Catalina
九月 16, 2016 4:57:01 下午 org.apache.coyote.AbstractProtocol stop
信息: Stopping ProtocolHandler ["http-apr-8080"]
九月 16, 2016 4:57:01 下午 org.apache.coyote.AbstractProtocol stop
信息: Stopping ProtocolHandler ["ajp-apr-8009"]
九月 16, 2016 4:57:01 下午 org.apache.coyote.AbstractProtocol destroy
信息: Destroying ProtocolHandler ["http-apr-8080"]
九月 16, 2016 4:57:01 下午 org.apache.coyote.AbstractProtocol destroy
信息: Destroying ProtocolHandler ["ajp-apr-8009"]
九月 16, 2016 4:57:39 下午 org.apache.tomcat.util.digester.SetPropertiesRule begin
警告: [SetPropertiesRule]{Server/Service/Engine/Host/Context} Setting property 'source' to 'org.eclipse.jst.jee.server:MapTest' did not find a matching property.
九月 16, 2016 4:57:39 下午 org.apache.catalina.startup.VersionLoggerListener log
信息: Server version:        Apache Tomcat/7.0.68
九月 16, 2016 4:57:39 下午 org.apache.catalina.startup.VersionLoggerListener log
信息: Server built:          Feb 8 2016 20:25:54 UTC
九月 16, 2016 4:57:39 下午 org.apache.catalina.startup.VersionLoggerListener log
信息: Server number:         7.0.68.0
九月 16, 2016 4:57:39 下午 org.apache.catalina.startup.VersionLoggerListener log
信息: OS Name:               Windows 8.1
九月 16, 2016 4:57:39 下午 org.apache.catalina.startup.VersionLoggerListener log
信息: OS Version:            6.3
九月 16, 2016 4:57:39 下午 org.apache.catalina.startup.VersionLoggerListener log
信息: Architecture:          x86
九月 16, 2016 4:57:39 下午 org.apache.catalina.startup.VersionLoggerListener log
信息: Java Home:             C:\SRF_501_8_5\jre
九月 16, 2016 4:57:39 下午 org.apache.catalina.startup.VersionLoggerListener log
信息: JVM Version:           1.8.0_20-b26
九月 16, 2016 4:57:39 下午 org.apache.catalina.startup.VersionLoggerListener log
信息: JVM Vendor:            Oracle Corporation
九月 16, 2016 4:57:39 下午 org.apache.catalina.startup.VersionLoggerListener log
信息: CATALINA_BASE:         C:\Spec_for_new_transfer_9_16\apache-tomcat-7.0.68
九月 16, 2016 4:57:39 下午 org.apache.catalina.startup.VersionLoggerListener log
信息: CATALINA_HOME:         C:\Spec_for_new_transfer_9_16\apache-tomcat-7.0.68
九月 16, 2016 4:57:39 下午 org.apache.catalina.startup.VersionLoggerListener log
信息: Command line argument: -Djava.util.logging.config.file=C:\Spec_for_new_transfer_9_16\apache-tomcat-7.0.68\conf\logging.properties
九月 16, 2016 4:57:39 下午 org.apache.catalina.startup.VersionLoggerListener log
信息: Command line argument: -Djava.util.logging.manager=org.apache.juli.ClassLoaderLogManager
九月 16, 2016 4:57:39 下午 org.apache.catalina.startup.VersionLoggerListener log
信息: Command line argument: -Djava.endorsed.dirs=C:\Spec_for_new_transfer_9_16\apache-tomcat-7.0.68\endorsed
九月 16, 2016 4:57:39 下午 org.apache.catalina.startup.VersionLoggerListener log
信息: Command line argument: -Dcatalina.base=C:\Spec_for_new_transfer_9_16\apache-tomcat-7.0.68
九月 16, 2016 4:57:39 下午 org.apache.catalina.startup.VersionLoggerListener log
信息: Command line argument: -Dcatalina.home=C:\Spec_for_new_transfer_9_16\apache-tomcat-7.0.68
九月 16, 2016 4:57:39 下午 org.apache.catalina.startup.VersionLoggerListener log
信息: Command line argument: -Djava.io.tmpdir=C:\Spec_for_new_transfer_9_16\apache-tomcat-7.0.68\temp
九月 16, 2016 4:57:39 下午 org.apache.catalina.core.AprLifecycleListener lifecycleEvent
信息: Loaded APR based Apache Tomcat Native library 1.1.33 using APR version 1.5.1.
九月 16, 2016 4:57:39 下午 org.apache.catalina.core.AprLifecycleListener lifecycleEvent
信息: APR capabilities: IPv6 [true], sendfile [true], accept filters [false], random [true].
九月 16, 2016 4:57:40 下午 org.apache.catalina.core.AprLifecycleListener initializeSSL
信息: OpenSSL successfully initialized (OpenSSL 1.0.1m 19 Mar 2015)
九月 16, 2016 4:57:41 下午 org.apache.coyote.AbstractProtocol init
信息: Initializing ProtocolHandler ["http-apr-8080"]
九月 16, 2016 4:57:41 下午 org.apache.coyote.AbstractProtocol init
信息: Initializing ProtocolHandler ["ajp-apr-8009"]
九月 16, 2016 4:57:41 下午 org.apache.catalina.startup.Catalina load
信息: Initialization processed in 3423 ms
九月 16, 2016 4:57:41 下午 org.apache.catalina.core.StandardService startInternal
信息: Starting service Catalina
九月 16, 2016 4:57:41 下午 org.apache.catalina.core.StandardEngine startInternal
信息: Starting Servlet Engine: Apache Tomcat/7.0.68
九月 16, 2016 4:57:42 下午 org.apache.catalina.startup.TldConfig execute
信息: At least one JAR was scanned for TLDs yet contained no TLDs. Enable debug logging for this logger for a complete list of JARs that were scanned but no TLDs were found in them. Skipping unneeded JARs during scanning can improve startup time and JSP compilation time.
九月 16, 2016 4:57:42 下午 org.apache.catalina.util.SessionIdGeneratorBase createSecureRandom
信息: Creation of SecureRandom instance for session ID generation using [SHA1PRNG] took [172] milliseconds.
九月 16, 2016 4:57:42 下午 org.apache.catalina.startup.HostConfig deployDirectory
信息: Deploying web application directory C:\Spec_for_new_transfer_9_16\apache-tomcat-7.0.68\webapps\docs
九月 16, 2016 4:57:43 下午 org.apache.catalina.startup.HostConfig deployDirectory
信息: Deployment of web application directory C:\Spec_for_new_transfer_9_16\apache-tomcat-7.0.68\webapps\docs has finished in 297 ms
九月 16, 2016 4:57:43 下午 org.apache.catalina.startup.HostConfig deployDirectory
信息: Deploying web application directory C:\Spec_for_new_transfer_9_16\apache-tomcat-7.0.68\webapps\examples
九月 16, 2016 4:57:44 下午 org.apache.catalina.startup.HostConfig deployDirectory
信息: Deployment of web application directory C:\Spec_for_new_transfer_9_16\apache-tomcat-7.0.68\webapps\examples has finished in 1,015 ms
九月 16, 2016 4:57:44 下午 org.apache.catalina.startup.HostConfig deployDirectory
信息: Deploying web application directory C:\Spec_for_new_transfer_9_16\apache-tomcat-7.0.68\webapps\host-manager
九月 16, 2016 4:57:44 下午 org.apache.catalina.startup.HostConfig deployDirectory
信息: Deployment of web application directory C:\Spec_for_new_transfer_9_16\apache-tomcat-7.0.68\webapps\host-manager has finished in 282 ms
九月 16, 2016 4:57:44 下午 org.apache.catalina.startup.HostConfig deployDirectory
信息: Deploying web application directory C:\Spec_for_new_transfer_9_16\apache-tomcat-7.0.68\webapps\manager
九月 16, 2016 4:57:44 下午 org.apache.catalina.startup.HostConfig deployDirectory
信息: Deployment of web application directory C:\Spec_for_new_transfer_9_16\apache-tomcat-7.0.68\webapps\manager has finished in 172 ms
九月 16, 2016 4:57:44 下午 org.apache.catalina.startup.HostConfig deployDirectory
信息: Deploying web application directory C:\Spec_for_new_transfer_9_16\apache-tomcat-7.0.68\webapps\ROOT
九月 16, 2016 4:57:44 下午 org.apache.catalina.startup.HostConfig deployDirectory
信息: Deployment of web application directory C:\Spec_for_new_transfer_9_16\apache-tomcat-7.0.68\webapps\ROOT has finished in 141 ms
九月 16, 2016 4:57:44 下午 org.apache.coyote.AbstractProtocol start
信息: Starting ProtocolHandler ["http-apr-8080"]
九月 16, 2016 4:57:44 下午 org.apache.coyote.AbstractProtocol start
信息: Starting ProtocolHandler ["ajp-apr-8009"]
九月 16, 2016 4:57:44 下午 org.apache.catalina.startup.Catalina start
信息: Server startup in 3458 ms
