七月 01, 2016 1:32:01 下午 org.apache.tomcat.util.digester.SetPropertiesRule begin
警告: [SetPropertiesRule]{Server/Service/Engine/Host/Context} Setting property 'source' to 'org.eclipse.jst.jee.server:MapTest' did not find a matching property.
七月 01, 2016 1:32:01 下午 org.apache.catalina.startup.VersionLoggerListener log
信息: Server version:        Apache Tomcat/7.0.68
七月 01, 2016 1:32:01 下午 org.apache.catalina.startup.VersionLoggerListener log
信息: Server built:          Feb 8 2016 20:25:54 UTC
七月 01, 2016 1:32:01 下午 org.apache.catalina.startup.VersionLoggerListener log
信息: Server number:         7.0.68.0
七月 01, 2016 1:32:01 下午 org.apache.catalina.startup.VersionLoggerListener log
信息: OS Name:               Windows 7
七月 01, 2016 1:32:01 下午 org.apache.catalina.startup.VersionLoggerListener log
信息: OS Version:            6.1
七月 01, 2016 1:32:01 下午 org.apache.catalina.startup.VersionLoggerListener log
信息: Architecture:          x86
七月 01, 2016 1:32:01 下午 org.apache.catalina.startup.VersionLoggerListener log
信息: Java Home:             G:\eclipse workspace\FrameTest\jre
七月 01, 2016 1:32:01 下午 org.apache.catalina.startup.VersionLoggerListener log
信息: JVM Version:           1.8.0_20-b26
七月 01, 2016 1:32:01 下午 org.apache.catalina.startup.VersionLoggerListener log
信息: JVM Vendor:            Oracle Corporation
七月 01, 2016 1:32:01 下午 org.apache.catalina.startup.VersionLoggerListener log
信息: CATALINA_BASE:         G:\wangziwei\Spec_Change\apache-tomcat-7.0.68
七月 01, 2016 1:32:01 下午 org.apache.catalina.startup.VersionLoggerListener log
信息: CATALINA_HOME:         G:\wangziwei\Spec_Change\apache-tomcat-7.0.68
七月 01, 2016 1:32:01 下午 org.apache.catalina.startup.VersionLoggerListener log
信息: Command line argument: -Djava.util.logging.config.file=G:\wangziwei\Spec_Change\apache-tomcat-7.0.68\conf\logging.properties
七月 01, 2016 1:32:01 下午 org.apache.catalina.startup.VersionLoggerListener log
信息: Command line argument: -Djava.util.logging.manager=org.apache.juli.ClassLoaderLogManager
七月 01, 2016 1:32:01 下午 org.apache.catalina.startup.VersionLoggerListener log
信息: Command line argument: -Djava.endorsed.dirs=G:\wangziwei\Spec_Change\apache-tomcat-7.0.68\endorsed
七月 01, 2016 1:32:01 下午 org.apache.catalina.startup.VersionLoggerListener log
信息: Command line argument: -Dcatalina.base=G:\wangziwei\Spec_Change\apache-tomcat-7.0.68
七月 01, 2016 1:32:01 下午 org.apache.catalina.startup.VersionLoggerListener log
信息: Command line argument: -Dcatalina.home=G:\wangziwei\Spec_Change\apache-tomcat-7.0.68
七月 01, 2016 1:32:01 下午 org.apache.catalina.startup.VersionLoggerListener log
信息: Command line argument: -Djava.io.tmpdir=G:\wangziwei\Spec_Change\apache-tomcat-7.0.68\temp
七月 01, 2016 1:32:01 下午 org.apache.catalina.core.AprLifecycleListener lifecycleEvent
信息: Loaded APR based Apache Tomcat Native library 1.1.33 using APR version 1.5.1.
七月 01, 2016 1:32:01 下午 org.apache.catalina.core.AprLifecycleListener lifecycleEvent
信息: APR capabilities: IPv6 [true], sendfile [true], accept filters [false], random [true].
七月 01, 2016 1:32:02 下午 org.apache.catalina.core.AprLifecycleListener initializeSSL
信息: OpenSSL successfully initialized (OpenSSL 1.0.1m 19 Mar 2015)
七月 01, 2016 1:32:03 下午 org.apache.coyote.AbstractProtocol init
信息: Initializing ProtocolHandler ["http-apr-8080"]
七月 01, 2016 1:32:03 下午 org.apache.coyote.AbstractProtocol init
信息: Initializing ProtocolHandler ["ajp-apr-8009"]
七月 01, 2016 1:32:03 下午 org.apache.catalina.startup.Catalina load
信息: Initialization processed in 3218 ms
七月 01, 2016 1:32:03 下午 org.apache.catalina.core.StandardService startInternal
信息: Starting service Catalina
七月 01, 2016 1:32:03 下午 org.apache.catalina.core.StandardEngine startInternal
信息: Starting Servlet Engine: Apache Tomcat/7.0.68
七月 01, 2016 1:32:04 下午 org.apache.catalina.startup.TldConfig execute
信息: At least one JAR was scanned for TLDs yet contained no TLDs. Enable debug logging for this logger for a complete list of JARs that were scanned but no TLDs were found in them. Skipping unneeded JARs during scanning can improve startup time and JSP compilation time.
七月 01, 2016 1:32:05 下午 org.apache.catalina.util.SessionIdGeneratorBase createSecureRandom
信息: Creation of SecureRandom instance for session ID generation using [SHA1PRNG] took [323] milliseconds.
七月 01, 2016 1:32:05 下午 org.apache.catalina.startup.HostConfig deployDirectory
信息: Deploying web application directory G:\wangziwei\Spec_Change\apache-tomcat-7.0.68\webapps\docs
七月 01, 2016 1:32:05 下午 org.apache.catalina.startup.HostConfig deployDirectory
信息: Deployment of web application directory G:\wangziwei\Spec_Change\apache-tomcat-7.0.68\webapps\docs has finished in 69 ms
七月 01, 2016 1:32:05 下午 org.apache.catalina.startup.HostConfig deployDirectory
信息: Deploying web application directory G:\wangziwei\Spec_Change\apache-tomcat-7.0.68\webapps\examples
七月 01, 2016 1:32:05 下午 org.apache.catalina.startup.HostConfig deployDirectory
信息: Deployment of web application directory G:\wangziwei\Spec_Change\apache-tomcat-7.0.68\webapps\examples has finished in 590 ms
七月 01, 2016 1:32:05 下午 org.apache.catalina.startup.HostConfig deployDirectory
信息: Deploying web application directory G:\wangziwei\Spec_Change\apache-tomcat-7.0.68\webapps\host-manager
七月 01, 2016 1:32:05 下午 org.apache.catalina.startup.HostConfig deployDirectory
信息: Deployment of web application directory G:\wangziwei\Spec_Change\apache-tomcat-7.0.68\webapps\host-manager has finished in 82 ms
七月 01, 2016 1:32:05 下午 org.apache.catalina.startup.HostConfig deployDirectory
信息: Deploying web application directory G:\wangziwei\Spec_Change\apache-tomcat-7.0.68\webapps\manager
七月 01, 2016 1:32:06 下午 org.apache.catalina.startup.HostConfig deployDirectory
信息: Deployment of web application directory G:\wangziwei\Spec_Change\apache-tomcat-7.0.68\webapps\manager has finished in 41 ms
七月 01, 2016 1:32:06 下午 org.apache.catalina.startup.HostConfig deployDirectory
信息: Deploying web application directory G:\wangziwei\Spec_Change\apache-tomcat-7.0.68\webapps\ROOT
七月 01, 2016 1:32:06 下午 org.apache.catalina.startup.HostConfig deployDirectory
信息: Deployment of web application directory G:\wangziwei\Spec_Change\apache-tomcat-7.0.68\webapps\ROOT has finished in 35 ms
七月 01, 2016 1:32:06 下午 org.apache.coyote.AbstractProtocol start
信息: Starting ProtocolHandler ["http-apr-8080"]
七月 01, 2016 1:32:06 下午 org.apache.coyote.AbstractProtocol start
信息: Starting ProtocolHandler ["ajp-apr-8009"]
七月 01, 2016 1:32:06 下午 org.apache.catalina.startup.Catalina start
信息: Server startup in 2532 ms
七月 01, 2016 1:32:09 下午 org.apache.catalina.core.StandardServer await
信息: A valid shutdown command was received via the shutdown port. Stopping the Server instance.
七月 01, 2016 1:32:09 下午 org.apache.coyote.AbstractProtocol pause
信息: Pausing ProtocolHandler ["http-apr-8080"]
七月 01, 2016 1:32:09 下午 org.apache.coyote.AbstractProtocol pause
信息: Pausing ProtocolHandler ["ajp-apr-8009"]
七月 01, 2016 1:32:09 下午 org.apache.catalina.core.StandardService stopInternal
信息: Stopping service Catalina
七月 01, 2016 1:32:10 下午 org.apache.coyote.AbstractProtocol stop
信息: Stopping ProtocolHandler ["http-apr-8080"]
七月 01, 2016 1:32:10 下午 org.apache.coyote.AbstractProtocol stop
信息: Stopping ProtocolHandler ["ajp-apr-8009"]
七月 01, 2016 1:32:10 下午 org.apache.coyote.AbstractProtocol destroy
信息: Destroying ProtocolHandler ["http-apr-8080"]
七月 01, 2016 1:32:10 下午 org.apache.coyote.AbstractProtocol destroy
信息: Destroying ProtocolHandler ["ajp-apr-8009"]
七月 01, 2016 1:33:00 下午 org.apache.tomcat.util.digester.SetPropertiesRule begin
警告: [SetPropertiesRule]{Server/Service/Engine/Host/Context} Setting property 'source' to 'org.eclipse.jst.jee.server:MapTest' did not find a matching property.
七月 01, 2016 1:33:00 下午 org.apache.catalina.startup.VersionLoggerListener log
信息: Server version:        Apache Tomcat/7.0.68
七月 01, 2016 1:33:00 下午 org.apache.catalina.startup.VersionLoggerListener log
信息: Server built:          Feb 8 2016 20:25:54 UTC
七月 01, 2016 1:33:00 下午 org.apache.catalina.startup.VersionLoggerListener log
信息: Server number:         7.0.68.0
七月 01, 2016 1:33:00 下午 org.apache.catalina.startup.VersionLoggerListener log
信息: OS Name:               Windows 7
七月 01, 2016 1:33:00 下午 org.apache.catalina.startup.VersionLoggerListener log
信息: OS Version:            6.1
七月 01, 2016 1:33:00 下午 org.apache.catalina.startup.VersionLoggerListener log
信息: Architecture:          x86
七月 01, 2016 1:33:00 下午 org.apache.catalina.startup.VersionLoggerListener log
信息: Java Home:             G:\eclipse workspace\FrameTest\jre
七月 01, 2016 1:33:00 下午 org.apache.catalina.startup.VersionLoggerListener log
信息: JVM Version:           1.8.0_20-b26
七月 01, 2016 1:33:00 下午 org.apache.catalina.startup.VersionLoggerListener log
信息: JVM Vendor:            Oracle Corporation
七月 01, 2016 1:33:00 下午 org.apache.catalina.startup.VersionLoggerListener log
信息: CATALINA_BASE:         G:\wangziwei\Spec_Change\apache-tomcat-7.0.68
七月 01, 2016 1:33:00 下午 org.apache.catalina.startup.VersionLoggerListener log
信息: CATALINA_HOME:         G:\wangziwei\Spec_Change\apache-tomcat-7.0.68
七月 01, 2016 1:33:00 下午 org.apache.catalina.startup.VersionLoggerListener log
信息: Command line argument: -Djava.util.logging.config.file=G:\wangziwei\Spec_Change\apache-tomcat-7.0.68\conf\logging.properties
七月 01, 2016 1:33:00 下午 org.apache.catalina.startup.VersionLoggerListener log
信息: Command line argument: -Djava.util.logging.manager=org.apache.juli.ClassLoaderLogManager
七月 01, 2016 1:33:00 下午 org.apache.catalina.startup.VersionLoggerListener log
信息: Command line argument: -Djava.endorsed.dirs=G:\wangziwei\Spec_Change\apache-tomcat-7.0.68\endorsed
七月 01, 2016 1:33:00 下午 org.apache.catalina.startup.VersionLoggerListener log
信息: Command line argument: -Dcatalina.base=G:\wangziwei\Spec_Change\apache-tomcat-7.0.68
七月 01, 2016 1:33:00 下午 org.apache.catalina.startup.VersionLoggerListener log
信息: Command line argument: -Dcatalina.home=G:\wangziwei\Spec_Change\apache-tomcat-7.0.68
七月 01, 2016 1:33:00 下午 org.apache.catalina.startup.VersionLoggerListener log
信息: Command line argument: -Djava.io.tmpdir=G:\wangziwei\Spec_Change\apache-tomcat-7.0.68\temp
七月 01, 2016 1:33:00 下午 org.apache.catalina.core.AprLifecycleListener lifecycleEvent
信息: Loaded APR based Apache Tomcat Native library 1.1.33 using APR version 1.5.1.
七月 01, 2016 1:33:00 下午 org.apache.catalina.core.AprLifecycleListener lifecycleEvent
信息: APR capabilities: IPv6 [true], sendfile [true], accept filters [false], random [true].
七月 01, 2016 1:33:01 下午 org.apache.catalina.core.AprLifecycleListener initializeSSL
信息: OpenSSL successfully initialized (OpenSSL 1.0.1m 19 Mar 2015)
七月 01, 2016 1:33:01 下午 org.apache.coyote.AbstractProtocol init
信息: Initializing ProtocolHandler ["http-apr-8080"]
七月 01, 2016 1:33:01 下午 org.apache.coyote.AbstractProtocol init
信息: Initializing ProtocolHandler ["ajp-apr-8009"]
七月 01, 2016 1:33:01 下午 org.apache.catalina.startup.Catalina load
信息: Initialization processed in 1317 ms
七月 01, 2016 1:33:01 下午 org.apache.catalina.core.StandardService startInternal
信息: Starting service Catalina
七月 01, 2016 1:33:01 下午 org.apache.catalina.core.StandardEngine startInternal
信息: Starting Servlet Engine: Apache Tomcat/7.0.68
七月 01, 2016 1:33:01 下午 org.apache.catalina.startup.TldConfig execute
信息: At least one JAR was scanned for TLDs yet contained no TLDs. Enable debug logging for this logger for a complete list of JARs that were scanned but no TLDs were found in them. Skipping unneeded JARs during scanning can improve startup time and JSP compilation time.
七月 01, 2016 1:33:02 下午 org.apache.catalina.startup.HostConfig deployDirectory
信息: Deploying web application directory G:\wangziwei\Spec_Change\apache-tomcat-7.0.68\webapps\docs
七月 01, 2016 1:33:02 下午 org.apache.catalina.startup.HostConfig deployDirectory
信息: Deployment of web application directory G:\wangziwei\Spec_Change\apache-tomcat-7.0.68\webapps\docs has finished in 44 ms
七月 01, 2016 1:33:02 下午 org.apache.catalina.startup.HostConfig deployDirectory
信息: Deploying web application directory G:\wangziwei\Spec_Change\apache-tomcat-7.0.68\webapps\examples
七月 01, 2016 1:33:02 下午 org.apache.catalina.startup.HostConfig deployDirectory
信息: Deployment of web application directory G:\wangziwei\Spec_Change\apache-tomcat-7.0.68\webapps\examples has finished in 220 ms
七月 01, 2016 1:33:02 下午 org.apache.catalina.startup.HostConfig deployDirectory
信息: Deploying web application directory G:\wangziwei\Spec_Change\apache-tomcat-7.0.68\webapps\host-manager
七月 01, 2016 1:33:02 下午 org.apache.catalina.startup.HostConfig deployDirectory
信息: Deployment of web application directory G:\wangziwei\Spec_Change\apache-tomcat-7.0.68\webapps\host-manager has finished in 70 ms
七月 01, 2016 1:33:02 下午 org.apache.catalina.startup.HostConfig deployDirectory
信息: Deploying web application directory G:\wangziwei\Spec_Change\apache-tomcat-7.0.68\webapps\manager
七月 01, 2016 1:33:02 下午 org.apache.catalina.startup.HostConfig deployDirectory
信息: Deployment of web application directory G:\wangziwei\Spec_Change\apache-tomcat-7.0.68\webapps\manager has finished in 42 ms
七月 01, 2016 1:33:02 下午 org.apache.catalina.startup.HostConfig deployDirectory
信息: Deploying web application directory G:\wangziwei\Spec_Change\apache-tomcat-7.0.68\webapps\ROOT
七月 01, 2016 1:33:02 下午 org.apache.catalina.startup.HostConfig deployDirectory
信息: Deployment of web application directory G:\wangziwei\Spec_Change\apache-tomcat-7.0.68\webapps\ROOT has finished in 37 ms
七月 01, 2016 1:33:02 下午 org.apache.coyote.AbstractProtocol start
信息: Starting ProtocolHandler ["http-apr-8080"]
七月 01, 2016 1:33:02 下午 org.apache.coyote.AbstractProtocol start
信息: Starting ProtocolHandler ["ajp-apr-8009"]
七月 01, 2016 1:33:02 下午 org.apache.catalina.startup.Catalina start
信息: Server startup in 834 ms
七月 01, 2016 1:33:47 下午 org.apache.catalina.core.StandardServer await
信息: A valid shutdown command was received via the shutdown port. Stopping the Server instance.
七月 01, 2016 1:33:47 下午 org.apache.coyote.AbstractProtocol pause
信息: Pausing ProtocolHandler ["http-apr-8080"]
七月 01, 2016 1:33:47 下午 org.apache.coyote.AbstractProtocol pause
信息: Pausing ProtocolHandler ["ajp-apr-8009"]
七月 01, 2016 1:33:47 下午 org.apache.catalina.core.StandardService stopInternal
信息: Stopping service Catalina
七月 01, 2016 1:33:47 下午 org.apache.coyote.AbstractProtocol stop
信息: Stopping ProtocolHandler ["http-apr-8080"]
七月 01, 2016 1:33:47 下午 org.apache.coyote.AbstractProtocol stop
信息: Stopping ProtocolHandler ["ajp-apr-8009"]
七月 01, 2016 1:33:47 下午 org.apache.coyote.AbstractProtocol destroy
信息: Destroying ProtocolHandler ["http-apr-8080"]
七月 01, 2016 1:33:47 下午 org.apache.coyote.AbstractProtocol destroy
信息: Destroying ProtocolHandler ["ajp-apr-8009"]
七月 01, 2016 1:34:47 下午 org.apache.tomcat.util.digester.SetPropertiesRule begin
警告: [SetPropertiesRule]{Server/Service/Engine/Host/Context} Setting property 'source' to 'org.eclipse.jst.jee.server:MapTest' did not find a matching property.
七月 01, 2016 1:34:47 下午 org.apache.catalina.startup.VersionLoggerListener log
信息: Server version:        Apache Tomcat/7.0.68
七月 01, 2016 1:34:47 下午 org.apache.catalina.startup.VersionLoggerListener log
信息: Server built:          Feb 8 2016 20:25:54 UTC
七月 01, 2016 1:34:47 下午 org.apache.catalina.startup.VersionLoggerListener log
信息: Server number:         7.0.68.0
七月 01, 2016 1:34:47 下午 org.apache.catalina.startup.VersionLoggerListener log
信息: OS Name:               Windows 7
七月 01, 2016 1:34:47 下午 org.apache.catalina.startup.VersionLoggerListener log
信息: OS Version:            6.1
七月 01, 2016 1:34:47 下午 org.apache.catalina.startup.VersionLoggerListener log
信息: Architecture:          x86
七月 01, 2016 1:34:47 下午 org.apache.catalina.startup.VersionLoggerListener log
信息: Java Home:             G:\eclipse workspace\FrameTest\jre
七月 01, 2016 1:34:47 下午 org.apache.catalina.startup.VersionLoggerListener log
信息: JVM Version:           1.8.0_20-b26
七月 01, 2016 1:34:47 下午 org.apache.catalina.startup.VersionLoggerListener log
信息: JVM Vendor:            Oracle Corporation
七月 01, 2016 1:34:47 下午 org.apache.catalina.startup.VersionLoggerListener log
信息: CATALINA_BASE:         G:\wangziwei\Spec_Change\apache-tomcat-7.0.68
七月 01, 2016 1:34:47 下午 org.apache.catalina.startup.VersionLoggerListener log
信息: CATALINA_HOME:         G:\wangziwei\Spec_Change\apache-tomcat-7.0.68
七月 01, 2016 1:34:47 下午 org.apache.catalina.startup.VersionLoggerListener log
信息: Command line argument: -Djava.util.logging.config.file=G:\wangziwei\Spec_Change\apache-tomcat-7.0.68\conf\logging.properties
七月 01, 2016 1:34:47 下午 org.apache.catalina.startup.VersionLoggerListener log
信息: Command line argument: -Djava.util.logging.manager=org.apache.juli.ClassLoaderLogManager
七月 01, 2016 1:34:47 下午 org.apache.catalina.startup.VersionLoggerListener log
信息: Command line argument: -Djava.endorsed.dirs=G:\wangziwei\Spec_Change\apache-tomcat-7.0.68\endorsed
七月 01, 2016 1:34:47 下午 org.apache.catalina.startup.VersionLoggerListener log
信息: Command line argument: -Dcatalina.base=G:\wangziwei\Spec_Change\apache-tomcat-7.0.68
七月 01, 2016 1:34:47 下午 org.apache.catalina.startup.VersionLoggerListener log
信息: Command line argument: -Dcatalina.home=G:\wangziwei\Spec_Change\apache-tomcat-7.0.68
七月 01, 2016 1:34:47 下午 org.apache.catalina.startup.VersionLoggerListener log
信息: Command line argument: -Djava.io.tmpdir=G:\wangziwei\Spec_Change\apache-tomcat-7.0.68\temp
七月 01, 2016 1:34:47 下午 org.apache.catalina.core.AprLifecycleListener lifecycleEvent
信息: Loaded APR based Apache Tomcat Native library 1.1.33 using APR version 1.5.1.
七月 01, 2016 1:34:47 下午 org.apache.catalina.core.AprLifecycleListener lifecycleEvent
信息: APR capabilities: IPv6 [true], sendfile [true], accept filters [false], random [true].
七月 01, 2016 1:34:48 下午 org.apache.catalina.core.AprLifecycleListener initializeSSL
信息: OpenSSL successfully initialized (OpenSSL 1.0.1m 19 Mar 2015)
七月 01, 2016 1:34:48 下午 org.apache.coyote.AbstractProtocol init
信息: Initializing ProtocolHandler ["http-apr-8080"]
七月 01, 2016 1:34:48 下午 org.apache.coyote.AbstractProtocol init
信息: Initializing ProtocolHandler ["ajp-apr-8009"]
七月 01, 2016 1:34:48 下午 org.apache.catalina.startup.Catalina load
信息: Initialization processed in 1566 ms
七月 01, 2016 1:34:48 下午 org.apache.catalina.core.StandardService startInternal
信息: Starting service Catalina
七月 01, 2016 1:34:48 下午 org.apache.catalina.core.StandardEngine startInternal
信息: Starting Servlet Engine: Apache Tomcat/7.0.68
七月 01, 2016 1:34:48 下午 org.apache.catalina.startup.TldConfig execute
信息: At least one JAR was scanned for TLDs yet contained no TLDs. Enable debug logging for this logger for a complete list of JARs that were scanned but no TLDs were found in them. Skipping unneeded JARs during scanning can improve startup time and JSP compilation time.
七月 01, 2016 1:34:48 下午 org.apache.catalina.startup.HostConfig deployDirectory
信息: Deploying web application directory G:\wangziwei\Spec_Change\apache-tomcat-7.0.68\webapps\docs
七月 01, 2016 1:34:48 下午 org.apache.catalina.startup.HostConfig deployDirectory
信息: Deployment of web application directory G:\wangziwei\Spec_Change\apache-tomcat-7.0.68\webapps\docs has finished in 58 ms
七月 01, 2016 1:34:48 下午 org.apache.catalina.startup.HostConfig deployDirectory
信息: Deploying web application directory G:\wangziwei\Spec_Change\apache-tomcat-7.0.68\webapps\examples
七月 01, 2016 1:34:49 下午 org.apache.catalina.startup.HostConfig deployDirectory
信息: Deployment of web application directory G:\wangziwei\Spec_Change\apache-tomcat-7.0.68\webapps\examples has finished in 249 ms
七月 01, 2016 1:34:49 下午 org.apache.catalina.startup.HostConfig deployDirectory
信息: Deploying web application directory G:\wangziwei\Spec_Change\apache-tomcat-7.0.68\webapps\host-manager
七月 01, 2016 1:34:49 下午 org.apache.catalina.startup.HostConfig deployDirectory
信息: Deployment of web application directory G:\wangziwei\Spec_Change\apache-tomcat-7.0.68\webapps\host-manager has finished in 72 ms
七月 01, 2016 1:34:49 下午 org.apache.catalina.startup.HostConfig deployDirectory
信息: Deploying web application directory G:\wangziwei\Spec_Change\apache-tomcat-7.0.68\webapps\manager
七月 01, 2016 1:34:49 下午 org.apache.catalina.startup.HostConfig deployDirectory
信息: Deployment of web application directory G:\wangziwei\Spec_Change\apache-tomcat-7.0.68\webapps\manager has finished in 42 ms
七月 01, 2016 1:34:49 下午 org.apache.catalina.startup.HostConfig deployDirectory
信息: Deploying web application directory G:\wangziwei\Spec_Change\apache-tomcat-7.0.68\webapps\ROOT
七月 01, 2016 1:34:49 下午 org.apache.catalina.startup.HostConfig deployDirectory
信息: Deployment of web application directory G:\wangziwei\Spec_Change\apache-tomcat-7.0.68\webapps\ROOT has finished in 36 ms
七月 01, 2016 1:34:49 下午 org.apache.coyote.AbstractProtocol start
信息: Starting ProtocolHandler ["http-apr-8080"]
七月 01, 2016 1:34:49 下午 org.apache.coyote.AbstractProtocol start
信息: Starting ProtocolHandler ["ajp-apr-8009"]
七月 01, 2016 1:34:49 下午 org.apache.catalina.startup.Catalina start
信息: Server startup in 880 ms
七月 01, 2016 1:34:54 下午 org.apache.catalina.core.StandardServer await
信息: A valid shutdown command was received via the shutdown port. Stopping the Server instance.
七月 01, 2016 1:34:54 下午 org.apache.coyote.AbstractProtocol pause
信息: Pausing ProtocolHandler ["http-apr-8080"]
七月 01, 2016 1:34:54 下午 org.apache.coyote.AbstractProtocol pause
信息: Pausing ProtocolHandler ["ajp-apr-8009"]
七月 01, 2016 1:34:54 下午 org.apache.catalina.core.StandardService stopInternal
信息: Stopping service Catalina
七月 01, 2016 1:34:54 下午 org.apache.coyote.AbstractProtocol stop
信息: Stopping ProtocolHandler ["http-apr-8080"]
七月 01, 2016 1:34:54 下午 org.apache.coyote.AbstractProtocol stop
信息: Stopping ProtocolHandler ["ajp-apr-8009"]
七月 01, 2016 1:34:54 下午 org.apache.coyote.AbstractProtocol destroy
信息: Destroying ProtocolHandler ["http-apr-8080"]
七月 01, 2016 1:34:54 下午 org.apache.coyote.AbstractProtocol destroy
信息: Destroying ProtocolHandler ["ajp-apr-8009"]
七月 01, 2016 1:35:25 下午 org.apache.tomcat.util.digester.SetPropertiesRule begin
警告: [SetPropertiesRule]{Server/Service/Engine/Host/Context} Setting property 'source' to 'org.eclipse.jst.jee.server:MapTest' did not find a matching property.
七月 01, 2016 1:35:25 下午 org.apache.catalina.startup.VersionLoggerListener log
信息: Server version:        Apache Tomcat/7.0.68
七月 01, 2016 1:35:25 下午 org.apache.catalina.startup.VersionLoggerListener log
信息: Server built:          Feb 8 2016 20:25:54 UTC
七月 01, 2016 1:35:25 下午 org.apache.catalina.startup.VersionLoggerListener log
信息: Server number:         7.0.68.0
七月 01, 2016 1:35:25 下午 org.apache.catalina.startup.VersionLoggerListener log
信息: OS Name:               Windows 7
七月 01, 2016 1:35:25 下午 org.apache.catalina.startup.VersionLoggerListener log
信息: OS Version:            6.1
七月 01, 2016 1:35:25 下午 org.apache.catalina.startup.VersionLoggerListener log
信息: Architecture:          x86
七月 01, 2016 1:35:25 下午 org.apache.catalina.startup.VersionLoggerListener log
信息: Java Home:             G:\eclipse workspace\FrameTest\jre
七月 01, 2016 1:35:25 下午 org.apache.catalina.startup.VersionLoggerListener log
信息: JVM Version:           1.8.0_20-b26
七月 01, 2016 1:35:25 下午 org.apache.catalina.startup.VersionLoggerListener log
信息: JVM Vendor:            Oracle Corporation
七月 01, 2016 1:35:25 下午 org.apache.catalina.startup.VersionLoggerListener log
信息: CATALINA_BASE:         G:\wangziwei\Spec_Change\apache-tomcat-7.0.68
七月 01, 2016 1:35:25 下午 org.apache.catalina.startup.VersionLoggerListener log
信息: CATALINA_HOME:         G:\wangziwei\Spec_Change\apache-tomcat-7.0.68
七月 01, 2016 1:35:25 下午 org.apache.catalina.startup.VersionLoggerListener log
信息: Command line argument: -Djava.util.logging.config.file=G:\wangziwei\Spec_Change\apache-tomcat-7.0.68\conf\logging.properties
七月 01, 2016 1:35:25 下午 org.apache.catalina.startup.VersionLoggerListener log
信息: Command line argument: -Djava.util.logging.manager=org.apache.juli.ClassLoaderLogManager
七月 01, 2016 1:35:25 下午 org.apache.catalina.startup.VersionLoggerListener log
信息: Command line argument: -Djava.endorsed.dirs=G:\wangziwei\Spec_Change\apache-tomcat-7.0.68\endorsed
七月 01, 2016 1:35:25 下午 org.apache.catalina.startup.VersionLoggerListener log
信息: Command line argument: -Dcatalina.base=G:\wangziwei\Spec_Change\apache-tomcat-7.0.68
七月 01, 2016 1:35:25 下午 org.apache.catalina.startup.VersionLoggerListener log
信息: Command line argument: -Dcatalina.home=G:\wangziwei\Spec_Change\apache-tomcat-7.0.68
七月 01, 2016 1:35:25 下午 org.apache.catalina.startup.VersionLoggerListener log
信息: Command line argument: -Djava.io.tmpdir=G:\wangziwei\Spec_Change\apache-tomcat-7.0.68\temp
七月 01, 2016 1:35:25 下午 org.apache.catalina.core.AprLifecycleListener lifecycleEvent
信息: Loaded APR based Apache Tomcat Native library 1.1.33 using APR version 1.5.1.
七月 01, 2016 1:35:25 下午 org.apache.catalina.core.AprLifecycleListener lifecycleEvent
信息: APR capabilities: IPv6 [true], sendfile [true], accept filters [false], random [true].
七月 01, 2016 1:35:25 下午 org.apache.catalina.core.AprLifecycleListener initializeSSL
信息: OpenSSL successfully initialized (OpenSSL 1.0.1m 19 Mar 2015)
七月 01, 2016 1:35:26 下午 org.apache.coyote.AbstractProtocol init
信息: Initializing ProtocolHandler ["http-apr-8080"]
七月 01, 2016 1:35:26 下午 org.apache.coyote.AbstractProtocol init
信息: Initializing ProtocolHandler ["ajp-apr-8009"]
七月 01, 2016 1:35:26 下午 org.apache.catalina.startup.Catalina load
信息: Initialization processed in 1410 ms
七月 01, 2016 1:35:26 下午 org.apache.catalina.core.StandardService startInternal
信息: Starting service Catalina
七月 01, 2016 1:35:26 下午 org.apache.catalina.core.StandardEngine startInternal
信息: Starting Servlet Engine: Apache Tomcat/7.0.68
七月 01, 2016 1:35:26 下午 org.apache.catalina.startup.TldConfig execute
信息: At least one JAR was scanned for TLDs yet contained no TLDs. Enable debug logging for this logger for a complete list of JARs that were scanned but no TLDs were found in them. Skipping unneeded JARs during scanning can improve startup time and JSP compilation time.
七月 01, 2016 1:35:26 下午 org.apache.catalina.startup.HostConfig deployDirectory
信息: Deploying web application directory G:\wangziwei\Spec_Change\apache-tomcat-7.0.68\webapps\docs
七月 01, 2016 1:35:26 下午 org.apache.catalina.startup.HostConfig deployDirectory
信息: Deployment of web application directory G:\wangziwei\Spec_Change\apache-tomcat-7.0.68\webapps\docs has finished in 44 ms
七月 01, 2016 1:35:26 下午 org.apache.catalina.startup.HostConfig deployDirectory
信息: Deploying web application directory G:\wangziwei\Spec_Change\apache-tomcat-7.0.68\webapps\examples
七月 01, 2016 1:35:26 下午 org.apache.catalina.startup.HostConfig deployDirectory
信息: Deployment of web application directory G:\wangziwei\Spec_Change\apache-tomcat-7.0.68\webapps\examples has finished in 233 ms
七月 01, 2016 1:35:26 下午 org.apache.catalina.startup.HostConfig deployDirectory
信息: Deploying web application directory G:\wangziwei\Spec_Change\apache-tomcat-7.0.68\webapps\host-manager
七月 01, 2016 1:35:26 下午 org.apache.catalina.startup.HostConfig deployDirectory
信息: Deployment of web application directory G:\wangziwei\Spec_Change\apache-tomcat-7.0.68\webapps\host-manager has finished in 68 ms
七月 01, 2016 1:35:26 下午 org.apache.catalina.startup.HostConfig deployDirectory
信息: Deploying web application directory G:\wangziwei\Spec_Change\apache-tomcat-7.0.68\webapps\manager
七月 01, 2016 1:35:26 下午 org.apache.catalina.startup.HostConfig deployDirectory
信息: Deployment of web application directory G:\wangziwei\Spec_Change\apache-tomcat-7.0.68\webapps\manager has finished in 47 ms
七月 01, 2016 1:35:26 下午 org.apache.catalina.startup.HostConfig deployDirectory
信息: Deploying web application directory G:\wangziwei\Spec_Change\apache-tomcat-7.0.68\webapps\ROOT
七月 01, 2016 1:35:26 下午 org.apache.catalina.startup.HostConfig deployDirectory
信息: Deployment of web application directory G:\wangziwei\Spec_Change\apache-tomcat-7.0.68\webapps\ROOT has finished in 38 ms
七月 01, 2016 1:35:26 下午 org.apache.coyote.AbstractProtocol start
信息: Starting ProtocolHandler ["http-apr-8080"]
七月 01, 2016 1:35:26 下午 org.apache.coyote.AbstractProtocol start
信息: Starting ProtocolHandler ["ajp-apr-8009"]
七月 01, 2016 1:35:26 下午 org.apache.catalina.startup.Catalina start
信息: Server startup in 888 ms
七月 01, 2016 1:35:31 下午 org.apache.catalina.core.StandardServer await
信息: A valid shutdown command was received via the shutdown port. Stopping the Server instance.
七月 01, 2016 1:35:31 下午 org.apache.coyote.AbstractProtocol pause
信息: Pausing ProtocolHandler ["http-apr-8080"]
七月 01, 2016 1:35:31 下午 org.apache.coyote.AbstractProtocol pause
信息: Pausing ProtocolHandler ["ajp-apr-8009"]
七月 01, 2016 1:35:31 下午 org.apache.catalina.core.StandardService stopInternal
信息: Stopping service Catalina
七月 01, 2016 1:35:31 下午 org.apache.coyote.AbstractProtocol stop
信息: Stopping ProtocolHandler ["http-apr-8080"]
七月 01, 2016 1:35:31 下午 org.apache.coyote.AbstractProtocol stop
信息: Stopping ProtocolHandler ["ajp-apr-8009"]
七月 01, 2016 1:35:31 下午 org.apache.coyote.AbstractProtocol destroy
信息: Destroying ProtocolHandler ["http-apr-8080"]
七月 01, 2016 1:35:31 下午 org.apache.coyote.AbstractProtocol destroy
信息: Destroying ProtocolHandler ["ajp-apr-8009"]
七月 01, 2016 1:36:44 下午 org.apache.tomcat.util.digester.SetPropertiesRule begin
警告: [SetPropertiesRule]{Server/Service/Engine/Host/Context} Setting property 'source' to 'org.eclipse.jst.jee.server:MapTest' did not find a matching property.
七月 01, 2016 1:36:44 下午 org.apache.catalina.startup.VersionLoggerListener log
信息: Server version:        Apache Tomcat/7.0.68
七月 01, 2016 1:36:44 下午 org.apache.catalina.startup.VersionLoggerListener log
信息: Server built:          Feb 8 2016 20:25:54 UTC
七月 01, 2016 1:36:44 下午 org.apache.catalina.startup.VersionLoggerListener log
信息: Server number:         7.0.68.0
七月 01, 2016 1:36:44 下午 org.apache.catalina.startup.VersionLoggerListener log
信息: OS Name:               Windows 7
七月 01, 2016 1:36:44 下午 org.apache.catalina.startup.VersionLoggerListener log
信息: OS Version:            6.1
七月 01, 2016 1:36:44 下午 org.apache.catalina.startup.VersionLoggerListener log
信息: Architecture:          x86
七月 01, 2016 1:36:44 下午 org.apache.catalina.startup.VersionLoggerListener log
信息: Java Home:             G:\eclipse workspace\FrameTest\jre
七月 01, 2016 1:36:44 下午 org.apache.catalina.startup.VersionLoggerListener log
信息: JVM Version:           1.8.0_20-b26
七月 01, 2016 1:36:44 下午 org.apache.catalina.startup.VersionLoggerListener log
信息: JVM Vendor:            Oracle Corporation
七月 01, 2016 1:36:44 下午 org.apache.catalina.startup.VersionLoggerListener log
信息: CATALINA_BASE:         G:\wangziwei\Spec_Change\apache-tomcat-7.0.68
七月 01, 2016 1:36:44 下午 org.apache.catalina.startup.VersionLoggerListener log
信息: CATALINA_HOME:         G:\wangziwei\Spec_Change\apache-tomcat-7.0.68
七月 01, 2016 1:36:44 下午 org.apache.catalina.startup.VersionLoggerListener log
信息: Command line argument: -Djava.util.logging.config.file=G:\wangziwei\Spec_Change\apache-tomcat-7.0.68\conf\logging.properties
七月 01, 2016 1:36:44 下午 org.apache.catalina.startup.VersionLoggerListener log
信息: Command line argument: -Djava.util.logging.manager=org.apache.juli.ClassLoaderLogManager
七月 01, 2016 1:36:44 下午 org.apache.catalina.startup.VersionLoggerListener log
信息: Command line argument: -Djava.endorsed.dirs=G:\wangziwei\Spec_Change\apache-tomcat-7.0.68\endorsed
七月 01, 2016 1:36:44 下午 org.apache.catalina.startup.VersionLoggerListener log
信息: Command line argument: -Dcatalina.base=G:\wangziwei\Spec_Change\apache-tomcat-7.0.68
七月 01, 2016 1:36:44 下午 org.apache.catalina.startup.VersionLoggerListener log
信息: Command line argument: -Dcatalina.home=G:\wangziwei\Spec_Change\apache-tomcat-7.0.68
七月 01, 2016 1:36:44 下午 org.apache.catalina.startup.VersionLoggerListener log
信息: Command line argument: -Djava.io.tmpdir=G:\wangziwei\Spec_Change\apache-tomcat-7.0.68\temp
七月 01, 2016 1:36:44 下午 org.apache.catalina.core.AprLifecycleListener lifecycleEvent
信息: Loaded APR based Apache Tomcat Native library 1.1.33 using APR version 1.5.1.
七月 01, 2016 1:36:44 下午 org.apache.catalina.core.AprLifecycleListener lifecycleEvent
信息: APR capabilities: IPv6 [true], sendfile [true], accept filters [false], random [true].
七月 01, 2016 1:36:45 下午 org.apache.catalina.core.AprLifecycleListener initializeSSL
信息: OpenSSL successfully initialized (OpenSSL 1.0.1m 19 Mar 2015)
七月 01, 2016 1:36:45 下午 org.apache.coyote.AbstractProtocol init
信息: Initializing ProtocolHandler ["http-apr-8080"]
七月 01, 2016 1:36:45 下午 org.apache.coyote.AbstractProtocol init
信息: Initializing ProtocolHandler ["ajp-apr-8009"]
七月 01, 2016 1:36:45 下午 org.apache.catalina.startup.Catalina load
信息: Initialization processed in 1366 ms
七月 01, 2016 1:36:45 下午 org.apache.catalina.core.StandardService startInternal
信息: Starting service Catalina
七月 01, 2016 1:36:45 下午 org.apache.catalina.core.StandardEngine startInternal
信息: Starting Servlet Engine: Apache Tomcat/7.0.68
七月 01, 2016 1:36:45 下午 org.apache.catalina.startup.TldConfig execute
信息: At least one JAR was scanned for TLDs yet contained no TLDs. Enable debug logging for this logger for a complete list of JARs that were scanned but no TLDs were found in them. Skipping unneeded JARs during scanning can improve startup time and JSP compilation time.
七月 01, 2016 1:36:45 下午 org.apache.catalina.startup.HostConfig deployDirectory
信息: Deploying web application directory G:\wangziwei\Spec_Change\apache-tomcat-7.0.68\webapps\docs
七月 01, 2016 1:36:45 下午 org.apache.catalina.startup.HostConfig deployDirectory
信息: Deployment of web application directory G:\wangziwei\Spec_Change\apache-tomcat-7.0.68\webapps\docs has finished in 48 ms
七月 01, 2016 1:36:45 下午 org.apache.catalina.startup.HostConfig deployDirectory
信息: Deploying web application directory G:\wangziwei\Spec_Change\apache-tomcat-7.0.68\webapps\examples
七月 01, 2016 1:36:46 下午 org.apache.catalina.startup.HostConfig deployDirectory
信息: Deployment of web application directory G:\wangziwei\Spec_Change\apache-tomcat-7.0.68\webapps\examples has finished in 220 ms
七月 01, 2016 1:36:46 下午 org.apache.catalina.startup.HostConfig deployDirectory
信息: Deploying web application directory G:\wangziwei\Spec_Change\apache-tomcat-7.0.68\webapps\host-manager
七月 01, 2016 1:36:46 下午 org.apache.catalina.startup.HostConfig deployDirectory
信息: Deployment of web application directory G:\wangziwei\Spec_Change\apache-tomcat-7.0.68\webapps\host-manager has finished in 71 ms
七月 01, 2016 1:36:46 下午 org.apache.catalina.startup.HostConfig deployDirectory
信息: Deploying web application directory G:\wangziwei\Spec_Change\apache-tomcat-7.0.68\webapps\manager
七月 01, 2016 1:36:46 下午 org.apache.catalina.startup.HostConfig deployDirectory
信息: Deployment of web application directory G:\wangziwei\Spec_Change\apache-tomcat-7.0.68\webapps\manager has finished in 42 ms
七月 01, 2016 1:36:46 下午 org.apache.catalina.startup.HostConfig deployDirectory
信息: Deploying web application directory G:\wangziwei\Spec_Change\apache-tomcat-7.0.68\webapps\ROOT
七月 01, 2016 1:36:46 下午 org.apache.catalina.startup.HostConfig deployDirectory
信息: Deployment of web application directory G:\wangziwei\Spec_Change\apache-tomcat-7.0.68\webapps\ROOT has finished in 37 ms
七月 01, 2016 1:36:46 下午 org.apache.coyote.AbstractProtocol start
信息: Starting ProtocolHandler ["http-apr-8080"]
七月 01, 2016 1:36:46 下午 org.apache.coyote.AbstractProtocol start
信息: Starting ProtocolHandler ["ajp-apr-8009"]
七月 01, 2016 1:36:46 下午 org.apache.catalina.startup.Catalina start
信息: Server startup in 849 ms
七月 01, 2016 1:36:48 下午 org.apache.catalina.core.StandardServer await
信息: A valid shutdown command was received via the shutdown port. Stopping the Server instance.
七月 01, 2016 1:36:48 下午 org.apache.coyote.AbstractProtocol pause
信息: Pausing ProtocolHandler ["http-apr-8080"]
七月 01, 2016 1:36:48 下午 org.apache.coyote.AbstractProtocol pause
信息: Pausing ProtocolHandler ["ajp-apr-8009"]
七月 01, 2016 1:36:48 下午 org.apache.catalina.core.StandardService stopInternal
信息: Stopping service Catalina
七月 01, 2016 1:36:48 下午 org.apache.coyote.AbstractProtocol stop
信息: Stopping ProtocolHandler ["http-apr-8080"]
七月 01, 2016 1:36:48 下午 org.apache.coyote.AbstractProtocol stop
信息: Stopping ProtocolHandler ["ajp-apr-8009"]
七月 01, 2016 1:36:48 下午 org.apache.coyote.AbstractProtocol destroy
信息: Destroying ProtocolHandler ["http-apr-8080"]
七月 01, 2016 1:36:48 下午 org.apache.coyote.AbstractProtocol destroy
信息: Destroying ProtocolHandler ["ajp-apr-8009"]
七月 01, 2016 1:37:18 下午 org.apache.tomcat.util.digester.SetPropertiesRule begin
警告: [SetPropertiesRule]{Server/Service/Engine/Host/Context} Setting property 'source' to 'org.eclipse.jst.jee.server:MapTest' did not find a matching property.
七月 01, 2016 1:37:18 下午 org.apache.catalina.startup.VersionLoggerListener log
信息: Server version:        Apache Tomcat/7.0.68
七月 01, 2016 1:37:18 下午 org.apache.catalina.startup.VersionLoggerListener log
信息: Server built:          Feb 8 2016 20:25:54 UTC
七月 01, 2016 1:37:18 下午 org.apache.catalina.startup.VersionLoggerListener log
信息: Server number:         7.0.68.0
七月 01, 2016 1:37:18 下午 org.apache.catalina.startup.VersionLoggerListener log
信息: OS Name:               Windows 7
七月 01, 2016 1:37:18 下午 org.apache.catalina.startup.VersionLoggerListener log
信息: OS Version:            6.1
七月 01, 2016 1:37:18 下午 org.apache.catalina.startup.VersionLoggerListener log
信息: Architecture:          x86
七月 01, 2016 1:37:18 下午 org.apache.catalina.startup.VersionLoggerListener log
信息: Java Home:             G:\eclipse workspace\FrameTest\jre
七月 01, 2016 1:37:18 下午 org.apache.catalina.startup.VersionLoggerListener log
信息: JVM Version:           1.8.0_20-b26
七月 01, 2016 1:37:18 下午 org.apache.catalina.startup.VersionLoggerListener log
信息: JVM Vendor:            Oracle Corporation
七月 01, 2016 1:37:18 下午 org.apache.catalina.startup.VersionLoggerListener log
信息: CATALINA_BASE:         G:\wangziwei\Spec_Change\apache-tomcat-7.0.68
七月 01, 2016 1:37:18 下午 org.apache.catalina.startup.VersionLoggerListener log
信息: CATALINA_HOME:         G:\wangziwei\Spec_Change\apache-tomcat-7.0.68
七月 01, 2016 1:37:18 下午 org.apache.catalina.startup.VersionLoggerListener log
信息: Command line argument: -Djava.util.logging.config.file=G:\wangziwei\Spec_Change\apache-tomcat-7.0.68\conf\logging.properties
七月 01, 2016 1:37:18 下午 org.apache.catalina.startup.VersionLoggerListener log
信息: Command line argument: -Djava.util.logging.manager=org.apache.juli.ClassLoaderLogManager
七月 01, 2016 1:37:18 下午 org.apache.catalina.startup.VersionLoggerListener log
信息: Command line argument: -Djava.endorsed.dirs=G:\wangziwei\Spec_Change\apache-tomcat-7.0.68\endorsed
七月 01, 2016 1:37:18 下午 org.apache.catalina.startup.VersionLoggerListener log
信息: Command line argument: -Dcatalina.base=G:\wangziwei\Spec_Change\apache-tomcat-7.0.68
七月 01, 2016 1:37:18 下午 org.apache.catalina.startup.VersionLoggerListener log
信息: Command line argument: -Dcatalina.home=G:\wangziwei\Spec_Change\apache-tomcat-7.0.68
七月 01, 2016 1:37:18 下午 org.apache.catalina.startup.VersionLoggerListener log
信息: Command line argument: -Djava.io.tmpdir=G:\wangziwei\Spec_Change\apache-tomcat-7.0.68\temp
七月 01, 2016 1:37:18 下午 org.apache.catalina.core.AprLifecycleListener lifecycleEvent
信息: Loaded APR based Apache Tomcat Native library 1.1.33 using APR version 1.5.1.
七月 01, 2016 1:37:18 下午 org.apache.catalina.core.AprLifecycleListener lifecycleEvent
信息: APR capabilities: IPv6 [true], sendfile [true], accept filters [false], random [true].
七月 01, 2016 1:37:18 下午 org.apache.catalina.core.AprLifecycleListener initializeSSL
信息: OpenSSL successfully initialized (OpenSSL 1.0.1m 19 Mar 2015)
七月 01, 2016 1:37:19 下午 org.apache.coyote.AbstractProtocol init
信息: Initializing ProtocolHandler ["http-apr-8080"]
七月 01, 2016 1:37:19 下午 org.apache.coyote.AbstractProtocol init
信息: Initializing ProtocolHandler ["ajp-apr-8009"]
七月 01, 2016 1:37:19 下午 org.apache.catalina.startup.Catalina load
信息: Initialization processed in 1360 ms
七月 01, 2016 1:37:19 下午 org.apache.catalina.core.StandardService startInternal
信息: Starting service Catalina
七月 01, 2016 1:37:19 下午 org.apache.catalina.core.StandardEngine startInternal
信息: Starting Servlet Engine: Apache Tomcat/7.0.68
七月 01, 2016 1:37:19 下午 org.apache.catalina.startup.TldConfig execute
信息: At least one JAR was scanned for TLDs yet contained no TLDs. Enable debug logging for this logger for a complete list of JARs that were scanned but no TLDs were found in them. Skipping unneeded JARs during scanning can improve startup time and JSP compilation time.
七月 01, 2016 1:37:19 下午 org.apache.catalina.startup.HostConfig deployDirectory
信息: Deploying web application directory G:\wangziwei\Spec_Change\apache-tomcat-7.0.68\webapps\docs
七月 01, 2016 1:37:19 下午 org.apache.catalina.startup.HostConfig deployDirectory
信息: Deployment of web application directory G:\wangziwei\Spec_Change\apache-tomcat-7.0.68\webapps\docs has finished in 42 ms
七月 01, 2016 1:37:19 下午 org.apache.catalina.startup.HostConfig deployDirectory
信息: Deploying web application directory G:\wangziwei\Spec_Change\apache-tomcat-7.0.68\webapps\examples
七月 01, 2016 1:37:19 下午 org.apache.catalina.startup.HostConfig deployDirectory
信息: Deployment of web application directory G:\wangziwei\Spec_Change\apache-tomcat-7.0.68\webapps\examples has finished in 204 ms
七月 01, 2016 1:37:19 下午 org.apache.catalina.startup.HostConfig deployDirectory
信息: Deploying web application directory G:\wangziwei\Spec_Change\apache-tomcat-7.0.68\webapps\host-manager
七月 01, 2016 1:37:19 下午 org.apache.catalina.startup.HostConfig deployDirectory
信息: Deployment of web application directory G:\wangziwei\Spec_Change\apache-tomcat-7.0.68\webapps\host-manager has finished in 68 ms
七月 01, 2016 1:37:19 下午 org.apache.catalina.startup.HostConfig deployDirectory
信息: Deploying web application directory G:\wangziwei\Spec_Change\apache-tomcat-7.0.68\webapps\manager
七月 01, 2016 1:37:19 下午 org.apache.catalina.startup.HostConfig deployDirectory
信息: Deployment of web application directory G:\wangziwei\Spec_Change\apache-tomcat-7.0.68\webapps\manager has finished in 44 ms
七月 01, 2016 1:37:19 下午 org.apache.catalina.startup.HostConfig deployDirectory
信息: Deploying web application directory G:\wangziwei\Spec_Change\apache-tomcat-7.0.68\webapps\ROOT
七月 01, 2016 1:37:19 下午 org.apache.catalina.startup.HostConfig deployDirectory
信息: Deployment of web application directory G:\wangziwei\Spec_Change\apache-tomcat-7.0.68\webapps\ROOT has finished in 42 ms
七月 01, 2016 1:37:19 下午 org.apache.coyote.AbstractProtocol start
信息: Starting ProtocolHandler ["http-apr-8080"]
七月 01, 2016 1:37:19 下午 org.apache.coyote.AbstractProtocol start
信息: Starting ProtocolHandler ["ajp-apr-8009"]
七月 01, 2016 1:37:19 下午 org.apache.catalina.startup.Catalina start
信息: Server startup in 869 ms
七月 01, 2016 1:37:21 下午 org.apache.catalina.core.StandardServer await
信息: A valid shutdown command was received via the shutdown port. Stopping the Server instance.
七月 01, 2016 1:37:21 下午 org.apache.coyote.AbstractProtocol pause
信息: Pausing ProtocolHandler ["http-apr-8080"]
七月 01, 2016 1:37:21 下午 org.apache.coyote.AbstractProtocol pause
信息: Pausing ProtocolHandler ["ajp-apr-8009"]
七月 01, 2016 1:37:21 下午 org.apache.catalina.core.StandardService stopInternal
信息: Stopping service Catalina
七月 01, 2016 1:37:21 下午 org.apache.coyote.AbstractProtocol stop
信息: Stopping ProtocolHandler ["http-apr-8080"]
七月 01, 2016 1:37:21 下午 org.apache.coyote.AbstractProtocol stop
信息: Stopping ProtocolHandler ["ajp-apr-8009"]
七月 01, 2016 1:37:21 下午 org.apache.coyote.AbstractProtocol destroy
信息: Destroying ProtocolHandler ["http-apr-8080"]
七月 01, 2016 1:37:21 下午 org.apache.coyote.AbstractProtocol destroy
信息: Destroying ProtocolHandler ["ajp-apr-8009"]
七月 01, 2016 1:37:38 下午 org.apache.tomcat.util.digester.SetPropertiesRule begin
警告: [SetPropertiesRule]{Server/Service/Engine/Host/Context} Setting property 'source' to 'org.eclipse.jst.jee.server:MapTest' did not find a matching property.
七月 01, 2016 1:37:38 下午 org.apache.catalina.startup.VersionLoggerListener log
信息: Server version:        Apache Tomcat/7.0.68
七月 01, 2016 1:37:38 下午 org.apache.catalina.startup.VersionLoggerListener log
信息: Server built:          Feb 8 2016 20:25:54 UTC
七月 01, 2016 1:37:38 下午 org.apache.catalina.startup.VersionLoggerListener log
信息: Server number:         7.0.68.0
七月 01, 2016 1:37:38 下午 org.apache.catalina.startup.VersionLoggerListener log
信息: OS Name:               Windows 7
七月 01, 2016 1:37:38 下午 org.apache.catalina.startup.VersionLoggerListener log
信息: OS Version:            6.1
七月 01, 2016 1:37:38 下午 org.apache.catalina.startup.VersionLoggerListener log
信息: Architecture:          x86
七月 01, 2016 1:37:38 下午 org.apache.catalina.startup.VersionLoggerListener log
信息: Java Home:             G:\eclipse workspace\FrameTest\jre
七月 01, 2016 1:37:38 下午 org.apache.catalina.startup.VersionLoggerListener log
信息: JVM Version:           1.8.0_20-b26
七月 01, 2016 1:37:38 下午 org.apache.catalina.startup.VersionLoggerListener log
信息: JVM Vendor:            Oracle Corporation
七月 01, 2016 1:37:38 下午 org.apache.catalina.startup.VersionLoggerListener log
信息: CATALINA_BASE:         G:\wangziwei\Spec_Change\apache-tomcat-7.0.68
七月 01, 2016 1:37:38 下午 org.apache.catalina.startup.VersionLoggerListener log
信息: CATALINA_HOME:         G:\wangziwei\Spec_Change\apache-tomcat-7.0.68
七月 01, 2016 1:37:38 下午 org.apache.catalina.startup.VersionLoggerListener log
信息: Command line argument: -Djava.util.logging.config.file=G:\wangziwei\Spec_Change\apache-tomcat-7.0.68\conf\logging.properties
七月 01, 2016 1:37:38 下午 org.apache.catalina.startup.VersionLoggerListener log
信息: Command line argument: -Djava.util.logging.manager=org.apache.juli.ClassLoaderLogManager
七月 01, 2016 1:37:38 下午 org.apache.catalina.startup.VersionLoggerListener log
信息: Command line argument: -Djava.endorsed.dirs=G:\wangziwei\Spec_Change\apache-tomcat-7.0.68\endorsed
七月 01, 2016 1:37:38 下午 org.apache.catalina.startup.VersionLoggerListener log
信息: Command line argument: -Dcatalina.base=G:\wangziwei\Spec_Change\apache-tomcat-7.0.68
七月 01, 2016 1:37:38 下午 org.apache.catalina.startup.VersionLoggerListener log
信息: Command line argument: -Dcatalina.home=G:\wangziwei\Spec_Change\apache-tomcat-7.0.68
七月 01, 2016 1:37:38 下午 org.apache.catalina.startup.VersionLoggerListener log
信息: Command line argument: -Djava.io.tmpdir=G:\wangziwei\Spec_Change\apache-tomcat-7.0.68\temp
七月 01, 2016 1:37:38 下午 org.apache.catalina.core.AprLifecycleListener lifecycleEvent
信息: Loaded APR based Apache Tomcat Native library 1.1.33 using APR version 1.5.1.
七月 01, 2016 1:37:38 下午 org.apache.catalina.core.AprLifecycleListener lifecycleEvent
信息: APR capabilities: IPv6 [true], sendfile [true], accept filters [false], random [true].
七月 01, 2016 1:37:39 下午 org.apache.catalina.core.AprLifecycleListener initializeSSL
信息: OpenSSL successfully initialized (OpenSSL 1.0.1m 19 Mar 2015)
七月 01, 2016 1:37:39 下午 org.apache.coyote.AbstractProtocol init
信息: Initializing ProtocolHandler ["http-apr-8080"]
七月 01, 2016 1:37:39 下午 org.apache.coyote.AbstractProtocol init
信息: Initializing ProtocolHandler ["ajp-apr-8009"]
七月 01, 2016 1:37:39 下午 org.apache.catalina.startup.Catalina load
信息: Initialization processed in 1369 ms
七月 01, 2016 1:37:39 下午 org.apache.catalina.core.StandardService startInternal
信息: Starting service Catalina
七月 01, 2016 1:37:39 下午 org.apache.catalina.core.StandardEngine startInternal
信息: Starting Servlet Engine: Apache Tomcat/7.0.68
七月 01, 2016 1:37:39 下午 org.apache.catalina.startup.TldConfig execute
信息: At least one JAR was scanned for TLDs yet contained no TLDs. Enable debug logging for this logger for a complete list of JARs that were scanned but no TLDs were found in them. Skipping unneeded JARs during scanning can improve startup time and JSP compilation time.
七月 01, 2016 1:37:39 下午 org.apache.catalina.startup.HostConfig deployDirectory
信息: Deploying web application directory G:\wangziwei\Spec_Change\apache-tomcat-7.0.68\webapps\docs
七月 01, 2016 1:37:40 下午 org.apache.catalina.startup.HostConfig deployDirectory
信息: Deployment of web application directory G:\wangziwei\Spec_Change\apache-tomcat-7.0.68\webapps\docs has finished in 52 ms
七月 01, 2016 1:37:40 下午 org.apache.catalina.startup.HostConfig deployDirectory
信息: Deploying web application directory G:\wangziwei\Spec_Change\apache-tomcat-7.0.68\webapps\examples
七月 01, 2016 1:37:40 下午 org.apache.catalina.startup.HostConfig deployDirectory
信息: Deployment of web application directory G:\wangziwei\Spec_Change\apache-tomcat-7.0.68\webapps\examples has finished in 254 ms
七月 01, 2016 1:37:40 下午 org.apache.catalina.startup.HostConfig deployDirectory
信息: Deploying web application directory G:\wangziwei\Spec_Change\apache-tomcat-7.0.68\webapps\host-manager
七月 01, 2016 1:37:40 下午 org.apache.catalina.startup.HostConfig deployDirectory
信息: Deployment of web application directory G:\wangziwei\Spec_Change\apache-tomcat-7.0.68\webapps\host-manager has finished in 70 ms
七月 01, 2016 1:37:40 下午 org.apache.catalina.startup.HostConfig deployDirectory
信息: Deploying web application directory G:\wangziwei\Spec_Change\apache-tomcat-7.0.68\webapps\manager
七月 01, 2016 1:37:40 下午 org.apache.catalina.startup.HostConfig deployDirectory
信息: Deployment of web application directory G:\wangziwei\Spec_Change\apache-tomcat-7.0.68\webapps\manager has finished in 46 ms
七月 01, 2016 1:37:40 下午 org.apache.catalina.startup.HostConfig deployDirectory
信息: Deploying web application directory G:\wangziwei\Spec_Change\apache-tomcat-7.0.68\webapps\ROOT
七月 01, 2016 1:37:40 下午 org.apache.catalina.startup.HostConfig deployDirectory
信息: Deployment of web application directory G:\wangziwei\Spec_Change\apache-tomcat-7.0.68\webapps\ROOT has finished in 38 ms
七月 01, 2016 1:37:40 下午 org.apache.coyote.AbstractProtocol start
信息: Starting ProtocolHandler ["http-apr-8080"]
七月 01, 2016 1:37:40 下午 org.apache.coyote.AbstractProtocol start
信息: Starting ProtocolHandler ["ajp-apr-8009"]
七月 01, 2016 1:37:40 下午 org.apache.catalina.startup.Catalina start
信息: Server startup in 898 ms
七月 01, 2016 1:38:57 下午 org.apache.catalina.core.StandardServer await
信息: A valid shutdown command was received via the shutdown port. Stopping the Server instance.
七月 01, 2016 1:38:57 下午 org.apache.coyote.AbstractProtocol pause
信息: Pausing ProtocolHandler ["http-apr-8080"]
七月 01, 2016 1:38:57 下午 org.apache.coyote.AbstractProtocol pause
信息: Pausing ProtocolHandler ["ajp-apr-8009"]
七月 01, 2016 1:38:57 下午 org.apache.catalina.core.StandardService stopInternal
信息: Stopping service Catalina
七月 01, 2016 1:38:57 下午 org.apache.coyote.AbstractProtocol stop
信息: Stopping ProtocolHandler ["http-apr-8080"]
七月 01, 2016 1:38:57 下午 org.apache.coyote.AbstractProtocol stop
信息: Stopping ProtocolHandler ["ajp-apr-8009"]
七月 01, 2016 1:38:57 下午 org.apache.coyote.AbstractProtocol destroy
信息: Destroying ProtocolHandler ["http-apr-8080"]
七月 01, 2016 1:38:57 下午 org.apache.coyote.AbstractProtocol destroy
信息: Destroying ProtocolHandler ["ajp-apr-8009"]
七月 01, 2016 1:39:33 下午 org.apache.tomcat.util.digester.SetPropertiesRule begin
警告: [SetPropertiesRule]{Server/Service/Engine/Host/Context} Setting property 'source' to 'org.eclipse.jst.jee.server:MapTest' did not find a matching property.
七月 01, 2016 1:39:33 下午 org.apache.catalina.startup.VersionLoggerListener log
信息: Server version:        Apache Tomcat/7.0.68
七月 01, 2016 1:39:33 下午 org.apache.catalina.startup.VersionLoggerListener log
信息: Server built:          Feb 8 2016 20:25:54 UTC
七月 01, 2016 1:39:33 下午 org.apache.catalina.startup.VersionLoggerListener log
信息: Server number:         7.0.68.0
七月 01, 2016 1:39:33 下午 org.apache.catalina.startup.VersionLoggerListener log
信息: OS Name:               Windows 7
七月 01, 2016 1:39:33 下午 org.apache.catalina.startup.VersionLoggerListener log
信息: OS Version:            6.1
七月 01, 2016 1:39:33 下午 org.apache.catalina.startup.VersionLoggerListener log
信息: Architecture:          x86
七月 01, 2016 1:39:33 下午 org.apache.catalina.startup.VersionLoggerListener log
信息: Java Home:             G:\eclipse workspace\FrameTest\jre
七月 01, 2016 1:39:33 下午 org.apache.catalina.startup.VersionLoggerListener log
信息: JVM Version:           1.8.0_20-b26
七月 01, 2016 1:39:33 下午 org.apache.catalina.startup.VersionLoggerListener log
信息: JVM Vendor:            Oracle Corporation
七月 01, 2016 1:39:33 下午 org.apache.catalina.startup.VersionLoggerListener log
信息: CATALINA_BASE:         G:\wangziwei\Spec_Change\apache-tomcat-7.0.68
七月 01, 2016 1:39:33 下午 org.apache.catalina.startup.VersionLoggerListener log
信息: CATALINA_HOME:         G:\wangziwei\Spec_Change\apache-tomcat-7.0.68
七月 01, 2016 1:39:33 下午 org.apache.catalina.startup.VersionLoggerListener log
信息: Command line argument: -Djava.util.logging.config.file=G:\wangziwei\Spec_Change\apache-tomcat-7.0.68\conf\logging.properties
七月 01, 2016 1:39:33 下午 org.apache.catalina.startup.VersionLoggerListener log
信息: Command line argument: -Djava.util.logging.manager=org.apache.juli.ClassLoaderLogManager
七月 01, 2016 1:39:33 下午 org.apache.catalina.startup.VersionLoggerListener log
信息: Command line argument: -Djava.endorsed.dirs=G:\wangziwei\Spec_Change\apache-tomcat-7.0.68\endorsed
七月 01, 2016 1:39:33 下午 org.apache.catalina.startup.VersionLoggerListener log
信息: Command line argument: -Dcatalina.base=G:\wangziwei\Spec_Change\apache-tomcat-7.0.68
七月 01, 2016 1:39:33 下午 org.apache.catalina.startup.VersionLoggerListener log
信息: Command line argument: -Dcatalina.home=G:\wangziwei\Spec_Change\apache-tomcat-7.0.68
七月 01, 2016 1:39:33 下午 org.apache.catalina.startup.VersionLoggerListener log
信息: Command line argument: -Djava.io.tmpdir=G:\wangziwei\Spec_Change\apache-tomcat-7.0.68\temp
七月 01, 2016 1:39:33 下午 org.apache.catalina.core.AprLifecycleListener lifecycleEvent
信息: Loaded APR based Apache Tomcat Native library 1.1.33 using APR version 1.5.1.
七月 01, 2016 1:39:33 下午 org.apache.catalina.core.AprLifecycleListener lifecycleEvent
信息: APR capabilities: IPv6 [true], sendfile [true], accept filters [false], random [true].
七月 01, 2016 1:39:34 下午 org.apache.catalina.core.AprLifecycleListener initializeSSL
信息: OpenSSL successfully initialized (OpenSSL 1.0.1m 19 Mar 2015)
七月 01, 2016 1:39:34 下午 org.apache.coyote.AbstractProtocol init
信息: Initializing ProtocolHandler ["http-apr-8080"]
七月 01, 2016 1:39:34 下午 org.apache.coyote.AbstractProtocol init
信息: Initializing ProtocolHandler ["ajp-apr-8009"]
七月 01, 2016 1:39:34 下午 org.apache.catalina.startup.Catalina load
信息: Initialization processed in 1433 ms
七月 01, 2016 1:39:34 下午 org.apache.catalina.core.StandardService startInternal
信息: Starting service Catalina
七月 01, 2016 1:39:34 下午 org.apache.catalina.core.StandardEngine startInternal
信息: Starting Servlet Engine: Apache Tomcat/7.0.68
七月 01, 2016 1:39:35 下午 org.apache.catalina.startup.TldConfig execute
信息: At least one JAR was scanned for TLDs yet contained no TLDs. Enable debug logging for this logger for a complete list of JARs that were scanned but no TLDs were found in them. Skipping unneeded JARs during scanning can improve startup time and JSP compilation time.
七月 01, 2016 1:39:35 下午 org.apache.catalina.startup.HostConfig deployDirectory
信息: Deploying web application directory G:\wangziwei\Spec_Change\apache-tomcat-7.0.68\webapps\docs
七月 01, 2016 1:39:35 下午 org.apache.catalina.startup.HostConfig deployDirectory
信息: Deployment of web application directory G:\wangziwei\Spec_Change\apache-tomcat-7.0.68\webapps\docs has finished in 43 ms
七月 01, 2016 1:39:35 下午 org.apache.catalina.startup.HostConfig deployDirectory
信息: Deploying web application directory G:\wangziwei\Spec_Change\apache-tomcat-7.0.68\webapps\examples
七月 01, 2016 1:39:35 下午 org.apache.catalina.startup.HostConfig deployDirectory
信息: Deployment of web application directory G:\wangziwei\Spec_Change\apache-tomcat-7.0.68\webapps\examples has finished in 201 ms
七月 01, 2016 1:39:35 下午 org.apache.catalina.startup.HostConfig deployDirectory
信息: Deploying web application directory G:\wangziwei\Spec_Change\apache-tomcat-7.0.68\webapps\host-manager
七月 01, 2016 1:39:35 下午 org.apache.catalina.startup.HostConfig deployDirectory
信息: Deployment of web application directory G:\wangziwei\Spec_Change\apache-tomcat-7.0.68\webapps\host-manager has finished in 69 ms
七月 01, 2016 1:39:35 下午 org.apache.catalina.startup.HostConfig deployDirectory
信息: Deploying web application directory G:\wangziwei\Spec_Change\apache-tomcat-7.0.68\webapps\manager
七月 01, 2016 1:39:35 下午 org.apache.catalina.startup.HostConfig deployDirectory
信息: Deployment of web application directory G:\wangziwei\Spec_Change\apache-tomcat-7.0.68\webapps\manager has finished in 49 ms
七月 01, 2016 1:39:35 下午 org.apache.catalina.startup.HostConfig deployDirectory
信息: Deploying web application directory G:\wangziwei\Spec_Change\apache-tomcat-7.0.68\webapps\ROOT
七月 01, 2016 1:39:35 下午 org.apache.catalina.startup.HostConfig deployDirectory
信息: Deployment of web application directory G:\wangziwei\Spec_Change\apache-tomcat-7.0.68\webapps\ROOT has finished in 36 ms
七月 01, 2016 1:39:35 下午 org.apache.coyote.AbstractProtocol start
信息: Starting ProtocolHandler ["http-apr-8080"]
七月 01, 2016 1:39:35 下午 org.apache.coyote.AbstractProtocol start
信息: Starting ProtocolHandler ["ajp-apr-8009"]
七月 01, 2016 1:39:35 下午 org.apache.catalina.startup.Catalina start
信息: Server startup in 824 ms
七月 01, 2016 1:39:51 下午 org.apache.catalina.core.StandardServer await
信息: A valid shutdown command was received via the shutdown port. Stopping the Server instance.
七月 01, 2016 1:39:51 下午 org.apache.coyote.AbstractProtocol pause
信息: Pausing ProtocolHandler ["http-apr-8080"]
七月 01, 2016 1:39:51 下午 org.apache.coyote.AbstractProtocol pause
信息: Pausing ProtocolHandler ["ajp-apr-8009"]
七月 01, 2016 1:39:51 下午 org.apache.catalina.core.StandardService stopInternal
信息: Stopping service Catalina
七月 01, 2016 1:39:51 下午 org.apache.coyote.AbstractProtocol stop
信息: Stopping ProtocolHandler ["http-apr-8080"]
七月 01, 2016 1:39:52 下午 org.apache.coyote.AbstractProtocol stop
信息: Stopping ProtocolHandler ["ajp-apr-8009"]
七月 01, 2016 1:39:52 下午 org.apache.coyote.AbstractProtocol destroy
信息: Destroying ProtocolHandler ["http-apr-8080"]
七月 01, 2016 1:39:52 下午 org.apache.coyote.AbstractProtocol destroy
信息: Destroying ProtocolHandler ["ajp-apr-8009"]
七月 01, 2016 1:44:22 下午 org.apache.tomcat.util.digester.SetPropertiesRule begin
警告: [SetPropertiesRule]{Server/Service/Engine/Host/Context} Setting property 'source' to 'org.eclipse.jst.jee.server:MapTest' did not find a matching property.
七月 01, 2016 1:44:22 下午 org.apache.catalina.startup.VersionLoggerListener log
信息: Server version:        Apache Tomcat/7.0.68
七月 01, 2016 1:44:22 下午 org.apache.catalina.startup.VersionLoggerListener log
信息: Server built:          Feb 8 2016 20:25:54 UTC
七月 01, 2016 1:44:22 下午 org.apache.catalina.startup.VersionLoggerListener log
信息: Server number:         7.0.68.0
七月 01, 2016 1:44:22 下午 org.apache.catalina.startup.VersionLoggerListener log
信息: OS Name:               Windows 7
七月 01, 2016 1:44:22 下午 org.apache.catalina.startup.VersionLoggerListener log
信息: OS Version:            6.1
七月 01, 2016 1:44:22 下午 org.apache.catalina.startup.VersionLoggerListener log
信息: Architecture:          x86
七月 01, 2016 1:44:22 下午 org.apache.catalina.startup.VersionLoggerListener log
信息: Java Home:             G:\eclipse workspace\FrameTest\jre
七月 01, 2016 1:44:22 下午 org.apache.catalina.startup.VersionLoggerListener log
信息: JVM Version:           1.8.0_20-b26
七月 01, 2016 1:44:22 下午 org.apache.catalina.startup.VersionLoggerListener log
信息: JVM Vendor:            Oracle Corporation
七月 01, 2016 1:44:22 下午 org.apache.catalina.startup.VersionLoggerListener log
信息: CATALINA_BASE:         G:\wangziwei\Spec_Change\apache-tomcat-7.0.68
七月 01, 2016 1:44:22 下午 org.apache.catalina.startup.VersionLoggerListener log
信息: CATALINA_HOME:         G:\wangziwei\Spec_Change\apache-tomcat-7.0.68
七月 01, 2016 1:44:22 下午 org.apache.catalina.startup.VersionLoggerListener log
信息: Command line argument: -Djava.util.logging.config.file=G:\wangziwei\Spec_Change\apache-tomcat-7.0.68\conf\logging.properties
七月 01, 2016 1:44:22 下午 org.apache.catalina.startup.VersionLoggerListener log
信息: Command line argument: -Djava.util.logging.manager=org.apache.juli.ClassLoaderLogManager
七月 01, 2016 1:44:22 下午 org.apache.catalina.startup.VersionLoggerListener log
信息: Command line argument: -Djava.endorsed.dirs=G:\wangziwei\Spec_Change\apache-tomcat-7.0.68\endorsed
七月 01, 2016 1:44:22 下午 org.apache.catalina.startup.VersionLoggerListener log
信息: Command line argument: -Dcatalina.base=G:\wangziwei\Spec_Change\apache-tomcat-7.0.68
七月 01, 2016 1:44:22 下午 org.apache.catalina.startup.VersionLoggerListener log
信息: Command line argument: -Dcatalina.home=G:\wangziwei\Spec_Change\apache-tomcat-7.0.68
七月 01, 2016 1:44:22 下午 org.apache.catalina.startup.VersionLoggerListener log
信息: Command line argument: -Djava.io.tmpdir=G:\wangziwei\Spec_Change\apache-tomcat-7.0.68\temp
七月 01, 2016 1:44:22 下午 org.apache.catalina.core.AprLifecycleListener lifecycleEvent
信息: Loaded APR based Apache Tomcat Native library 1.1.33 using APR version 1.5.1.
七月 01, 2016 1:44:22 下午 org.apache.catalina.core.AprLifecycleListener lifecycleEvent
信息: APR capabilities: IPv6 [true], sendfile [true], accept filters [false], random [true].
七月 01, 2016 1:44:23 下午 org.apache.catalina.core.AprLifecycleListener initializeSSL
信息: OpenSSL successfully initialized (OpenSSL 1.0.1m 19 Mar 2015)
七月 01, 2016 1:44:23 下午 org.apache.coyote.AbstractProtocol init
信息: Initializing ProtocolHandler ["http-apr-8080"]
七月 01, 2016 1:44:23 下午 org.apache.coyote.AbstractProtocol init
信息: Initializing ProtocolHandler ["ajp-apr-8009"]
七月 01, 2016 1:44:23 下午 org.apache.catalina.startup.Catalina load
信息: Initialization processed in 1337 ms
七月 01, 2016 1:44:23 下午 org.apache.catalina.core.StandardService startInternal
信息: Starting service Catalina
七月 01, 2016 1:44:23 下午 org.apache.catalina.core.StandardEngine startInternal
信息: Starting Servlet Engine: Apache Tomcat/7.0.68
七月 01, 2016 1:44:23 下午 org.apache.catalina.startup.TldConfig execute
信息: At least one JAR was scanned for TLDs yet contained no TLDs. Enable debug logging for this logger for a complete list of JARs that were scanned but no TLDs were found in them. Skipping unneeded JARs during scanning can improve startup time and JSP compilation time.
七月 01, 2016 1:44:23 下午 org.apache.catalina.startup.HostConfig deployDirectory
信息: Deploying web application directory G:\wangziwei\Spec_Change\apache-tomcat-7.0.68\webapps\docs
七月 01, 2016 1:44:23 下午 org.apache.catalina.startup.HostConfig deployDirectory
信息: Deployment of web application directory G:\wangziwei\Spec_Change\apache-tomcat-7.0.68\webapps\docs has finished in 45 ms
七月 01, 2016 1:44:23 下午 org.apache.catalina.startup.HostConfig deployDirectory
信息: Deploying web application directory G:\wangziwei\Spec_Change\apache-tomcat-7.0.68\webapps\examples
七月 01, 2016 1:44:24 下午 org.apache.catalina.startup.HostConfig deployDirectory
信息: Deployment of web application directory G:\wangziwei\Spec_Change\apache-tomcat-7.0.68\webapps\examples has finished in 257 ms
七月 01, 2016 1:44:24 下午 org.apache.catalina.startup.HostConfig deployDirectory
信息: Deploying web application directory G:\wangziwei\Spec_Change\apache-tomcat-7.0.68\webapps\host-manager
七月 01, 2016 1:44:24 下午 org.apache.catalina.startup.HostConfig deployDirectory
信息: Deployment of web application directory G:\wangziwei\Spec_Change\apache-tomcat-7.0.68\webapps\host-manager has finished in 48 ms
七月 01, 2016 1:44:24 下午 org.apache.catalina.startup.HostConfig deployDirectory
信息: Deploying web application directory G:\wangziwei\Spec_Change\apache-tomcat-7.0.68\webapps\manager
七月 01, 2016 1:44:24 下午 org.apache.catalina.startup.HostConfig deployDirectory
信息: Deployment of web application directory G:\wangziwei\Spec_Change\apache-tomcat-7.0.68\webapps\manager has finished in 50 ms
七月 01, 2016 1:44:24 下午 org.apache.catalina.startup.HostConfig deployDirectory
信息: Deploying web application directory G:\wangziwei\Spec_Change\apache-tomcat-7.0.68\webapps\ROOT
七月 01, 2016 1:44:24 下午 org.apache.catalina.startup.HostConfig deployDirectory
信息: Deployment of web application directory G:\wangziwei\Spec_Change\apache-tomcat-7.0.68\webapps\ROOT has finished in 45 ms
七月 01, 2016 1:44:24 下午 org.apache.coyote.AbstractProtocol start
信息: Starting ProtocolHandler ["http-apr-8080"]
七月 01, 2016 1:44:24 下午 org.apache.coyote.AbstractProtocol start
信息: Starting ProtocolHandler ["ajp-apr-8009"]
七月 01, 2016 1:44:24 下午 org.apache.catalina.startup.Catalina start
信息: Server startup in 889 ms
七月 01, 2016 1:49:56 下午 org.apache.tomcat.util.digester.SetPropertiesRule begin
警告: [SetPropertiesRule]{Server/Service/Engine/Host/Context} Setting property 'source' to 'org.eclipse.jst.jee.server:MapTest' did not find a matching property.
七月 01, 2016 1:49:56 下午 org.apache.catalina.startup.VersionLoggerListener log
信息: Server version:        Apache Tomcat/7.0.68
七月 01, 2016 1:49:56 下午 org.apache.catalina.startup.VersionLoggerListener log
信息: Server built:          Feb 8 2016 20:25:54 UTC
七月 01, 2016 1:49:56 下午 org.apache.catalina.startup.VersionLoggerListener log
信息: Server number:         7.0.68.0
七月 01, 2016 1:49:56 下午 org.apache.catalina.startup.VersionLoggerListener log
信息: OS Name:               Windows 7
七月 01, 2016 1:49:56 下午 org.apache.catalina.startup.VersionLoggerListener log
信息: OS Version:            6.1
七月 01, 2016 1:49:56 下午 org.apache.catalina.startup.VersionLoggerListener log
信息: Architecture:          x86
七月 01, 2016 1:49:56 下午 org.apache.catalina.startup.VersionLoggerListener log
信息: Java Home:             G:\eclipse workspace\FrameTest\jre
七月 01, 2016 1:49:56 下午 org.apache.catalina.startup.VersionLoggerListener log
信息: JVM Version:           1.8.0_20-b26
七月 01, 2016 1:49:56 下午 org.apache.catalina.startup.VersionLoggerListener log
信息: JVM Vendor:            Oracle Corporation
七月 01, 2016 1:49:56 下午 org.apache.catalina.startup.VersionLoggerListener log
信息: CATALINA_BASE:         G:\wangziwei\Spec_Change\apache-tomcat-7.0.68
七月 01, 2016 1:49:56 下午 org.apache.catalina.startup.VersionLoggerListener log
信息: CATALINA_HOME:         G:\wangziwei\Spec_Change\apache-tomcat-7.0.68
七月 01, 2016 1:49:56 下午 org.apache.catalina.startup.VersionLoggerListener log
信息: Command line argument: -Djava.util.logging.config.file=G:\wangziwei\Spec_Change\apache-tomcat-7.0.68\conf\logging.properties
七月 01, 2016 1:49:56 下午 org.apache.catalina.startup.VersionLoggerListener log
信息: Command line argument: -Djava.util.logging.manager=org.apache.juli.ClassLoaderLogManager
七月 01, 2016 1:49:56 下午 org.apache.catalina.startup.VersionLoggerListener log
信息: Command line argument: -Djava.endorsed.dirs=G:\wangziwei\Spec_Change\apache-tomcat-7.0.68\endorsed
七月 01, 2016 1:49:56 下午 org.apache.catalina.startup.VersionLoggerListener log
信息: Command line argument: -Dcatalina.base=G:\wangziwei\Spec_Change\apache-tomcat-7.0.68
七月 01, 2016 1:49:56 下午 org.apache.catalina.startup.VersionLoggerListener log
信息: Command line argument: -Dcatalina.home=G:\wangziwei\Spec_Change\apache-tomcat-7.0.68
七月 01, 2016 1:49:56 下午 org.apache.catalina.startup.VersionLoggerListener log
信息: Command line argument: -Djava.io.tmpdir=G:\wangziwei\Spec_Change\apache-tomcat-7.0.68\temp
七月 01, 2016 1:49:56 下午 org.apache.catalina.core.AprLifecycleListener lifecycleEvent
信息: Loaded APR based Apache Tomcat Native library 1.1.33 using APR version 1.5.1.
七月 01, 2016 1:49:56 下午 org.apache.catalina.core.AprLifecycleListener lifecycleEvent
信息: APR capabilities: IPv6 [true], sendfile [true], accept filters [false], random [true].
七月 01, 2016 1:49:57 下午 org.apache.catalina.core.AprLifecycleListener initializeSSL
信息: OpenSSL successfully initialized (OpenSSL 1.0.1m 19 Mar 2015)
七月 01, 2016 1:49:57 下午 org.apache.coyote.AbstractProtocol init
信息: Initializing ProtocolHandler ["http-apr-8080"]
七月 01, 2016 1:49:57 下午 org.apache.coyote.AbstractProtocol init
严重: Failed to initialize end point associated with ProtocolHandler ["http-apr-8080"]
java.lang.Exception: Socket bind failed: [730048] ?????????×???(Э?é/???????/???)????í??
	at org.apache.tomcat.util.net.AprEndpoint.bind(AprEndpoint.java:470)
	at org.apache.tomcat.util.net.AbstractEndpoint.init(AbstractEndpoint.java:650)
	at org.apache.coyote.AbstractProtocol.init(AbstractProtocol.java:434)
	at org.apache.catalina.connector.Connector.initInternal(Connector.java:978)
	at org.apache.catalina.util.LifecycleBase.init(LifecycleBase.java:102)
	at org.apache.catalina.core.StandardService.initInternal(StandardService.java:560)
	at org.apache.catalina.util.LifecycleBase.init(LifecycleBase.java:102)
	at org.apache.catalina.core.StandardServer.initInternal(StandardServer.java:820)
	at org.apache.catalina.util.LifecycleBase.init(LifecycleBase.java:102)
	at org.apache.catalina.startup.Catalina.load(Catalina.java:642)
	at org.apache.catalina.startup.Catalina.load(Catalina.java:667)
	at sun.reflect.NativeMethodAccessorImpl.invoke0(Native Method)
	at sun.reflect.NativeMethodAccessorImpl.invoke(NativeMethodAccessorImpl.java:62)
	at sun.reflect.DelegatingMethodAccessorImpl.invoke(DelegatingMethodAccessorImpl.java:43)
	at java.lang.reflect.Method.invoke(Method.java:483)
	at org.apache.catalina.startup.Bootstrap.load(Bootstrap.java:253)
	at org.apache.catalina.startup.Bootstrap.main(Bootstrap.java:427)

七月 01, 2016 1:49:57 下午 org.apache.catalina.core.StandardService initInternal
严重: Failed to initialize connector [Connector[HTTP/1.1-8080]]
org.apache.catalina.LifecycleException: Failed to initialize component [Connector[HTTP/1.1-8080]]
	at org.apache.catalina.util.LifecycleBase.init(LifecycleBase.java:106)
	at org.apache.catalina.core.StandardService.initInternal(StandardService.java:560)
	at org.apache.catalina.util.LifecycleBase.init(LifecycleBase.java:102)
	at org.apache.catalina.core.StandardServer.initInternal(StandardServer.java:820)
	at org.apache.catalina.util.LifecycleBase.init(LifecycleBase.java:102)
	at org.apache.catalina.startup.Catalina.load(Catalina.java:642)
	at org.apache.catalina.startup.Catalina.load(Catalina.java:667)
	at sun.reflect.NativeMethodAccessorImpl.invoke0(Native Method)
	at sun.reflect.NativeMethodAccessorImpl.invoke(NativeMethodAccessorImpl.java:62)
	at sun.reflect.DelegatingMethodAccessorImpl.invoke(DelegatingMethodAccessorImpl.java:43)
	at java.lang.reflect.Method.invoke(Method.java:483)
	at org.apache.catalina.startup.Bootstrap.load(Bootstrap.java:253)
	at org.apache.catalina.startup.Bootstrap.main(Bootstrap.java:427)
Caused by: org.apache.catalina.LifecycleException: Protocol handler initialization failed
	at org.apache.catalina.connector.Connector.initInternal(Connector.java:980)
	at org.apache.catalina.util.LifecycleBase.init(LifecycleBase.java:102)
	... 12 more
Caused by: java.lang.Exception: Socket bind failed: [730048] ?????????×???(Э?é/???????/???)????í??
	at org.apache.tomcat.util.net.AprEndpoint.bind(AprEndpoint.java:470)
	at org.apache.tomcat.util.net.AbstractEndpoint.init(AbstractEndpoint.java:650)
	at org.apache.coyote.AbstractProtocol.init(AbstractProtocol.java:434)
	at org.apache.catalina.connector.Connector.initInternal(Connector.java:978)
	... 13 more

七月 01, 2016 1:49:57 下午 org.apache.coyote.AbstractProtocol init
信息: Initializing ProtocolHandler ["ajp-apr-8009"]
七月 01, 2016 1:49:57 下午 org.apache.coyote.AbstractProtocol init
严重: Failed to initialize end point associated with ProtocolHandler ["ajp-apr-8009"]
java.lang.Exception: Socket bind failed: [730048] ?????????×???(Э?é/???????/???)????í??
	at org.apache.tomcat.util.net.AprEndpoint.bind(AprEndpoint.java:470)
	at org.apache.tomcat.util.net.AbstractEndpoint.init(AbstractEndpoint.java:650)
	at org.apache.coyote.AbstractProtocol.init(AbstractProtocol.java:434)
	at org.apache.catalina.connector.Connector.initInternal(Connector.java:978)
	at org.apache.catalina.util.LifecycleBase.init(LifecycleBase.java:102)
	at org.apache.catalina.core.StandardService.initInternal(StandardService.java:560)
	at org.apache.catalina.util.LifecycleBase.init(LifecycleBase.java:102)
	at org.apache.catalina.core.StandardServer.initInternal(StandardServer.java:820)
	at org.apache.catalina.util.LifecycleBase.init(LifecycleBase.java:102)
	at org.apache.catalina.startup.Catalina.load(Catalina.java:642)
	at org.apache.catalina.startup.Catalina.load(Catalina.java:667)
	at sun.reflect.NativeMethodAccessorImpl.invoke0(Native Method)
	at sun.reflect.NativeMethodAccessorImpl.invoke(NativeMethodAccessorImpl.java:62)
	at sun.reflect.DelegatingMethodAccessorImpl.invoke(DelegatingMethodAccessorImpl.java:43)
	at java.lang.reflect.Method.invoke(Method.java:483)
	at org.apache.catalina.startup.Bootstrap.load(Bootstrap.java:253)
	at org.apache.catalina.startup.Bootstrap.main(Bootstrap.java:427)

七月 01, 2016 1:49:57 下午 org.apache.catalina.core.StandardService initInternal
严重: Failed to initialize connector [Connector[AJP/1.3-8009]]
org.apache.catalina.LifecycleException: Failed to initialize component [Connector[AJP/1.3-8009]]
	at org.apache.catalina.util.LifecycleBase.init(LifecycleBase.java:106)
	at org.apache.catalina.core.StandardService.initInternal(StandardService.java:560)
	at org.apache.catalina.util.LifecycleBase.init(LifecycleBase.java:102)
	at org.apache.catalina.core.StandardServer.initInternal(StandardServer.java:820)
	at org.apache.catalina.util.LifecycleBase.init(LifecycleBase.java:102)
	at org.apache.catalina.startup.Catalina.load(Catalina.java:642)
	at org.apache.catalina.startup.Catalina.load(Catalina.java:667)
	at sun.reflect.NativeMethodAccessorImpl.invoke0(Native Method)
	at sun.reflect.NativeMethodAccessorImpl.invoke(NativeMethodAccessorImpl.java:62)
	at sun.reflect.DelegatingMethodAccessorImpl.invoke(DelegatingMethodAccessorImpl.java:43)
	at java.lang.reflect.Method.invoke(Method.java:483)
	at org.apache.catalina.startup.Bootstrap.load(Bootstrap.java:253)
	at org.apache.catalina.startup.Bootstrap.main(Bootstrap.java:427)
Caused by: org.apache.catalina.LifecycleException: Protocol handler initialization failed
	at org.apache.catalina.connector.Connector.initInternal(Connector.java:980)
	at org.apache.catalina.util.LifecycleBase.init(LifecycleBase.java:102)
	... 12 more
Caused by: java.lang.Exception: Socket bind failed: [730048] ?????????×???(Э?é/???????/???)????í??
	at org.apache.tomcat.util.net.AprEndpoint.bind(AprEndpoint.java:470)
	at org.apache.tomcat.util.net.AbstractEndpoint.init(AbstractEndpoint.java:650)
	at org.apache.coyote.AbstractProtocol.init(AbstractProtocol.java:434)
	at org.apache.catalina.connector.Connector.initInternal(Connector.java:978)
	... 13 more

七月 01, 2016 1:49:57 下午 org.apache.catalina.startup.Catalina load
信息: Initialization processed in 1359 ms
七月 01, 2016 1:49:57 下午 org.apache.catalina.core.StandardService startInternal
信息: Starting service Catalina
七月 01, 2016 1:49:57 下午 org.apache.catalina.core.StandardEngine startInternal
信息: Starting Servlet Engine: Apache Tomcat/7.0.68
七月 01, 2016 1:49:58 下午 org.apache.catalina.startup.TldConfig execute
信息: At least one JAR was scanned for TLDs yet contained no TLDs. Enable debug logging for this logger for a complete list of JARs that were scanned but no TLDs were found in them. Skipping unneeded JARs during scanning can improve startup time and JSP compilation time.
七月 01, 2016 1:49:58 下午 org.apache.catalina.startup.HostConfig deployDirectory
信息: Deploying web application directory G:\wangziwei\Spec_Change\apache-tomcat-7.0.68\webapps\docs
七月 01, 2016 1:49:58 下午 org.apache.catalina.startup.HostConfig deployDirectory
信息: Deployment of web application directory G:\wangziwei\Spec_Change\apache-tomcat-7.0.68\webapps\docs has finished in 52 ms
七月 01, 2016 1:49:58 下午 org.apache.catalina.startup.HostConfig deployDirectory
信息: Deploying web application directory G:\wangziwei\Spec_Change\apache-tomcat-7.0.68\webapps\examples
七月 01, 2016 1:49:58 下午 org.apache.catalina.startup.HostConfig deployDirectory
信息: Deployment of web application directory G:\wangziwei\Spec_Change\apache-tomcat-7.0.68\webapps\examples has finished in 245 ms
七月 01, 2016 1:49:58 下午 org.apache.catalina.startup.HostConfig deployDirectory
信息: Deploying web application directory G:\wangziwei\Spec_Change\apache-tomcat-7.0.68\webapps\host-manager
七月 01, 2016 1:49:58 下午 org.apache.catalina.startup.HostConfig deployDirectory
信息: Deployment of web application directory G:\wangziwei\Spec_Change\apache-tomcat-7.0.68\webapps\host-manager has finished in 50 ms
七月 01, 2016 1:49:58 下午 org.apache.catalina.startup.HostConfig deployDirectory
信息: Deploying web application directory G:\wangziwei\Spec_Change\apache-tomcat-7.0.68\webapps\manager
七月 01, 2016 1:49:58 下午 org.apache.catalina.startup.HostConfig deployDirectory
信息: Deployment of web application directory G:\wangziwei\Spec_Change\apache-tomcat-7.0.68\webapps\manager has finished in 45 ms
七月 01, 2016 1:49:58 下午 org.apache.catalina.startup.HostConfig deployDirectory
信息: Deploying web application directory G:\wangziwei\Spec_Change\apache-tomcat-7.0.68\webapps\ROOT
七月 01, 2016 1:49:58 下午 org.apache.catalina.startup.HostConfig deployDirectory
信息: Deployment of web application directory G:\wangziwei\Spec_Change\apache-tomcat-7.0.68\webapps\ROOT has finished in 48 ms
七月 01, 2016 1:49:58 下午 org.apache.catalina.startup.Catalina start
信息: Server startup in 900 ms
七月 01, 2016 1:49:58 下午 org.apache.catalina.core.StandardServer await
严重: StandardServer.await: create[localhost:8005]: 
java.net.BindException: Address already in use: JVM_Bind
	at java.net.DualStackPlainSocketImpl.bind0(Native Method)
	at java.net.DualStackPlainSocketImpl.socketBind(DualStackPlainSocketImpl.java:106)
	at java.net.AbstractPlainSocketImpl.bind(AbstractPlainSocketImpl.java:382)
	at java.net.PlainSocketImpl.bind(PlainSocketImpl.java:190)
	at java.net.ServerSocket.bind(ServerSocket.java:375)
	at java.net.ServerSocket.<init>(ServerSocket.java:237)
	at org.apache.catalina.core.StandardServer.await(StandardServer.java:426)
	at org.apache.catalina.startup.Catalina.await(Catalina.java:781)
	at org.apache.catalina.startup.Catalina.start(Catalina.java:727)
	at sun.reflect.NativeMethodAccessorImpl.invoke0(Native Method)
	at sun.reflect.NativeMethodAccessorImpl.invoke(NativeMethodAccessorImpl.java:62)
	at sun.reflect.DelegatingMethodAccessorImpl.invoke(DelegatingMethodAccessorImpl.java:43)
	at java.lang.reflect.Method.invoke(Method.java:483)
	at org.apache.catalina.startup.Bootstrap.start(Bootstrap.java:294)
	at org.apache.catalina.startup.Bootstrap.main(Bootstrap.java:428)

七月 01, 2016 1:49:58 下午 org.apache.coyote.AbstractProtocol pause
信息: Pausing ProtocolHandler ["http-apr-8080"]
七月 01, 2016 1:49:58 下午 org.apache.coyote.AbstractProtocol pause
信息: Pausing ProtocolHandler ["ajp-apr-8009"]
七月 01, 2016 1:49:58 下午 org.apache.catalina.core.StandardService stopInternal
信息: Stopping service Catalina
七月 01, 2016 1:49:58 下午 org.apache.coyote.AbstractProtocol stop
信息: Stopping ProtocolHandler ["http-apr-8080"]
七月 01, 2016 1:49:58 下午 org.apache.coyote.AbstractProtocol destroy
信息: Destroying ProtocolHandler ["http-apr-8080"]
七月 01, 2016 1:49:58 下午 org.apache.coyote.AbstractProtocol stop
信息: Stopping ProtocolHandler ["ajp-apr-8009"]
七月 01, 2016 1:49:58 下午 org.apache.coyote.AbstractProtocol destroy
信息: Destroying ProtocolHandler ["ajp-apr-8009"]
七月 01, 2016 1:50:20 下午 org.apache.catalina.core.StandardServer await
信息: A valid shutdown command was received via the shutdown port. Stopping the Server instance.
七月 01, 2016 1:50:20 下午 org.apache.coyote.AbstractProtocol pause
信息: Pausing ProtocolHandler ["http-apr-8080"]
七月 01, 2016 1:50:20 下午 org.apache.coyote.AbstractProtocol pause
信息: Pausing ProtocolHandler ["ajp-apr-8009"]
七月 01, 2016 1:50:20 下午 org.apache.catalina.core.StandardService stopInternal
信息: Stopping service Catalina
七月 01, 2016 1:50:20 下午 org.apache.coyote.AbstractProtocol stop
信息: Stopping ProtocolHandler ["http-apr-8080"]
七月 01, 2016 1:50:20 下午 org.apache.coyote.AbstractProtocol stop
信息: Stopping ProtocolHandler ["ajp-apr-8009"]
七月 01, 2016 1:50:20 下午 org.apache.coyote.AbstractProtocol destroy
信息: Destroying ProtocolHandler ["http-apr-8080"]
七月 01, 2016 1:50:20 下午 org.apache.coyote.AbstractProtocol destroy
信息: Destroying ProtocolHandler ["ajp-apr-8009"]
七月 01, 2016 1:50:30 下午 org.apache.tomcat.util.digester.SetPropertiesRule begin
警告: [SetPropertiesRule]{Server/Service/Engine/Host/Context} Setting property 'source' to 'org.eclipse.jst.jee.server:MapTest' did not find a matching property.
七月 01, 2016 1:50:30 下午 org.apache.catalina.startup.VersionLoggerListener log
信息: Server version:        Apache Tomcat/7.0.68
七月 01, 2016 1:50:30 下午 org.apache.catalina.startup.VersionLoggerListener log
信息: Server built:          Feb 8 2016 20:25:54 UTC
七月 01, 2016 1:50:30 下午 org.apache.catalina.startup.VersionLoggerListener log
信息: Server number:         7.0.68.0
七月 01, 2016 1:50:30 下午 org.apache.catalina.startup.VersionLoggerListener log
信息: OS Name:               Windows 7
七月 01, 2016 1:50:30 下午 org.apache.catalina.startup.VersionLoggerListener log
信息: OS Version:            6.1
七月 01, 2016 1:50:30 下午 org.apache.catalina.startup.VersionLoggerListener log
信息: Architecture:          x86
七月 01, 2016 1:50:30 下午 org.apache.catalina.startup.VersionLoggerListener log
信息: Java Home:             G:\eclipse workspace\FrameTest\jre
七月 01, 2016 1:50:30 下午 org.apache.catalina.startup.VersionLoggerListener log
信息: JVM Version:           1.8.0_20-b26
七月 01, 2016 1:50:30 下午 org.apache.catalina.startup.VersionLoggerListener log
信息: JVM Vendor:            Oracle Corporation
七月 01, 2016 1:50:30 下午 org.apache.catalina.startup.VersionLoggerListener log
信息: CATALINA_BASE:         G:\wangziwei\Spec_Change\apache-tomcat-7.0.68
七月 01, 2016 1:50:30 下午 org.apache.catalina.startup.VersionLoggerListener log
信息: CATALINA_HOME:         G:\wangziwei\Spec_Change\apache-tomcat-7.0.68
七月 01, 2016 1:50:30 下午 org.apache.catalina.startup.VersionLoggerListener log
信息: Command line argument: -Djava.util.logging.config.file=G:\wangziwei\Spec_Change\apache-tomcat-7.0.68\conf\logging.properties
七月 01, 2016 1:50:30 下午 org.apache.catalina.startup.VersionLoggerListener log
信息: Command line argument: -Djava.util.logging.manager=org.apache.juli.ClassLoaderLogManager
七月 01, 2016 1:50:30 下午 org.apache.catalina.startup.VersionLoggerListener log
信息: Command line argument: -Djava.endorsed.dirs=G:\wangziwei\Spec_Change\apache-tomcat-7.0.68\endorsed
七月 01, 2016 1:50:30 下午 org.apache.catalina.startup.VersionLoggerListener log
信息: Command line argument: -Dcatalina.base=G:\wangziwei\Spec_Change\apache-tomcat-7.0.68
七月 01, 2016 1:50:30 下午 org.apache.catalina.startup.VersionLoggerListener log
信息: Command line argument: -Dcatalina.home=G:\wangziwei\Spec_Change\apache-tomcat-7.0.68
七月 01, 2016 1:50:30 下午 org.apache.catalina.startup.VersionLoggerListener log
信息: Command line argument: -Djava.io.tmpdir=G:\wangziwei\Spec_Change\apache-tomcat-7.0.68\temp
七月 01, 2016 1:50:30 下午 org.apache.catalina.core.AprLifecycleListener lifecycleEvent
信息: Loaded APR based Apache Tomcat Native library 1.1.33 using APR version 1.5.1.
七月 01, 2016 1:50:30 下午 org.apache.catalina.core.AprLifecycleListener lifecycleEvent
信息: APR capabilities: IPv6 [true], sendfile [true], accept filters [false], random [true].
七月 01, 2016 1:50:30 下午 org.apache.catalina.core.AprLifecycleListener initializeSSL
信息: OpenSSL successfully initialized (OpenSSL 1.0.1m 19 Mar 2015)
七月 01, 2016 1:50:31 下午 org.apache.coyote.AbstractProtocol init
信息: Initializing ProtocolHandler ["http-apr-8080"]
七月 01, 2016 1:50:31 下午 org.apache.coyote.AbstractProtocol init
信息: Initializing ProtocolHandler ["ajp-apr-8009"]
七月 01, 2016 1:50:31 下午 org.apache.catalina.startup.Catalina load
信息: Initialization processed in 1359 ms
七月 01, 2016 1:50:31 下午 org.apache.catalina.core.StandardService startInternal
信息: Starting service Catalina
七月 01, 2016 1:50:31 下午 org.apache.catalina.core.StandardEngine startInternal
信息: Starting Servlet Engine: Apache Tomcat/7.0.68
七月 01, 2016 1:50:31 下午 org.apache.catalina.startup.TldConfig execute
信息: At least one JAR was scanned for TLDs yet contained no TLDs. Enable debug logging for this logger for a complete list of JARs that were scanned but no TLDs were found in them. Skipping unneeded JARs during scanning can improve startup time and JSP compilation time.
七月 01, 2016 1:50:31 下午 org.apache.catalina.startup.HostConfig deployDirectory
信息: Deploying web application directory G:\wangziwei\Spec_Change\apache-tomcat-7.0.68\webapps\docs
七月 01, 2016 1:50:31 下午 org.apache.catalina.startup.HostConfig deployDirectory
信息: Deployment of web application directory G:\wangziwei\Spec_Change\apache-tomcat-7.0.68\webapps\docs has finished in 41 ms
七月 01, 2016 1:50:31 下午 org.apache.catalina.startup.HostConfig deployDirectory
信息: Deploying web application directory G:\wangziwei\Spec_Change\apache-tomcat-7.0.68\webapps\examples
七月 01, 2016 1:50:31 下午 org.apache.catalina.startup.HostConfig deployDirectory
信息: Deployment of web application directory G:\wangziwei\Spec_Change\apache-tomcat-7.0.68\webapps\examples has finished in 195 ms
七月 01, 2016 1:50:31 下午 org.apache.catalina.startup.HostConfig deployDirectory
信息: Deploying web application directory G:\wangziwei\Spec_Change\apache-tomcat-7.0.68\webapps\host-manager
七月 01, 2016 1:50:31 下午 org.apache.catalina.startup.HostConfig deployDirectory
信息: Deployment of web application directory G:\wangziwei\Spec_Change\apache-tomcat-7.0.68\webapps\host-manager has finished in 70 ms
七月 01, 2016 1:50:31 下午 org.apache.catalina.startup.HostConfig deployDirectory
信息: Deploying web application directory G:\wangziwei\Spec_Change\apache-tomcat-7.0.68\webapps\manager
七月 01, 2016 1:50:32 下午 org.apache.catalina.startup.HostConfig deployDirectory
信息: Deployment of web application directory G:\wangziwei\Spec_Change\apache-tomcat-7.0.68\webapps\manager has finished in 43 ms
七月 01, 2016 1:50:32 下午 org.apache.catalina.startup.HostConfig deployDirectory
信息: Deploying web application directory G:\wangziwei\Spec_Change\apache-tomcat-7.0.68\webapps\ROOT
七月 01, 2016 1:50:32 下午 org.apache.catalina.startup.HostConfig deployDirectory
信息: Deployment of web application directory G:\wangziwei\Spec_Change\apache-tomcat-7.0.68\webapps\ROOT has finished in 38 ms
七月 01, 2016 1:50:32 下午 org.apache.coyote.AbstractProtocol start
信息: Starting ProtocolHandler ["http-apr-8080"]
七月 01, 2016 1:50:32 下午 org.apache.coyote.AbstractProtocol start
信息: Starting ProtocolHandler ["ajp-apr-8009"]
七月 01, 2016 1:50:32 下午 org.apache.catalina.startup.Catalina start
信息: Server startup in 948 ms
七月 01, 2016 1:50:43 下午 org.apache.catalina.core.StandardServer await
信息: A valid shutdown command was received via the shutdown port. Stopping the Server instance.
七月 01, 2016 1:50:43 下午 org.apache.coyote.AbstractProtocol pause
信息: Pausing ProtocolHandler ["http-apr-8080"]
七月 01, 2016 1:50:43 下午 org.apache.coyote.AbstractProtocol pause
信息: Pausing ProtocolHandler ["ajp-apr-8009"]
七月 01, 2016 1:50:43 下午 org.apache.catalina.core.StandardService stopInternal
信息: Stopping service Catalina
七月 01, 2016 1:50:43 下午 org.apache.coyote.AbstractProtocol stop
信息: Stopping ProtocolHandler ["http-apr-8080"]
七月 01, 2016 1:50:43 下午 org.apache.coyote.AbstractProtocol stop
信息: Stopping ProtocolHandler ["ajp-apr-8009"]
七月 01, 2016 1:50:43 下午 org.apache.coyote.AbstractProtocol destroy
信息: Destroying ProtocolHandler ["http-apr-8080"]
七月 01, 2016 1:50:43 下午 org.apache.coyote.AbstractProtocol destroy
信息: Destroying ProtocolHandler ["ajp-apr-8009"]
七月 01, 2016 1:51:01 下午 org.apache.catalina.startup.Catalina stopServer
严重: Could not contact localhost:8005. Tomcat may not be running.
七月 01, 2016 1:51:01 下午 org.apache.catalina.startup.Catalina stopServer
严重: Catalina.stop: 
java.net.ConnectException: Connection refused: connect
	at java.net.DualStackPlainSocketImpl.connect0(Native Method)
	at java.net.DualStackPlainSocketImpl.socketConnect(DualStackPlainSocketImpl.java:79)
	at java.net.AbstractPlainSocketImpl.doConnect(AbstractPlainSocketImpl.java:345)
	at java.net.AbstractPlainSocketImpl.connectToAddress(AbstractPlainSocketImpl.java:206)
	at java.net.AbstractPlainSocketImpl.connect(AbstractPlainSocketImpl.java:188)
	at java.net.PlainSocketImpl.connect(PlainSocketImpl.java:172)
	at java.net.SocksSocketImpl.connect(SocksSocketImpl.java:392)
	at java.net.Socket.connect(Socket.java:589)
	at java.net.Socket.connect(Socket.java:538)
	at java.net.Socket.<init>(Socket.java:434)
	at java.net.Socket.<init>(Socket.java:211)
	at org.apache.catalina.startup.Catalina.stopServer(Catalina.java:498)
	at sun.reflect.NativeMethodAccessorImpl.invoke0(Native Method)
	at sun.reflect.NativeMethodAccessorImpl.invoke(NativeMethodAccessorImpl.java:62)
	at sun.reflect.DelegatingMethodAccessorImpl.invoke(DelegatingMethodAccessorImpl.java:43)
	at java.lang.reflect.Method.invoke(Method.java:483)
	at org.apache.catalina.startup.Bootstrap.stopServer(Bootstrap.java:343)
	at org.apache.catalina.startup.Bootstrap.main(Bootstrap.java:430)

