十月 14, 2016 9:16:57 上午 org.apache.tomcat.util.digester.SetPropertiesRule begin
警告: [SetPropertiesRule]{Server/Service/Engine/Host/Context} Setting property 'source' to 'org.eclipse.jst.jee.server:MapTest' did not find a matching property.
十月 14, 2016 9:16:57 上午 org.apache.catalina.startup.VersionLoggerListener log
信息: Server version:        Apache Tomcat/7.0.68
十月 14, 2016 9:16:57 上午 org.apache.catalina.startup.VersionLoggerListener log
信息: Server built:          Feb 8 2016 20:25:54 UTC
十月 14, 2016 9:16:57 上午 org.apache.catalina.startup.VersionLoggerListener log
信息: Server number:         7.0.68.0
十月 14, 2016 9:16:57 上午 org.apache.catalina.startup.VersionLoggerListener log
信息: OS Name:               Windows 7
十月 14, 2016 9:16:57 上午 org.apache.catalina.startup.VersionLoggerListener log
信息: OS Version:            6.1
十月 14, 2016 9:16:57 上午 org.apache.catalina.startup.VersionLoggerListener log
信息: Architecture:          x86
十月 14, 2016 9:16:57 上午 org.apache.catalina.startup.VersionLoggerListener log
信息: Java Home:             C:\SRF_501_8_5\jre
十月 14, 2016 9:16:57 上午 org.apache.catalina.startup.VersionLoggerListener log
信息: JVM Version:           1.8.0_20-b26
十月 14, 2016 9:16:57 上午 org.apache.catalina.startup.VersionLoggerListener log
信息: JVM Vendor:            Oracle Corporation
十月 14, 2016 9:16:57 上午 org.apache.catalina.startup.VersionLoggerListener log
信息: CATALINA_BASE:         C:\Spec_for_new_transfer_9_30\apache-tomcat-7.0.68
十月 14, 2016 9:16:57 上午 org.apache.catalina.startup.VersionLoggerListener log
信息: CATALINA_HOME:         C:\Spec_for_new_transfer_9_30\apache-tomcat-7.0.68
十月 14, 2016 9:16:57 上午 org.apache.catalina.startup.VersionLoggerListener log
信息: Command line argument: -Djava.util.logging.config.file=C:\Spec_for_new_transfer_9_30\apache-tomcat-7.0.68\conf\logging.properties
十月 14, 2016 9:16:57 上午 org.apache.catalina.startup.VersionLoggerListener log
信息: Command line argument: -Djava.util.logging.manager=org.apache.juli.ClassLoaderLogManager
十月 14, 2016 9:16:57 上午 org.apache.catalina.startup.VersionLoggerListener log
信息: Command line argument: -Djava.endorsed.dirs=C:\Spec_for_new_transfer_9_30\apache-tomcat-7.0.68\endorsed
十月 14, 2016 9:16:57 上午 org.apache.catalina.startup.VersionLoggerListener log
信息: Command line argument: -Dcatalina.base=C:\Spec_for_new_transfer_9_30\apache-tomcat-7.0.68
十月 14, 2016 9:16:57 上午 org.apache.catalina.startup.VersionLoggerListener log
信息: Command line argument: -Dcatalina.home=C:\Spec_for_new_transfer_9_30\apache-tomcat-7.0.68
十月 14, 2016 9:16:57 上午 org.apache.catalina.startup.VersionLoggerListener log
信息: Command line argument: -Djava.io.tmpdir=C:\Spec_for_new_transfer_9_30\apache-tomcat-7.0.68\temp
十月 14, 2016 9:16:57 上午 org.apache.catalina.core.AprLifecycleListener lifecycleEvent
信息: Loaded APR based Apache Tomcat Native library 1.1.33 using APR version 1.5.1.
十月 14, 2016 9:16:57 上午 org.apache.catalina.core.AprLifecycleListener lifecycleEvent
信息: APR capabilities: IPv6 [true], sendfile [true], accept filters [false], random [true].
十月 14, 2016 9:16:58 上午 org.apache.catalina.core.AprLifecycleListener initializeSSL
信息: OpenSSL successfully initialized (OpenSSL 1.0.1m 19 Mar 2015)
十月 14, 2016 9:16:59 上午 org.apache.coyote.AbstractProtocol init
信息: Initializing ProtocolHandler ["http-apr-8080"]
十月 14, 2016 9:16:59 上午 org.apache.coyote.AbstractProtocol init
信息: Initializing ProtocolHandler ["ajp-apr-8009"]
十月 14, 2016 9:16:59 上午 org.apache.catalina.startup.Catalina load
信息: Initialization processed in 1701 ms
十月 14, 2016 9:16:59 上午 org.apache.catalina.core.StandardService startInternal
信息: Starting service Catalina
十月 14, 2016 9:16:59 上午 org.apache.catalina.core.StandardEngine startInternal
信息: Starting Servlet Engine: Apache Tomcat/7.0.68
十月 14, 2016 9:16:59 上午 org.apache.catalina.startup.TldConfig execute
信息: At least one JAR was scanned for TLDs yet contained no TLDs. Enable debug logging for this logger for a complete list of JARs that were scanned but no TLDs were found in them. Skipping unneeded JARs during scanning can improve startup time and JSP compilation time.
十月 14, 2016 9:16:59 上午 org.apache.catalina.startup.HostConfig deployDirectory
信息: Deploying web application directory C:\Spec_for_new_transfer_9_30\apache-tomcat-7.0.68\webapps\docs
十月 14, 2016 9:16:59 上午 org.apache.catalina.startup.HostConfig deployDirectory
信息: Deployment of web application directory C:\Spec_for_new_transfer_9_30\apache-tomcat-7.0.68\webapps\docs has finished in 58 ms
十月 14, 2016 9:16:59 上午 org.apache.catalina.startup.HostConfig deployDirectory
信息: Deploying web application directory C:\Spec_for_new_transfer_9_30\apache-tomcat-7.0.68\webapps\examples
十月 14, 2016 9:16:59 上午 org.apache.catalina.startup.HostConfig deployDirectory
信息: Deployment of web application directory C:\Spec_for_new_transfer_9_30\apache-tomcat-7.0.68\webapps\examples has finished in 309 ms
十月 14, 2016 9:16:59 上午 org.apache.catalina.startup.HostConfig deployDirectory
信息: Deploying web application directory C:\Spec_for_new_transfer_9_30\apache-tomcat-7.0.68\webapps\host-manager
十月 14, 2016 9:16:59 上午 org.apache.catalina.startup.HostConfig deployDirectory
信息: Deployment of web application directory C:\Spec_for_new_transfer_9_30\apache-tomcat-7.0.68\webapps\host-manager has finished in 85 ms
十月 14, 2016 9:16:59 上午 org.apache.catalina.startup.HostConfig deployDirectory
信息: Deploying web application directory C:\Spec_for_new_transfer_9_30\apache-tomcat-7.0.68\webapps\manager
十月 14, 2016 9:17:00 上午 org.apache.catalina.startup.HostConfig deployDirectory
信息: Deployment of web application directory C:\Spec_for_new_transfer_9_30\apache-tomcat-7.0.68\webapps\manager has finished in 57 ms
十月 14, 2016 9:17:00 上午 org.apache.catalina.startup.HostConfig deployDirectory
信息: Deploying web application directory C:\Spec_for_new_transfer_9_30\apache-tomcat-7.0.68\webapps\ROOT
十月 14, 2016 9:17:00 上午 org.apache.catalina.startup.HostConfig deployDirectory
信息: Deployment of web application directory C:\Spec_for_new_transfer_9_30\apache-tomcat-7.0.68\webapps\ROOT has finished in 44 ms
十月 14, 2016 9:17:00 上午 org.apache.coyote.AbstractProtocol start
信息: Starting ProtocolHandler ["http-apr-8080"]
十月 14, 2016 9:17:00 上午 org.apache.coyote.AbstractProtocol start
信息: Starting ProtocolHandler ["ajp-apr-8009"]
十月 14, 2016 9:17:00 上午 org.apache.catalina.startup.Catalina start
信息: Server startup in 1084 ms
十月 14, 2016 9:24:58 上午 org.apache.catalina.core.StandardServer await
信息: A valid shutdown command was received via the shutdown port. Stopping the Server instance.
十月 14, 2016 9:24:58 上午 org.apache.coyote.AbstractProtocol pause
信息: Pausing ProtocolHandler ["http-apr-8080"]
十月 14, 2016 9:24:59 上午 org.apache.coyote.AbstractProtocol pause
信息: Pausing ProtocolHandler ["ajp-apr-8009"]
十月 14, 2016 9:24:59 上午 org.apache.catalina.core.StandardService stopInternal
信息: Stopping service Catalina
十月 14, 2016 9:24:59 上午 org.apache.coyote.AbstractProtocol stop
信息: Stopping ProtocolHandler ["http-apr-8080"]
十月 14, 2016 9:24:59 上午 org.apache.coyote.AbstractProtocol stop
信息: Stopping ProtocolHandler ["ajp-apr-8009"]
十月 14, 2016 9:24:59 上午 org.apache.coyote.AbstractProtocol destroy
信息: Destroying ProtocolHandler ["http-apr-8080"]
十月 14, 2016 9:24:59 上午 org.apache.coyote.AbstractProtocol destroy
信息: Destroying ProtocolHandler ["ajp-apr-8009"]
十月 14, 2016 9:25:30 上午 org.apache.tomcat.util.digester.SetPropertiesRule begin
警告: [SetPropertiesRule]{Server/Service/Engine/Host/Context} Setting property 'source' to 'org.eclipse.jst.jee.server:MapTest' did not find a matching property.
十月 14, 2016 9:25:30 上午 org.apache.catalina.startup.VersionLoggerListener log
信息: Server version:        Apache Tomcat/7.0.68
十月 14, 2016 9:25:30 上午 org.apache.catalina.startup.VersionLoggerListener log
信息: Server built:          Feb 8 2016 20:25:54 UTC
十月 14, 2016 9:25:30 上午 org.apache.catalina.startup.VersionLoggerListener log
信息: Server number:         7.0.68.0
十月 14, 2016 9:25:30 上午 org.apache.catalina.startup.VersionLoggerListener log
信息: OS Name:               Windows 7
十月 14, 2016 9:25:30 上午 org.apache.catalina.startup.VersionLoggerListener log
信息: OS Version:            6.1
十月 14, 2016 9:25:30 上午 org.apache.catalina.startup.VersionLoggerListener log
信息: Architecture:          x86
十月 14, 2016 9:25:30 上午 org.apache.catalina.startup.VersionLoggerListener log
信息: Java Home:             C:\SRF_501_8_5\jre
十月 14, 2016 9:25:30 上午 org.apache.catalina.startup.VersionLoggerListener log
信息: JVM Version:           1.8.0_20-b26
十月 14, 2016 9:25:30 上午 org.apache.catalina.startup.VersionLoggerListener log
信息: JVM Vendor:            Oracle Corporation
十月 14, 2016 9:25:30 上午 org.apache.catalina.startup.VersionLoggerListener log
信息: CATALINA_BASE:         C:\Spec_for_new_transfer_9_30\apache-tomcat-7.0.68
十月 14, 2016 9:25:30 上午 org.apache.catalina.startup.VersionLoggerListener log
信息: CATALINA_HOME:         C:\Spec_for_new_transfer_9_30\apache-tomcat-7.0.68
十月 14, 2016 9:25:30 上午 org.apache.catalina.startup.VersionLoggerListener log
信息: Command line argument: -Djava.util.logging.config.file=C:\Spec_for_new_transfer_9_30\apache-tomcat-7.0.68\conf\logging.properties
十月 14, 2016 9:25:30 上午 org.apache.catalina.startup.VersionLoggerListener log
信息: Command line argument: -Djava.util.logging.manager=org.apache.juli.ClassLoaderLogManager
十月 14, 2016 9:25:30 上午 org.apache.catalina.startup.VersionLoggerListener log
信息: Command line argument: -Djava.endorsed.dirs=C:\Spec_for_new_transfer_9_30\apache-tomcat-7.0.68\endorsed
十月 14, 2016 9:25:30 上午 org.apache.catalina.startup.VersionLoggerListener log
信息: Command line argument: -Dcatalina.base=C:\Spec_for_new_transfer_9_30\apache-tomcat-7.0.68
十月 14, 2016 9:25:30 上午 org.apache.catalina.startup.VersionLoggerListener log
信息: Command line argument: -Dcatalina.home=C:\Spec_for_new_transfer_9_30\apache-tomcat-7.0.68
十月 14, 2016 9:25:30 上午 org.apache.catalina.startup.VersionLoggerListener log
信息: Command line argument: -Djava.io.tmpdir=C:\Spec_for_new_transfer_9_30\apache-tomcat-7.0.68\temp
十月 14, 2016 9:25:30 上午 org.apache.catalina.core.AprLifecycleListener lifecycleEvent
信息: Loaded APR based Apache Tomcat Native library 1.1.33 using APR version 1.5.1.
十月 14, 2016 9:25:30 上午 org.apache.catalina.core.AprLifecycleListener lifecycleEvent
信息: APR capabilities: IPv6 [true], sendfile [true], accept filters [false], random [true].
十月 14, 2016 9:25:31 上午 org.apache.catalina.core.AprLifecycleListener initializeSSL
信息: OpenSSL successfully initialized (OpenSSL 1.0.1m 19 Mar 2015)
十月 14, 2016 9:25:31 上午 org.apache.coyote.AbstractProtocol init
信息: Initializing ProtocolHandler ["http-apr-8080"]
十月 14, 2016 9:25:31 上午 org.apache.coyote.AbstractProtocol init
信息: Initializing ProtocolHandler ["ajp-apr-8009"]
十月 14, 2016 9:25:31 上午 org.apache.catalina.startup.Catalina load
信息: Initialization processed in 1762 ms
十月 14, 2016 9:25:31 上午 org.apache.catalina.core.StandardService startInternal
信息: Starting service Catalina
十月 14, 2016 9:25:31 上午 org.apache.catalina.core.StandardEngine startInternal
信息: Starting Servlet Engine: Apache Tomcat/7.0.68
十月 14, 2016 9:25:32 上午 org.apache.catalina.startup.TldConfig execute
信息: At least one JAR was scanned for TLDs yet contained no TLDs. Enable debug logging for this logger for a complete list of JARs that were scanned but no TLDs were found in them. Skipping unneeded JARs during scanning can improve startup time and JSP compilation time.
十月 14, 2016 9:25:32 上午 org.apache.catalina.util.SessionIdGeneratorBase createSecureRandom
信息: Creation of SecureRandom instance for session ID generation using [SHA1PRNG] took [101] milliseconds.
十月 14, 2016 9:25:32 上午 org.apache.catalina.startup.HostConfig deployDirectory
信息: Deploying web application directory C:\Spec_for_new_transfer_9_30\apache-tomcat-7.0.68\webapps\docs
十月 14, 2016 9:25:32 上午 org.apache.catalina.startup.HostConfig deployDirectory
信息: Deployment of web application directory C:\Spec_for_new_transfer_9_30\apache-tomcat-7.0.68\webapps\docs has finished in 57 ms
十月 14, 2016 9:25:32 上午 org.apache.catalina.startup.HostConfig deployDirectory
信息: Deploying web application directory C:\Spec_for_new_transfer_9_30\apache-tomcat-7.0.68\webapps\examples
十月 14, 2016 9:25:32 上午 org.apache.catalina.startup.HostConfig deployDirectory
信息: Deployment of web application directory C:\Spec_for_new_transfer_9_30\apache-tomcat-7.0.68\webapps\examples has finished in 318 ms
十月 14, 2016 9:25:32 上午 org.apache.catalina.startup.HostConfig deployDirectory
信息: Deploying web application directory C:\Spec_for_new_transfer_9_30\apache-tomcat-7.0.68\webapps\host-manager
十月 14, 2016 9:25:32 上午 org.apache.catalina.startup.HostConfig deployDirectory
信息: Deployment of web application directory C:\Spec_for_new_transfer_9_30\apache-tomcat-7.0.68\webapps\host-manager has finished in 90 ms
十月 14, 2016 9:25:32 上午 org.apache.catalina.startup.HostConfig deployDirectory
信息: Deploying web application directory C:\Spec_for_new_transfer_9_30\apache-tomcat-7.0.68\webapps\manager
十月 14, 2016 9:25:32 上午 org.apache.catalina.startup.HostConfig deployDirectory
信息: Deployment of web application directory C:\Spec_for_new_transfer_9_30\apache-tomcat-7.0.68\webapps\manager has finished in 62 ms
十月 14, 2016 9:25:32 上午 org.apache.catalina.startup.HostConfig deployDirectory
信息: Deploying web application directory C:\Spec_for_new_transfer_9_30\apache-tomcat-7.0.68\webapps\ROOT
十月 14, 2016 9:25:32 上午 org.apache.catalina.startup.HostConfig deployDirectory
信息: Deployment of web application directory C:\Spec_for_new_transfer_9_30\apache-tomcat-7.0.68\webapps\ROOT has finished in 51 ms
十月 14, 2016 9:25:32 上午 org.apache.coyote.AbstractProtocol start
信息: Starting ProtocolHandler ["http-apr-8080"]
十月 14, 2016 9:25:32 上午 org.apache.coyote.AbstractProtocol start
信息: Starting ProtocolHandler ["ajp-apr-8009"]
十月 14, 2016 9:25:32 上午 org.apache.catalina.startup.Catalina start
信息: Server startup in 1129 ms
十月 14, 2016 9:26:24 上午 org.apache.tomcat.util.digester.SetPropertiesRule begin
警告: [SetPropertiesRule]{Server/Service/Engine/Host/Context} Setting property 'source' to 'org.eclipse.jst.jee.server:MapTest' did not find a matching property.
十月 14, 2016 9:26:24 上午 org.apache.catalina.startup.VersionLoggerListener log
信息: Server version:        Apache Tomcat/7.0.68
十月 14, 2016 9:26:24 上午 org.apache.catalina.startup.VersionLoggerListener log
信息: Server built:          Feb 8 2016 20:25:54 UTC
十月 14, 2016 9:26:24 上午 org.apache.catalina.startup.VersionLoggerListener log
信息: Server number:         7.0.68.0
十月 14, 2016 9:26:24 上午 org.apache.catalina.startup.VersionLoggerListener log
信息: OS Name:               Windows 7
十月 14, 2016 9:26:24 上午 org.apache.catalina.startup.VersionLoggerListener log
信息: OS Version:            6.1
十月 14, 2016 9:26:24 上午 org.apache.catalina.startup.VersionLoggerListener log
信息: Architecture:          x86
十月 14, 2016 9:26:24 上午 org.apache.catalina.startup.VersionLoggerListener log
信息: Java Home:             C:\SRF_501_8_5\jre
十月 14, 2016 9:26:24 上午 org.apache.catalina.startup.VersionLoggerListener log
信息: JVM Version:           1.8.0_20-b26
十月 14, 2016 9:26:24 上午 org.apache.catalina.startup.VersionLoggerListener log
信息: JVM Vendor:            Oracle Corporation
十月 14, 2016 9:26:24 上午 org.apache.catalina.startup.VersionLoggerListener log
信息: CATALINA_BASE:         C:\Spec_for_new_transfer_9_30\apache-tomcat-7.0.68
十月 14, 2016 9:26:24 上午 org.apache.catalina.startup.VersionLoggerListener log
信息: CATALINA_HOME:         C:\Spec_for_new_transfer_9_30\apache-tomcat-7.0.68
十月 14, 2016 9:26:24 上午 org.apache.catalina.startup.VersionLoggerListener log
信息: Command line argument: -Djava.util.logging.config.file=C:\Spec_for_new_transfer_9_30\apache-tomcat-7.0.68\conf\logging.properties
十月 14, 2016 9:26:24 上午 org.apache.catalina.startup.VersionLoggerListener log
信息: Command line argument: -Djava.util.logging.manager=org.apache.juli.ClassLoaderLogManager
十月 14, 2016 9:26:24 上午 org.apache.catalina.startup.VersionLoggerListener log
信息: Command line argument: -Djava.endorsed.dirs=C:\Spec_for_new_transfer_9_30\apache-tomcat-7.0.68\endorsed
十月 14, 2016 9:26:24 上午 org.apache.catalina.startup.VersionLoggerListener log
信息: Command line argument: -Dcatalina.base=C:\Spec_for_new_transfer_9_30\apache-tomcat-7.0.68
十月 14, 2016 9:26:24 上午 org.apache.catalina.startup.VersionLoggerListener log
信息: Command line argument: -Dcatalina.home=C:\Spec_for_new_transfer_9_30\apache-tomcat-7.0.68
十月 14, 2016 9:26:24 上午 org.apache.catalina.startup.VersionLoggerListener log
信息: Command line argument: -Djava.io.tmpdir=C:\Spec_for_new_transfer_9_30\apache-tomcat-7.0.68\temp
十月 14, 2016 9:26:24 上午 org.apache.catalina.core.AprLifecycleListener lifecycleEvent
信息: Loaded APR based Apache Tomcat Native library 1.1.33 using APR version 1.5.1.
十月 14, 2016 9:26:24 上午 org.apache.catalina.core.AprLifecycleListener lifecycleEvent
信息: APR capabilities: IPv6 [true], sendfile [true], accept filters [false], random [true].
十月 14, 2016 9:26:25 上午 org.apache.catalina.core.AprLifecycleListener initializeSSL
信息: OpenSSL successfully initialized (OpenSSL 1.0.1m 19 Mar 2015)
十月 14, 2016 9:26:25 上午 org.apache.coyote.AbstractProtocol init
信息: Initializing ProtocolHandler ["http-apr-8080"]
十月 14, 2016 9:26:25 上午 org.apache.coyote.AbstractProtocol init
严重: Failed to initialize end point associated with ProtocolHandler ["http-apr-8080"]
java.lang.Exception: Socket bind failed: [730048] ?????????×???(Э?é/???????/???)????í??
	at org.apache.tomcat.util.net.AprEndpoint.bind(AprEndpoint.java:470)
	at org.apache.tomcat.util.net.AbstractEndpoint.init(AbstractEndpoint.java:650)
	at org.apache.coyote.AbstractProtocol.init(AbstractProtocol.java:434)
	at org.apache.catalina.connector.Connector.initInternal(Connector.java:978)
	at org.apache.catalina.util.LifecycleBase.init(LifecycleBase.java:102)
	at org.apache.catalina.core.StandardService.initInternal(StandardService.java:560)
	at org.apache.catalina.util.LifecycleBase.init(LifecycleBase.java:102)
	at org.apache.catalina.core.StandardServer.initInternal(StandardServer.java:820)
	at org.apache.catalina.util.LifecycleBase.init(LifecycleBase.java:102)
	at org.apache.catalina.startup.Catalina.load(Catalina.java:642)
	at org.apache.catalina.startup.Catalina.load(Catalina.java:667)
	at sun.reflect.NativeMethodAccessorImpl.invoke0(Native Method)
	at sun.reflect.NativeMethodAccessorImpl.invoke(NativeMethodAccessorImpl.java:62)
	at sun.reflect.DelegatingMethodAccessorImpl.invoke(DelegatingMethodAccessorImpl.java:43)
	at java.lang.reflect.Method.invoke(Method.java:483)
	at org.apache.catalina.startup.Bootstrap.load(Bootstrap.java:253)
	at org.apache.catalina.startup.Bootstrap.main(Bootstrap.java:427)

十月 14, 2016 9:26:25 上午 org.apache.catalina.core.StandardService initInternal
严重: Failed to initialize connector [Connector[HTTP/1.1-8080]]
org.apache.catalina.LifecycleException: Failed to initialize component [Connector[HTTP/1.1-8080]]
	at org.apache.catalina.util.LifecycleBase.init(LifecycleBase.java:106)
	at org.apache.catalina.core.StandardService.initInternal(StandardService.java:560)
	at org.apache.catalina.util.LifecycleBase.init(LifecycleBase.java:102)
	at org.apache.catalina.core.StandardServer.initInternal(StandardServer.java:820)
	at org.apache.catalina.util.LifecycleBase.init(LifecycleBase.java:102)
	at org.apache.catalina.startup.Catalina.load(Catalina.java:642)
	at org.apache.catalina.startup.Catalina.load(Catalina.java:667)
	at sun.reflect.NativeMethodAccessorImpl.invoke0(Native Method)
	at sun.reflect.NativeMethodAccessorImpl.invoke(NativeMethodAccessorImpl.java:62)
	at sun.reflect.DelegatingMethodAccessorImpl.invoke(DelegatingMethodAccessorImpl.java:43)
	at java.lang.reflect.Method.invoke(Method.java:483)
	at org.apache.catalina.startup.Bootstrap.load(Bootstrap.java:253)
	at org.apache.catalina.startup.Bootstrap.main(Bootstrap.java:427)
Caused by: org.apache.catalina.LifecycleException: Protocol handler initialization failed
	at org.apache.catalina.connector.Connector.initInternal(Connector.java:980)
	at org.apache.catalina.util.LifecycleBase.init(LifecycleBase.java:102)
	... 12 more
Caused by: java.lang.Exception: Socket bind failed: [730048] ?????????×???(Э?é/???????/???)????í??
	at org.apache.tomcat.util.net.AprEndpoint.bind(AprEndpoint.java:470)
	at org.apache.tomcat.util.net.AbstractEndpoint.init(AbstractEndpoint.java:650)
	at org.apache.coyote.AbstractProtocol.init(AbstractProtocol.java:434)
	at org.apache.catalina.connector.Connector.initInternal(Connector.java:978)
	... 13 more

十月 14, 2016 9:26:25 上午 org.apache.coyote.AbstractProtocol init
信息: Initializing ProtocolHandler ["ajp-apr-8009"]
十月 14, 2016 9:26:25 上午 org.apache.coyote.AbstractProtocol init
严重: Failed to initialize end point associated with ProtocolHandler ["ajp-apr-8009"]
java.lang.Exception: Socket bind failed: [730048] ?????????×???(Э?é/???????/???)????í??
	at org.apache.tomcat.util.net.AprEndpoint.bind(AprEndpoint.java:470)
	at org.apache.tomcat.util.net.AbstractEndpoint.init(AbstractEndpoint.java:650)
	at org.apache.coyote.AbstractProtocol.init(AbstractProtocol.java:434)
	at org.apache.catalina.connector.Connector.initInternal(Connector.java:978)
	at org.apache.catalina.util.LifecycleBase.init(LifecycleBase.java:102)
	at org.apache.catalina.core.StandardService.initInternal(StandardService.java:560)
	at org.apache.catalina.util.LifecycleBase.init(LifecycleBase.java:102)
	at org.apache.catalina.core.StandardServer.initInternal(StandardServer.java:820)
	at org.apache.catalina.util.LifecycleBase.init(LifecycleBase.java:102)
	at org.apache.catalina.startup.Catalina.load(Catalina.java:642)
	at org.apache.catalina.startup.Catalina.load(Catalina.java:667)
	at sun.reflect.NativeMethodAccessorImpl.invoke0(Native Method)
	at sun.reflect.NativeMethodAccessorImpl.invoke(NativeMethodAccessorImpl.java:62)
	at sun.reflect.DelegatingMethodAccessorImpl.invoke(DelegatingMethodAccessorImpl.java:43)
	at java.lang.reflect.Method.invoke(Method.java:483)
	at org.apache.catalina.startup.Bootstrap.load(Bootstrap.java:253)
	at org.apache.catalina.startup.Bootstrap.main(Bootstrap.java:427)

十月 14, 2016 9:26:25 上午 org.apache.catalina.core.StandardService initInternal
严重: Failed to initialize connector [Connector[AJP/1.3-8009]]
org.apache.catalina.LifecycleException: Failed to initialize component [Connector[AJP/1.3-8009]]
	at org.apache.catalina.util.LifecycleBase.init(LifecycleBase.java:106)
	at org.apache.catalina.core.StandardService.initInternal(StandardService.java:560)
	at org.apache.catalina.util.LifecycleBase.init(LifecycleBase.java:102)
	at org.apache.catalina.core.StandardServer.initInternal(StandardServer.java:820)
	at org.apache.catalina.util.LifecycleBase.init(LifecycleBase.java:102)
	at org.apache.catalina.startup.Catalina.load(Catalina.java:642)
	at org.apache.catalina.startup.Catalina.load(Catalina.java:667)
	at sun.reflect.NativeMethodAccessorImpl.invoke0(Native Method)
	at sun.reflect.NativeMethodAccessorImpl.invoke(NativeMethodAccessorImpl.java:62)
	at sun.reflect.DelegatingMethodAccessorImpl.invoke(DelegatingMethodAccessorImpl.java:43)
	at java.lang.reflect.Method.invoke(Method.java:483)
	at org.apache.catalina.startup.Bootstrap.load(Bootstrap.java:253)
	at org.apache.catalina.startup.Bootstrap.main(Bootstrap.java:427)
Caused by: org.apache.catalina.LifecycleException: Protocol handler initialization failed
	at org.apache.catalina.connector.Connector.initInternal(Connector.java:980)
	at org.apache.catalina.util.LifecycleBase.init(LifecycleBase.java:102)
	... 12 more
Caused by: java.lang.Exception: Socket bind failed: [730048] ?????????×???(Э?é/???????/???)????í??
	at org.apache.tomcat.util.net.AprEndpoint.bind(AprEndpoint.java:470)
	at org.apache.tomcat.util.net.AbstractEndpoint.init(AbstractEndpoint.java:650)
	at org.apache.coyote.AbstractProtocol.init(AbstractProtocol.java:434)
	at org.apache.catalina.connector.Connector.initInternal(Connector.java:978)
	... 13 more

十月 14, 2016 9:26:25 上午 org.apache.catalina.startup.Catalina load
信息: Initialization processed in 1772 ms
十月 14, 2016 9:26:25 上午 org.apache.catalina.core.StandardService startInternal
信息: Starting service Catalina
十月 14, 2016 9:26:25 上午 org.apache.catalina.core.StandardEngine startInternal
信息: Starting Servlet Engine: Apache Tomcat/7.0.68
十月 14, 2016 9:26:26 上午 org.apache.catalina.startup.TldConfig execute
信息: At least one JAR was scanned for TLDs yet contained no TLDs. Enable debug logging for this logger for a complete list of JARs that were scanned but no TLDs were found in them. Skipping unneeded JARs during scanning can improve startup time and JSP compilation time.
十月 14, 2016 9:26:26 上午 org.apache.catalina.startup.HostConfig deployDirectory
信息: Deploying web application directory C:\Spec_for_new_transfer_9_30\apache-tomcat-7.0.68\webapps\docs
十月 14, 2016 9:26:26 上午 org.apache.catalina.startup.HostConfig deployDirectory
信息: Deployment of web application directory C:\Spec_for_new_transfer_9_30\apache-tomcat-7.0.68\webapps\docs has finished in 59 ms
十月 14, 2016 9:26:26 上午 org.apache.catalina.startup.HostConfig deployDirectory
信息: Deploying web application directory C:\Spec_for_new_transfer_9_30\apache-tomcat-7.0.68\webapps\examples
十月 14, 2016 9:26:26 上午 org.apache.catalina.startup.HostConfig deployDirectory
信息: Deployment of web application directory C:\Spec_for_new_transfer_9_30\apache-tomcat-7.0.68\webapps\examples has finished in 340 ms
十月 14, 2016 9:26:26 上午 org.apache.catalina.startup.HostConfig deployDirectory
信息: Deploying web application directory C:\Spec_for_new_transfer_9_30\apache-tomcat-7.0.68\webapps\host-manager
十月 14, 2016 9:26:26 上午 org.apache.catalina.startup.HostConfig deployDirectory
信息: Deployment of web application directory C:\Spec_for_new_transfer_9_30\apache-tomcat-7.0.68\webapps\host-manager has finished in 63 ms
十月 14, 2016 9:26:26 上午 org.apache.catalina.startup.HostConfig deployDirectory
信息: Deploying web application directory C:\Spec_for_new_transfer_9_30\apache-tomcat-7.0.68\webapps\manager
十月 14, 2016 9:26:26 上午 org.apache.catalina.startup.HostConfig deployDirectory
信息: Deployment of web application directory C:\Spec_for_new_transfer_9_30\apache-tomcat-7.0.68\webapps\manager has finished in 60 ms
十月 14, 2016 9:26:26 上午 org.apache.catalina.startup.HostConfig deployDirectory
信息: Deploying web application directory C:\Spec_for_new_transfer_9_30\apache-tomcat-7.0.68\webapps\ROOT
十月 14, 2016 9:26:26 上午 org.apache.catalina.startup.HostConfig deployDirectory
信息: Deployment of web application directory C:\Spec_for_new_transfer_9_30\apache-tomcat-7.0.68\webapps\ROOT has finished in 48 ms
十月 14, 2016 9:26:26 上午 org.apache.catalina.startup.Catalina start
信息: Server startup in 1101 ms
十月 14, 2016 9:26:26 上午 org.apache.catalina.core.StandardServer await
严重: StandardServer.await: create[localhost:8005]: 
java.net.BindException: Address already in use: JVM_Bind
	at java.net.DualStackPlainSocketImpl.bind0(Native Method)
	at java.net.DualStackPlainSocketImpl.socketBind(DualStackPlainSocketImpl.java:106)
	at java.net.AbstractPlainSocketImpl.bind(AbstractPlainSocketImpl.java:382)
	at java.net.PlainSocketImpl.bind(PlainSocketImpl.java:190)
	at java.net.ServerSocket.bind(ServerSocket.java:375)
	at java.net.ServerSocket.<init>(ServerSocket.java:237)
	at org.apache.catalina.core.StandardServer.await(StandardServer.java:426)
	at org.apache.catalina.startup.Catalina.await(Catalina.java:781)
	at org.apache.catalina.startup.Catalina.start(Catalina.java:727)
	at sun.reflect.NativeMethodAccessorImpl.invoke0(Native Method)
	at sun.reflect.NativeMethodAccessorImpl.invoke(NativeMethodAccessorImpl.java:62)
	at sun.reflect.DelegatingMethodAccessorImpl.invoke(DelegatingMethodAccessorImpl.java:43)
	at java.lang.reflect.Method.invoke(Method.java:483)
	at org.apache.catalina.startup.Bootstrap.start(Bootstrap.java:294)
	at org.apache.catalina.startup.Bootstrap.main(Bootstrap.java:428)

十月 14, 2016 9:26:26 上午 org.apache.coyote.AbstractProtocol pause
信息: Pausing ProtocolHandler ["http-apr-8080"]
十月 14, 2016 9:26:26 上午 org.apache.coyote.AbstractProtocol pause
信息: Pausing ProtocolHandler ["ajp-apr-8009"]
十月 14, 2016 9:26:26 上午 org.apache.catalina.core.StandardService stopInternal
信息: Stopping service Catalina
十月 14, 2016 9:26:26 上午 org.apache.coyote.AbstractProtocol stop
信息: Stopping ProtocolHandler ["http-apr-8080"]
十月 14, 2016 9:26:26 上午 org.apache.coyote.AbstractProtocol destroy
信息: Destroying ProtocolHandler ["http-apr-8080"]
十月 14, 2016 9:26:26 上午 org.apache.coyote.AbstractProtocol stop
信息: Stopping ProtocolHandler ["ajp-apr-8009"]
十月 14, 2016 9:26:26 上午 org.apache.coyote.AbstractProtocol destroy
信息: Destroying ProtocolHandler ["ajp-apr-8009"]
十月 14, 2016 9:28:12 上午 org.apache.catalina.core.StandardServer await
信息: A valid shutdown command was received via the shutdown port. Stopping the Server instance.
十月 14, 2016 9:28:12 上午 org.apache.coyote.AbstractProtocol pause
信息: Pausing ProtocolHandler ["http-apr-8080"]
十月 14, 2016 9:28:12 上午 org.apache.coyote.AbstractProtocol pause
信息: Pausing ProtocolHandler ["ajp-apr-8009"]
十月 14, 2016 9:28:12 上午 org.apache.catalina.core.StandardService stopInternal
信息: Stopping service Catalina
十月 14, 2016 9:28:12 上午 org.apache.coyote.AbstractProtocol stop
信息: Stopping ProtocolHandler ["http-apr-8080"]
十月 14, 2016 9:28:12 上午 org.apache.coyote.AbstractProtocol stop
信息: Stopping ProtocolHandler ["ajp-apr-8009"]
十月 14, 2016 9:28:12 上午 org.apache.coyote.AbstractProtocol destroy
信息: Destroying ProtocolHandler ["http-apr-8080"]
十月 14, 2016 9:28:12 上午 org.apache.coyote.AbstractProtocol destroy
信息: Destroying ProtocolHandler ["ajp-apr-8009"]
十月 14, 2016 9:28:18 上午 org.apache.tomcat.util.digester.SetPropertiesRule begin
警告: [SetPropertiesRule]{Server/Service/Engine/Host/Context} Setting property 'source' to 'org.eclipse.jst.jee.server:MapTest' did not find a matching property.
十月 14, 2016 9:28:18 上午 org.apache.catalina.startup.VersionLoggerListener log
信息: Server version:        Apache Tomcat/7.0.68
十月 14, 2016 9:28:18 上午 org.apache.catalina.startup.VersionLoggerListener log
信息: Server built:          Feb 8 2016 20:25:54 UTC
十月 14, 2016 9:28:18 上午 org.apache.catalina.startup.VersionLoggerListener log
信息: Server number:         7.0.68.0
十月 14, 2016 9:28:18 上午 org.apache.catalina.startup.VersionLoggerListener log
信息: OS Name:               Windows 7
十月 14, 2016 9:28:18 上午 org.apache.catalina.startup.VersionLoggerListener log
信息: OS Version:            6.1
十月 14, 2016 9:28:18 上午 org.apache.catalina.startup.VersionLoggerListener log
信息: Architecture:          x86
十月 14, 2016 9:28:18 上午 org.apache.catalina.startup.VersionLoggerListener log
信息: Java Home:             C:\SRF_501_8_5\jre
十月 14, 2016 9:28:18 上午 org.apache.catalina.startup.VersionLoggerListener log
信息: JVM Version:           1.8.0_20-b26
十月 14, 2016 9:28:18 上午 org.apache.catalina.startup.VersionLoggerListener log
信息: JVM Vendor:            Oracle Corporation
十月 14, 2016 9:28:18 上午 org.apache.catalina.startup.VersionLoggerListener log
信息: CATALINA_BASE:         C:\Spec_for_new_transfer_9_30\apache-tomcat-7.0.68
十月 14, 2016 9:28:18 上午 org.apache.catalina.startup.VersionLoggerListener log
信息: CATALINA_HOME:         C:\Spec_for_new_transfer_9_30\apache-tomcat-7.0.68
十月 14, 2016 9:28:18 上午 org.apache.catalina.startup.VersionLoggerListener log
信息: Command line argument: -Djava.util.logging.config.file=C:\Spec_for_new_transfer_9_30\apache-tomcat-7.0.68\conf\logging.properties
十月 14, 2016 9:28:18 上午 org.apache.catalina.startup.VersionLoggerListener log
信息: Command line argument: -Djava.util.logging.manager=org.apache.juli.ClassLoaderLogManager
十月 14, 2016 9:28:18 上午 org.apache.catalina.startup.VersionLoggerListener log
信息: Command line argument: -Djava.endorsed.dirs=C:\Spec_for_new_transfer_9_30\apache-tomcat-7.0.68\endorsed
十月 14, 2016 9:28:18 上午 org.apache.catalina.startup.VersionLoggerListener log
信息: Command line argument: -Dcatalina.base=C:\Spec_for_new_transfer_9_30\apache-tomcat-7.0.68
十月 14, 2016 9:28:18 上午 org.apache.catalina.startup.VersionLoggerListener log
信息: Command line argument: -Dcatalina.home=C:\Spec_for_new_transfer_9_30\apache-tomcat-7.0.68
十月 14, 2016 9:28:18 上午 org.apache.catalina.startup.VersionLoggerListener log
信息: Command line argument: -Djava.io.tmpdir=C:\Spec_for_new_transfer_9_30\apache-tomcat-7.0.68\temp
十月 14, 2016 9:28:18 上午 org.apache.catalina.core.AprLifecycleListener lifecycleEvent
信息: Loaded APR based Apache Tomcat Native library 1.1.33 using APR version 1.5.1.
十月 14, 2016 9:28:18 上午 org.apache.catalina.core.AprLifecycleListener lifecycleEvent
信息: APR capabilities: IPv6 [true], sendfile [true], accept filters [false], random [true].
十月 14, 2016 9:28:19 上午 org.apache.catalina.core.AprLifecycleListener initializeSSL
信息: OpenSSL successfully initialized (OpenSSL 1.0.1m 19 Mar 2015)
十月 14, 2016 9:28:19 上午 org.apache.coyote.AbstractProtocol init
信息: Initializing ProtocolHandler ["http-apr-8080"]
十月 14, 2016 9:28:19 上午 org.apache.coyote.AbstractProtocol init
信息: Initializing ProtocolHandler ["ajp-apr-8009"]
十月 14, 2016 9:28:19 上午 org.apache.catalina.startup.Catalina load
信息: Initialization processed in 1860 ms
十月 14, 2016 9:28:19 上午 org.apache.catalina.core.StandardService startInternal
信息: Starting service Catalina
十月 14, 2016 9:28:19 上午 org.apache.catalina.core.StandardEngine startInternal
信息: Starting Servlet Engine: Apache Tomcat/7.0.68
十月 14, 2016 9:28:19 上午 org.apache.catalina.startup.TldConfig execute
信息: At least one JAR was scanned for TLDs yet contained no TLDs. Enable debug logging for this logger for a complete list of JARs that were scanned but no TLDs were found in them. Skipping unneeded JARs during scanning can improve startup time and JSP compilation time.
十月 14, 2016 9:28:19 上午 org.apache.catalina.startup.HostConfig deployDirectory
信息: Deploying web application directory C:\Spec_for_new_transfer_9_30\apache-tomcat-7.0.68\webapps\docs
十月 14, 2016 9:28:20 上午 org.apache.catalina.startup.HostConfig deployDirectory
信息: Deployment of web application directory C:\Spec_for_new_transfer_9_30\apache-tomcat-7.0.68\webapps\docs has finished in 56 ms
十月 14, 2016 9:28:20 上午 org.apache.catalina.startup.HostConfig deployDirectory
信息: Deploying web application directory C:\Spec_for_new_transfer_9_30\apache-tomcat-7.0.68\webapps\examples
十月 14, 2016 9:28:20 上午 org.apache.catalina.startup.HostConfig deployDirectory
信息: Deployment of web application directory C:\Spec_for_new_transfer_9_30\apache-tomcat-7.0.68\webapps\examples has finished in 329 ms
十月 14, 2016 9:28:20 上午 org.apache.catalina.startup.HostConfig deployDirectory
信息: Deploying web application directory C:\Spec_for_new_transfer_9_30\apache-tomcat-7.0.68\webapps\host-manager
十月 14, 2016 9:28:20 上午 org.apache.catalina.startup.HostConfig deployDirectory
信息: Deployment of web application directory C:\Spec_for_new_transfer_9_30\apache-tomcat-7.0.68\webapps\host-manager has finished in 96 ms
十月 14, 2016 9:28:20 上午 org.apache.catalina.startup.HostConfig deployDirectory
信息: Deploying web application directory C:\Spec_for_new_transfer_9_30\apache-tomcat-7.0.68\webapps\manager
十月 14, 2016 9:28:20 上午 org.apache.catalina.startup.HostConfig deployDirectory
信息: Deployment of web application directory C:\Spec_for_new_transfer_9_30\apache-tomcat-7.0.68\webapps\manager has finished in 60 ms
十月 14, 2016 9:28:20 上午 org.apache.catalina.startup.HostConfig deployDirectory
信息: Deploying web application directory C:\Spec_for_new_transfer_9_30\apache-tomcat-7.0.68\webapps\ROOT
十月 14, 2016 9:28:20 上午 org.apache.catalina.startup.HostConfig deployDirectory
信息: Deployment of web application directory C:\Spec_for_new_transfer_9_30\apache-tomcat-7.0.68\webapps\ROOT has finished in 47 ms
十月 14, 2016 9:28:20 上午 org.apache.coyote.AbstractProtocol start
信息: Starting ProtocolHandler ["http-apr-8080"]
十月 14, 2016 9:28:20 上午 org.apache.coyote.AbstractProtocol start
信息: Starting ProtocolHandler ["ajp-apr-8009"]
十月 14, 2016 9:28:20 上午 org.apache.catalina.startup.Catalina start
信息: Server startup in 1118 ms
十月 14, 2016 9:29:33 上午 org.apache.catalina.core.StandardServer await
信息: A valid shutdown command was received via the shutdown port. Stopping the Server instance.
十月 14, 2016 9:29:33 上午 org.apache.coyote.AbstractProtocol pause
信息: Pausing ProtocolHandler ["http-apr-8080"]
十月 14, 2016 9:29:33 上午 org.apache.coyote.AbstractProtocol pause
信息: Pausing ProtocolHandler ["ajp-apr-8009"]
十月 14, 2016 9:29:33 上午 org.apache.catalina.core.StandardService stopInternal
信息: Stopping service Catalina
十月 14, 2016 9:29:33 上午 org.apache.coyote.AbstractProtocol stop
信息: Stopping ProtocolHandler ["http-apr-8080"]
十月 14, 2016 9:29:33 上午 org.apache.coyote.AbstractProtocol stop
信息: Stopping ProtocolHandler ["ajp-apr-8009"]
十月 14, 2016 9:29:33 上午 org.apache.coyote.AbstractProtocol destroy
信息: Destroying ProtocolHandler ["http-apr-8080"]
十月 14, 2016 9:29:33 上午 org.apache.coyote.AbstractProtocol destroy
信息: Destroying ProtocolHandler ["ajp-apr-8009"]
十月 14, 2016 9:29:39 上午 org.apache.tomcat.util.digester.SetPropertiesRule begin
警告: [SetPropertiesRule]{Server/Service/Engine/Host/Context} Setting property 'source' to 'org.eclipse.jst.jee.server:MapTest' did not find a matching property.
十月 14, 2016 9:29:39 上午 org.apache.catalina.startup.VersionLoggerListener log
信息: Server version:        Apache Tomcat/7.0.68
十月 14, 2016 9:29:39 上午 org.apache.catalina.startup.VersionLoggerListener log
信息: Server built:          Feb 8 2016 20:25:54 UTC
十月 14, 2016 9:29:39 上午 org.apache.catalina.startup.VersionLoggerListener log
信息: Server number:         7.0.68.0
十月 14, 2016 9:29:39 上午 org.apache.catalina.startup.VersionLoggerListener log
信息: OS Name:               Windows 7
十月 14, 2016 9:29:39 上午 org.apache.catalina.startup.VersionLoggerListener log
信息: OS Version:            6.1
十月 14, 2016 9:29:39 上午 org.apache.catalina.startup.VersionLoggerListener log
信息: Architecture:          x86
十月 14, 2016 9:29:39 上午 org.apache.catalina.startup.VersionLoggerListener log
信息: Java Home:             C:\SRF_501_8_5\jre
十月 14, 2016 9:29:39 上午 org.apache.catalina.startup.VersionLoggerListener log
信息: JVM Version:           1.8.0_20-b26
十月 14, 2016 9:29:39 上午 org.apache.catalina.startup.VersionLoggerListener log
信息: JVM Vendor:            Oracle Corporation
十月 14, 2016 9:29:39 上午 org.apache.catalina.startup.VersionLoggerListener log
信息: CATALINA_BASE:         C:\Spec_for_new_transfer_9_30\apache-tomcat-7.0.68
十月 14, 2016 9:29:39 上午 org.apache.catalina.startup.VersionLoggerListener log
信息: CATALINA_HOME:         C:\Spec_for_new_transfer_9_30\apache-tomcat-7.0.68
十月 14, 2016 9:29:39 上午 org.apache.catalina.startup.VersionLoggerListener log
信息: Command line argument: -Djava.util.logging.config.file=C:\Spec_for_new_transfer_9_30\apache-tomcat-7.0.68\conf\logging.properties
十月 14, 2016 9:29:39 上午 org.apache.catalina.startup.VersionLoggerListener log
信息: Command line argument: -Djava.util.logging.manager=org.apache.juli.ClassLoaderLogManager
十月 14, 2016 9:29:39 上午 org.apache.catalina.startup.VersionLoggerListener log
信息: Command line argument: -Djava.endorsed.dirs=C:\Spec_for_new_transfer_9_30\apache-tomcat-7.0.68\endorsed
十月 14, 2016 9:29:39 上午 org.apache.catalina.startup.VersionLoggerListener log
信息: Command line argument: -Dcatalina.base=C:\Spec_for_new_transfer_9_30\apache-tomcat-7.0.68
十月 14, 2016 9:29:39 上午 org.apache.catalina.startup.VersionLoggerListener log
信息: Command line argument: -Dcatalina.home=C:\Spec_for_new_transfer_9_30\apache-tomcat-7.0.68
十月 14, 2016 9:29:39 上午 org.apache.catalina.startup.VersionLoggerListener log
信息: Command line argument: -Djava.io.tmpdir=C:\Spec_for_new_transfer_9_30\apache-tomcat-7.0.68\temp
十月 14, 2016 9:29:39 上午 org.apache.catalina.core.AprLifecycleListener lifecycleEvent
信息: Loaded APR based Apache Tomcat Native library 1.1.33 using APR version 1.5.1.
十月 14, 2016 9:29:39 上午 org.apache.catalina.core.AprLifecycleListener lifecycleEvent
信息: APR capabilities: IPv6 [true], sendfile [true], accept filters [false], random [true].
十月 14, 2016 9:29:40 上午 org.apache.catalina.core.AprLifecycleListener initializeSSL
信息: OpenSSL successfully initialized (OpenSSL 1.0.1m 19 Mar 2015)
十月 14, 2016 9:29:41 上午 org.apache.coyote.AbstractProtocol init
信息: Initializing ProtocolHandler ["http-apr-8080"]
十月 14, 2016 9:29:41 上午 org.apache.coyote.AbstractProtocol init
信息: Initializing ProtocolHandler ["ajp-apr-8009"]
十月 14, 2016 9:29:41 上午 org.apache.catalina.startup.Catalina load
信息: Initialization processed in 1833 ms
十月 14, 2016 9:29:41 上午 org.apache.catalina.core.StandardService startInternal
信息: Starting service Catalina
十月 14, 2016 9:29:41 上午 org.apache.catalina.core.StandardEngine startInternal
信息: Starting Servlet Engine: Apache Tomcat/7.0.68
十月 14, 2016 9:29:41 上午 org.apache.catalina.startup.TldConfig execute
信息: At least one JAR was scanned for TLDs yet contained no TLDs. Enable debug logging for this logger for a complete list of JARs that were scanned but no TLDs were found in them. Skipping unneeded JARs during scanning can improve startup time and JSP compilation time.
十月 14, 2016 9:29:41 上午 org.apache.catalina.startup.HostConfig deployDirectory
信息: Deploying web application directory C:\Spec_for_new_transfer_9_30\apache-tomcat-7.0.68\webapps\docs
十月 14, 2016 9:29:41 上午 org.apache.catalina.startup.HostConfig deployDirectory
信息: Deployment of web application directory C:\Spec_for_new_transfer_9_30\apache-tomcat-7.0.68\webapps\docs has finished in 58 ms
十月 14, 2016 9:29:41 上午 org.apache.catalina.startup.HostConfig deployDirectory
信息: Deploying web application directory C:\Spec_for_new_transfer_9_30\apache-tomcat-7.0.68\webapps\examples
十月 14, 2016 9:29:41 上午 org.apache.catalina.startup.HostConfig deployDirectory
信息: Deployment of web application directory C:\Spec_for_new_transfer_9_30\apache-tomcat-7.0.68\webapps\examples has finished in 314 ms
十月 14, 2016 9:29:41 上午 org.apache.catalina.startup.HostConfig deployDirectory
信息: Deploying web application directory C:\Spec_for_new_transfer_9_30\apache-tomcat-7.0.68\webapps\host-manager
十月 14, 2016 9:29:42 上午 org.apache.catalina.startup.HostConfig deployDirectory
信息: Deployment of web application directory C:\Spec_for_new_transfer_9_30\apache-tomcat-7.0.68\webapps\host-manager has finished in 85 ms
十月 14, 2016 9:29:42 上午 org.apache.catalina.startup.HostConfig deployDirectory
信息: Deploying web application directory C:\Spec_for_new_transfer_9_30\apache-tomcat-7.0.68\webapps\manager
十月 14, 2016 9:29:42 上午 org.apache.catalina.startup.HostConfig deployDirectory
信息: Deployment of web application directory C:\Spec_for_new_transfer_9_30\apache-tomcat-7.0.68\webapps\manager has finished in 57 ms
十月 14, 2016 9:29:42 上午 org.apache.catalina.startup.HostConfig deployDirectory
信息: Deploying web application directory C:\Spec_for_new_transfer_9_30\apache-tomcat-7.0.68\webapps\ROOT
十月 14, 2016 9:29:42 上午 org.apache.catalina.startup.HostConfig deployDirectory
信息: Deployment of web application directory C:\Spec_for_new_transfer_9_30\apache-tomcat-7.0.68\webapps\ROOT has finished in 45 ms
十月 14, 2016 9:29:42 上午 org.apache.coyote.AbstractProtocol start
信息: Starting ProtocolHandler ["http-apr-8080"]
十月 14, 2016 9:29:42 上午 org.apache.coyote.AbstractProtocol start
信息: Starting ProtocolHandler ["ajp-apr-8009"]
十月 14, 2016 9:29:42 上午 org.apache.catalina.startup.Catalina start
信息: Server startup in 1094 ms
十月 14, 2016 9:30:20 上午 org.apache.catalina.core.StandardServer await
信息: A valid shutdown command was received via the shutdown port. Stopping the Server instance.
十月 14, 2016 9:30:20 上午 org.apache.coyote.AbstractProtocol pause
信息: Pausing ProtocolHandler ["http-apr-8080"]
十月 14, 2016 9:30:20 上午 org.apache.coyote.AbstractProtocol pause
信息: Pausing ProtocolHandler ["ajp-apr-8009"]
十月 14, 2016 9:30:20 上午 org.apache.catalina.core.StandardService stopInternal
信息: Stopping service Catalina
十月 14, 2016 9:30:20 上午 org.apache.coyote.AbstractProtocol stop
信息: Stopping ProtocolHandler ["http-apr-8080"]
十月 14, 2016 9:30:20 上午 org.apache.coyote.AbstractProtocol stop
信息: Stopping ProtocolHandler ["ajp-apr-8009"]
十月 14, 2016 9:30:20 上午 org.apache.coyote.AbstractProtocol destroy
信息: Destroying ProtocolHandler ["http-apr-8080"]
十月 14, 2016 9:30:20 上午 org.apache.coyote.AbstractProtocol destroy
信息: Destroying ProtocolHandler ["ajp-apr-8009"]
十月 14, 2016 9:31:15 上午 org.apache.tomcat.util.digester.SetPropertiesRule begin
警告: [SetPropertiesRule]{Server/Service/Engine/Host/Context} Setting property 'source' to 'org.eclipse.jst.jee.server:MapTest' did not find a matching property.
十月 14, 2016 9:31:15 上午 org.apache.catalina.startup.VersionLoggerListener log
信息: Server version:        Apache Tomcat/7.0.68
十月 14, 2016 9:31:15 上午 org.apache.catalina.startup.VersionLoggerListener log
信息: Server built:          Feb 8 2016 20:25:54 UTC
十月 14, 2016 9:31:15 上午 org.apache.catalina.startup.VersionLoggerListener log
信息: Server number:         7.0.68.0
十月 14, 2016 9:31:15 上午 org.apache.catalina.startup.VersionLoggerListener log
信息: OS Name:               Windows 7
十月 14, 2016 9:31:15 上午 org.apache.catalina.startup.VersionLoggerListener log
信息: OS Version:            6.1
十月 14, 2016 9:31:15 上午 org.apache.catalina.startup.VersionLoggerListener log
信息: Architecture:          x86
十月 14, 2016 9:31:15 上午 org.apache.catalina.startup.VersionLoggerListener log
信息: Java Home:             C:\SRF_501_8_5\jre
十月 14, 2016 9:31:15 上午 org.apache.catalina.startup.VersionLoggerListener log
信息: JVM Version:           1.8.0_20-b26
十月 14, 2016 9:31:15 上午 org.apache.catalina.startup.VersionLoggerListener log
信息: JVM Vendor:            Oracle Corporation
十月 14, 2016 9:31:15 上午 org.apache.catalina.startup.VersionLoggerListener log
信息: CATALINA_BASE:         C:\Spec_for_new_transfer_9_30\apache-tomcat-7.0.68
十月 14, 2016 9:31:15 上午 org.apache.catalina.startup.VersionLoggerListener log
信息: CATALINA_HOME:         C:\Spec_for_new_transfer_9_30\apache-tomcat-7.0.68
十月 14, 2016 9:31:15 上午 org.apache.catalina.startup.VersionLoggerListener log
信息: Command line argument: -Djava.util.logging.config.file=C:\Spec_for_new_transfer_9_30\apache-tomcat-7.0.68\conf\logging.properties
十月 14, 2016 9:31:15 上午 org.apache.catalina.startup.VersionLoggerListener log
信息: Command line argument: -Djava.util.logging.manager=org.apache.juli.ClassLoaderLogManager
十月 14, 2016 9:31:15 上午 org.apache.catalina.startup.VersionLoggerListener log
信息: Command line argument: -Djava.endorsed.dirs=C:\Spec_for_new_transfer_9_30\apache-tomcat-7.0.68\endorsed
十月 14, 2016 9:31:15 上午 org.apache.catalina.startup.VersionLoggerListener log
信息: Command line argument: -Dcatalina.base=C:\Spec_for_new_transfer_9_30\apache-tomcat-7.0.68
十月 14, 2016 9:31:15 上午 org.apache.catalina.startup.VersionLoggerListener log
信息: Command line argument: -Dcatalina.home=C:\Spec_for_new_transfer_9_30\apache-tomcat-7.0.68
十月 14, 2016 9:31:15 上午 org.apache.catalina.startup.VersionLoggerListener log
信息: Command line argument: -Djava.io.tmpdir=C:\Spec_for_new_transfer_9_30\apache-tomcat-7.0.68\temp
十月 14, 2016 9:31:15 上午 org.apache.catalina.core.AprLifecycleListener lifecycleEvent
信息: Loaded APR based Apache Tomcat Native library 1.1.33 using APR version 1.5.1.
十月 14, 2016 9:31:15 上午 org.apache.catalina.core.AprLifecycleListener lifecycleEvent
信息: APR capabilities: IPv6 [true], sendfile [true], accept filters [false], random [true].
十月 14, 2016 9:31:16 上午 org.apache.catalina.core.AprLifecycleListener initializeSSL
信息: OpenSSL successfully initialized (OpenSSL 1.0.1m 19 Mar 2015)
十月 14, 2016 9:31:16 上午 org.apache.coyote.AbstractProtocol init
信息: Initializing ProtocolHandler ["http-apr-8080"]
十月 14, 2016 9:31:16 上午 org.apache.coyote.AbstractProtocol init
信息: Initializing ProtocolHandler ["ajp-apr-8009"]
十月 14, 2016 9:31:16 上午 org.apache.catalina.startup.Catalina load
信息: Initialization processed in 1760 ms
十月 14, 2016 9:31:16 上午 org.apache.catalina.core.StandardService startInternal
信息: Starting service Catalina
十月 14, 2016 9:31:16 上午 org.apache.catalina.core.StandardEngine startInternal
信息: Starting Servlet Engine: Apache Tomcat/7.0.68
十月 14, 2016 9:31:16 上午 org.apache.catalina.startup.TldConfig execute
信息: At least one JAR was scanned for TLDs yet contained no TLDs. Enable debug logging for this logger for a complete list of JARs that were scanned but no TLDs were found in them. Skipping unneeded JARs during scanning can improve startup time and JSP compilation time.
十月 14, 2016 9:31:17 上午 org.apache.catalina.startup.HostConfig deployDirectory
信息: Deploying web application directory C:\Spec_for_new_transfer_9_30\apache-tomcat-7.0.68\webapps\docs
十月 14, 2016 9:31:17 上午 org.apache.catalina.startup.HostConfig deployDirectory
信息: Deployment of web application directory C:\Spec_for_new_transfer_9_30\apache-tomcat-7.0.68\webapps\docs has finished in 58 ms
十月 14, 2016 9:31:17 上午 org.apache.catalina.startup.HostConfig deployDirectory
信息: Deploying web application directory C:\Spec_for_new_transfer_9_30\apache-tomcat-7.0.68\webapps\examples
十月 14, 2016 9:31:17 上午 org.apache.catalina.startup.HostConfig deployDirectory
信息: Deployment of web application directory C:\Spec_for_new_transfer_9_30\apache-tomcat-7.0.68\webapps\examples has finished in 317 ms
十月 14, 2016 9:31:17 上午 org.apache.catalina.startup.HostConfig deployDirectory
信息: Deploying web application directory C:\Spec_for_new_transfer_9_30\apache-tomcat-7.0.68\webapps\host-manager
十月 14, 2016 9:31:17 上午 org.apache.catalina.startup.HostConfig deployDirectory
信息: Deployment of web application directory C:\Spec_for_new_transfer_9_30\apache-tomcat-7.0.68\webapps\host-manager has finished in 89 ms
十月 14, 2016 9:31:17 上午 org.apache.catalina.startup.HostConfig deployDirectory
信息: Deploying web application directory C:\Spec_for_new_transfer_9_30\apache-tomcat-7.0.68\webapps\manager
十月 14, 2016 9:31:17 上午 org.apache.catalina.startup.HostConfig deployDirectory
信息: Deployment of web application directory C:\Spec_for_new_transfer_9_30\apache-tomcat-7.0.68\webapps\manager has finished in 60 ms
十月 14, 2016 9:31:17 上午 org.apache.catalina.startup.HostConfig deployDirectory
信息: Deploying web application directory C:\Spec_for_new_transfer_9_30\apache-tomcat-7.0.68\webapps\ROOT
十月 14, 2016 9:31:17 上午 org.apache.catalina.startup.HostConfig deployDirectory
信息: Deployment of web application directory C:\Spec_for_new_transfer_9_30\apache-tomcat-7.0.68\webapps\ROOT has finished in 48 ms
十月 14, 2016 9:31:17 上午 org.apache.coyote.AbstractProtocol start
信息: Starting ProtocolHandler ["http-apr-8080"]
十月 14, 2016 9:31:17 上午 org.apache.coyote.AbstractProtocol start
信息: Starting ProtocolHandler ["ajp-apr-8009"]
十月 14, 2016 9:31:17 上午 org.apache.catalina.startup.Catalina start
信息: Server startup in 1118 ms
十月 14, 2016 9:33:21 上午 org.apache.catalina.core.StandardServer await
信息: A valid shutdown command was received via the shutdown port. Stopping the Server instance.
十月 14, 2016 9:33:21 上午 org.apache.coyote.AbstractProtocol pause
信息: Pausing ProtocolHandler ["http-apr-8080"]
十月 14, 2016 9:33:21 上午 org.apache.coyote.AbstractProtocol pause
信息: Pausing ProtocolHandler ["ajp-apr-8009"]
十月 14, 2016 9:33:21 上午 org.apache.catalina.core.StandardService stopInternal
信息: Stopping service Catalina
十月 14, 2016 9:33:21 上午 org.apache.coyote.AbstractProtocol stop
信息: Stopping ProtocolHandler ["http-apr-8080"]
十月 14, 2016 9:33:21 上午 org.apache.coyote.AbstractProtocol stop
信息: Stopping ProtocolHandler ["ajp-apr-8009"]
十月 14, 2016 9:33:21 上午 org.apache.coyote.AbstractProtocol destroy
信息: Destroying ProtocolHandler ["http-apr-8080"]
十月 14, 2016 9:33:21 上午 org.apache.coyote.AbstractProtocol destroy
信息: Destroying ProtocolHandler ["ajp-apr-8009"]
十月 14, 2016 9:33:30 上午 org.apache.tomcat.util.digester.SetPropertiesRule begin
警告: [SetPropertiesRule]{Server/Service/Engine/Host/Context} Setting property 'source' to 'org.eclipse.jst.jee.server:MapTest' did not find a matching property.
十月 14, 2016 9:33:30 上午 org.apache.catalina.startup.VersionLoggerListener log
信息: Server version:        Apache Tomcat/7.0.68
十月 14, 2016 9:33:30 上午 org.apache.catalina.startup.VersionLoggerListener log
信息: Server built:          Feb 8 2016 20:25:54 UTC
十月 14, 2016 9:33:30 上午 org.apache.catalina.startup.VersionLoggerListener log
信息: Server number:         7.0.68.0
十月 14, 2016 9:33:30 上午 org.apache.catalina.startup.VersionLoggerListener log
信息: OS Name:               Windows 7
十月 14, 2016 9:33:30 上午 org.apache.catalina.startup.VersionLoggerListener log
信息: OS Version:            6.1
十月 14, 2016 9:33:30 上午 org.apache.catalina.startup.VersionLoggerListener log
信息: Architecture:          x86
十月 14, 2016 9:33:30 上午 org.apache.catalina.startup.VersionLoggerListener log
信息: Java Home:             C:\SRF_501_8_5\jre
十月 14, 2016 9:33:30 上午 org.apache.catalina.startup.VersionLoggerListener log
信息: JVM Version:           1.8.0_20-b26
十月 14, 2016 9:33:30 上午 org.apache.catalina.startup.VersionLoggerListener log
信息: JVM Vendor:            Oracle Corporation
十月 14, 2016 9:33:30 上午 org.apache.catalina.startup.VersionLoggerListener log
信息: CATALINA_BASE:         C:\Spec_for_new_transfer_9_30\apache-tomcat-7.0.68
十月 14, 2016 9:33:30 上午 org.apache.catalina.startup.VersionLoggerListener log
信息: CATALINA_HOME:         C:\Spec_for_new_transfer_9_30\apache-tomcat-7.0.68
十月 14, 2016 9:33:30 上午 org.apache.catalina.startup.VersionLoggerListener log
信息: Command line argument: -Djava.util.logging.config.file=C:\Spec_for_new_transfer_9_30\apache-tomcat-7.0.68\conf\logging.properties
十月 14, 2016 9:33:30 上午 org.apache.catalina.startup.VersionLoggerListener log
信息: Command line argument: -Djava.util.logging.manager=org.apache.juli.ClassLoaderLogManager
十月 14, 2016 9:33:30 上午 org.apache.catalina.startup.VersionLoggerListener log
信息: Command line argument: -Djava.endorsed.dirs=C:\Spec_for_new_transfer_9_30\apache-tomcat-7.0.68\endorsed
十月 14, 2016 9:33:30 上午 org.apache.catalina.startup.VersionLoggerListener log
信息: Command line argument: -Dcatalina.base=C:\Spec_for_new_transfer_9_30\apache-tomcat-7.0.68
十月 14, 2016 9:33:30 上午 org.apache.catalina.startup.VersionLoggerListener log
信息: Command line argument: -Dcatalina.home=C:\Spec_for_new_transfer_9_30\apache-tomcat-7.0.68
十月 14, 2016 9:33:30 上午 org.apache.catalina.startup.VersionLoggerListener log
信息: Command line argument: -Djava.io.tmpdir=C:\Spec_for_new_transfer_9_30\apache-tomcat-7.0.68\temp
十月 14, 2016 9:33:30 上午 org.apache.catalina.core.AprLifecycleListener lifecycleEvent
信息: Loaded APR based Apache Tomcat Native library 1.1.33 using APR version 1.5.1.
十月 14, 2016 9:33:30 上午 org.apache.catalina.core.AprLifecycleListener lifecycleEvent
信息: APR capabilities: IPv6 [true], sendfile [true], accept filters [false], random [true].
十月 14, 2016 9:33:31 上午 org.apache.catalina.core.AprLifecycleListener initializeSSL
信息: OpenSSL successfully initialized (OpenSSL 1.0.1m 19 Mar 2015)
十月 14, 2016 9:33:32 上午 org.apache.coyote.AbstractProtocol init
信息: Initializing ProtocolHandler ["http-apr-8080"]
十月 14, 2016 9:33:32 上午 org.apache.coyote.AbstractProtocol init
信息: Initializing ProtocolHandler ["ajp-apr-8009"]
十月 14, 2016 9:33:32 上午 org.apache.catalina.startup.Catalina load
信息: Initialization processed in 1730 ms
十月 14, 2016 9:33:32 上午 org.apache.catalina.core.StandardService startInternal
信息: Starting service Catalina
十月 14, 2016 9:33:32 上午 org.apache.catalina.core.StandardEngine startInternal
信息: Starting Servlet Engine: Apache Tomcat/7.0.68
十月 14, 2016 9:33:32 上午 org.apache.catalina.startup.TldConfig execute
信息: At least one JAR was scanned for TLDs yet contained no TLDs. Enable debug logging for this logger for a complete list of JARs that were scanned but no TLDs were found in them. Skipping unneeded JARs during scanning can improve startup time and JSP compilation time.
十月 14, 2016 9:33:32 上午 org.apache.catalina.startup.HostConfig deployDirectory
信息: Deploying web application directory C:\Spec_for_new_transfer_9_30\apache-tomcat-7.0.68\webapps\docs
十月 14, 2016 9:33:32 上午 org.apache.catalina.startup.HostConfig deployDirectory
信息: Deployment of web application directory C:\Spec_for_new_transfer_9_30\apache-tomcat-7.0.68\webapps\docs has finished in 60 ms
十月 14, 2016 9:33:32 上午 org.apache.catalina.startup.HostConfig deployDirectory
信息: Deploying web application directory C:\Spec_for_new_transfer_9_30\apache-tomcat-7.0.68\webapps\examples
十月 14, 2016 9:33:32 上午 org.apache.catalina.startup.HostConfig deployDirectory
信息: Deployment of web application directory C:\Spec_for_new_transfer_9_30\apache-tomcat-7.0.68\webapps\examples has finished in 317 ms
十月 14, 2016 9:33:32 上午 org.apache.catalina.startup.HostConfig deployDirectory
信息: Deploying web application directory C:\Spec_for_new_transfer_9_30\apache-tomcat-7.0.68\webapps\host-manager
十月 14, 2016 9:33:33 上午 org.apache.catalina.startup.HostConfig deployDirectory
信息: Deployment of web application directory C:\Spec_for_new_transfer_9_30\apache-tomcat-7.0.68\webapps\host-manager has finished in 85 ms
十月 14, 2016 9:33:33 上午 org.apache.catalina.startup.HostConfig deployDirectory
信息: Deploying web application directory C:\Spec_for_new_transfer_9_30\apache-tomcat-7.0.68\webapps\manager
十月 14, 2016 9:33:33 上午 org.apache.catalina.startup.HostConfig deployDirectory
信息: Deployment of web application directory C:\Spec_for_new_transfer_9_30\apache-tomcat-7.0.68\webapps\manager has finished in 60 ms
十月 14, 2016 9:33:33 上午 org.apache.catalina.startup.HostConfig deployDirectory
信息: Deploying web application directory C:\Spec_for_new_transfer_9_30\apache-tomcat-7.0.68\webapps\ROOT
十月 14, 2016 9:33:33 上午 org.apache.catalina.startup.HostConfig deployDirectory
信息: Deployment of web application directory C:\Spec_for_new_transfer_9_30\apache-tomcat-7.0.68\webapps\ROOT has finished in 48 ms
十月 14, 2016 9:33:33 上午 org.apache.coyote.AbstractProtocol start
信息: Starting ProtocolHandler ["http-apr-8080"]
十月 14, 2016 9:33:33 上午 org.apache.coyote.AbstractProtocol start
信息: Starting ProtocolHandler ["ajp-apr-8009"]
十月 14, 2016 9:33:33 上午 org.apache.catalina.startup.Catalina start
信息: Server startup in 1122 ms
十月 14, 2016 9:33:47 上午 org.apache.catalina.core.StandardServer await
信息: A valid shutdown command was received via the shutdown port. Stopping the Server instance.
十月 14, 2016 9:33:47 上午 org.apache.coyote.AbstractProtocol pause
信息: Pausing ProtocolHandler ["http-apr-8080"]
十月 14, 2016 9:33:47 上午 org.apache.coyote.AbstractProtocol pause
信息: Pausing ProtocolHandler ["ajp-apr-8009"]
十月 14, 2016 9:33:47 上午 org.apache.catalina.core.StandardService stopInternal
信息: Stopping service Catalina
十月 14, 2016 9:33:47 上午 org.apache.coyote.AbstractProtocol stop
信息: Stopping ProtocolHandler ["http-apr-8080"]
十月 14, 2016 9:33:47 上午 org.apache.coyote.AbstractProtocol stop
信息: Stopping ProtocolHandler ["ajp-apr-8009"]
十月 14, 2016 9:33:47 上午 org.apache.coyote.AbstractProtocol destroy
信息: Destroying ProtocolHandler ["http-apr-8080"]
十月 14, 2016 9:33:47 上午 org.apache.coyote.AbstractProtocol destroy
信息: Destroying ProtocolHandler ["ajp-apr-8009"]
十月 14, 2016 9:33:54 上午 org.apache.tomcat.util.digester.SetPropertiesRule begin
警告: [SetPropertiesRule]{Server/Service/Engine/Host/Context} Setting property 'source' to 'org.eclipse.jst.jee.server:MapTest' did not find a matching property.
十月 14, 2016 9:33:55 上午 org.apache.catalina.startup.VersionLoggerListener log
信息: Server version:        Apache Tomcat/7.0.68
十月 14, 2016 9:33:55 上午 org.apache.catalina.startup.VersionLoggerListener log
信息: Server built:          Feb 8 2016 20:25:54 UTC
十月 14, 2016 9:33:55 上午 org.apache.catalina.startup.VersionLoggerListener log
信息: Server number:         7.0.68.0
十月 14, 2016 9:33:55 上午 org.apache.catalina.startup.VersionLoggerListener log
信息: OS Name:               Windows 7
十月 14, 2016 9:33:55 上午 org.apache.catalina.startup.VersionLoggerListener log
信息: OS Version:            6.1
十月 14, 2016 9:33:55 上午 org.apache.catalina.startup.VersionLoggerListener log
信息: Architecture:          x86
十月 14, 2016 9:33:55 上午 org.apache.catalina.startup.VersionLoggerListener log
信息: Java Home:             C:\SRF_501_8_5\jre
十月 14, 2016 9:33:55 上午 org.apache.catalina.startup.VersionLoggerListener log
信息: JVM Version:           1.8.0_20-b26
十月 14, 2016 9:33:55 上午 org.apache.catalina.startup.VersionLoggerListener log
信息: JVM Vendor:            Oracle Corporation
十月 14, 2016 9:33:55 上午 org.apache.catalina.startup.VersionLoggerListener log
信息: CATALINA_BASE:         C:\Spec_for_new_transfer_9_30\apache-tomcat-7.0.68
十月 14, 2016 9:33:55 上午 org.apache.catalina.startup.VersionLoggerListener log
信息: CATALINA_HOME:         C:\Spec_for_new_transfer_9_30\apache-tomcat-7.0.68
十月 14, 2016 9:33:55 上午 org.apache.catalina.startup.VersionLoggerListener log
信息: Command line argument: -Djava.util.logging.config.file=C:\Spec_for_new_transfer_9_30\apache-tomcat-7.0.68\conf\logging.properties
十月 14, 2016 9:33:55 上午 org.apache.catalina.startup.VersionLoggerListener log
信息: Command line argument: -Djava.util.logging.manager=org.apache.juli.ClassLoaderLogManager
十月 14, 2016 9:33:55 上午 org.apache.catalina.startup.VersionLoggerListener log
信息: Command line argument: -Djava.endorsed.dirs=C:\Spec_for_new_transfer_9_30\apache-tomcat-7.0.68\endorsed
十月 14, 2016 9:33:55 上午 org.apache.catalina.startup.VersionLoggerListener log
信息: Command line argument: -Dcatalina.base=C:\Spec_for_new_transfer_9_30\apache-tomcat-7.0.68
十月 14, 2016 9:33:55 上午 org.apache.catalina.startup.VersionLoggerListener log
信息: Command line argument: -Dcatalina.home=C:\Spec_for_new_transfer_9_30\apache-tomcat-7.0.68
十月 14, 2016 9:33:55 上午 org.apache.catalina.startup.VersionLoggerListener log
信息: Command line argument: -Djava.io.tmpdir=C:\Spec_for_new_transfer_9_30\apache-tomcat-7.0.68\temp
十月 14, 2016 9:33:55 上午 org.apache.catalina.core.AprLifecycleListener lifecycleEvent
信息: Loaded APR based Apache Tomcat Native library 1.1.33 using APR version 1.5.1.
十月 14, 2016 9:33:55 上午 org.apache.catalina.core.AprLifecycleListener lifecycleEvent
信息: APR capabilities: IPv6 [true], sendfile [true], accept filters [false], random [true].
十月 14, 2016 9:33:56 上午 org.apache.catalina.core.AprLifecycleListener initializeSSL
信息: OpenSSL successfully initialized (OpenSSL 1.0.1m 19 Mar 2015)
十月 14, 2016 9:33:56 上午 org.apache.coyote.AbstractProtocol init
信息: Initializing ProtocolHandler ["http-apr-8080"]
十月 14, 2016 9:33:56 上午 org.apache.coyote.AbstractProtocol init
信息: Initializing ProtocolHandler ["ajp-apr-8009"]
十月 14, 2016 9:33:56 上午 org.apache.catalina.startup.Catalina load
信息: Initialization processed in 1791 ms
十月 14, 2016 9:33:56 上午 org.apache.catalina.core.StandardService startInternal
信息: Starting service Catalina
十月 14, 2016 9:33:56 上午 org.apache.catalina.core.StandardEngine startInternal
信息: Starting Servlet Engine: Apache Tomcat/7.0.68
十月 14, 2016 9:33:56 上午 org.apache.catalina.startup.TldConfig execute
信息: At least one JAR was scanned for TLDs yet contained no TLDs. Enable debug logging for this logger for a complete list of JARs that were scanned but no TLDs were found in them. Skipping unneeded JARs during scanning can improve startup time and JSP compilation time.
十月 14, 2016 9:33:56 上午 org.apache.catalina.util.SessionIdGeneratorBase createSecureRandom
信息: Creation of SecureRandom instance for session ID generation using [SHA1PRNG] took [101] milliseconds.
十月 14, 2016 9:33:56 上午 org.apache.catalina.startup.HostConfig deployDirectory
信息: Deploying web application directory C:\Spec_for_new_transfer_9_30\apache-tomcat-7.0.68\webapps\docs
十月 14, 2016 9:33:56 上午 org.apache.catalina.startup.HostConfig deployDirectory
信息: Deployment of web application directory C:\Spec_for_new_transfer_9_30\apache-tomcat-7.0.68\webapps\docs has finished in 60 ms
十月 14, 2016 9:33:56 上午 org.apache.catalina.startup.HostConfig deployDirectory
信息: Deploying web application directory C:\Spec_for_new_transfer_9_30\apache-tomcat-7.0.68\webapps\examples
十月 14, 2016 9:33:57 上午 org.apache.catalina.startup.HostConfig deployDirectory
信息: Deployment of web application directory C:\Spec_for_new_transfer_9_30\apache-tomcat-7.0.68\webapps\examples has finished in 308 ms
十月 14, 2016 9:33:57 上午 org.apache.catalina.startup.HostConfig deployDirectory
信息: Deploying web application directory C:\Spec_for_new_transfer_9_30\apache-tomcat-7.0.68\webapps\host-manager
十月 14, 2016 9:33:57 上午 org.apache.catalina.startup.HostConfig deployDirectory
信息: Deployment of web application directory C:\Spec_for_new_transfer_9_30\apache-tomcat-7.0.68\webapps\host-manager has finished in 90 ms
十月 14, 2016 9:33:57 上午 org.apache.catalina.startup.HostConfig deployDirectory
信息: Deploying web application directory C:\Spec_for_new_transfer_9_30\apache-tomcat-7.0.68\webapps\manager
十月 14, 2016 9:33:57 上午 org.apache.catalina.startup.HostConfig deployDirectory
信息: Deployment of web application directory C:\Spec_for_new_transfer_9_30\apache-tomcat-7.0.68\webapps\manager has finished in 60 ms
十月 14, 2016 9:33:57 上午 org.apache.catalina.startup.HostConfig deployDirectory
信息: Deploying web application directory C:\Spec_for_new_transfer_9_30\apache-tomcat-7.0.68\webapps\ROOT
十月 14, 2016 9:33:57 上午 org.apache.catalina.startup.HostConfig deployDirectory
信息: Deployment of web application directory C:\Spec_for_new_transfer_9_30\apache-tomcat-7.0.68\webapps\ROOT has finished in 48 ms
十月 14, 2016 9:33:57 上午 org.apache.coyote.AbstractProtocol start
信息: Starting ProtocolHandler ["http-apr-8080"]
十月 14, 2016 9:33:57 上午 org.apache.coyote.AbstractProtocol start
信息: Starting ProtocolHandler ["ajp-apr-8009"]
十月 14, 2016 9:33:57 上午 org.apache.catalina.startup.Catalina start
信息: Server startup in 1127 ms
十月 14, 2016 9:41:53 上午 org.apache.catalina.core.StandardServer await
信息: A valid shutdown command was received via the shutdown port. Stopping the Server instance.
十月 14, 2016 9:41:53 上午 org.apache.coyote.AbstractProtocol pause
信息: Pausing ProtocolHandler ["http-apr-8080"]
十月 14, 2016 9:41:53 上午 org.apache.coyote.AbstractProtocol pause
信息: Pausing ProtocolHandler ["ajp-apr-8009"]
十月 14, 2016 9:41:53 上午 org.apache.catalina.core.StandardService stopInternal
信息: Stopping service Catalina
十月 14, 2016 9:41:53 上午 org.apache.coyote.AbstractProtocol stop
信息: Stopping ProtocolHandler ["http-apr-8080"]
十月 14, 2016 9:41:53 上午 org.apache.coyote.AbstractProtocol stop
信息: Stopping ProtocolHandler ["ajp-apr-8009"]
十月 14, 2016 9:41:53 上午 org.apache.coyote.AbstractProtocol destroy
信息: Destroying ProtocolHandler ["http-apr-8080"]
十月 14, 2016 9:41:53 上午 org.apache.coyote.AbstractProtocol destroy
信息: Destroying ProtocolHandler ["ajp-apr-8009"]
