五月 16, 2016 2:54:19 下午 org.apache.tomcat.util.digester.SetPropertiesRule begin
警告: [SetPropertiesRule]{Server/Service/Engine/Host/Context} Setting property 'source' to 'org.eclipse.jst.jee.server:MapTest' did not find a matching property.
五月 16, 2016 2:54:19 下午 org.apache.catalina.startup.VersionLoggerListener log
信息: Server version:        Apache Tomcat/7.0.68
五月 16, 2016 2:54:19 下午 org.apache.catalina.startup.VersionLoggerListener log
信息: Server built:          Feb 8 2016 20:25:54 UTC
五月 16, 2016 2:54:19 下午 org.apache.catalina.startup.VersionLoggerListener log
信息: Server number:         7.0.68.0
五月 16, 2016 2:54:19 下午 org.apache.catalina.startup.VersionLoggerListener log
信息: OS Name:               Windows 7
五月 16, 2016 2:54:19 下午 org.apache.catalina.startup.VersionLoggerListener log
信息: OS Version:            6.1
五月 16, 2016 2:54:19 下午 org.apache.catalina.startup.VersionLoggerListener log
信息: Architecture:          x86
五月 16, 2016 2:54:19 下午 org.apache.catalina.startup.VersionLoggerListener log
信息: Java Home:             G:\eclipse workspace\FrameTest\jre
五月 16, 2016 2:54:19 下午 org.apache.catalina.startup.VersionLoggerListener log
信息: JVM Version:           1.8.0_20-b26
五月 16, 2016 2:54:19 下午 org.apache.catalina.startup.VersionLoggerListener log
信息: JVM Vendor:            Oracle Corporation
五月 16, 2016 2:54:19 下午 org.apache.catalina.startup.VersionLoggerListener log
信息: CATALINA_BASE:         G:\eclipse workspace\FrameTest\apache-tomcat-7.0.68
五月 16, 2016 2:54:19 下午 org.apache.catalina.startup.VersionLoggerListener log
信息: CATALINA_HOME:         G:\eclipse workspace\FrameTest\apache-tomcat-7.0.68
五月 16, 2016 2:54:19 下午 org.apache.catalina.startup.VersionLoggerListener log
信息: Command line argument: -Djava.util.logging.config.file=G:\eclipse workspace\FrameTest\apache-tomcat-7.0.68\conf\logging.properties
五月 16, 2016 2:54:19 下午 org.apache.catalina.startup.VersionLoggerListener log
信息: Command line argument: -Djava.util.logging.manager=org.apache.juli.ClassLoaderLogManager
五月 16, 2016 2:54:19 下午 org.apache.catalina.startup.VersionLoggerListener log
信息: Command line argument: -Djava.endorsed.dirs=G:\eclipse workspace\FrameTest\apache-tomcat-7.0.68\endorsed
五月 16, 2016 2:54:19 下午 org.apache.catalina.startup.VersionLoggerListener log
信息: Command line argument: -Dcatalina.base=G:\eclipse workspace\FrameTest\apache-tomcat-7.0.68
五月 16, 2016 2:54:19 下午 org.apache.catalina.startup.VersionLoggerListener log
信息: Command line argument: -Dcatalina.home=G:\eclipse workspace\FrameTest\apache-tomcat-7.0.68
五月 16, 2016 2:54:19 下午 org.apache.catalina.startup.VersionLoggerListener log
信息: Command line argument: -Djava.io.tmpdir=G:\eclipse workspace\FrameTest\apache-tomcat-7.0.68\temp
五月 16, 2016 2:54:19 下午 org.apache.catalina.core.AprLifecycleListener lifecycleEvent
信息: Loaded APR based Apache Tomcat Native library 1.1.33 using APR version 1.5.1.
五月 16, 2016 2:54:19 下午 org.apache.catalina.core.AprLifecycleListener lifecycleEvent
信息: APR capabilities: IPv6 [true], sendfile [true], accept filters [false], random [true].
五月 16, 2016 2:54:20 下午 org.apache.catalina.core.AprLifecycleListener initializeSSL
信息: OpenSSL successfully initialized (OpenSSL 1.0.1m 19 Mar 2015)
五月 16, 2016 2:54:21 下午 org.apache.coyote.AbstractProtocol init
信息: Initializing ProtocolHandler ["http-apr-8080"]
五月 16, 2016 2:54:21 下午 org.apache.coyote.AbstractProtocol init
信息: Initializing ProtocolHandler ["ajp-apr-8009"]
五月 16, 2016 2:54:21 下午 org.apache.catalina.startup.Catalina load
信息: Initialization processed in 4362 ms
五月 16, 2016 2:54:21 下午 org.apache.catalina.core.StandardService startInternal
信息: Starting service Catalina
五月 16, 2016 2:54:21 下午 org.apache.catalina.core.StandardEngine startInternal
信息: Starting Servlet Engine: Apache Tomcat/7.0.68
五月 16, 2016 2:54:21 下午 org.apache.catalina.startup.TldConfig execute
信息: At least one JAR was scanned for TLDs yet contained no TLDs. Enable debug logging for this logger for a complete list of JARs that were scanned but no TLDs were found in them. Skipping unneeded JARs during scanning can improve startup time and JSP compilation time.
五月 16, 2016 2:54:22 下午 org.apache.catalina.util.SessionIdGeneratorBase createSecureRandom
信息: Creation of SecureRandom instance for session ID generation using [SHA1PRNG] took [125] milliseconds.
五月 16, 2016 2:54:22 下午 org.apache.catalina.startup.HostConfig deployDirectory
信息: Deploying web application directory G:\eclipse workspace\FrameTest\apache-tomcat-7.0.68\webapps\docs
五月 16, 2016 2:54:22 下午 org.apache.catalina.startup.HostConfig deployDirectory
信息: Deployment of web application directory G:\eclipse workspace\FrameTest\apache-tomcat-7.0.68\webapps\docs has finished in 63 ms
五月 16, 2016 2:54:22 下午 org.apache.catalina.startup.HostConfig deployDirectory
信息: Deploying web application directory G:\eclipse workspace\FrameTest\apache-tomcat-7.0.68\webapps\examples
五月 16, 2016 2:54:22 下午 org.apache.catalina.startup.HostConfig deployDirectory
信息: Deployment of web application directory G:\eclipse workspace\FrameTest\apache-tomcat-7.0.68\webapps\examples has finished in 483 ms
五月 16, 2016 2:54:22 下午 org.apache.catalina.startup.HostConfig deployDirectory
信息: Deploying web application directory G:\eclipse workspace\FrameTest\apache-tomcat-7.0.68\webapps\host-manager
五月 16, 2016 2:54:22 下午 org.apache.catalina.startup.HostConfig deployDirectory
信息: Deployment of web application directory G:\eclipse workspace\FrameTest\apache-tomcat-7.0.68\webapps\host-manager has finished in 64 ms
五月 16, 2016 2:54:22 下午 org.apache.catalina.startup.HostConfig deployDirectory
信息: Deploying web application directory G:\eclipse workspace\FrameTest\apache-tomcat-7.0.68\webapps\manager
五月 16, 2016 2:54:22 下午 org.apache.catalina.startup.HostConfig deployDirectory
信息: Deployment of web application directory G:\eclipse workspace\FrameTest\apache-tomcat-7.0.68\webapps\manager has finished in 31 ms
五月 16, 2016 2:54:22 下午 org.apache.catalina.startup.HostConfig deployDirectory
信息: Deploying web application directory G:\eclipse workspace\FrameTest\apache-tomcat-7.0.68\webapps\ROOT
五月 16, 2016 2:54:22 下午 org.apache.catalina.startup.HostConfig deployDirectory
信息: Deployment of web application directory G:\eclipse workspace\FrameTest\apache-tomcat-7.0.68\webapps\ROOT has finished in 63 ms
五月 16, 2016 2:54:22 下午 org.apache.coyote.AbstractProtocol start
信息: Starting ProtocolHandler ["http-apr-8080"]
五月 16, 2016 2:54:22 下午 org.apache.coyote.AbstractProtocol start
信息: Starting ProtocolHandler ["ajp-apr-8009"]
五月 16, 2016 2:54:22 下午 org.apache.catalina.startup.Catalina start
信息: Server startup in 1500 ms
五月 16, 2016 2:54:31 下午 org.apache.catalina.core.StandardServer await
信息: A valid shutdown command was received via the shutdown port. Stopping the Server instance.
五月 16, 2016 2:54:31 下午 org.apache.coyote.AbstractProtocol pause
信息: Pausing ProtocolHandler ["http-apr-8080"]
五月 16, 2016 2:54:31 下午 org.apache.coyote.AbstractProtocol pause
信息: Pausing ProtocolHandler ["ajp-apr-8009"]
五月 16, 2016 2:54:31 下午 org.apache.catalina.core.StandardService stopInternal
信息: Stopping service Catalina
五月 16, 2016 2:54:31 下午 org.apache.coyote.AbstractProtocol stop
信息: Stopping ProtocolHandler ["http-apr-8080"]
五月 16, 2016 2:54:31 下午 org.apache.coyote.AbstractProtocol stop
信息: Stopping ProtocolHandler ["ajp-apr-8009"]
五月 16, 2016 2:54:31 下午 org.apache.coyote.AbstractProtocol destroy
信息: Destroying ProtocolHandler ["http-apr-8080"]
五月 16, 2016 2:54:31 下午 org.apache.coyote.AbstractProtocol destroy
信息: Destroying ProtocolHandler ["ajp-apr-8009"]
五月 16, 2016 2:55:19 下午 org.apache.tomcat.util.digester.SetPropertiesRule begin
警告: [SetPropertiesRule]{Server/Service/Engine/Host/Context} Setting property 'source' to 'org.eclipse.jst.jee.server:MapTest' did not find a matching property.
五月 16, 2016 2:55:19 下午 org.apache.catalina.startup.VersionLoggerListener log
信息: Server version:        Apache Tomcat/7.0.68
五月 16, 2016 2:55:19 下午 org.apache.catalina.startup.VersionLoggerListener log
信息: Server built:          Feb 8 2016 20:25:54 UTC
五月 16, 2016 2:55:19 下午 org.apache.catalina.startup.VersionLoggerListener log
信息: Server number:         7.0.68.0
五月 16, 2016 2:55:19 下午 org.apache.catalina.startup.VersionLoggerListener log
信息: OS Name:               Windows 7
五月 16, 2016 2:55:19 下午 org.apache.catalina.startup.VersionLoggerListener log
信息: OS Version:            6.1
五月 16, 2016 2:55:19 下午 org.apache.catalina.startup.VersionLoggerListener log
信息: Architecture:          x86
五月 16, 2016 2:55:19 下午 org.apache.catalina.startup.VersionLoggerListener log
信息: Java Home:             G:\eclipse workspace\FrameTest\jre
五月 16, 2016 2:55:19 下午 org.apache.catalina.startup.VersionLoggerListener log
信息: JVM Version:           1.8.0_20-b26
五月 16, 2016 2:55:19 下午 org.apache.catalina.startup.VersionLoggerListener log
信息: JVM Vendor:            Oracle Corporation
五月 16, 2016 2:55:19 下午 org.apache.catalina.startup.VersionLoggerListener log
信息: CATALINA_BASE:         G:\eclipse workspace\FrameTest\apache-tomcat-7.0.68
五月 16, 2016 2:55:19 下午 org.apache.catalina.startup.VersionLoggerListener log
信息: CATALINA_HOME:         G:\eclipse workspace\FrameTest\apache-tomcat-7.0.68
五月 16, 2016 2:55:19 下午 org.apache.catalina.startup.VersionLoggerListener log
信息: Command line argument: -Djava.util.logging.config.file=G:\eclipse workspace\FrameTest\apache-tomcat-7.0.68\conf\logging.properties
五月 16, 2016 2:55:19 下午 org.apache.catalina.startup.VersionLoggerListener log
信息: Command line argument: -Djava.util.logging.manager=org.apache.juli.ClassLoaderLogManager
五月 16, 2016 2:55:19 下午 org.apache.catalina.startup.VersionLoggerListener log
信息: Command line argument: -Djava.endorsed.dirs=G:\eclipse workspace\FrameTest\apache-tomcat-7.0.68\endorsed
五月 16, 2016 2:55:19 下午 org.apache.catalina.startup.VersionLoggerListener log
信息: Command line argument: -Dcatalina.base=G:\eclipse workspace\FrameTest\apache-tomcat-7.0.68
五月 16, 2016 2:55:19 下午 org.apache.catalina.startup.VersionLoggerListener log
信息: Command line argument: -Dcatalina.home=G:\eclipse workspace\FrameTest\apache-tomcat-7.0.68
五月 16, 2016 2:55:19 下午 org.apache.catalina.startup.VersionLoggerListener log
信息: Command line argument: -Djava.io.tmpdir=G:\eclipse workspace\FrameTest\apache-tomcat-7.0.68\temp
五月 16, 2016 2:55:19 下午 org.apache.catalina.core.AprLifecycleListener lifecycleEvent
信息: Loaded APR based Apache Tomcat Native library 1.1.33 using APR version 1.5.1.
五月 16, 2016 2:55:19 下午 org.apache.catalina.core.AprLifecycleListener lifecycleEvent
信息: APR capabilities: IPv6 [true], sendfile [true], accept filters [false], random [true].
五月 16, 2016 2:55:20 下午 org.apache.catalina.core.AprLifecycleListener initializeSSL
信息: OpenSSL successfully initialized (OpenSSL 1.0.1m 19 Mar 2015)
五月 16, 2016 2:55:20 下午 org.apache.coyote.AbstractProtocol init
信息: Initializing ProtocolHandler ["http-apr-8080"]
五月 16, 2016 2:55:20 下午 org.apache.coyote.AbstractProtocol init
信息: Initializing ProtocolHandler ["ajp-apr-8009"]
五月 16, 2016 2:55:20 下午 org.apache.catalina.startup.Catalina load
信息: Initialization processed in 1036 ms
五月 16, 2016 2:55:20 下午 org.apache.catalina.core.StandardService startInternal
信息: Starting service Catalina
五月 16, 2016 2:55:20 下午 org.apache.catalina.core.StandardEngine startInternal
信息: Starting Servlet Engine: Apache Tomcat/7.0.68
五月 16, 2016 2:55:20 下午 org.apache.catalina.startup.TldConfig execute
信息: At least one JAR was scanned for TLDs yet contained no TLDs. Enable debug logging for this logger for a complete list of JARs that were scanned but no TLDs were found in them. Skipping unneeded JARs during scanning can improve startup time and JSP compilation time.
五月 16, 2016 2:55:20 下午 org.apache.catalina.startup.HostConfig deployDirectory
信息: Deploying web application directory G:\eclipse workspace\FrameTest\apache-tomcat-7.0.68\webapps\docs
五月 16, 2016 2:55:21 下午 org.apache.catalina.startup.HostConfig deployDirectory
信息: Deployment of web application directory G:\eclipse workspace\FrameTest\apache-tomcat-7.0.68\webapps\docs has finished in 47 ms
五月 16, 2016 2:55:21 下午 org.apache.catalina.startup.HostConfig deployDirectory
信息: Deploying web application directory G:\eclipse workspace\FrameTest\apache-tomcat-7.0.68\webapps\examples
五月 16, 2016 2:55:21 下午 org.apache.catalina.startup.HostConfig deployDirectory
信息: Deployment of web application directory G:\eclipse workspace\FrameTest\apache-tomcat-7.0.68\webapps\examples has finished in 218 ms
五月 16, 2016 2:55:21 下午 org.apache.catalina.startup.HostConfig deployDirectory
信息: Deploying web application directory G:\eclipse workspace\FrameTest\apache-tomcat-7.0.68\webapps\host-manager
五月 16, 2016 2:55:21 下午 org.apache.catalina.startup.HostConfig deployDirectory
信息: Deployment of web application directory G:\eclipse workspace\FrameTest\apache-tomcat-7.0.68\webapps\host-manager has finished in 47 ms
五月 16, 2016 2:55:21 下午 org.apache.catalina.startup.HostConfig deployDirectory
信息: Deploying web application directory G:\eclipse workspace\FrameTest\apache-tomcat-7.0.68\webapps\manager
五月 16, 2016 2:55:21 下午 org.apache.catalina.startup.HostConfig deployDirectory
信息: Deployment of web application directory G:\eclipse workspace\FrameTest\apache-tomcat-7.0.68\webapps\manager has finished in 47 ms
五月 16, 2016 2:55:21 下午 org.apache.catalina.startup.HostConfig deployDirectory
信息: Deploying web application directory G:\eclipse workspace\FrameTest\apache-tomcat-7.0.68\webapps\ROOT
五月 16, 2016 2:55:21 下午 org.apache.catalina.startup.HostConfig deployDirectory
信息: Deployment of web application directory G:\eclipse workspace\FrameTest\apache-tomcat-7.0.68\webapps\ROOT has finished in 31 ms
五月 16, 2016 2:55:21 下午 org.apache.coyote.AbstractProtocol start
信息: Starting ProtocolHandler ["http-apr-8080"]
五月 16, 2016 2:55:21 下午 org.apache.coyote.AbstractProtocol start
信息: Starting ProtocolHandler ["ajp-apr-8009"]
五月 16, 2016 2:55:21 下午 org.apache.catalina.startup.Catalina start
信息: Server startup in 793 ms
五月 16, 2016 2:56:00 下午 org.apache.tomcat.util.digester.SetPropertiesRule begin
警告: [SetPropertiesRule]{Server/Service/Engine/Host/Context} Setting property 'source' to 'org.eclipse.jst.jee.server:MapTest' did not find a matching property.
五月 16, 2016 2:56:00 下午 org.apache.catalina.startup.VersionLoggerListener log
信息: Server version:        Apache Tomcat/7.0.68
五月 16, 2016 2:56:00 下午 org.apache.catalina.startup.VersionLoggerListener log
信息: Server built:          Feb 8 2016 20:25:54 UTC
五月 16, 2016 2:56:00 下午 org.apache.catalina.startup.VersionLoggerListener log
信息: Server number:         7.0.68.0
五月 16, 2016 2:56:00 下午 org.apache.catalina.startup.VersionLoggerListener log
信息: OS Name:               Windows 7
五月 16, 2016 2:56:00 下午 org.apache.catalina.startup.VersionLoggerListener log
信息: OS Version:            6.1
五月 16, 2016 2:56:00 下午 org.apache.catalina.startup.VersionLoggerListener log
信息: Architecture:          x86
五月 16, 2016 2:56:00 下午 org.apache.catalina.startup.VersionLoggerListener log
信息: Java Home:             G:\eclipse workspace\FrameTest\jre
五月 16, 2016 2:56:00 下午 org.apache.catalina.startup.VersionLoggerListener log
信息: JVM Version:           1.8.0_20-b26
五月 16, 2016 2:56:00 下午 org.apache.catalina.startup.VersionLoggerListener log
信息: JVM Vendor:            Oracle Corporation
五月 16, 2016 2:56:00 下午 org.apache.catalina.startup.VersionLoggerListener log
信息: CATALINA_BASE:         G:\eclipse workspace\FrameTest\apache-tomcat-7.0.68
五月 16, 2016 2:56:00 下午 org.apache.catalina.startup.VersionLoggerListener log
信息: CATALINA_HOME:         G:\eclipse workspace\FrameTest\apache-tomcat-7.0.68
五月 16, 2016 2:56:00 下午 org.apache.catalina.startup.VersionLoggerListener log
信息: Command line argument: -Djava.util.logging.config.file=G:\eclipse workspace\FrameTest\apache-tomcat-7.0.68\conf\logging.properties
五月 16, 2016 2:56:00 下午 org.apache.catalina.startup.VersionLoggerListener log
信息: Command line argument: -Djava.util.logging.manager=org.apache.juli.ClassLoaderLogManager
五月 16, 2016 2:56:00 下午 org.apache.catalina.startup.VersionLoggerListener log
信息: Command line argument: -Djava.endorsed.dirs=G:\eclipse workspace\FrameTest\apache-tomcat-7.0.68\endorsed
五月 16, 2016 2:56:00 下午 org.apache.catalina.startup.VersionLoggerListener log
信息: Command line argument: -Dcatalina.base=G:\eclipse workspace\FrameTest\apache-tomcat-7.0.68
五月 16, 2016 2:56:00 下午 org.apache.catalina.startup.VersionLoggerListener log
信息: Command line argument: -Dcatalina.home=G:\eclipse workspace\FrameTest\apache-tomcat-7.0.68
五月 16, 2016 2:56:00 下午 org.apache.catalina.startup.VersionLoggerListener log
信息: Command line argument: -Djava.io.tmpdir=G:\eclipse workspace\FrameTest\apache-tomcat-7.0.68\temp
五月 16, 2016 2:56:00 下午 org.apache.catalina.core.AprLifecycleListener lifecycleEvent
信息: Loaded APR based Apache Tomcat Native library 1.1.33 using APR version 1.5.1.
五月 16, 2016 2:56:00 下午 org.apache.catalina.core.AprLifecycleListener lifecycleEvent
信息: APR capabilities: IPv6 [true], sendfile [true], accept filters [false], random [true].
五月 16, 2016 2:56:01 下午 org.apache.catalina.core.AprLifecycleListener initializeSSL
信息: OpenSSL successfully initialized (OpenSSL 1.0.1m 19 Mar 2015)
五月 16, 2016 2:56:01 下午 org.apache.coyote.AbstractProtocol init
信息: Initializing ProtocolHandler ["http-apr-8080"]
五月 16, 2016 2:56:01 下午 org.apache.coyote.AbstractProtocol init
信息: Initializing ProtocolHandler ["ajp-apr-8009"]
五月 16, 2016 2:56:01 下午 org.apache.catalina.startup.Catalina load
信息: Initialization processed in 1026 ms
五月 16, 2016 2:56:01 下午 org.apache.catalina.core.StandardService startInternal
信息: Starting service Catalina
五月 16, 2016 2:56:01 下午 org.apache.catalina.core.StandardEngine startInternal
信息: Starting Servlet Engine: Apache Tomcat/7.0.68
五月 16, 2016 2:56:01 下午 org.apache.catalina.startup.TldConfig execute
信息: At least one JAR was scanned for TLDs yet contained no TLDs. Enable debug logging for this logger for a complete list of JARs that were scanned but no TLDs were found in them. Skipping unneeded JARs during scanning can improve startup time and JSP compilation time.
五月 16, 2016 2:56:01 下午 org.apache.catalina.startup.HostConfig deployDirectory
信息: Deploying web application directory G:\eclipse workspace\FrameTest\apache-tomcat-7.0.68\webapps\docs
五月 16, 2016 2:56:01 下午 org.apache.catalina.startup.HostConfig deployDirectory
信息: Deployment of web application directory G:\eclipse workspace\FrameTest\apache-tomcat-7.0.68\webapps\docs has finished in 46 ms
五月 16, 2016 2:56:01 下午 org.apache.catalina.startup.HostConfig deployDirectory
信息: Deploying web application directory G:\eclipse workspace\FrameTest\apache-tomcat-7.0.68\webapps\examples
五月 16, 2016 2:56:01 下午 org.apache.catalina.startup.HostConfig deployDirectory
信息: Deployment of web application directory G:\eclipse workspace\FrameTest\apache-tomcat-7.0.68\webapps\examples has finished in 219 ms
五月 16, 2016 2:56:01 下午 org.apache.catalina.startup.HostConfig deployDirectory
信息: Deploying web application directory G:\eclipse workspace\FrameTest\apache-tomcat-7.0.68\webapps\host-manager
五月 16, 2016 2:56:01 下午 org.apache.catalina.startup.HostConfig deployDirectory
信息: Deployment of web application directory G:\eclipse workspace\FrameTest\apache-tomcat-7.0.68\webapps\host-manager has finished in 47 ms
五月 16, 2016 2:56:01 下午 org.apache.catalina.startup.HostConfig deployDirectory
信息: Deploying web application directory G:\eclipse workspace\FrameTest\apache-tomcat-7.0.68\webapps\manager
五月 16, 2016 2:56:02 下午 org.apache.catalina.startup.HostConfig deployDirectory
信息: Deployment of web application directory G:\eclipse workspace\FrameTest\apache-tomcat-7.0.68\webapps\manager has finished in 46 ms
五月 16, 2016 2:56:02 下午 org.apache.catalina.startup.HostConfig deployDirectory
信息: Deploying web application directory G:\eclipse workspace\FrameTest\apache-tomcat-7.0.68\webapps\ROOT
五月 16, 2016 2:56:02 下午 org.apache.catalina.startup.HostConfig deployDirectory
信息: Deployment of web application directory G:\eclipse workspace\FrameTest\apache-tomcat-7.0.68\webapps\ROOT has finished in 32 ms
五月 16, 2016 2:56:02 下午 org.apache.coyote.AbstractProtocol start
信息: Starting ProtocolHandler ["http-apr-8080"]
五月 16, 2016 2:56:02 下午 org.apache.coyote.AbstractProtocol start
信息: Starting ProtocolHandler ["ajp-apr-8009"]
五月 16, 2016 2:56:02 下午 org.apache.catalina.startup.Catalina start
信息: Server startup in 782 ms
五月 16, 2016 2:57:05 下午 org.apache.catalina.core.StandardServer await
信息: A valid shutdown command was received via the shutdown port. Stopping the Server instance.
五月 16, 2016 2:57:05 下午 org.apache.coyote.AbstractProtocol pause
信息: Pausing ProtocolHandler ["http-apr-8080"]
五月 16, 2016 2:57:05 下午 org.apache.coyote.AbstractProtocol pause
信息: Pausing ProtocolHandler ["ajp-apr-8009"]
五月 16, 2016 2:57:05 下午 org.apache.catalina.core.StandardService stopInternal
信息: Stopping service Catalina
五月 16, 2016 2:57:05 下午 org.apache.coyote.AbstractProtocol stop
信息: Stopping ProtocolHandler ["http-apr-8080"]
五月 16, 2016 2:57:05 下午 org.apache.coyote.AbstractProtocol stop
信息: Stopping ProtocolHandler ["ajp-apr-8009"]
五月 16, 2016 2:57:05 下午 org.apache.coyote.AbstractProtocol destroy
信息: Destroying ProtocolHandler ["http-apr-8080"]
五月 16, 2016 2:57:05 下午 org.apache.coyote.AbstractProtocol destroy
信息: Destroying ProtocolHandler ["ajp-apr-8009"]
五月 16, 2016 2:57:30 下午 org.apache.tomcat.util.digester.SetPropertiesRule begin
警告: [SetPropertiesRule]{Server/Service/Engine/Host/Context} Setting property 'source' to 'org.eclipse.jst.jee.server:MapTest' did not find a matching property.
五月 16, 2016 2:57:30 下午 org.apache.catalina.startup.VersionLoggerListener log
信息: Server version:        Apache Tomcat/7.0.68
五月 16, 2016 2:57:30 下午 org.apache.catalina.startup.VersionLoggerListener log
信息: Server built:          Feb 8 2016 20:25:54 UTC
五月 16, 2016 2:57:30 下午 org.apache.catalina.startup.VersionLoggerListener log
信息: Server number:         7.0.68.0
五月 16, 2016 2:57:30 下午 org.apache.catalina.startup.VersionLoggerListener log
信息: OS Name:               Windows 7
五月 16, 2016 2:57:30 下午 org.apache.catalina.startup.VersionLoggerListener log
信息: OS Version:            6.1
五月 16, 2016 2:57:30 下午 org.apache.catalina.startup.VersionLoggerListener log
信息: Architecture:          x86
五月 16, 2016 2:57:30 下午 org.apache.catalina.startup.VersionLoggerListener log
信息: Java Home:             G:\eclipse workspace\FrameTest\jre
五月 16, 2016 2:57:30 下午 org.apache.catalina.startup.VersionLoggerListener log
信息: JVM Version:           1.8.0_20-b26
五月 16, 2016 2:57:30 下午 org.apache.catalina.startup.VersionLoggerListener log
信息: JVM Vendor:            Oracle Corporation
五月 16, 2016 2:57:30 下午 org.apache.catalina.startup.VersionLoggerListener log
信息: CATALINA_BASE:         G:\eclipse workspace\FrameTest\apache-tomcat-7.0.68
五月 16, 2016 2:57:30 下午 org.apache.catalina.startup.VersionLoggerListener log
信息: CATALINA_HOME:         G:\eclipse workspace\FrameTest\apache-tomcat-7.0.68
五月 16, 2016 2:57:30 下午 org.apache.catalina.startup.VersionLoggerListener log
信息: Command line argument: -Djava.util.logging.config.file=G:\eclipse workspace\FrameTest\apache-tomcat-7.0.68\conf\logging.properties
五月 16, 2016 2:57:30 下午 org.apache.catalina.startup.VersionLoggerListener log
信息: Command line argument: -Djava.util.logging.manager=org.apache.juli.ClassLoaderLogManager
五月 16, 2016 2:57:30 下午 org.apache.catalina.startup.VersionLoggerListener log
信息: Command line argument: -Djava.endorsed.dirs=G:\eclipse workspace\FrameTest\apache-tomcat-7.0.68\endorsed
五月 16, 2016 2:57:30 下午 org.apache.catalina.startup.VersionLoggerListener log
信息: Command line argument: -Dcatalina.base=G:\eclipse workspace\FrameTest\apache-tomcat-7.0.68
五月 16, 2016 2:57:30 下午 org.apache.catalina.startup.VersionLoggerListener log
信息: Command line argument: -Dcatalina.home=G:\eclipse workspace\FrameTest\apache-tomcat-7.0.68
五月 16, 2016 2:57:30 下午 org.apache.catalina.startup.VersionLoggerListener log
信息: Command line argument: -Djava.io.tmpdir=G:\eclipse workspace\FrameTest\apache-tomcat-7.0.68\temp
五月 16, 2016 2:57:30 下午 org.apache.catalina.core.AprLifecycleListener lifecycleEvent
信息: Loaded APR based Apache Tomcat Native library 1.1.33 using APR version 1.5.1.
五月 16, 2016 2:57:30 下午 org.apache.catalina.core.AprLifecycleListener lifecycleEvent
信息: APR capabilities: IPv6 [true], sendfile [true], accept filters [false], random [true].
五月 16, 2016 2:57:31 下午 org.apache.catalina.core.AprLifecycleListener initializeSSL
信息: OpenSSL successfully initialized (OpenSSL 1.0.1m 19 Mar 2015)
五月 16, 2016 2:57:31 下午 org.apache.coyote.AbstractProtocol init
信息: Initializing ProtocolHandler ["http-apr-8080"]
五月 16, 2016 2:57:31 下午 org.apache.coyote.AbstractProtocol init
信息: Initializing ProtocolHandler ["ajp-apr-8009"]
五月 16, 2016 2:57:31 下午 org.apache.catalina.startup.Catalina load
信息: Initialization processed in 1083 ms
五月 16, 2016 2:57:31 下午 org.apache.catalina.core.StandardService startInternal
信息: Starting service Catalina
五月 16, 2016 2:57:31 下午 org.apache.catalina.core.StandardEngine startInternal
信息: Starting Servlet Engine: Apache Tomcat/7.0.68
五月 16, 2016 2:57:31 下午 org.apache.catalina.startup.TldConfig execute
信息: At least one JAR was scanned for TLDs yet contained no TLDs. Enable debug logging for this logger for a complete list of JARs that were scanned but no TLDs were found in them. Skipping unneeded JARs during scanning can improve startup time and JSP compilation time.
五月 16, 2016 2:57:32 下午 org.apache.catalina.startup.HostConfig deployDirectory
信息: Deploying web application directory G:\eclipse workspace\FrameTest\apache-tomcat-7.0.68\webapps\docs
五月 16, 2016 2:57:32 下午 org.apache.catalina.startup.HostConfig deployDirectory
信息: Deployment of web application directory G:\eclipse workspace\FrameTest\apache-tomcat-7.0.68\webapps\docs has finished in 47 ms
五月 16, 2016 2:57:32 下午 org.apache.catalina.startup.HostConfig deployDirectory
信息: Deploying web application directory G:\eclipse workspace\FrameTest\apache-tomcat-7.0.68\webapps\examples
五月 16, 2016 2:57:32 下午 org.apache.catalina.startup.HostConfig deployDirectory
信息: Deployment of web application directory G:\eclipse workspace\FrameTest\apache-tomcat-7.0.68\webapps\examples has finished in 218 ms
五月 16, 2016 2:57:32 下午 org.apache.catalina.startup.HostConfig deployDirectory
信息: Deploying web application directory G:\eclipse workspace\FrameTest\apache-tomcat-7.0.68\webapps\host-manager
五月 16, 2016 2:57:32 下午 org.apache.catalina.startup.HostConfig deployDirectory
信息: Deployment of web application directory G:\eclipse workspace\FrameTest\apache-tomcat-7.0.68\webapps\host-manager has finished in 47 ms
五月 16, 2016 2:57:32 下午 org.apache.catalina.startup.HostConfig deployDirectory
信息: Deploying web application directory G:\eclipse workspace\FrameTest\apache-tomcat-7.0.68\webapps\manager
五月 16, 2016 2:57:32 下午 org.apache.catalina.startup.HostConfig deployDirectory
信息: Deployment of web application directory G:\eclipse workspace\FrameTest\apache-tomcat-7.0.68\webapps\manager has finished in 31 ms
五月 16, 2016 2:57:32 下午 org.apache.catalina.startup.HostConfig deployDirectory
信息: Deploying web application directory G:\eclipse workspace\FrameTest\apache-tomcat-7.0.68\webapps\ROOT
五月 16, 2016 2:57:32 下午 org.apache.catalina.startup.HostConfig deployDirectory
信息: Deployment of web application directory G:\eclipse workspace\FrameTest\apache-tomcat-7.0.68\webapps\ROOT has finished in 47 ms
五月 16, 2016 2:57:32 下午 org.apache.coyote.AbstractProtocol start
信息: Starting ProtocolHandler ["http-apr-8080"]
五月 16, 2016 2:57:32 下午 org.apache.coyote.AbstractProtocol start
信息: Starting ProtocolHandler ["ajp-apr-8009"]
五月 16, 2016 2:57:32 下午 org.apache.catalina.startup.Catalina start
信息: Server startup in 781 ms
五月 16, 2016 2:58:11 下午 org.apache.catalina.core.StandardServer await
信息: A valid shutdown command was received via the shutdown port. Stopping the Server instance.
五月 16, 2016 2:58:11 下午 org.apache.coyote.AbstractProtocol pause
信息: Pausing ProtocolHandler ["http-apr-8080"]
五月 16, 2016 2:58:11 下午 org.apache.coyote.AbstractProtocol pause
信息: Pausing ProtocolHandler ["ajp-apr-8009"]
五月 16, 2016 2:58:11 下午 org.apache.catalina.core.StandardService stopInternal
信息: Stopping service Catalina
五月 16, 2016 2:58:11 下午 org.apache.coyote.AbstractProtocol stop
信息: Stopping ProtocolHandler ["http-apr-8080"]
五月 16, 2016 2:58:11 下午 org.apache.coyote.AbstractProtocol stop
信息: Stopping ProtocolHandler ["ajp-apr-8009"]
五月 16, 2016 2:58:11 下午 org.apache.coyote.AbstractProtocol destroy
信息: Destroying ProtocolHandler ["http-apr-8080"]
五月 16, 2016 2:58:11 下午 org.apache.coyote.AbstractProtocol destroy
信息: Destroying ProtocolHandler ["ajp-apr-8009"]
五月 16, 2016 2:59:08 下午 org.apache.tomcat.util.digester.SetPropertiesRule begin
警告: [SetPropertiesRule]{Server/Service/Engine/Host/Context} Setting property 'source' to 'org.eclipse.jst.jee.server:MapTest' did not find a matching property.
五月 16, 2016 2:59:08 下午 org.apache.catalina.startup.VersionLoggerListener log
信息: Server version:        Apache Tomcat/7.0.68
五月 16, 2016 2:59:08 下午 org.apache.catalina.startup.VersionLoggerListener log
信息: Server built:          Feb 8 2016 20:25:54 UTC
五月 16, 2016 2:59:08 下午 org.apache.catalina.startup.VersionLoggerListener log
信息: Server number:         7.0.68.0
五月 16, 2016 2:59:08 下午 org.apache.catalina.startup.VersionLoggerListener log
信息: OS Name:               Windows 7
五月 16, 2016 2:59:08 下午 org.apache.catalina.startup.VersionLoggerListener log
信息: OS Version:            6.1
五月 16, 2016 2:59:08 下午 org.apache.catalina.startup.VersionLoggerListener log
信息: Architecture:          x86
五月 16, 2016 2:59:08 下午 org.apache.catalina.startup.VersionLoggerListener log
信息: Java Home:             G:\eclipse workspace\FrameTest\jre
五月 16, 2016 2:59:08 下午 org.apache.catalina.startup.VersionLoggerListener log
信息: JVM Version:           1.8.0_20-b26
五月 16, 2016 2:59:08 下午 org.apache.catalina.startup.VersionLoggerListener log
信息: JVM Vendor:            Oracle Corporation
五月 16, 2016 2:59:08 下午 org.apache.catalina.startup.VersionLoggerListener log
信息: CATALINA_BASE:         G:\eclipse workspace\FrameTest\apache-tomcat-7.0.68
五月 16, 2016 2:59:08 下午 org.apache.catalina.startup.VersionLoggerListener log
信息: CATALINA_HOME:         G:\eclipse workspace\FrameTest\apache-tomcat-7.0.68
五月 16, 2016 2:59:08 下午 org.apache.catalina.startup.VersionLoggerListener log
信息: Command line argument: -Djava.util.logging.config.file=G:\eclipse workspace\FrameTest\apache-tomcat-7.0.68\conf\logging.properties
五月 16, 2016 2:59:08 下午 org.apache.catalina.startup.VersionLoggerListener log
信息: Command line argument: -Djava.util.logging.manager=org.apache.juli.ClassLoaderLogManager
五月 16, 2016 2:59:08 下午 org.apache.catalina.startup.VersionLoggerListener log
信息: Command line argument: -Djava.endorsed.dirs=G:\eclipse workspace\FrameTest\apache-tomcat-7.0.68\endorsed
五月 16, 2016 2:59:08 下午 org.apache.catalina.startup.VersionLoggerListener log
信息: Command line argument: -Dcatalina.base=G:\eclipse workspace\FrameTest\apache-tomcat-7.0.68
五月 16, 2016 2:59:08 下午 org.apache.catalina.startup.VersionLoggerListener log
信息: Command line argument: -Dcatalina.home=G:\eclipse workspace\FrameTest\apache-tomcat-7.0.68
五月 16, 2016 2:59:08 下午 org.apache.catalina.startup.VersionLoggerListener log
信息: Command line argument: -Djava.io.tmpdir=G:\eclipse workspace\FrameTest\apache-tomcat-7.0.68\temp
五月 16, 2016 2:59:08 下午 org.apache.catalina.core.AprLifecycleListener lifecycleEvent
信息: Loaded APR based Apache Tomcat Native library 1.1.33 using APR version 1.5.1.
五月 16, 2016 2:59:08 下午 org.apache.catalina.core.AprLifecycleListener lifecycleEvent
信息: APR capabilities: IPv6 [true], sendfile [true], accept filters [false], random [true].
五月 16, 2016 2:59:09 下午 org.apache.catalina.core.AprLifecycleListener initializeSSL
信息: OpenSSL successfully initialized (OpenSSL 1.0.1m 19 Mar 2015)
五月 16, 2016 2:59:09 下午 org.apache.coyote.AbstractProtocol init
信息: Initializing ProtocolHandler ["http-apr-8080"]
五月 16, 2016 2:59:09 下午 org.apache.coyote.AbstractProtocol init
信息: Initializing ProtocolHandler ["ajp-apr-8009"]
五月 16, 2016 2:59:09 下午 org.apache.catalina.startup.Catalina load
信息: Initialization processed in 1123 ms
五月 16, 2016 2:59:09 下午 org.apache.catalina.core.StandardService startInternal
信息: Starting service Catalina
五月 16, 2016 2:59:09 下午 org.apache.catalina.core.StandardEngine startInternal
信息: Starting Servlet Engine: Apache Tomcat/7.0.68
五月 16, 2016 2:59:09 下午 org.apache.catalina.startup.TldConfig execute
信息: At least one JAR was scanned for TLDs yet contained no TLDs. Enable debug logging for this logger for a complete list of JARs that were scanned but no TLDs were found in them. Skipping unneeded JARs during scanning can improve startup time and JSP compilation time.
五月 16, 2016 2:59:09 下午 org.apache.catalina.util.SessionIdGeneratorBase createSecureRandom
信息: Creation of SecureRandom instance for session ID generation using [SHA1PRNG] took [125] milliseconds.
五月 16, 2016 2:59:09 下午 org.apache.catalina.startup.HostConfig deployDirectory
信息: Deploying web application directory G:\eclipse workspace\FrameTest\apache-tomcat-7.0.68\webapps\docs
五月 16, 2016 2:59:09 下午 org.apache.catalina.startup.HostConfig deployDirectory
信息: Deployment of web application directory G:\eclipse workspace\FrameTest\apache-tomcat-7.0.68\webapps\docs has finished in 47 ms
五月 16, 2016 2:59:09 下午 org.apache.catalina.startup.HostConfig deployDirectory
信息: Deploying web application directory G:\eclipse workspace\FrameTest\apache-tomcat-7.0.68\webapps\examples
五月 16, 2016 2:59:09 下午 org.apache.catalina.startup.HostConfig deployDirectory
信息: Deployment of web application directory G:\eclipse workspace\FrameTest\apache-tomcat-7.0.68\webapps\examples has finished in 250 ms
五月 16, 2016 2:59:09 下午 org.apache.catalina.startup.HostConfig deployDirectory
信息: Deploying web application directory G:\eclipse workspace\FrameTest\apache-tomcat-7.0.68\webapps\host-manager
五月 16, 2016 2:59:10 下午 org.apache.catalina.startup.HostConfig deployDirectory
信息: Deployment of web application directory G:\eclipse workspace\FrameTest\apache-tomcat-7.0.68\webapps\host-manager has finished in 62 ms
五月 16, 2016 2:59:10 下午 org.apache.catalina.startup.HostConfig deployDirectory
信息: Deploying web application directory G:\eclipse workspace\FrameTest\apache-tomcat-7.0.68\webapps\manager
五月 16, 2016 2:59:10 下午 org.apache.catalina.startup.HostConfig deployDirectory
信息: Deployment of web application directory G:\eclipse workspace\FrameTest\apache-tomcat-7.0.68\webapps\manager has finished in 63 ms
五月 16, 2016 2:59:10 下午 org.apache.catalina.startup.HostConfig deployDirectory
信息: Deploying web application directory G:\eclipse workspace\FrameTest\apache-tomcat-7.0.68\webapps\ROOT
五月 16, 2016 2:59:10 下午 org.apache.catalina.startup.HostConfig deployDirectory
信息: Deployment of web application directory G:\eclipse workspace\FrameTest\apache-tomcat-7.0.68\webapps\ROOT has finished in 47 ms
五月 16, 2016 2:59:10 下午 org.apache.coyote.AbstractProtocol start
信息: Starting ProtocolHandler ["http-apr-8080"]
五月 16, 2016 2:59:10 下午 org.apache.coyote.AbstractProtocol start
信息: Starting ProtocolHandler ["ajp-apr-8009"]
五月 16, 2016 2:59:10 下午 org.apache.catalina.startup.Catalina start
信息: Server startup in 975 ms
五月 16, 2016 3:02:37 下午 org.apache.catalina.core.StandardServer await
信息: A valid shutdown command was received via the shutdown port. Stopping the Server instance.
五月 16, 2016 3:02:37 下午 org.apache.coyote.AbstractProtocol pause
信息: Pausing ProtocolHandler ["http-apr-8080"]
五月 16, 2016 3:02:37 下午 org.apache.coyote.AbstractProtocol pause
信息: Pausing ProtocolHandler ["ajp-apr-8009"]
五月 16, 2016 3:02:37 下午 org.apache.catalina.core.StandardService stopInternal
信息: Stopping service Catalina
五月 16, 2016 3:02:37 下午 org.apache.coyote.AbstractProtocol stop
信息: Stopping ProtocolHandler ["http-apr-8080"]
五月 16, 2016 3:02:37 下午 org.apache.coyote.AbstractProtocol stop
信息: Stopping ProtocolHandler ["ajp-apr-8009"]
五月 16, 2016 3:02:37 下午 org.apache.coyote.AbstractProtocol destroy
信息: Destroying ProtocolHandler ["http-apr-8080"]
五月 16, 2016 3:02:37 下午 org.apache.coyote.AbstractProtocol destroy
信息: Destroying ProtocolHandler ["ajp-apr-8009"]
五月 16, 2016 3:02:56 下午 org.apache.tomcat.util.digester.SetPropertiesRule begin
警告: [SetPropertiesRule]{Server/Service/Engine/Host/Context} Setting property 'source' to 'org.eclipse.jst.jee.server:MapTest' did not find a matching property.
五月 16, 2016 3:02:56 下午 org.apache.catalina.startup.VersionLoggerListener log
信息: Server version:        Apache Tomcat/7.0.68
五月 16, 2016 3:02:56 下午 org.apache.catalina.startup.VersionLoggerListener log
信息: Server built:          Feb 8 2016 20:25:54 UTC
五月 16, 2016 3:02:56 下午 org.apache.catalina.startup.VersionLoggerListener log
信息: Server number:         7.0.68.0
五月 16, 2016 3:02:56 下午 org.apache.catalina.startup.VersionLoggerListener log
信息: OS Name:               Windows 7
五月 16, 2016 3:02:56 下午 org.apache.catalina.startup.VersionLoggerListener log
信息: OS Version:            6.1
五月 16, 2016 3:02:56 下午 org.apache.catalina.startup.VersionLoggerListener log
信息: Architecture:          x86
五月 16, 2016 3:02:56 下午 org.apache.catalina.startup.VersionLoggerListener log
信息: Java Home:             G:\eclipse workspace\FrameTest\jre
五月 16, 2016 3:02:56 下午 org.apache.catalina.startup.VersionLoggerListener log
信息: JVM Version:           1.8.0_20-b26
五月 16, 2016 3:02:56 下午 org.apache.catalina.startup.VersionLoggerListener log
信息: JVM Vendor:            Oracle Corporation
五月 16, 2016 3:02:56 下午 org.apache.catalina.startup.VersionLoggerListener log
信息: CATALINA_BASE:         G:\eclipse workspace\FrameTest\apache-tomcat-7.0.68
五月 16, 2016 3:02:56 下午 org.apache.catalina.startup.VersionLoggerListener log
信息: CATALINA_HOME:         G:\eclipse workspace\FrameTest\apache-tomcat-7.0.68
五月 16, 2016 3:02:56 下午 org.apache.catalina.startup.VersionLoggerListener log
信息: Command line argument: -Djava.util.logging.config.file=G:\eclipse workspace\FrameTest\apache-tomcat-7.0.68\conf\logging.properties
五月 16, 2016 3:02:56 下午 org.apache.catalina.startup.VersionLoggerListener log
信息: Command line argument: -Djava.util.logging.manager=org.apache.juli.ClassLoaderLogManager
五月 16, 2016 3:02:56 下午 org.apache.catalina.startup.VersionLoggerListener log
信息: Command line argument: -Djava.endorsed.dirs=G:\eclipse workspace\FrameTest\apache-tomcat-7.0.68\endorsed
五月 16, 2016 3:02:56 下午 org.apache.catalina.startup.VersionLoggerListener log
信息: Command line argument: -Dcatalina.base=G:\eclipse workspace\FrameTest\apache-tomcat-7.0.68
五月 16, 2016 3:02:56 下午 org.apache.catalina.startup.VersionLoggerListener log
信息: Command line argument: -Dcatalina.home=G:\eclipse workspace\FrameTest\apache-tomcat-7.0.68
五月 16, 2016 3:02:56 下午 org.apache.catalina.startup.VersionLoggerListener log
信息: Command line argument: -Djava.io.tmpdir=G:\eclipse workspace\FrameTest\apache-tomcat-7.0.68\temp
五月 16, 2016 3:02:56 下午 org.apache.catalina.core.AprLifecycleListener lifecycleEvent
信息: Loaded APR based Apache Tomcat Native library 1.1.33 using APR version 1.5.1.
五月 16, 2016 3:02:57 下午 org.apache.catalina.core.AprLifecycleListener lifecycleEvent
信息: APR capabilities: IPv6 [true], sendfile [true], accept filters [false], random [true].
五月 16, 2016 3:02:57 下午 org.apache.catalina.core.AprLifecycleListener initializeSSL
信息: OpenSSL successfully initialized (OpenSSL 1.0.1m 19 Mar 2015)
五月 16, 2016 3:02:57 下午 org.apache.coyote.AbstractProtocol init
信息: Initializing ProtocolHandler ["http-apr-8080"]
五月 16, 2016 3:02:57 下午 org.apache.coyote.AbstractProtocol init
信息: Initializing ProtocolHandler ["ajp-apr-8009"]
五月 16, 2016 3:02:57 下午 org.apache.catalina.startup.Catalina load
信息: Initialization processed in 1250 ms
五月 16, 2016 3:02:57 下午 org.apache.catalina.core.StandardService startInternal
信息: Starting service Catalina
五月 16, 2016 3:02:57 下午 org.apache.catalina.core.StandardEngine startInternal
信息: Starting Servlet Engine: Apache Tomcat/7.0.68
五月 16, 2016 3:02:58 下午 org.apache.catalina.startup.TldConfig execute
信息: At least one JAR was scanned for TLDs yet contained no TLDs. Enable debug logging for this logger for a complete list of JARs that were scanned but no TLDs were found in them. Skipping unneeded JARs during scanning can improve startup time and JSP compilation time.
五月 16, 2016 3:02:58 下午 org.apache.catalina.startup.HostConfig deployDirectory
信息: Deploying web application directory G:\eclipse workspace\FrameTest\apache-tomcat-7.0.68\webapps\docs
五月 16, 2016 3:02:58 下午 org.apache.catalina.startup.HostConfig deployDirectory
信息: Deployment of web application directory G:\eclipse workspace\FrameTest\apache-tomcat-7.0.68\webapps\docs has finished in 62 ms
五月 16, 2016 3:02:58 下午 org.apache.catalina.startup.HostConfig deployDirectory
信息: Deploying web application directory G:\eclipse workspace\FrameTest\apache-tomcat-7.0.68\webapps\examples
五月 16, 2016 3:02:58 下午 org.apache.catalina.startup.HostConfig deployDirectory
信息: Deployment of web application directory G:\eclipse workspace\FrameTest\apache-tomcat-7.0.68\webapps\examples has finished in 234 ms
五月 16, 2016 3:02:58 下午 org.apache.catalina.startup.HostConfig deployDirectory
信息: Deploying web application directory G:\eclipse workspace\FrameTest\apache-tomcat-7.0.68\webapps\host-manager
五月 16, 2016 3:02:58 下午 org.apache.catalina.startup.HostConfig deployDirectory
信息: Deployment of web application directory G:\eclipse workspace\FrameTest\apache-tomcat-7.0.68\webapps\host-manager has finished in 47 ms
五月 16, 2016 3:02:58 下午 org.apache.catalina.startup.HostConfig deployDirectory
信息: Deploying web application directory G:\eclipse workspace\FrameTest\apache-tomcat-7.0.68\webapps\manager
五月 16, 2016 3:02:58 下午 org.apache.catalina.startup.HostConfig deployDirectory
信息: Deployment of web application directory G:\eclipse workspace\FrameTest\apache-tomcat-7.0.68\webapps\manager has finished in 63 ms
五月 16, 2016 3:02:58 下午 org.apache.catalina.startup.HostConfig deployDirectory
信息: Deploying web application directory G:\eclipse workspace\FrameTest\apache-tomcat-7.0.68\webapps\ROOT
五月 16, 2016 3:02:58 下午 org.apache.catalina.startup.HostConfig deployDirectory
信息: Deployment of web application directory G:\eclipse workspace\FrameTest\apache-tomcat-7.0.68\webapps\ROOT has finished in 46 ms
五月 16, 2016 3:02:58 下午 org.apache.coyote.AbstractProtocol start
信息: Starting ProtocolHandler ["http-apr-8080"]
五月 16, 2016 3:02:58 下午 org.apache.coyote.AbstractProtocol start
信息: Starting ProtocolHandler ["ajp-apr-8009"]
五月 16, 2016 3:02:58 下午 org.apache.catalina.startup.Catalina start
信息: Server startup in 923 ms
五月 16, 2016 3:20:14 下午 org.apache.tomcat.util.digester.SetPropertiesRule begin
警告: [SetPropertiesRule]{Server/Service/Engine/Host/Context} Setting property 'source' to 'org.eclipse.jst.jee.server:MapTest' did not find a matching property.
五月 16, 2016 3:20:14 下午 org.apache.catalina.startup.VersionLoggerListener log
信息: Server version:        Apache Tomcat/7.0.68
五月 16, 2016 3:20:14 下午 org.apache.catalina.startup.VersionLoggerListener log
信息: Server built:          Feb 8 2016 20:25:54 UTC
五月 16, 2016 3:20:14 下午 org.apache.catalina.startup.VersionLoggerListener log
信息: Server number:         7.0.68.0
五月 16, 2016 3:20:14 下午 org.apache.catalina.startup.VersionLoggerListener log
信息: OS Name:               Windows 7
五月 16, 2016 3:20:14 下午 org.apache.catalina.startup.VersionLoggerListener log
信息: OS Version:            6.1
五月 16, 2016 3:20:14 下午 org.apache.catalina.startup.VersionLoggerListener log
信息: Architecture:          x86
五月 16, 2016 3:20:14 下午 org.apache.catalina.startup.VersionLoggerListener log
信息: Java Home:             G:\eclipse workspace\FrameTest\jre
五月 16, 2016 3:20:14 下午 org.apache.catalina.startup.VersionLoggerListener log
信息: JVM Version:           1.8.0_20-b26
五月 16, 2016 3:20:14 下午 org.apache.catalina.startup.VersionLoggerListener log
信息: JVM Vendor:            Oracle Corporation
五月 16, 2016 3:20:14 下午 org.apache.catalina.startup.VersionLoggerListener log
信息: CATALINA_BASE:         G:\eclipse workspace\FrameTest\apache-tomcat-7.0.68
五月 16, 2016 3:20:14 下午 org.apache.catalina.startup.VersionLoggerListener log
信息: CATALINA_HOME:         G:\eclipse workspace\FrameTest\apache-tomcat-7.0.68
五月 16, 2016 3:20:14 下午 org.apache.catalina.startup.VersionLoggerListener log
信息: Command line argument: -Djava.util.logging.config.file=G:\eclipse workspace\FrameTest\apache-tomcat-7.0.68\conf\logging.properties
五月 16, 2016 3:20:14 下午 org.apache.catalina.startup.VersionLoggerListener log
信息: Command line argument: -Djava.util.logging.manager=org.apache.juli.ClassLoaderLogManager
五月 16, 2016 3:20:14 下午 org.apache.catalina.startup.VersionLoggerListener log
信息: Command line argument: -Djava.endorsed.dirs=G:\eclipse workspace\FrameTest\apache-tomcat-7.0.68\endorsed
五月 16, 2016 3:20:14 下午 org.apache.catalina.startup.VersionLoggerListener log
信息: Command line argument: -Dcatalina.base=G:\eclipse workspace\FrameTest\apache-tomcat-7.0.68
五月 16, 2016 3:20:14 下午 org.apache.catalina.startup.VersionLoggerListener log
信息: Command line argument: -Dcatalina.home=G:\eclipse workspace\FrameTest\apache-tomcat-7.0.68
五月 16, 2016 3:20:14 下午 org.apache.catalina.startup.VersionLoggerListener log
信息: Command line argument: -Djava.io.tmpdir=G:\eclipse workspace\FrameTest\apache-tomcat-7.0.68\temp
五月 16, 2016 3:20:14 下午 org.apache.catalina.core.AprLifecycleListener lifecycleEvent
信息: Loaded APR based Apache Tomcat Native library 1.1.33 using APR version 1.5.1.
五月 16, 2016 3:20:14 下午 org.apache.catalina.core.AprLifecycleListener lifecycleEvent
信息: APR capabilities: IPv6 [true], sendfile [true], accept filters [false], random [true].
五月 16, 2016 3:20:14 下午 org.apache.catalina.core.AprLifecycleListener initializeSSL
信息: OpenSSL successfully initialized (OpenSSL 1.0.1m 19 Mar 2015)
五月 16, 2016 3:20:14 下午 org.apache.coyote.AbstractProtocol init
信息: Initializing ProtocolHandler ["http-apr-8080"]
五月 16, 2016 3:20:14 下午 org.apache.coyote.AbstractProtocol init
严重: Failed to initialize end point associated with ProtocolHandler ["http-apr-8080"]
java.lang.Exception: Socket bind failed: [730048] ?????????×???(Э?é/???????/???)????í??
	at org.apache.tomcat.util.net.AprEndpoint.bind(AprEndpoint.java:470)
	at org.apache.tomcat.util.net.AbstractEndpoint.init(AbstractEndpoint.java:650)
	at org.apache.coyote.AbstractProtocol.init(AbstractProtocol.java:434)
	at org.apache.catalina.connector.Connector.initInternal(Connector.java:978)
	at org.apache.catalina.util.LifecycleBase.init(LifecycleBase.java:102)
	at org.apache.catalina.core.StandardService.initInternal(StandardService.java:560)
	at org.apache.catalina.util.LifecycleBase.init(LifecycleBase.java:102)
	at org.apache.catalina.core.StandardServer.initInternal(StandardServer.java:820)
	at org.apache.catalina.util.LifecycleBase.init(LifecycleBase.java:102)
	at org.apache.catalina.startup.Catalina.load(Catalina.java:642)
	at org.apache.catalina.startup.Catalina.load(Catalina.java:667)
	at sun.reflect.NativeMethodAccessorImpl.invoke0(Native Method)
	at sun.reflect.NativeMethodAccessorImpl.invoke(NativeMethodAccessorImpl.java:62)
	at sun.reflect.DelegatingMethodAccessorImpl.invoke(DelegatingMethodAccessorImpl.java:43)
	at java.lang.reflect.Method.invoke(Method.java:483)
	at org.apache.catalina.startup.Bootstrap.load(Bootstrap.java:253)
	at org.apache.catalina.startup.Bootstrap.main(Bootstrap.java:427)

五月 16, 2016 3:20:14 下午 org.apache.catalina.core.StandardService initInternal
严重: Failed to initialize connector [Connector[HTTP/1.1-8080]]
org.apache.catalina.LifecycleException: Failed to initialize component [Connector[HTTP/1.1-8080]]
	at org.apache.catalina.util.LifecycleBase.init(LifecycleBase.java:106)
	at org.apache.catalina.core.StandardService.initInternal(StandardService.java:560)
	at org.apache.catalina.util.LifecycleBase.init(LifecycleBase.java:102)
	at org.apache.catalina.core.StandardServer.initInternal(StandardServer.java:820)
	at org.apache.catalina.util.LifecycleBase.init(LifecycleBase.java:102)
	at org.apache.catalina.startup.Catalina.load(Catalina.java:642)
	at org.apache.catalina.startup.Catalina.load(Catalina.java:667)
	at sun.reflect.NativeMethodAccessorImpl.invoke0(Native Method)
	at sun.reflect.NativeMethodAccessorImpl.invoke(NativeMethodAccessorImpl.java:62)
	at sun.reflect.DelegatingMethodAccessorImpl.invoke(DelegatingMethodAccessorImpl.java:43)
	at java.lang.reflect.Method.invoke(Method.java:483)
	at org.apache.catalina.startup.Bootstrap.load(Bootstrap.java:253)
	at org.apache.catalina.startup.Bootstrap.main(Bootstrap.java:427)
Caused by: org.apache.catalina.LifecycleException: Protocol handler initialization failed
	at org.apache.catalina.connector.Connector.initInternal(Connector.java:980)
	at org.apache.catalina.util.LifecycleBase.init(LifecycleBase.java:102)
	... 12 more
Caused by: java.lang.Exception: Socket bind failed: [730048] ?????????×???(Э?é/???????/???)????í??
	at org.apache.tomcat.util.net.AprEndpoint.bind(AprEndpoint.java:470)
	at org.apache.tomcat.util.net.AbstractEndpoint.init(AbstractEndpoint.java:650)
	at org.apache.coyote.AbstractProtocol.init(AbstractProtocol.java:434)
	at org.apache.catalina.connector.Connector.initInternal(Connector.java:978)
	... 13 more

五月 16, 2016 3:20:14 下午 org.apache.coyote.AbstractProtocol init
信息: Initializing ProtocolHandler ["ajp-apr-8009"]
五月 16, 2016 3:20:14 下午 org.apache.coyote.AbstractProtocol init
严重: Failed to initialize end point associated with ProtocolHandler ["ajp-apr-8009"]
java.lang.Exception: Socket bind failed: [730048] ?????????×???(Э?é/???????/???)????í??
	at org.apache.tomcat.util.net.AprEndpoint.bind(AprEndpoint.java:470)
	at org.apache.tomcat.util.net.AbstractEndpoint.init(AbstractEndpoint.java:650)
	at org.apache.coyote.AbstractProtocol.init(AbstractProtocol.java:434)
	at org.apache.catalina.connector.Connector.initInternal(Connector.java:978)
	at org.apache.catalina.util.LifecycleBase.init(LifecycleBase.java:102)
	at org.apache.catalina.core.StandardService.initInternal(StandardService.java:560)
	at org.apache.catalina.util.LifecycleBase.init(LifecycleBase.java:102)
	at org.apache.catalina.core.StandardServer.initInternal(StandardServer.java:820)
	at org.apache.catalina.util.LifecycleBase.init(LifecycleBase.java:102)
	at org.apache.catalina.startup.Catalina.load(Catalina.java:642)
	at org.apache.catalina.startup.Catalina.load(Catalina.java:667)
	at sun.reflect.NativeMethodAccessorImpl.invoke0(Native Method)
	at sun.reflect.NativeMethodAccessorImpl.invoke(NativeMethodAccessorImpl.java:62)
	at sun.reflect.DelegatingMethodAccessorImpl.invoke(DelegatingMethodAccessorImpl.java:43)
	at java.lang.reflect.Method.invoke(Method.java:483)
	at org.apache.catalina.startup.Bootstrap.load(Bootstrap.java:253)
	at org.apache.catalina.startup.Bootstrap.main(Bootstrap.java:427)

五月 16, 2016 3:20:14 下午 org.apache.catalina.core.StandardService initInternal
严重: Failed to initialize connector [Connector[AJP/1.3-8009]]
org.apache.catalina.LifecycleException: Failed to initialize component [Connector[AJP/1.3-8009]]
	at org.apache.catalina.util.LifecycleBase.init(LifecycleBase.java:106)
	at org.apache.catalina.core.StandardService.initInternal(StandardService.java:560)
	at org.apache.catalina.util.LifecycleBase.init(LifecycleBase.java:102)
	at org.apache.catalina.core.StandardServer.initInternal(StandardServer.java:820)
	at org.apache.catalina.util.LifecycleBase.init(LifecycleBase.java:102)
	at org.apache.catalina.startup.Catalina.load(Catalina.java:642)
	at org.apache.catalina.startup.Catalina.load(Catalina.java:667)
	at sun.reflect.NativeMethodAccessorImpl.invoke0(Native Method)
	at sun.reflect.NativeMethodAccessorImpl.invoke(NativeMethodAccessorImpl.java:62)
	at sun.reflect.DelegatingMethodAccessorImpl.invoke(DelegatingMethodAccessorImpl.java:43)
	at java.lang.reflect.Method.invoke(Method.java:483)
	at org.apache.catalina.startup.Bootstrap.load(Bootstrap.java:253)
	at org.apache.catalina.startup.Bootstrap.main(Bootstrap.java:427)
Caused by: org.apache.catalina.LifecycleException: Protocol handler initialization failed
	at org.apache.catalina.connector.Connector.initInternal(Connector.java:980)
	at org.apache.catalina.util.LifecycleBase.init(LifecycleBase.java:102)
	... 12 more
Caused by: java.lang.Exception: Socket bind failed: [730048] ?????????×???(Э?é/???????/???)????í??
	at org.apache.tomcat.util.net.AprEndpoint.bind(AprEndpoint.java:470)
	at org.apache.tomcat.util.net.AbstractEndpoint.init(AbstractEndpoint.java:650)
	at org.apache.coyote.AbstractProtocol.init(AbstractProtocol.java:434)
	at org.apache.catalina.connector.Connector.initInternal(Connector.java:978)
	... 13 more

五月 16, 2016 3:20:14 下午 org.apache.catalina.startup.Catalina load
信息: Initialization processed in 1070 ms
五月 16, 2016 3:20:14 下午 org.apache.catalina.core.StandardService startInternal
信息: Starting service Catalina
五月 16, 2016 3:20:14 下午 org.apache.catalina.core.StandardEngine startInternal
信息: Starting Servlet Engine: Apache Tomcat/7.0.68
五月 16, 2016 3:20:15 下午 org.apache.catalina.startup.TldConfig execute
信息: At least one JAR was scanned for TLDs yet contained no TLDs. Enable debug logging for this logger for a complete list of JARs that were scanned but no TLDs were found in them. Skipping unneeded JARs during scanning can improve startup time and JSP compilation time.
五月 16, 2016 3:20:15 下午 org.apache.catalina.startup.HostConfig deployDirectory
信息: Deploying web application directory G:\eclipse workspace\FrameTest\apache-tomcat-7.0.68\webapps\docs
五月 16, 2016 3:20:15 下午 org.apache.catalina.startup.HostConfig deployDirectory
信息: Deployment of web application directory G:\eclipse workspace\FrameTest\apache-tomcat-7.0.68\webapps\docs has finished in 47 ms
五月 16, 2016 3:20:15 下午 org.apache.catalina.startup.HostConfig deployDirectory
信息: Deploying web application directory G:\eclipse workspace\FrameTest\apache-tomcat-7.0.68\webapps\examples
五月 16, 2016 3:20:15 下午 org.apache.catalina.startup.HostConfig deployDirectory
信息: Deployment of web application directory G:\eclipse workspace\FrameTest\apache-tomcat-7.0.68\webapps\examples has finished in 218 ms
五月 16, 2016 3:20:15 下午 org.apache.catalina.startup.HostConfig deployDirectory
信息: Deploying web application directory G:\eclipse workspace\FrameTest\apache-tomcat-7.0.68\webapps\host-manager
五月 16, 2016 3:20:15 下午 org.apache.catalina.startup.HostConfig deployDirectory
信息: Deployment of web application directory G:\eclipse workspace\FrameTest\apache-tomcat-7.0.68\webapps\host-manager has finished in 47 ms
五月 16, 2016 3:20:15 下午 org.apache.catalina.startup.HostConfig deployDirectory
信息: Deploying web application directory G:\eclipse workspace\FrameTest\apache-tomcat-7.0.68\webapps\manager
五月 16, 2016 3:20:15 下午 org.apache.catalina.startup.HostConfig deployDirectory
信息: Deployment of web application directory G:\eclipse workspace\FrameTest\apache-tomcat-7.0.68\webapps\manager has finished in 47 ms
五月 16, 2016 3:20:15 下午 org.apache.catalina.startup.HostConfig deployDirectory
信息: Deploying web application directory G:\eclipse workspace\FrameTest\apache-tomcat-7.0.68\webapps\ROOT
五月 16, 2016 3:20:15 下午 org.apache.catalina.startup.HostConfig deployDirectory
信息: Deployment of web application directory G:\eclipse workspace\FrameTest\apache-tomcat-7.0.68\webapps\ROOT has finished in 31 ms
五月 16, 2016 3:20:15 下午 org.apache.catalina.startup.Catalina start
信息: Server startup in 828 ms
五月 16, 2016 3:20:15 下午 org.apache.catalina.core.StandardServer await
严重: StandardServer.await: create[localhost:8005]: 
java.net.BindException: Address already in use: JVM_Bind
	at java.net.DualStackPlainSocketImpl.bind0(Native Method)
	at java.net.DualStackPlainSocketImpl.socketBind(DualStackPlainSocketImpl.java:106)
	at java.net.AbstractPlainSocketImpl.bind(AbstractPlainSocketImpl.java:382)
	at java.net.PlainSocketImpl.bind(PlainSocketImpl.java:190)
	at java.net.ServerSocket.bind(ServerSocket.java:375)
	at java.net.ServerSocket.<init>(ServerSocket.java:237)
	at org.apache.catalina.core.StandardServer.await(StandardServer.java:426)
	at org.apache.catalina.startup.Catalina.await(Catalina.java:781)
	at org.apache.catalina.startup.Catalina.start(Catalina.java:727)
	at sun.reflect.NativeMethodAccessorImpl.invoke0(Native Method)
	at sun.reflect.NativeMethodAccessorImpl.invoke(NativeMethodAccessorImpl.java:62)
	at sun.reflect.DelegatingMethodAccessorImpl.invoke(DelegatingMethodAccessorImpl.java:43)
	at java.lang.reflect.Method.invoke(Method.java:483)
	at org.apache.catalina.startup.Bootstrap.start(Bootstrap.java:294)
	at org.apache.catalina.startup.Bootstrap.main(Bootstrap.java:428)

五月 16, 2016 3:20:15 下午 org.apache.coyote.AbstractProtocol pause
信息: Pausing ProtocolHandler ["http-apr-8080"]
五月 16, 2016 3:20:15 下午 org.apache.coyote.AbstractProtocol pause
信息: Pausing ProtocolHandler ["ajp-apr-8009"]
五月 16, 2016 3:20:15 下午 org.apache.catalina.core.StandardService stopInternal
信息: Stopping service Catalina
五月 16, 2016 3:20:15 下午 org.apache.coyote.AbstractProtocol stop
信息: Stopping ProtocolHandler ["http-apr-8080"]
五月 16, 2016 3:20:15 下午 org.apache.coyote.AbstractProtocol destroy
信息: Destroying ProtocolHandler ["http-apr-8080"]
五月 16, 2016 3:20:15 下午 org.apache.coyote.AbstractProtocol stop
信息: Stopping ProtocolHandler ["ajp-apr-8009"]
五月 16, 2016 3:20:15 下午 org.apache.coyote.AbstractProtocol destroy
信息: Destroying ProtocolHandler ["ajp-apr-8009"]
五月 16, 2016 3:27:20 下午 org.apache.catalina.core.StandardContext reload
信息: Reloading Context with name [/MapTest] has started
五月 16, 2016 3:27:20 下午 org.apache.catalina.loader.WebappClassLoaderBase clearReferencesJdbc
严重: The web application [/MapTest] registered the JDBC driver [org.sqlite.JDBC] but failed to unregister it when the web application was stopped. To prevent a memory leak, the JDBC Driver has been forcibly unregistered.
五月 16, 2016 3:27:20 下午 org.apache.catalina.loader.WebappClassLoaderBase loadClass
信息: Illegal access: this web application instance has been stopped already.  Could not load org.sqlite.SQLiteErrorCode.  The eventual following stack trace is caused by an error thrown for debugging purposes as well as to attempt to terminate the thread which caused the illegal access, and has no functional impact.
java.lang.IllegalStateException
	at org.apache.catalina.loader.WebappClassLoaderBase.loadClass(WebappClassLoaderBase.java:1743)
	at org.apache.catalina.loader.WebappClassLoaderBase.loadClass(WebappClassLoaderBase.java:1701)
	at org.sqlite.core.DB.newSQLException(DB.java:889)
	at org.sqlite.core.CoreStatement.internalClose(CoreStatement.java:109)
	at org.sqlite.jdbc3.JDBC3Statement.close(JDBC3Statement.java:35)
	at org.sqlite.core.CorePreparedStatement.finalize(CorePreparedStatement.java:53)
	at java.lang.System$2.invokeFinalize(System.java:1267)
	at java.lang.ref.Finalizer.runFinalizer(Finalizer.java:98)
	at java.lang.ref.Finalizer.access$100(Finalizer.java:34)
	at java.lang.ref.Finalizer$FinalizerThread.run(Finalizer.java:210)

五月 16, 2016 3:27:20 下午 org.apache.catalina.startup.TldConfig execute
信息: At least one JAR was scanned for TLDs yet contained no TLDs. Enable debug logging for this logger for a complete list of JARs that were scanned but no TLDs were found in them. Skipping unneeded JARs during scanning can improve startup time and JSP compilation time.
五月 16, 2016 3:27:20 下午 org.apache.catalina.core.StandardContext reload
信息: Reloading Context with name [/MapTest] is completed
五月 16, 2016 3:27:59 下午 org.apache.tomcat.util.digester.SetPropertiesRule begin
警告: [SetPropertiesRule]{Server/Service/Engine/Host/Context} Setting property 'source' to 'org.eclipse.jst.jee.server:MapTest' did not find a matching property.
五月 16, 2016 3:27:59 下午 org.apache.catalina.startup.VersionLoggerListener log
信息: Server version:        Apache Tomcat/7.0.68
五月 16, 2016 3:27:59 下午 org.apache.catalina.startup.VersionLoggerListener log
信息: Server built:          Feb 8 2016 20:25:54 UTC
五月 16, 2016 3:27:59 下午 org.apache.catalina.startup.VersionLoggerListener log
信息: Server number:         7.0.68.0
五月 16, 2016 3:27:59 下午 org.apache.catalina.startup.VersionLoggerListener log
信息: OS Name:               Windows 7
五月 16, 2016 3:27:59 下午 org.apache.catalina.startup.VersionLoggerListener log
信息: OS Version:            6.1
五月 16, 2016 3:27:59 下午 org.apache.catalina.startup.VersionLoggerListener log
信息: Architecture:          x86
五月 16, 2016 3:27:59 下午 org.apache.catalina.startup.VersionLoggerListener log
信息: Java Home:             G:\eclipse workspace\FrameTest\jre
五月 16, 2016 3:27:59 下午 org.apache.catalina.startup.VersionLoggerListener log
信息: JVM Version:           1.8.0_20-b26
五月 16, 2016 3:27:59 下午 org.apache.catalina.startup.VersionLoggerListener log
信息: JVM Vendor:            Oracle Corporation
五月 16, 2016 3:27:59 下午 org.apache.catalina.startup.VersionLoggerListener log
信息: CATALINA_BASE:         G:\eclipse workspace\FrameTest\apache-tomcat-7.0.68
五月 16, 2016 3:27:59 下午 org.apache.catalina.startup.VersionLoggerListener log
信息: CATALINA_HOME:         G:\eclipse workspace\FrameTest\apache-tomcat-7.0.68
五月 16, 2016 3:27:59 下午 org.apache.catalina.startup.VersionLoggerListener log
信息: Command line argument: -Djava.util.logging.config.file=G:\eclipse workspace\FrameTest\apache-tomcat-7.0.68\conf\logging.properties
五月 16, 2016 3:27:59 下午 org.apache.catalina.startup.VersionLoggerListener log
信息: Command line argument: -Djava.util.logging.manager=org.apache.juli.ClassLoaderLogManager
五月 16, 2016 3:27:59 下午 org.apache.catalina.startup.VersionLoggerListener log
信息: Command line argument: -Djava.endorsed.dirs=G:\eclipse workspace\FrameTest\apache-tomcat-7.0.68\endorsed
五月 16, 2016 3:27:59 下午 org.apache.catalina.startup.VersionLoggerListener log
信息: Command line argument: -Dcatalina.base=G:\eclipse workspace\FrameTest\apache-tomcat-7.0.68
五月 16, 2016 3:27:59 下午 org.apache.catalina.startup.VersionLoggerListener log
信息: Command line argument: -Dcatalina.home=G:\eclipse workspace\FrameTest\apache-tomcat-7.0.68
五月 16, 2016 3:27:59 下午 org.apache.catalina.startup.VersionLoggerListener log
信息: Command line argument: -Djava.io.tmpdir=G:\eclipse workspace\FrameTest\apache-tomcat-7.0.68\temp
五月 16, 2016 3:27:59 下午 org.apache.catalina.core.AprLifecycleListener lifecycleEvent
信息: Loaded APR based Apache Tomcat Native library 1.1.33 using APR version 1.5.1.
五月 16, 2016 3:27:59 下午 org.apache.catalina.core.AprLifecycleListener lifecycleEvent
信息: APR capabilities: IPv6 [true], sendfile [true], accept filters [false], random [true].
五月 16, 2016 3:28:00 下午 org.apache.catalina.core.AprLifecycleListener initializeSSL
信息: OpenSSL successfully initialized (OpenSSL 1.0.1m 19 Mar 2015)
五月 16, 2016 3:28:00 下午 org.apache.coyote.AbstractProtocol init
信息: Initializing ProtocolHandler ["http-apr-8080"]
五月 16, 2016 3:28:00 下午 org.apache.coyote.AbstractProtocol init
严重: Failed to initialize end point associated with ProtocolHandler ["http-apr-8080"]
java.lang.Exception: Socket bind failed: [730048] ?????????×???(Э?é/???????/???)????í??
	at org.apache.tomcat.util.net.AprEndpoint.bind(AprEndpoint.java:470)
	at org.apache.tomcat.util.net.AbstractEndpoint.init(AbstractEndpoint.java:650)
	at org.apache.coyote.AbstractProtocol.init(AbstractProtocol.java:434)
	at org.apache.catalina.connector.Connector.initInternal(Connector.java:978)
	at org.apache.catalina.util.LifecycleBase.init(LifecycleBase.java:102)
	at org.apache.catalina.core.StandardService.initInternal(StandardService.java:560)
	at org.apache.catalina.util.LifecycleBase.init(LifecycleBase.java:102)
	at org.apache.catalina.core.StandardServer.initInternal(StandardServer.java:820)
	at org.apache.catalina.util.LifecycleBase.init(LifecycleBase.java:102)
	at org.apache.catalina.startup.Catalina.load(Catalina.java:642)
	at org.apache.catalina.startup.Catalina.load(Catalina.java:667)
	at sun.reflect.NativeMethodAccessorImpl.invoke0(Native Method)
	at sun.reflect.NativeMethodAccessorImpl.invoke(NativeMethodAccessorImpl.java:62)
	at sun.reflect.DelegatingMethodAccessorImpl.invoke(DelegatingMethodAccessorImpl.java:43)
	at java.lang.reflect.Method.invoke(Method.java:483)
	at org.apache.catalina.startup.Bootstrap.load(Bootstrap.java:253)
	at org.apache.catalina.startup.Bootstrap.main(Bootstrap.java:427)

五月 16, 2016 3:28:00 下午 org.apache.catalina.core.StandardService initInternal
严重: Failed to initialize connector [Connector[HTTP/1.1-8080]]
org.apache.catalina.LifecycleException: Failed to initialize component [Connector[HTTP/1.1-8080]]
	at org.apache.catalina.util.LifecycleBase.init(LifecycleBase.java:106)
	at org.apache.catalina.core.StandardService.initInternal(StandardService.java:560)
	at org.apache.catalina.util.LifecycleBase.init(LifecycleBase.java:102)
	at org.apache.catalina.core.StandardServer.initInternal(StandardServer.java:820)
	at org.apache.catalina.util.LifecycleBase.init(LifecycleBase.java:102)
	at org.apache.catalina.startup.Catalina.load(Catalina.java:642)
	at org.apache.catalina.startup.Catalina.load(Catalina.java:667)
	at sun.reflect.NativeMethodAccessorImpl.invoke0(Native Method)
	at sun.reflect.NativeMethodAccessorImpl.invoke(NativeMethodAccessorImpl.java:62)
	at sun.reflect.DelegatingMethodAccessorImpl.invoke(DelegatingMethodAccessorImpl.java:43)
	at java.lang.reflect.Method.invoke(Method.java:483)
	at org.apache.catalina.startup.Bootstrap.load(Bootstrap.java:253)
	at org.apache.catalina.startup.Bootstrap.main(Bootstrap.java:427)
Caused by: org.apache.catalina.LifecycleException: Protocol handler initialization failed
	at org.apache.catalina.connector.Connector.initInternal(Connector.java:980)
	at org.apache.catalina.util.LifecycleBase.init(LifecycleBase.java:102)
	... 12 more
Caused by: java.lang.Exception: Socket bind failed: [730048] ?????????×???(Э?é/???????/???)????í??
	at org.apache.tomcat.util.net.AprEndpoint.bind(AprEndpoint.java:470)
	at org.apache.tomcat.util.net.AbstractEndpoint.init(AbstractEndpoint.java:650)
	at org.apache.coyote.AbstractProtocol.init(AbstractProtocol.java:434)
	at org.apache.catalina.connector.Connector.initInternal(Connector.java:978)
	... 13 more

五月 16, 2016 3:28:00 下午 org.apache.coyote.AbstractProtocol init
信息: Initializing ProtocolHandler ["ajp-apr-8009"]
五月 16, 2016 3:28:00 下午 org.apache.coyote.AbstractProtocol init
严重: Failed to initialize end point associated with ProtocolHandler ["ajp-apr-8009"]
java.lang.Exception: Socket bind failed: [730048] ?????????×???(Э?é/???????/???)????í??
	at org.apache.tomcat.util.net.AprEndpoint.bind(AprEndpoint.java:470)
	at org.apache.tomcat.util.net.AbstractEndpoint.init(AbstractEndpoint.java:650)
	at org.apache.coyote.AbstractProtocol.init(AbstractProtocol.java:434)
	at org.apache.catalina.connector.Connector.initInternal(Connector.java:978)
	at org.apache.catalina.util.LifecycleBase.init(LifecycleBase.java:102)
	at org.apache.catalina.core.StandardService.initInternal(StandardService.java:560)
	at org.apache.catalina.util.LifecycleBase.init(LifecycleBase.java:102)
	at org.apache.catalina.core.StandardServer.initInternal(StandardServer.java:820)
	at org.apache.catalina.util.LifecycleBase.init(LifecycleBase.java:102)
	at org.apache.catalina.startup.Catalina.load(Catalina.java:642)
	at org.apache.catalina.startup.Catalina.load(Catalina.java:667)
	at sun.reflect.NativeMethodAccessorImpl.invoke0(Native Method)
	at sun.reflect.NativeMethodAccessorImpl.invoke(NativeMethodAccessorImpl.java:62)
	at sun.reflect.DelegatingMethodAccessorImpl.invoke(DelegatingMethodAccessorImpl.java:43)
	at java.lang.reflect.Method.invoke(Method.java:483)
	at org.apache.catalina.startup.Bootstrap.load(Bootstrap.java:253)
	at org.apache.catalina.startup.Bootstrap.main(Bootstrap.java:427)

五月 16, 2016 3:28:00 下午 org.apache.catalina.core.StandardService initInternal
严重: Failed to initialize connector [Connector[AJP/1.3-8009]]
org.apache.catalina.LifecycleException: Failed to initialize component [Connector[AJP/1.3-8009]]
	at org.apache.catalina.util.LifecycleBase.init(LifecycleBase.java:106)
	at org.apache.catalina.core.StandardService.initInternal(StandardService.java:560)
	at org.apache.catalina.util.LifecycleBase.init(LifecycleBase.java:102)
	at org.apache.catalina.core.StandardServer.initInternal(StandardServer.java:820)
	at org.apache.catalina.util.LifecycleBase.init(LifecycleBase.java:102)
	at org.apache.catalina.startup.Catalina.load(Catalina.java:642)
	at org.apache.catalina.startup.Catalina.load(Catalina.java:667)
	at sun.reflect.NativeMethodAccessorImpl.invoke0(Native Method)
	at sun.reflect.NativeMethodAccessorImpl.invoke(NativeMethodAccessorImpl.java:62)
	at sun.reflect.DelegatingMethodAccessorImpl.invoke(DelegatingMethodAccessorImpl.java:43)
	at java.lang.reflect.Method.invoke(Method.java:483)
	at org.apache.catalina.startup.Bootstrap.load(Bootstrap.java:253)
	at org.apache.catalina.startup.Bootstrap.main(Bootstrap.java:427)
Caused by: org.apache.catalina.LifecycleException: Protocol handler initialization failed
	at org.apache.catalina.connector.Connector.initInternal(Connector.java:980)
	at org.apache.catalina.util.LifecycleBase.init(LifecycleBase.java:102)
	... 12 more
Caused by: java.lang.Exception: Socket bind failed: [730048] ?????????×???(Э?é/???????/???)????í??
	at org.apache.tomcat.util.net.AprEndpoint.bind(AprEndpoint.java:470)
	at org.apache.tomcat.util.net.AbstractEndpoint.init(AbstractEndpoint.java:650)
	at org.apache.coyote.AbstractProtocol.init(AbstractProtocol.java:434)
	at org.apache.catalina.connector.Connector.initInternal(Connector.java:978)
	... 13 more

五月 16, 2016 3:28:00 下午 org.apache.catalina.startup.Catalina load
信息: Initialization processed in 1147 ms
五月 16, 2016 3:28:00 下午 org.apache.catalina.core.StandardService startInternal
信息: Starting service Catalina
五月 16, 2016 3:28:00 下午 org.apache.catalina.core.StandardEngine startInternal
信息: Starting Servlet Engine: Apache Tomcat/7.0.68
五月 16, 2016 3:28:00 下午 org.apache.catalina.startup.TldConfig execute
信息: At least one JAR was scanned for TLDs yet contained no TLDs. Enable debug logging for this logger for a complete list of JARs that were scanned but no TLDs were found in them. Skipping unneeded JARs during scanning can improve startup time and JSP compilation time.
五月 16, 2016 3:28:00 下午 org.apache.catalina.startup.HostConfig deployDirectory
信息: Deploying web application directory G:\eclipse workspace\FrameTest\apache-tomcat-7.0.68\webapps\docs
五月 16, 2016 3:28:01 下午 org.apache.catalina.startup.HostConfig deployDirectory
信息: Deployment of web application directory G:\eclipse workspace\FrameTest\apache-tomcat-7.0.68\webapps\docs has finished in 94 ms
五月 16, 2016 3:28:01 下午 org.apache.catalina.startup.HostConfig deployDirectory
信息: Deploying web application directory G:\eclipse workspace\FrameTest\apache-tomcat-7.0.68\webapps\examples
五月 16, 2016 3:28:01 下午 org.apache.catalina.startup.HostConfig deployDirectory
信息: Deployment of web application directory G:\eclipse workspace\FrameTest\apache-tomcat-7.0.68\webapps\examples has finished in 296 ms
五月 16, 2016 3:28:01 下午 org.apache.catalina.startup.HostConfig deployDirectory
信息: Deploying web application directory G:\eclipse workspace\FrameTest\apache-tomcat-7.0.68\webapps\host-manager
五月 16, 2016 3:28:01 下午 org.apache.catalina.startup.HostConfig deployDirectory
信息: Deployment of web application directory G:\eclipse workspace\FrameTest\apache-tomcat-7.0.68\webapps\host-manager has finished in 63 ms
五月 16, 2016 3:28:01 下午 org.apache.catalina.startup.HostConfig deployDirectory
信息: Deploying web application directory G:\eclipse workspace\FrameTest\apache-tomcat-7.0.68\webapps\manager
五月 16, 2016 3:28:01 下午 org.apache.catalina.startup.HostConfig deployDirectory
信息: Deployment of web application directory G:\eclipse workspace\FrameTest\apache-tomcat-7.0.68\webapps\manager has finished in 47 ms
五月 16, 2016 3:28:01 下午 org.apache.catalina.startup.HostConfig deployDirectory
信息: Deploying web application directory G:\eclipse workspace\FrameTest\apache-tomcat-7.0.68\webapps\ROOT
五月 16, 2016 3:28:01 下午 org.apache.catalina.startup.HostConfig deployDirectory
信息: Deployment of web application directory G:\eclipse workspace\FrameTest\apache-tomcat-7.0.68\webapps\ROOT has finished in 46 ms
五月 16, 2016 3:28:01 下午 org.apache.catalina.startup.Catalina start
信息: Server startup in 1035 ms
五月 16, 2016 3:28:01 下午 org.apache.catalina.core.StandardServer await
严重: StandardServer.await: create[localhost:8005]: 
java.net.BindException: Address already in use: JVM_Bind
	at java.net.DualStackPlainSocketImpl.bind0(Native Method)
	at java.net.DualStackPlainSocketImpl.socketBind(DualStackPlainSocketImpl.java:106)
	at java.net.AbstractPlainSocketImpl.bind(AbstractPlainSocketImpl.java:382)
	at java.net.PlainSocketImpl.bind(PlainSocketImpl.java:190)
	at java.net.ServerSocket.bind(ServerSocket.java:375)
	at java.net.ServerSocket.<init>(ServerSocket.java:237)
	at org.apache.catalina.core.StandardServer.await(StandardServer.java:426)
	at org.apache.catalina.startup.Catalina.await(Catalina.java:781)
	at org.apache.catalina.startup.Catalina.start(Catalina.java:727)
	at sun.reflect.NativeMethodAccessorImpl.invoke0(Native Method)
	at sun.reflect.NativeMethodAccessorImpl.invoke(NativeMethodAccessorImpl.java:62)
	at sun.reflect.DelegatingMethodAccessorImpl.invoke(DelegatingMethodAccessorImpl.java:43)
	at java.lang.reflect.Method.invoke(Method.java:483)
	at org.apache.catalina.startup.Bootstrap.start(Bootstrap.java:294)
	at org.apache.catalina.startup.Bootstrap.main(Bootstrap.java:428)

五月 16, 2016 3:28:01 下午 org.apache.coyote.AbstractProtocol pause
信息: Pausing ProtocolHandler ["http-apr-8080"]
五月 16, 2016 3:28:01 下午 org.apache.coyote.AbstractProtocol pause
信息: Pausing ProtocolHandler ["ajp-apr-8009"]
五月 16, 2016 3:28:01 下午 org.apache.catalina.core.StandardService stopInternal
信息: Stopping service Catalina
五月 16, 2016 3:28:01 下午 org.apache.coyote.AbstractProtocol stop
信息: Stopping ProtocolHandler ["http-apr-8080"]
五月 16, 2016 3:28:01 下午 org.apache.coyote.AbstractProtocol destroy
信息: Destroying ProtocolHandler ["http-apr-8080"]
五月 16, 2016 3:28:01 下午 org.apache.coyote.AbstractProtocol stop
信息: Stopping ProtocolHandler ["ajp-apr-8009"]
五月 16, 2016 3:28:01 下午 org.apache.coyote.AbstractProtocol destroy
信息: Destroying ProtocolHandler ["ajp-apr-8009"]
五月 16, 2016 6:02:51 下午 org.apache.catalina.core.StandardServer await
信息: A valid shutdown command was received via the shutdown port. Stopping the Server instance.
五月 16, 2016 6:02:51 下午 org.apache.coyote.AbstractProtocol pause
信息: Pausing ProtocolHandler ["http-apr-8080"]
五月 16, 2016 6:02:51 下午 org.apache.coyote.AbstractProtocol pause
信息: Pausing ProtocolHandler ["ajp-apr-8009"]
五月 16, 2016 6:02:51 下午 org.apache.catalina.core.StandardService stopInternal
信息: Stopping service Catalina
五月 16, 2016 6:02:51 下午 org.apache.catalina.loader.WebappClassLoaderBase clearReferencesJdbc
严重: The web application [/MapTest] registered the JDBC driver [org.sqlite.JDBC] but failed to unregister it when the web application was stopped. To prevent a memory leak, the JDBC Driver has been forcibly unregistered.
五月 16, 2016 6:02:52 下午 org.apache.coyote.AbstractProtocol stop
信息: Stopping ProtocolHandler ["http-apr-8080"]
五月 16, 2016 6:02:52 下午 org.apache.coyote.AbstractProtocol stop
信息: Stopping ProtocolHandler ["ajp-apr-8009"]
五月 16, 2016 6:02:52 下午 org.apache.coyote.AbstractProtocol destroy
信息: Destroying ProtocolHandler ["http-apr-8080"]
五月 16, 2016 6:02:52 下午 org.apache.coyote.AbstractProtocol destroy
信息: Destroying ProtocolHandler ["ajp-apr-8009"]
