九月 24, 2016 10:39:51 上午 org.apache.tomcat.util.digester.SetPropertiesRule begin
警告: [SetPropertiesRule]{Server/Service/Engine/Host/Context} Setting property 'source' to 'org.eclipse.jst.jee.server:MapTest' did not find a matching property.
九月 24, 2016 10:39:51 上午 org.apache.catalina.startup.VersionLoggerListener log
信息: Server version:        Apache Tomcat/7.0.68
九月 24, 2016 10:39:51 上午 org.apache.catalina.startup.VersionLoggerListener log
信息: Server built:          Feb 8 2016 20:25:54 UTC
九月 24, 2016 10:39:51 上午 org.apache.catalina.startup.VersionLoggerListener log
信息: Server number:         7.0.68.0
九月 24, 2016 10:39:51 上午 org.apache.catalina.startup.VersionLoggerListener log
信息: OS Name:               Windows 7
九月 24, 2016 10:39:51 上午 org.apache.catalina.startup.VersionLoggerListener log
信息: OS Version:            6.1
九月 24, 2016 10:39:51 上午 org.apache.catalina.startup.VersionLoggerListener log
信息: Architecture:          x86
九月 24, 2016 10:39:51 上午 org.apache.catalina.startup.VersionLoggerListener log
信息: Java Home:             C:\SRF_501_8_5\jre
九月 24, 2016 10:39:51 上午 org.apache.catalina.startup.VersionLoggerListener log
信息: JVM Version:           1.8.0_20-b26
九月 24, 2016 10:39:51 上午 org.apache.catalina.startup.VersionLoggerListener log
信息: JVM Vendor:            Oracle Corporation
九月 24, 2016 10:39:51 上午 org.apache.catalina.startup.VersionLoggerListener log
信息: CATALINA_BASE:         C:\Spec_for_new_transfer_9_20\apache-tomcat-7.0.68
九月 24, 2016 10:39:51 上午 org.apache.catalina.startup.VersionLoggerListener log
信息: CATALINA_HOME:         C:\Spec_for_new_transfer_9_20\apache-tomcat-7.0.68
九月 24, 2016 10:39:51 上午 org.apache.catalina.startup.VersionLoggerListener log
信息: Command line argument: -Djava.util.logging.config.file=C:\Spec_for_new_transfer_9_20\apache-tomcat-7.0.68\conf\logging.properties
九月 24, 2016 10:39:51 上午 org.apache.catalina.startup.VersionLoggerListener log
信息: Command line argument: -Djava.util.logging.manager=org.apache.juli.ClassLoaderLogManager
九月 24, 2016 10:39:51 上午 org.apache.catalina.startup.VersionLoggerListener log
信息: Command line argument: -Djava.endorsed.dirs=C:\Spec_for_new_transfer_9_20\apache-tomcat-7.0.68\endorsed
九月 24, 2016 10:39:51 上午 org.apache.catalina.startup.VersionLoggerListener log
信息: Command line argument: -Dcatalina.base=C:\Spec_for_new_transfer_9_20\apache-tomcat-7.0.68
九月 24, 2016 10:39:51 上午 org.apache.catalina.startup.VersionLoggerListener log
信息: Command line argument: -Dcatalina.home=C:\Spec_for_new_transfer_9_20\apache-tomcat-7.0.68
九月 24, 2016 10:39:51 上午 org.apache.catalina.startup.VersionLoggerListener log
信息: Command line argument: -Djava.io.tmpdir=C:\Spec_for_new_transfer_9_20\apache-tomcat-7.0.68\temp
九月 24, 2016 10:39:51 上午 org.apache.catalina.core.AprLifecycleListener lifecycleEvent
信息: Loaded APR based Apache Tomcat Native library 1.1.33 using APR version 1.5.1.
九月 24, 2016 10:39:51 上午 org.apache.catalina.core.AprLifecycleListener lifecycleEvent
信息: APR capabilities: IPv6 [true], sendfile [true], accept filters [false], random [true].
九月 24, 2016 10:39:52 上午 org.apache.catalina.core.AprLifecycleListener initializeSSL
信息: OpenSSL successfully initialized (OpenSSL 1.0.1m 19 Mar 2015)
九月 24, 2016 10:39:53 上午 org.apache.coyote.AbstractProtocol init
信息: Initializing ProtocolHandler ["http-apr-8080"]
九月 24, 2016 10:39:53 上午 org.apache.coyote.AbstractProtocol init
信息: Initializing ProtocolHandler ["ajp-apr-8009"]
九月 24, 2016 10:39:53 上午 org.apache.catalina.startup.Catalina load
信息: Initialization processed in 3764 ms
九月 24, 2016 10:39:53 上午 org.apache.catalina.core.StandardService startInternal
信息: Starting service Catalina
九月 24, 2016 10:39:53 上午 org.apache.catalina.core.StandardEngine startInternal
信息: Starting Servlet Engine: Apache Tomcat/7.0.68
九月 24, 2016 10:39:54 上午 org.apache.catalina.startup.TldConfig execute
信息: At least one JAR was scanned for TLDs yet contained no TLDs. Enable debug logging for this logger for a complete list of JARs that were scanned but no TLDs were found in them. Skipping unneeded JARs during scanning can improve startup time and JSP compilation time.
九月 24, 2016 10:39:54 上午 org.apache.catalina.util.SessionIdGeneratorBase createSecureRandom
信息: Creation of SecureRandom instance for session ID generation using [SHA1PRNG] took [150] milliseconds.
九月 24, 2016 10:39:55 上午 org.apache.catalina.startup.HostConfig deployDirectory
信息: Deploying web application directory C:\Spec_for_new_transfer_9_20\apache-tomcat-7.0.68\webapps\docs
九月 24, 2016 10:39:55 上午 org.apache.catalina.startup.HostConfig deployDirectory
信息: Deployment of web application directory C:\Spec_for_new_transfer_9_20\apache-tomcat-7.0.68\webapps\docs has finished in 120 ms
九月 24, 2016 10:39:55 上午 org.apache.catalina.startup.HostConfig deployDirectory
信息: Deploying web application directory C:\Spec_for_new_transfer_9_20\apache-tomcat-7.0.68\webapps\examples
九月 24, 2016 10:39:56 上午 org.apache.catalina.startup.HostConfig deployDirectory
信息: Deployment of web application directory C:\Spec_for_new_transfer_9_20\apache-tomcat-7.0.68\webapps\examples has finished in 1,088 ms
九月 24, 2016 10:39:56 上午 org.apache.catalina.startup.HostConfig deployDirectory
信息: Deploying web application directory C:\Spec_for_new_transfer_9_20\apache-tomcat-7.0.68\webapps\host-manager
九月 24, 2016 10:39:56 上午 org.apache.catalina.startup.HostConfig deployDirectory
信息: Deployment of web application directory C:\Spec_for_new_transfer_9_20\apache-tomcat-7.0.68\webapps\host-manager has finished in 120 ms
九月 24, 2016 10:39:56 上午 org.apache.catalina.startup.HostConfig deployDirectory
信息: Deploying web application directory C:\Spec_for_new_transfer_9_20\apache-tomcat-7.0.68\webapps\manager
九月 24, 2016 10:39:56 上午 org.apache.catalina.startup.HostConfig deployDirectory
信息: Deployment of web application directory C:\Spec_for_new_transfer_9_20\apache-tomcat-7.0.68\webapps\manager has finished in 69 ms
九月 24, 2016 10:39:56 上午 org.apache.catalina.startup.HostConfig deployDirectory
信息: Deploying web application directory C:\Spec_for_new_transfer_9_20\apache-tomcat-7.0.68\webapps\ROOT
九月 24, 2016 10:39:56 上午 org.apache.catalina.startup.HostConfig deployDirectory
信息: Deployment of web application directory C:\Spec_for_new_transfer_9_20\apache-tomcat-7.0.68\webapps\ROOT has finished in 76 ms
九月 24, 2016 10:39:56 上午 org.apache.coyote.AbstractProtocol start
信息: Starting ProtocolHandler ["http-apr-8080"]
九月 24, 2016 10:39:56 上午 org.apache.coyote.AbstractProtocol start
信息: Starting ProtocolHandler ["ajp-apr-8009"]
九月 24, 2016 10:39:56 上午 org.apache.catalina.startup.Catalina start
信息: Server startup in 2789 ms
九月 24, 2016 10:43:01 上午 org.apache.catalina.core.StandardServer await
信息: A valid shutdown command was received via the shutdown port. Stopping the Server instance.
九月 24, 2016 10:43:01 上午 org.apache.coyote.AbstractProtocol pause
信息: Pausing ProtocolHandler ["http-apr-8080"]
九月 24, 2016 10:43:01 上午 org.apache.coyote.AbstractProtocol pause
信息: Pausing ProtocolHandler ["ajp-apr-8009"]
九月 24, 2016 10:43:01 上午 org.apache.catalina.core.StandardService stopInternal
信息: Stopping service Catalina
九月 24, 2016 10:43:01 上午 org.apache.coyote.AbstractProtocol stop
信息: Stopping ProtocolHandler ["http-apr-8080"]
九月 24, 2016 10:43:01 上午 org.apache.coyote.AbstractProtocol stop
信息: Stopping ProtocolHandler ["ajp-apr-8009"]
九月 24, 2016 10:43:01 上午 org.apache.coyote.AbstractProtocol destroy
信息: Destroying ProtocolHandler ["http-apr-8080"]
九月 24, 2016 10:43:01 上午 org.apache.coyote.AbstractProtocol destroy
信息: Destroying ProtocolHandler ["ajp-apr-8009"]
九月 24, 2016 10:45:04 上午 org.apache.tomcat.util.digester.SetPropertiesRule begin
警告: [SetPropertiesRule]{Server/Service/Engine/Host/Context} Setting property 'source' to 'org.eclipse.jst.jee.server:MapTest' did not find a matching property.
九月 24, 2016 10:45:04 上午 org.apache.catalina.startup.VersionLoggerListener log
信息: Server version:        Apache Tomcat/7.0.68
九月 24, 2016 10:45:04 上午 org.apache.catalina.startup.VersionLoggerListener log
信息: Server built:          Feb 8 2016 20:25:54 UTC
九月 24, 2016 10:45:04 上午 org.apache.catalina.startup.VersionLoggerListener log
信息: Server number:         7.0.68.0
九月 24, 2016 10:45:04 上午 org.apache.catalina.startup.VersionLoggerListener log
信息: OS Name:               Windows 7
九月 24, 2016 10:45:04 上午 org.apache.catalina.startup.VersionLoggerListener log
信息: OS Version:            6.1
九月 24, 2016 10:45:04 上午 org.apache.catalina.startup.VersionLoggerListener log
信息: Architecture:          x86
九月 24, 2016 10:45:04 上午 org.apache.catalina.startup.VersionLoggerListener log
信息: Java Home:             C:\SRF_501_8_5\jre
九月 24, 2016 10:45:04 上午 org.apache.catalina.startup.VersionLoggerListener log
信息: JVM Version:           1.8.0_20-b26
九月 24, 2016 10:45:04 上午 org.apache.catalina.startup.VersionLoggerListener log
信息: JVM Vendor:            Oracle Corporation
九月 24, 2016 10:45:04 上午 org.apache.catalina.startup.VersionLoggerListener log
信息: CATALINA_BASE:         C:\Spec_for_new_transfer_9_20\apache-tomcat-7.0.68
九月 24, 2016 10:45:04 上午 org.apache.catalina.startup.VersionLoggerListener log
信息: CATALINA_HOME:         C:\Spec_for_new_transfer_9_20\apache-tomcat-7.0.68
九月 24, 2016 10:45:04 上午 org.apache.catalina.startup.VersionLoggerListener log
信息: Command line argument: -Djava.util.logging.config.file=C:\Spec_for_new_transfer_9_20\apache-tomcat-7.0.68\conf\logging.properties
九月 24, 2016 10:45:04 上午 org.apache.catalina.startup.VersionLoggerListener log
信息: Command line argument: -Djava.util.logging.manager=org.apache.juli.ClassLoaderLogManager
九月 24, 2016 10:45:04 上午 org.apache.catalina.startup.VersionLoggerListener log
信息: Command line argument: -Djava.endorsed.dirs=C:\Spec_for_new_transfer_9_20\apache-tomcat-7.0.68\endorsed
九月 24, 2016 10:45:04 上午 org.apache.catalina.startup.VersionLoggerListener log
信息: Command line argument: -Dcatalina.base=C:\Spec_for_new_transfer_9_20\apache-tomcat-7.0.68
九月 24, 2016 10:45:04 上午 org.apache.catalina.startup.VersionLoggerListener log
信息: Command line argument: -Dcatalina.home=C:\Spec_for_new_transfer_9_20\apache-tomcat-7.0.68
九月 24, 2016 10:45:04 上午 org.apache.catalina.startup.VersionLoggerListener log
信息: Command line argument: -Djava.io.tmpdir=C:\Spec_for_new_transfer_9_20\apache-tomcat-7.0.68\temp
九月 24, 2016 10:45:04 上午 org.apache.catalina.core.AprLifecycleListener lifecycleEvent
信息: Loaded APR based Apache Tomcat Native library 1.1.33 using APR version 1.5.1.
九月 24, 2016 10:45:04 上午 org.apache.catalina.core.AprLifecycleListener lifecycleEvent
信息: APR capabilities: IPv6 [true], sendfile [true], accept filters [false], random [true].
九月 24, 2016 10:45:05 上午 org.apache.catalina.core.AprLifecycleListener initializeSSL
信息: OpenSSL successfully initialized (OpenSSL 1.0.1m 19 Mar 2015)
九月 24, 2016 10:45:05 上午 org.apache.coyote.AbstractProtocol init
信息: Initializing ProtocolHandler ["http-apr-8080"]
九月 24, 2016 10:45:05 上午 org.apache.coyote.AbstractProtocol init
信息: Initializing ProtocolHandler ["ajp-apr-8009"]
九月 24, 2016 10:45:05 上午 org.apache.catalina.startup.Catalina load
信息: Initialization processed in 1669 ms
九月 24, 2016 10:45:05 上午 org.apache.catalina.core.StandardService startInternal
信息: Starting service Catalina
九月 24, 2016 10:45:05 上午 org.apache.catalina.core.StandardEngine startInternal
信息: Starting Servlet Engine: Apache Tomcat/7.0.68
九月 24, 2016 10:45:06 上午 org.apache.catalina.startup.TldConfig execute
信息: At least one JAR was scanned for TLDs yet contained no TLDs. Enable debug logging for this logger for a complete list of JARs that were scanned but no TLDs were found in them. Skipping unneeded JARs during scanning can improve startup time and JSP compilation time.
九月 24, 2016 10:45:06 上午 org.apache.catalina.startup.HostConfig deployDirectory
信息: Deploying web application directory C:\Spec_for_new_transfer_9_20\apache-tomcat-7.0.68\webapps\docs
九月 24, 2016 10:45:06 上午 org.apache.catalina.startup.HostConfig deployDirectory
信息: Deployment of web application directory C:\Spec_for_new_transfer_9_20\apache-tomcat-7.0.68\webapps\docs has finished in 59 ms
九月 24, 2016 10:45:06 上午 org.apache.catalina.startup.HostConfig deployDirectory
信息: Deploying web application directory C:\Spec_for_new_transfer_9_20\apache-tomcat-7.0.68\webapps\examples
九月 24, 2016 10:45:06 上午 org.apache.catalina.startup.HostConfig deployDirectory
信息: Deployment of web application directory C:\Spec_for_new_transfer_9_20\apache-tomcat-7.0.68\webapps\examples has finished in 280 ms
九月 24, 2016 10:45:06 上午 org.apache.catalina.startup.HostConfig deployDirectory
信息: Deploying web application directory C:\Spec_for_new_transfer_9_20\apache-tomcat-7.0.68\webapps\host-manager
九月 24, 2016 10:45:06 上午 org.apache.catalina.startup.HostConfig deployDirectory
信息: Deployment of web application directory C:\Spec_for_new_transfer_9_20\apache-tomcat-7.0.68\webapps\host-manager has finished in 84 ms
九月 24, 2016 10:45:06 上午 org.apache.catalina.startup.HostConfig deployDirectory
信息: Deploying web application directory C:\Spec_for_new_transfer_9_20\apache-tomcat-7.0.68\webapps\manager
九月 24, 2016 10:45:06 上午 org.apache.catalina.startup.HostConfig deployDirectory
信息: Deployment of web application directory C:\Spec_for_new_transfer_9_20\apache-tomcat-7.0.68\webapps\manager has finished in 55 ms
九月 24, 2016 10:45:06 上午 org.apache.catalina.startup.HostConfig deployDirectory
信息: Deploying web application directory C:\Spec_for_new_transfer_9_20\apache-tomcat-7.0.68\webapps\ROOT
九月 24, 2016 10:45:06 上午 org.apache.catalina.startup.HostConfig deployDirectory
信息: Deployment of web application directory C:\Spec_for_new_transfer_9_20\apache-tomcat-7.0.68\webapps\ROOT has finished in 45 ms
九月 24, 2016 10:45:06 上午 org.apache.coyote.AbstractProtocol start
信息: Starting ProtocolHandler ["http-apr-8080"]
九月 24, 2016 10:45:06 上午 org.apache.coyote.AbstractProtocol start
信息: Starting ProtocolHandler ["ajp-apr-8009"]
九月 24, 2016 10:45:06 上午 org.apache.catalina.startup.Catalina start
信息: Server startup in 1047 ms
九月 24, 2016 10:46:13 上午 org.apache.catalina.core.StandardServer await
信息: A valid shutdown command was received via the shutdown port. Stopping the Server instance.
九月 24, 2016 10:46:13 上午 org.apache.coyote.AbstractProtocol pause
信息: Pausing ProtocolHandler ["http-apr-8080"]
九月 24, 2016 10:46:13 上午 org.apache.coyote.AbstractProtocol pause
信息: Pausing ProtocolHandler ["ajp-apr-8009"]
九月 24, 2016 10:46:13 上午 org.apache.catalina.core.StandardService stopInternal
信息: Stopping service Catalina
九月 24, 2016 10:46:13 上午 org.apache.coyote.AbstractProtocol stop
信息: Stopping ProtocolHandler ["http-apr-8080"]
九月 24, 2016 10:46:13 上午 org.apache.coyote.AbstractProtocol stop
信息: Stopping ProtocolHandler ["ajp-apr-8009"]
九月 24, 2016 10:46:14 上午 org.apache.coyote.AbstractProtocol destroy
信息: Destroying ProtocolHandler ["http-apr-8080"]
九月 24, 2016 10:46:14 上午 org.apache.coyote.AbstractProtocol destroy
信息: Destroying ProtocolHandler ["ajp-apr-8009"]
九月 24, 2016 10:46:20 上午 org.apache.tomcat.util.digester.SetPropertiesRule begin
警告: [SetPropertiesRule]{Server/Service/Engine/Host/Context} Setting property 'source' to 'org.eclipse.jst.jee.server:MapTest' did not find a matching property.
九月 24, 2016 10:46:20 上午 org.apache.catalina.startup.VersionLoggerListener log
信息: Server version:        Apache Tomcat/7.0.68
九月 24, 2016 10:46:20 上午 org.apache.catalina.startup.VersionLoggerListener log
信息: Server built:          Feb 8 2016 20:25:54 UTC
九月 24, 2016 10:46:20 上午 org.apache.catalina.startup.VersionLoggerListener log
信息: Server number:         7.0.68.0
九月 24, 2016 10:46:20 上午 org.apache.catalina.startup.VersionLoggerListener log
信息: OS Name:               Windows 7
九月 24, 2016 10:46:20 上午 org.apache.catalina.startup.VersionLoggerListener log
信息: OS Version:            6.1
九月 24, 2016 10:46:20 上午 org.apache.catalina.startup.VersionLoggerListener log
信息: Architecture:          x86
九月 24, 2016 10:46:20 上午 org.apache.catalina.startup.VersionLoggerListener log
信息: Java Home:             C:\SRF_501_8_5\jre
九月 24, 2016 10:46:20 上午 org.apache.catalina.startup.VersionLoggerListener log
信息: JVM Version:           1.8.0_20-b26
九月 24, 2016 10:46:20 上午 org.apache.catalina.startup.VersionLoggerListener log
信息: JVM Vendor:            Oracle Corporation
九月 24, 2016 10:46:20 上午 org.apache.catalina.startup.VersionLoggerListener log
信息: CATALINA_BASE:         C:\Spec_for_new_transfer_9_20\apache-tomcat-7.0.68
九月 24, 2016 10:46:20 上午 org.apache.catalina.startup.VersionLoggerListener log
信息: CATALINA_HOME:         C:\Spec_for_new_transfer_9_20\apache-tomcat-7.0.68
九月 24, 2016 10:46:20 上午 org.apache.catalina.startup.VersionLoggerListener log
信息: Command line argument: -Djava.util.logging.config.file=C:\Spec_for_new_transfer_9_20\apache-tomcat-7.0.68\conf\logging.properties
九月 24, 2016 10:46:20 上午 org.apache.catalina.startup.VersionLoggerListener log
信息: Command line argument: -Djava.util.logging.manager=org.apache.juli.ClassLoaderLogManager
九月 24, 2016 10:46:20 上午 org.apache.catalina.startup.VersionLoggerListener log
信息: Command line argument: -Djava.endorsed.dirs=C:\Spec_for_new_transfer_9_20\apache-tomcat-7.0.68\endorsed
九月 24, 2016 10:46:20 上午 org.apache.catalina.startup.VersionLoggerListener log
信息: Command line argument: -Dcatalina.base=C:\Spec_for_new_transfer_9_20\apache-tomcat-7.0.68
九月 24, 2016 10:46:20 上午 org.apache.catalina.startup.VersionLoggerListener log
信息: Command line argument: -Dcatalina.home=C:\Spec_for_new_transfer_9_20\apache-tomcat-7.0.68
九月 24, 2016 10:46:20 上午 org.apache.catalina.startup.VersionLoggerListener log
信息: Command line argument: -Djava.io.tmpdir=C:\Spec_for_new_transfer_9_20\apache-tomcat-7.0.68\temp
九月 24, 2016 10:46:20 上午 org.apache.catalina.core.AprLifecycleListener lifecycleEvent
信息: Loaded APR based Apache Tomcat Native library 1.1.33 using APR version 1.5.1.
九月 24, 2016 10:46:20 上午 org.apache.catalina.core.AprLifecycleListener lifecycleEvent
信息: APR capabilities: IPv6 [true], sendfile [true], accept filters [false], random [true].
九月 24, 2016 10:46:21 上午 org.apache.catalina.core.AprLifecycleListener initializeSSL
信息: OpenSSL successfully initialized (OpenSSL 1.0.1m 19 Mar 2015)
九月 24, 2016 10:46:21 上午 org.apache.coyote.AbstractProtocol init
信息: Initializing ProtocolHandler ["http-apr-8080"]
九月 24, 2016 10:46:21 上午 org.apache.coyote.AbstractProtocol init
信息: Initializing ProtocolHandler ["ajp-apr-8009"]
九月 24, 2016 10:46:21 上午 org.apache.catalina.startup.Catalina load
信息: Initialization processed in 1607 ms
九月 24, 2016 10:46:21 上午 org.apache.catalina.core.StandardService startInternal
信息: Starting service Catalina
九月 24, 2016 10:46:21 上午 org.apache.catalina.core.StandardEngine startInternal
信息: Starting Servlet Engine: Apache Tomcat/7.0.68
九月 24, 2016 10:46:22 上午 org.apache.catalina.startup.TldConfig execute
信息: At least one JAR was scanned for TLDs yet contained no TLDs. Enable debug logging for this logger for a complete list of JARs that were scanned but no TLDs were found in them. Skipping unneeded JARs during scanning can improve startup time and JSP compilation time.
九月 24, 2016 10:46:22 上午 org.apache.catalina.startup.HostConfig deployDirectory
信息: Deploying web application directory C:\Spec_for_new_transfer_9_20\apache-tomcat-7.0.68\webapps\docs
九月 24, 2016 10:46:22 上午 org.apache.catalina.startup.HostConfig deployDirectory
信息: Deployment of web application directory C:\Spec_for_new_transfer_9_20\apache-tomcat-7.0.68\webapps\docs has finished in 58 ms
九月 24, 2016 10:46:22 上午 org.apache.catalina.startup.HostConfig deployDirectory
信息: Deploying web application directory C:\Spec_for_new_transfer_9_20\apache-tomcat-7.0.68\webapps\examples
九月 24, 2016 10:46:22 上午 org.apache.catalina.startup.HostConfig deployDirectory
信息: Deployment of web application directory C:\Spec_for_new_transfer_9_20\apache-tomcat-7.0.68\webapps\examples has finished in 268 ms
九月 24, 2016 10:46:22 上午 org.apache.catalina.startup.HostConfig deployDirectory
信息: Deploying web application directory C:\Spec_for_new_transfer_9_20\apache-tomcat-7.0.68\webapps\host-manager
九月 24, 2016 10:46:22 上午 org.apache.catalina.startup.HostConfig deployDirectory
信息: Deployment of web application directory C:\Spec_for_new_transfer_9_20\apache-tomcat-7.0.68\webapps\host-manager has finished in 89 ms
九月 24, 2016 10:46:22 上午 org.apache.catalina.startup.HostConfig deployDirectory
信息: Deploying web application directory C:\Spec_for_new_transfer_9_20\apache-tomcat-7.0.68\webapps\manager
九月 24, 2016 10:46:22 上午 org.apache.catalina.startup.HostConfig deployDirectory
信息: Deployment of web application directory C:\Spec_for_new_transfer_9_20\apache-tomcat-7.0.68\webapps\manager has finished in 58 ms
九月 24, 2016 10:46:22 上午 org.apache.catalina.startup.HostConfig deployDirectory
信息: Deploying web application directory C:\Spec_for_new_transfer_9_20\apache-tomcat-7.0.68\webapps\ROOT
九月 24, 2016 10:46:22 上午 org.apache.catalina.startup.HostConfig deployDirectory
信息: Deployment of web application directory C:\Spec_for_new_transfer_9_20\apache-tomcat-7.0.68\webapps\ROOT has finished in 45 ms
九月 24, 2016 10:46:22 上午 org.apache.coyote.AbstractProtocol start
信息: Starting ProtocolHandler ["http-apr-8080"]
九月 24, 2016 10:46:22 上午 org.apache.coyote.AbstractProtocol start
信息: Starting ProtocolHandler ["ajp-apr-8009"]
九月 24, 2016 10:46:22 上午 org.apache.catalina.startup.Catalina start
信息: Server startup in 1041 ms
九月 24, 2016 11:42:58 上午 org.apache.catalina.core.StandardServer await
信息: A valid shutdown command was received via the shutdown port. Stopping the Server instance.
九月 24, 2016 11:42:58 上午 org.apache.coyote.AbstractProtocol pause
信息: Pausing ProtocolHandler ["http-apr-8080"]
九月 24, 2016 11:42:58 上午 org.apache.coyote.AbstractProtocol pause
信息: Pausing ProtocolHandler ["ajp-apr-8009"]
九月 24, 2016 11:42:58 上午 org.apache.catalina.core.StandardService stopInternal
信息: Stopping service Catalina
九月 24, 2016 11:42:58 上午 org.apache.coyote.AbstractProtocol stop
信息: Stopping ProtocolHandler ["http-apr-8080"]
九月 24, 2016 11:42:58 上午 org.apache.coyote.AbstractProtocol stop
信息: Stopping ProtocolHandler ["ajp-apr-8009"]
九月 24, 2016 11:42:58 上午 org.apache.coyote.AbstractProtocol destroy
信息: Destroying ProtocolHandler ["http-apr-8080"]
九月 24, 2016 11:42:58 上午 org.apache.coyote.AbstractProtocol destroy
信息: Destroying ProtocolHandler ["ajp-apr-8009"]
九月 24, 2016 11:43:10 上午 org.apache.tomcat.util.digester.SetPropertiesRule begin
警告: [SetPropertiesRule]{Server/Service/Engine/Host/Context} Setting property 'source' to 'org.eclipse.jst.jee.server:MapTest' did not find a matching property.
九月 24, 2016 11:43:10 上午 org.apache.catalina.startup.VersionLoggerListener log
信息: Server version:        Apache Tomcat/7.0.68
九月 24, 2016 11:43:10 上午 org.apache.catalina.startup.VersionLoggerListener log
信息: Server built:          Feb 8 2016 20:25:54 UTC
九月 24, 2016 11:43:10 上午 org.apache.catalina.startup.VersionLoggerListener log
信息: Server number:         7.0.68.0
九月 24, 2016 11:43:10 上午 org.apache.catalina.startup.VersionLoggerListener log
信息: OS Name:               Windows 7
九月 24, 2016 11:43:10 上午 org.apache.catalina.startup.VersionLoggerListener log
信息: OS Version:            6.1
九月 24, 2016 11:43:10 上午 org.apache.catalina.startup.VersionLoggerListener log
信息: Architecture:          x86
九月 24, 2016 11:43:10 上午 org.apache.catalina.startup.VersionLoggerListener log
信息: Java Home:             C:\SRF_501_8_5\jre
九月 24, 2016 11:43:10 上午 org.apache.catalina.startup.VersionLoggerListener log
信息: JVM Version:           1.8.0_20-b26
九月 24, 2016 11:43:10 上午 org.apache.catalina.startup.VersionLoggerListener log
信息: JVM Vendor:            Oracle Corporation
九月 24, 2016 11:43:10 上午 org.apache.catalina.startup.VersionLoggerListener log
信息: CATALINA_BASE:         C:\Spec_for_new_transfer_9_20\apache-tomcat-7.0.68
九月 24, 2016 11:43:10 上午 org.apache.catalina.startup.VersionLoggerListener log
信息: CATALINA_HOME:         C:\Spec_for_new_transfer_9_20\apache-tomcat-7.0.68
九月 24, 2016 11:43:10 上午 org.apache.catalina.startup.VersionLoggerListener log
信息: Command line argument: -Djava.util.logging.config.file=C:\Spec_for_new_transfer_9_20\apache-tomcat-7.0.68\conf\logging.properties
九月 24, 2016 11:43:10 上午 org.apache.catalina.startup.VersionLoggerListener log
信息: Command line argument: -Djava.util.logging.manager=org.apache.juli.ClassLoaderLogManager
九月 24, 2016 11:43:10 上午 org.apache.catalina.startup.VersionLoggerListener log
信息: Command line argument: -Djava.endorsed.dirs=C:\Spec_for_new_transfer_9_20\apache-tomcat-7.0.68\endorsed
九月 24, 2016 11:43:10 上午 org.apache.catalina.startup.VersionLoggerListener log
信息: Command line argument: -Dcatalina.base=C:\Spec_for_new_transfer_9_20\apache-tomcat-7.0.68
九月 24, 2016 11:43:10 上午 org.apache.catalina.startup.VersionLoggerListener log
信息: Command line argument: -Dcatalina.home=C:\Spec_for_new_transfer_9_20\apache-tomcat-7.0.68
九月 24, 2016 11:43:10 上午 org.apache.catalina.startup.VersionLoggerListener log
信息: Command line argument: -Djava.io.tmpdir=C:\Spec_for_new_transfer_9_20\apache-tomcat-7.0.68\temp
九月 24, 2016 11:43:10 上午 org.apache.catalina.core.AprLifecycleListener lifecycleEvent
信息: Loaded APR based Apache Tomcat Native library 1.1.33 using APR version 1.5.1.
九月 24, 2016 11:43:10 上午 org.apache.catalina.core.AprLifecycleListener lifecycleEvent
信息: APR capabilities: IPv6 [true], sendfile [true], accept filters [false], random [true].
九月 24, 2016 11:43:11 上午 org.apache.catalina.core.AprLifecycleListener initializeSSL
信息: OpenSSL successfully initialized (OpenSSL 1.0.1m 19 Mar 2015)
九月 24, 2016 11:43:11 上午 org.apache.coyote.AbstractProtocol init
信息: Initializing ProtocolHandler ["http-apr-8080"]
九月 24, 2016 11:43:11 上午 org.apache.coyote.AbstractProtocol init
信息: Initializing ProtocolHandler ["ajp-apr-8009"]
九月 24, 2016 11:43:11 上午 org.apache.catalina.startup.Catalina load
信息: Initialization processed in 1706 ms
九月 24, 2016 11:43:11 上午 org.apache.catalina.core.StandardService startInternal
信息: Starting service Catalina
九月 24, 2016 11:43:11 上午 org.apache.catalina.core.StandardEngine startInternal
信息: Starting Servlet Engine: Apache Tomcat/7.0.68
九月 24, 2016 11:43:12 上午 org.apache.catalina.startup.TldConfig execute
信息: At least one JAR was scanned for TLDs yet contained no TLDs. Enable debug logging for this logger for a complete list of JARs that were scanned but no TLDs were found in them. Skipping unneeded JARs during scanning can improve startup time and JSP compilation time.
九月 24, 2016 11:43:12 上午 org.apache.catalina.startup.HostConfig deployDirectory
信息: Deploying web application directory C:\Spec_for_new_transfer_9_20\apache-tomcat-7.0.68\webapps\docs
九月 24, 2016 11:43:12 上午 org.apache.catalina.startup.HostConfig deployDirectory
信息: Deployment of web application directory C:\Spec_for_new_transfer_9_20\apache-tomcat-7.0.68\webapps\docs has finished in 54 ms
九月 24, 2016 11:43:12 上午 org.apache.catalina.startup.HostConfig deployDirectory
信息: Deploying web application directory C:\Spec_for_new_transfer_9_20\apache-tomcat-7.0.68\webapps\examples
九月 24, 2016 11:43:12 上午 org.apache.catalina.startup.HostConfig deployDirectory
信息: Deployment of web application directory C:\Spec_for_new_transfer_9_20\apache-tomcat-7.0.68\webapps\examples has finished in 271 ms
九月 24, 2016 11:43:12 上午 org.apache.catalina.startup.HostConfig deployDirectory
信息: Deploying web application directory C:\Spec_for_new_transfer_9_20\apache-tomcat-7.0.68\webapps\host-manager
九月 24, 2016 11:43:12 上午 org.apache.catalina.startup.HostConfig deployDirectory
信息: Deployment of web application directory C:\Spec_for_new_transfer_9_20\apache-tomcat-7.0.68\webapps\host-manager has finished in 85 ms
九月 24, 2016 11:43:12 上午 org.apache.catalina.startup.HostConfig deployDirectory
信息: Deploying web application directory C:\Spec_for_new_transfer_9_20\apache-tomcat-7.0.68\webapps\manager
九月 24, 2016 11:43:12 上午 org.apache.catalina.startup.HostConfig deployDirectory
信息: Deployment of web application directory C:\Spec_for_new_transfer_9_20\apache-tomcat-7.0.68\webapps\manager has finished in 56 ms
九月 24, 2016 11:43:12 上午 org.apache.catalina.startup.HostConfig deployDirectory
信息: Deploying web application directory C:\Spec_for_new_transfer_9_20\apache-tomcat-7.0.68\webapps\ROOT
九月 24, 2016 11:43:12 上午 org.apache.catalina.startup.HostConfig deployDirectory
信息: Deployment of web application directory C:\Spec_for_new_transfer_9_20\apache-tomcat-7.0.68\webapps\ROOT has finished in 46 ms
九月 24, 2016 11:43:12 上午 org.apache.coyote.AbstractProtocol start
信息: Starting ProtocolHandler ["http-apr-8080"]
九月 24, 2016 11:43:12 上午 org.apache.coyote.AbstractProtocol start
信息: Starting ProtocolHandler ["ajp-apr-8009"]
九月 24, 2016 11:43:12 上午 org.apache.catalina.startup.Catalina start
信息: Server startup in 1058 ms
九月 24, 2016 11:45:29 上午 org.apache.catalina.core.StandardServer await
信息: A valid shutdown command was received via the shutdown port. Stopping the Server instance.
九月 24, 2016 11:45:29 上午 org.apache.coyote.AbstractProtocol pause
信息: Pausing ProtocolHandler ["http-apr-8080"]
九月 24, 2016 11:45:29 上午 org.apache.coyote.AbstractProtocol pause
信息: Pausing ProtocolHandler ["ajp-apr-8009"]
九月 24, 2016 11:45:29 上午 org.apache.catalina.core.StandardService stopInternal
信息: Stopping service Catalina
九月 24, 2016 11:45:29 上午 org.apache.coyote.AbstractProtocol stop
信息: Stopping ProtocolHandler ["http-apr-8080"]
九月 24, 2016 11:45:29 上午 org.apache.coyote.AbstractProtocol stop
信息: Stopping ProtocolHandler ["ajp-apr-8009"]
九月 24, 2016 11:45:29 上午 org.apache.coyote.AbstractProtocol destroy
信息: Destroying ProtocolHandler ["http-apr-8080"]
九月 24, 2016 11:45:29 上午 org.apache.coyote.AbstractProtocol destroy
信息: Destroying ProtocolHandler ["ajp-apr-8009"]
九月 24, 2016 11:45:58 上午 org.apache.tomcat.util.digester.SetPropertiesRule begin
警告: [SetPropertiesRule]{Server/Service/Engine/Host/Context} Setting property 'source' to 'org.eclipse.jst.jee.server:MapTest' did not find a matching property.
九月 24, 2016 11:45:58 上午 org.apache.catalina.startup.VersionLoggerListener log
信息: Server version:        Apache Tomcat/7.0.68
九月 24, 2016 11:45:58 上午 org.apache.catalina.startup.VersionLoggerListener log
信息: Server built:          Feb 8 2016 20:25:54 UTC
九月 24, 2016 11:45:58 上午 org.apache.catalina.startup.VersionLoggerListener log
信息: Server number:         7.0.68.0
九月 24, 2016 11:45:58 上午 org.apache.catalina.startup.VersionLoggerListener log
信息: OS Name:               Windows 7
九月 24, 2016 11:45:58 上午 org.apache.catalina.startup.VersionLoggerListener log
信息: OS Version:            6.1
九月 24, 2016 11:45:58 上午 org.apache.catalina.startup.VersionLoggerListener log
信息: Architecture:          x86
九月 24, 2016 11:45:58 上午 org.apache.catalina.startup.VersionLoggerListener log
信息: Java Home:             C:\SRF_501_8_5\jre
九月 24, 2016 11:45:58 上午 org.apache.catalina.startup.VersionLoggerListener log
信息: JVM Version:           1.8.0_20-b26
九月 24, 2016 11:45:58 上午 org.apache.catalina.startup.VersionLoggerListener log
信息: JVM Vendor:            Oracle Corporation
九月 24, 2016 11:45:58 上午 org.apache.catalina.startup.VersionLoggerListener log
信息: CATALINA_BASE:         C:\Spec_for_new_transfer_9_20\apache-tomcat-7.0.68
九月 24, 2016 11:45:58 上午 org.apache.catalina.startup.VersionLoggerListener log
信息: CATALINA_HOME:         C:\Spec_for_new_transfer_9_20\apache-tomcat-7.0.68
九月 24, 2016 11:45:58 上午 org.apache.catalina.startup.VersionLoggerListener log
信息: Command line argument: -Djava.util.logging.config.file=C:\Spec_for_new_transfer_9_20\apache-tomcat-7.0.68\conf\logging.properties
九月 24, 2016 11:45:58 上午 org.apache.catalina.startup.VersionLoggerListener log
信息: Command line argument: -Djava.util.logging.manager=org.apache.juli.ClassLoaderLogManager
九月 24, 2016 11:45:58 上午 org.apache.catalina.startup.VersionLoggerListener log
信息: Command line argument: -Djava.endorsed.dirs=C:\Spec_for_new_transfer_9_20\apache-tomcat-7.0.68\endorsed
九月 24, 2016 11:45:58 上午 org.apache.catalina.startup.VersionLoggerListener log
信息: Command line argument: -Dcatalina.base=C:\Spec_for_new_transfer_9_20\apache-tomcat-7.0.68
九月 24, 2016 11:45:58 上午 org.apache.catalina.startup.VersionLoggerListener log
信息: Command line argument: -Dcatalina.home=C:\Spec_for_new_transfer_9_20\apache-tomcat-7.0.68
九月 24, 2016 11:45:58 上午 org.apache.catalina.startup.VersionLoggerListener log
信息: Command line argument: -Djava.io.tmpdir=C:\Spec_for_new_transfer_9_20\apache-tomcat-7.0.68\temp
九月 24, 2016 11:45:58 上午 org.apache.catalina.core.AprLifecycleListener lifecycleEvent
信息: Loaded APR based Apache Tomcat Native library 1.1.33 using APR version 1.5.1.
九月 24, 2016 11:45:58 上午 org.apache.catalina.core.AprLifecycleListener lifecycleEvent
信息: APR capabilities: IPv6 [true], sendfile [true], accept filters [false], random [true].
九月 24, 2016 11:45:59 上午 org.apache.catalina.core.AprLifecycleListener initializeSSL
信息: OpenSSL successfully initialized (OpenSSL 1.0.1m 19 Mar 2015)
九月 24, 2016 11:45:59 上午 org.apache.coyote.AbstractProtocol init
信息: Initializing ProtocolHandler ["http-apr-8080"]
九月 24, 2016 11:45:59 上午 org.apache.coyote.AbstractProtocol init
信息: Initializing ProtocolHandler ["ajp-apr-8009"]
九月 24, 2016 11:45:59 上午 org.apache.catalina.startup.Catalina load
信息: Initialization processed in 1622 ms
九月 24, 2016 11:45:59 上午 org.apache.catalina.core.StandardService startInternal
信息: Starting service Catalina
九月 24, 2016 11:45:59 上午 org.apache.catalina.core.StandardEngine startInternal
信息: Starting Servlet Engine: Apache Tomcat/7.0.68
九月 24, 2016 11:45:59 上午 org.apache.catalina.startup.TldConfig execute
信息: At least one JAR was scanned for TLDs yet contained no TLDs. Enable debug logging for this logger for a complete list of JARs that were scanned but no TLDs were found in them. Skipping unneeded JARs during scanning can improve startup time and JSP compilation time.
九月 24, 2016 11:46:00 上午 org.apache.catalina.util.SessionIdGeneratorBase createSecureRandom
信息: Creation of SecureRandom instance for session ID generation using [SHA1PRNG] took [114] milliseconds.
九月 24, 2016 11:46:00 上午 org.apache.catalina.startup.HostConfig deployDirectory
信息: Deploying web application directory C:\Spec_for_new_transfer_9_20\apache-tomcat-7.0.68\webapps\docs
九月 24, 2016 11:46:00 上午 org.apache.catalina.startup.HostConfig deployDirectory
信息: Deployment of web application directory C:\Spec_for_new_transfer_9_20\apache-tomcat-7.0.68\webapps\docs has finished in 55 ms
九月 24, 2016 11:46:00 上午 org.apache.catalina.startup.HostConfig deployDirectory
信息: Deploying web application directory C:\Spec_for_new_transfer_9_20\apache-tomcat-7.0.68\webapps\examples
九月 24, 2016 11:46:00 上午 org.apache.catalina.startup.HostConfig deployDirectory
信息: Deployment of web application directory C:\Spec_for_new_transfer_9_20\apache-tomcat-7.0.68\webapps\examples has finished in 328 ms
九月 24, 2016 11:46:00 上午 org.apache.catalina.startup.HostConfig deployDirectory
信息: Deploying web application directory C:\Spec_for_new_transfer_9_20\apache-tomcat-7.0.68\webapps\host-manager
九月 24, 2016 11:46:00 上午 org.apache.catalina.startup.HostConfig deployDirectory
信息: Deployment of web application directory C:\Spec_for_new_transfer_9_20\apache-tomcat-7.0.68\webapps\host-manager has finished in 97 ms
九月 24, 2016 11:46:00 上午 org.apache.catalina.startup.HostConfig deployDirectory
信息: Deploying web application directory C:\Spec_for_new_transfer_9_20\apache-tomcat-7.0.68\webapps\manager
九月 24, 2016 11:46:00 上午 org.apache.catalina.startup.HostConfig deployDirectory
信息: Deployment of web application directory C:\Spec_for_new_transfer_9_20\apache-tomcat-7.0.68\webapps\manager has finished in 58 ms
九月 24, 2016 11:46:00 上午 org.apache.catalina.startup.HostConfig deployDirectory
信息: Deploying web application directory C:\Spec_for_new_transfer_9_20\apache-tomcat-7.0.68\webapps\ROOT
九月 24, 2016 11:46:00 上午 org.apache.catalina.startup.HostConfig deployDirectory
信息: Deployment of web application directory C:\Spec_for_new_transfer_9_20\apache-tomcat-7.0.68\webapps\ROOT has finished in 48 ms
九月 24, 2016 11:46:00 上午 org.apache.coyote.AbstractProtocol start
信息: Starting ProtocolHandler ["http-apr-8080"]
九月 24, 2016 11:46:00 上午 org.apache.coyote.AbstractProtocol start
信息: Starting ProtocolHandler ["ajp-apr-8009"]
九月 24, 2016 11:46:00 上午 org.apache.catalina.startup.Catalina start
信息: Server startup in 1220 ms
九月 24, 2016 11:47:58 上午 org.apache.catalina.core.StandardServer await
信息: A valid shutdown command was received via the shutdown port. Stopping the Server instance.
九月 24, 2016 11:47:58 上午 org.apache.coyote.AbstractProtocol pause
信息: Pausing ProtocolHandler ["http-apr-8080"]
九月 24, 2016 11:47:58 上午 org.apache.coyote.AbstractProtocol pause
信息: Pausing ProtocolHandler ["ajp-apr-8009"]
九月 24, 2016 11:47:58 上午 org.apache.catalina.core.StandardService stopInternal
信息: Stopping service Catalina
九月 24, 2016 11:47:58 上午 org.apache.coyote.AbstractProtocol stop
信息: Stopping ProtocolHandler ["http-apr-8080"]
九月 24, 2016 11:47:58 上午 org.apache.coyote.AbstractProtocol stop
信息: Stopping ProtocolHandler ["ajp-apr-8009"]
九月 24, 2016 11:47:58 上午 org.apache.coyote.AbstractProtocol destroy
信息: Destroying ProtocolHandler ["http-apr-8080"]
九月 24, 2016 11:47:58 上午 org.apache.coyote.AbstractProtocol destroy
信息: Destroying ProtocolHandler ["ajp-apr-8009"]
九月 24, 2016 11:49:50 上午 org.apache.tomcat.util.digester.SetPropertiesRule begin
警告: [SetPropertiesRule]{Server/Service/Engine/Host/Context} Setting property 'source' to 'org.eclipse.jst.jee.server:MapTest' did not find a matching property.
九月 24, 2016 11:49:50 上午 org.apache.catalina.startup.VersionLoggerListener log
信息: Server version:        Apache Tomcat/7.0.68
九月 24, 2016 11:49:50 上午 org.apache.catalina.startup.VersionLoggerListener log
信息: Server built:          Feb 8 2016 20:25:54 UTC
九月 24, 2016 11:49:50 上午 org.apache.catalina.startup.VersionLoggerListener log
信息: Server number:         7.0.68.0
九月 24, 2016 11:49:50 上午 org.apache.catalina.startup.VersionLoggerListener log
信息: OS Name:               Windows 7
九月 24, 2016 11:49:50 上午 org.apache.catalina.startup.VersionLoggerListener log
信息: OS Version:            6.1
九月 24, 2016 11:49:50 上午 org.apache.catalina.startup.VersionLoggerListener log
信息: Architecture:          x86
九月 24, 2016 11:49:50 上午 org.apache.catalina.startup.VersionLoggerListener log
信息: Java Home:             C:\SRF_501_8_5\jre
九月 24, 2016 11:49:50 上午 org.apache.catalina.startup.VersionLoggerListener log
信息: JVM Version:           1.8.0_20-b26
九月 24, 2016 11:49:50 上午 org.apache.catalina.startup.VersionLoggerListener log
信息: JVM Vendor:            Oracle Corporation
九月 24, 2016 11:49:50 上午 org.apache.catalina.startup.VersionLoggerListener log
信息: CATALINA_BASE:         C:\Spec_for_new_transfer_9_20\apache-tomcat-7.0.68
九月 24, 2016 11:49:50 上午 org.apache.catalina.startup.VersionLoggerListener log
信息: CATALINA_HOME:         C:\Spec_for_new_transfer_9_20\apache-tomcat-7.0.68
九月 24, 2016 11:49:50 上午 org.apache.catalina.startup.VersionLoggerListener log
信息: Command line argument: -Djava.util.logging.config.file=C:\Spec_for_new_transfer_9_20\apache-tomcat-7.0.68\conf\logging.properties
九月 24, 2016 11:49:50 上午 org.apache.catalina.startup.VersionLoggerListener log
信息: Command line argument: -Djava.util.logging.manager=org.apache.juli.ClassLoaderLogManager
九月 24, 2016 11:49:50 上午 org.apache.catalina.startup.VersionLoggerListener log
信息: Command line argument: -Djava.endorsed.dirs=C:\Spec_for_new_transfer_9_20\apache-tomcat-7.0.68\endorsed
九月 24, 2016 11:49:50 上午 org.apache.catalina.startup.VersionLoggerListener log
信息: Command line argument: -Dcatalina.base=C:\Spec_for_new_transfer_9_20\apache-tomcat-7.0.68
九月 24, 2016 11:49:50 上午 org.apache.catalina.startup.VersionLoggerListener log
信息: Command line argument: -Dcatalina.home=C:\Spec_for_new_transfer_9_20\apache-tomcat-7.0.68
九月 24, 2016 11:49:50 上午 org.apache.catalina.startup.VersionLoggerListener log
信息: Command line argument: -Djava.io.tmpdir=C:\Spec_for_new_transfer_9_20\apache-tomcat-7.0.68\temp
九月 24, 2016 11:49:50 上午 org.apache.catalina.core.AprLifecycleListener lifecycleEvent
信息: Loaded APR based Apache Tomcat Native library 1.1.33 using APR version 1.5.1.
九月 24, 2016 11:49:50 上午 org.apache.catalina.core.AprLifecycleListener lifecycleEvent
信息: APR capabilities: IPv6 [true], sendfile [true], accept filters [false], random [true].
九月 24, 2016 11:49:51 上午 org.apache.catalina.core.AprLifecycleListener initializeSSL
信息: OpenSSL successfully initialized (OpenSSL 1.0.1m 19 Mar 2015)
九月 24, 2016 11:49:51 上午 org.apache.coyote.AbstractProtocol init
信息: Initializing ProtocolHandler ["http-apr-8080"]
九月 24, 2016 11:49:51 上午 org.apache.coyote.AbstractProtocol init
信息: Initializing ProtocolHandler ["ajp-apr-8009"]
九月 24, 2016 11:49:51 上午 org.apache.catalina.startup.Catalina load
信息: Initialization processed in 1647 ms
九月 24, 2016 11:49:51 上午 org.apache.catalina.core.StandardService startInternal
信息: Starting service Catalina
九月 24, 2016 11:49:51 上午 org.apache.catalina.core.StandardEngine startInternal
信息: Starting Servlet Engine: Apache Tomcat/7.0.68
九月 24, 2016 11:49:51 上午 org.apache.catalina.startup.TldConfig execute
信息: At least one JAR was scanned for TLDs yet contained no TLDs. Enable debug logging for this logger for a complete list of JARs that were scanned but no TLDs were found in them. Skipping unneeded JARs during scanning can improve startup time and JSP compilation time.
九月 24, 2016 11:49:51 上午 org.apache.catalina.startup.HostConfig deployDirectory
信息: Deploying web application directory C:\Spec_for_new_transfer_9_20\apache-tomcat-7.0.68\webapps\docs
九月 24, 2016 11:49:51 上午 org.apache.catalina.startup.HostConfig deployDirectory
信息: Deployment of web application directory C:\Spec_for_new_transfer_9_20\apache-tomcat-7.0.68\webapps\docs has finished in 58 ms
九月 24, 2016 11:49:51 上午 org.apache.catalina.startup.HostConfig deployDirectory
信息: Deploying web application directory C:\Spec_for_new_transfer_9_20\apache-tomcat-7.0.68\webapps\examples
九月 24, 2016 11:49:52 上午 org.apache.catalina.startup.HostConfig deployDirectory
信息: Deployment of web application directory C:\Spec_for_new_transfer_9_20\apache-tomcat-7.0.68\webapps\examples has finished in 273 ms
九月 24, 2016 11:49:52 上午 org.apache.catalina.startup.HostConfig deployDirectory
信息: Deploying web application directory C:\Spec_for_new_transfer_9_20\apache-tomcat-7.0.68\webapps\host-manager
九月 24, 2016 11:49:52 上午 org.apache.catalina.startup.HostConfig deployDirectory
信息: Deployment of web application directory C:\Spec_for_new_transfer_9_20\apache-tomcat-7.0.68\webapps\host-manager has finished in 89 ms
九月 24, 2016 11:49:52 上午 org.apache.catalina.startup.HostConfig deployDirectory
信息: Deploying web application directory C:\Spec_for_new_transfer_9_20\apache-tomcat-7.0.68\webapps\manager
九月 24, 2016 11:49:52 上午 org.apache.catalina.startup.HostConfig deployDirectory
信息: Deployment of web application directory C:\Spec_for_new_transfer_9_20\apache-tomcat-7.0.68\webapps\manager has finished in 55 ms
九月 24, 2016 11:49:52 上午 org.apache.catalina.startup.HostConfig deployDirectory
信息: Deploying web application directory C:\Spec_for_new_transfer_9_20\apache-tomcat-7.0.68\webapps\ROOT
九月 24, 2016 11:49:52 上午 org.apache.catalina.startup.HostConfig deployDirectory
信息: Deployment of web application directory C:\Spec_for_new_transfer_9_20\apache-tomcat-7.0.68\webapps\ROOT has finished in 44 ms
九月 24, 2016 11:49:52 上午 org.apache.coyote.AbstractProtocol start
信息: Starting ProtocolHandler ["http-apr-8080"]
九月 24, 2016 11:49:52 上午 org.apache.coyote.AbstractProtocol start
信息: Starting ProtocolHandler ["ajp-apr-8009"]
九月 24, 2016 11:49:52 上午 org.apache.catalina.startup.Catalina start
信息: Server startup in 1049 ms
九月 24, 2016 12:01:50 下午 org.apache.catalina.core.StandardServer await
信息: A valid shutdown command was received via the shutdown port. Stopping the Server instance.
九月 24, 2016 12:01:50 下午 org.apache.coyote.AbstractProtocol pause
信息: Pausing ProtocolHandler ["http-apr-8080"]
九月 24, 2016 12:01:50 下午 org.apache.coyote.AbstractProtocol pause
信息: Pausing ProtocolHandler ["ajp-apr-8009"]
九月 24, 2016 12:01:50 下午 org.apache.catalina.core.StandardService stopInternal
信息: Stopping service Catalina
九月 24, 2016 12:01:50 下午 org.apache.coyote.AbstractProtocol stop
信息: Stopping ProtocolHandler ["http-apr-8080"]
九月 24, 2016 12:01:50 下午 org.apache.coyote.AbstractProtocol stop
信息: Stopping ProtocolHandler ["ajp-apr-8009"]
九月 24, 2016 12:01:50 下午 org.apache.coyote.AbstractProtocol destroy
信息: Destroying ProtocolHandler ["http-apr-8080"]
九月 24, 2016 12:01:50 下午 org.apache.coyote.AbstractProtocol destroy
信息: Destroying ProtocolHandler ["ajp-apr-8009"]
九月 24, 2016 4:37:23 下午 org.apache.tomcat.util.digester.SetPropertiesRule begin
警告: [SetPropertiesRule]{Server/Service/Engine/Host/Context} Setting property 'source' to 'org.eclipse.jst.jee.server:MapTest' did not find a matching property.
九月 24, 2016 4:37:23 下午 org.apache.catalina.startup.VersionLoggerListener log
信息: Server version:        Apache Tomcat/7.0.68
九月 24, 2016 4:37:23 下午 org.apache.catalina.startup.VersionLoggerListener log
信息: Server built:          Feb 8 2016 20:25:54 UTC
九月 24, 2016 4:37:23 下午 org.apache.catalina.startup.VersionLoggerListener log
信息: Server number:         7.0.68.0
九月 24, 2016 4:37:23 下午 org.apache.catalina.startup.VersionLoggerListener log
信息: OS Name:               Windows 7
九月 24, 2016 4:37:23 下午 org.apache.catalina.startup.VersionLoggerListener log
信息: OS Version:            6.1
九月 24, 2016 4:37:23 下午 org.apache.catalina.startup.VersionLoggerListener log
信息: Architecture:          x86
九月 24, 2016 4:37:23 下午 org.apache.catalina.startup.VersionLoggerListener log
信息: Java Home:             C:\SRF_501_8_5\jre
九月 24, 2016 4:37:23 下午 org.apache.catalina.startup.VersionLoggerListener log
信息: JVM Version:           1.8.0_20-b26
九月 24, 2016 4:37:23 下午 org.apache.catalina.startup.VersionLoggerListener log
信息: JVM Vendor:            Oracle Corporation
九月 24, 2016 4:37:23 下午 org.apache.catalina.startup.VersionLoggerListener log
信息: CATALINA_BASE:         C:\Spec_for_new_transfer_9_20\apache-tomcat-7.0.68
九月 24, 2016 4:37:23 下午 org.apache.catalina.startup.VersionLoggerListener log
信息: CATALINA_HOME:         C:\Spec_for_new_transfer_9_20\apache-tomcat-7.0.68
九月 24, 2016 4:37:23 下午 org.apache.catalina.startup.VersionLoggerListener log
信息: Command line argument: -Djava.util.logging.config.file=C:\Spec_for_new_transfer_9_20\apache-tomcat-7.0.68\conf\logging.properties
九月 24, 2016 4:37:23 下午 org.apache.catalina.startup.VersionLoggerListener log
信息: Command line argument: -Djava.util.logging.manager=org.apache.juli.ClassLoaderLogManager
九月 24, 2016 4:37:23 下午 org.apache.catalina.startup.VersionLoggerListener log
信息: Command line argument: -Djava.endorsed.dirs=C:\Spec_for_new_transfer_9_20\apache-tomcat-7.0.68\endorsed
九月 24, 2016 4:37:23 下午 org.apache.catalina.startup.VersionLoggerListener log
信息: Command line argument: -Dcatalina.base=C:\Spec_for_new_transfer_9_20\apache-tomcat-7.0.68
九月 24, 2016 4:37:23 下午 org.apache.catalina.startup.VersionLoggerListener log
信息: Command line argument: -Dcatalina.home=C:\Spec_for_new_transfer_9_20\apache-tomcat-7.0.68
九月 24, 2016 4:37:23 下午 org.apache.catalina.startup.VersionLoggerListener log
信息: Command line argument: -Djava.io.tmpdir=C:\Spec_for_new_transfer_9_20\apache-tomcat-7.0.68\temp
九月 24, 2016 4:37:23 下午 org.apache.catalina.core.AprLifecycleListener lifecycleEvent
信息: Loaded APR based Apache Tomcat Native library 1.1.33 using APR version 1.5.1.
九月 24, 2016 4:37:23 下午 org.apache.catalina.core.AprLifecycleListener lifecycleEvent
信息: APR capabilities: IPv6 [true], sendfile [true], accept filters [false], random [true].
九月 24, 2016 4:37:24 下午 org.apache.catalina.core.AprLifecycleListener initializeSSL
信息: OpenSSL successfully initialized (OpenSSL 1.0.1m 19 Mar 2015)
九月 24, 2016 4:37:25 下午 org.apache.coyote.AbstractProtocol init
信息: Initializing ProtocolHandler ["http-apr-8080"]
九月 24, 2016 4:37:25 下午 org.apache.coyote.AbstractProtocol init
信息: Initializing ProtocolHandler ["ajp-apr-8009"]
九月 24, 2016 4:37:25 下午 org.apache.catalina.startup.Catalina load
信息: Initialization processed in 1639 ms
九月 24, 2016 4:37:25 下午 org.apache.catalina.core.StandardService startInternal
信息: Starting service Catalina
九月 24, 2016 4:37:25 下午 org.apache.catalina.core.StandardEngine startInternal
信息: Starting Servlet Engine: Apache Tomcat/7.0.68
九月 24, 2016 4:37:25 下午 org.apache.catalina.startup.TldConfig execute
信息: At least one JAR was scanned for TLDs yet contained no TLDs. Enable debug logging for this logger for a complete list of JARs that were scanned but no TLDs were found in them. Skipping unneeded JARs during scanning can improve startup time and JSP compilation time.
九月 24, 2016 4:37:25 下午 org.apache.catalina.startup.HostConfig deployDirectory
信息: Deploying web application directory C:\Spec_for_new_transfer_9_20\apache-tomcat-7.0.68\webapps\docs
九月 24, 2016 4:37:25 下午 org.apache.catalina.startup.HostConfig deployDirectory
信息: Deployment of web application directory C:\Spec_for_new_transfer_9_20\apache-tomcat-7.0.68\webapps\docs has finished in 56 ms
九月 24, 2016 4:37:25 下午 org.apache.catalina.startup.HostConfig deployDirectory
信息: Deploying web application directory C:\Spec_for_new_transfer_9_20\apache-tomcat-7.0.68\webapps\examples
九月 24, 2016 4:37:25 下午 org.apache.catalina.startup.HostConfig deployDirectory
信息: Deployment of web application directory C:\Spec_for_new_transfer_9_20\apache-tomcat-7.0.68\webapps\examples has finished in 272 ms
九月 24, 2016 4:37:25 下午 org.apache.catalina.startup.HostConfig deployDirectory
信息: Deploying web application directory C:\Spec_for_new_transfer_9_20\apache-tomcat-7.0.68\webapps\host-manager
九月 24, 2016 4:37:25 下午 org.apache.catalina.startup.HostConfig deployDirectory
信息: Deployment of web application directory C:\Spec_for_new_transfer_9_20\apache-tomcat-7.0.68\webapps\host-manager has finished in 82 ms
九月 24, 2016 4:37:25 下午 org.apache.catalina.startup.HostConfig deployDirectory
信息: Deploying web application directory C:\Spec_for_new_transfer_9_20\apache-tomcat-7.0.68\webapps\manager
九月 24, 2016 4:37:26 下午 org.apache.catalina.startup.HostConfig deployDirectory
信息: Deployment of web application directory C:\Spec_for_new_transfer_9_20\apache-tomcat-7.0.68\webapps\manager has finished in 54 ms
九月 24, 2016 4:37:26 下午 org.apache.catalina.startup.HostConfig deployDirectory
信息: Deploying web application directory C:\Spec_for_new_transfer_9_20\apache-tomcat-7.0.68\webapps\ROOT
九月 24, 2016 4:37:26 下午 org.apache.catalina.startup.HostConfig deployDirectory
信息: Deployment of web application directory C:\Spec_for_new_transfer_9_20\apache-tomcat-7.0.68\webapps\ROOT has finished in 45 ms
九月 24, 2016 4:37:26 下午 org.apache.coyote.AbstractProtocol start
信息: Starting ProtocolHandler ["http-apr-8080"]
九月 24, 2016 4:37:26 下午 org.apache.coyote.AbstractProtocol start
信息: Starting ProtocolHandler ["ajp-apr-8009"]
九月 24, 2016 4:37:26 下午 org.apache.catalina.startup.Catalina start
信息: Server startup in 1024 ms
