四月 13, 2016 9:21:13 上午 org.apache.catalina.startup.VersionLoggerListener log
信息: Server version:        Apache Tomcat/7.0.68
四月 13, 2016 9:21:13 上午 org.apache.catalina.startup.VersionLoggerListener log
信息: Server built:          Feb 8 2016 20:25:54 UTC
四月 13, 2016 9:21:13 上午 org.apache.catalina.startup.VersionLoggerListener log
信息: Server number:         7.0.68.0
四月 13, 2016 9:21:13 上午 org.apache.catalina.startup.VersionLoggerListener log
信息: OS Name:               Windows 7
四月 13, 2016 9:21:13 上午 org.apache.catalina.startup.VersionLoggerListener log
信息: OS Version:            6.1
四月 13, 2016 9:21:13 上午 org.apache.catalina.startup.VersionLoggerListener log
信息: Architecture:          x86
四月 13, 2016 9:21:13 上午 org.apache.catalina.startup.VersionLoggerListener log
信息: Java Home:             E:\jdk_java
四月 13, 2016 9:21:13 上午 org.apache.catalina.startup.VersionLoggerListener log
信息: JVM Version:           1.8.0_20-b26
四月 13, 2016 9:21:13 上午 org.apache.catalina.startup.VersionLoggerListener log
信息: JVM Vendor:            Oracle Corporation
四月 13, 2016 9:21:13 上午 org.apache.catalina.startup.VersionLoggerListener log
信息: CATALINA_BASE:         H:\apache-tomcat-7.0.68
四月 13, 2016 9:21:13 上午 org.apache.catalina.startup.VersionLoggerListener log
信息: CATALINA_HOME:         H:\apache-tomcat-7.0.68
四月 13, 2016 9:21:13 上午 org.apache.catalina.startup.VersionLoggerListener log
信息: Command line argument: -Djava.util.logging.config.file=H:\apache-tomcat-7.0.68\conf\logging.properties
四月 13, 2016 9:21:13 上午 org.apache.catalina.startup.VersionLoggerListener log
信息: Command line argument: -Djava.util.logging.manager=org.apache.juli.ClassLoaderLogManager
四月 13, 2016 9:21:13 上午 org.apache.catalina.startup.VersionLoggerListener log
信息: Command line argument: -Djava.endorsed.dirs=H:\apache-tomcat-7.0.68\endorsed
四月 13, 2016 9:21:13 上午 org.apache.catalina.startup.VersionLoggerListener log
信息: Command line argument: -Dcatalina.base=H:\apache-tomcat-7.0.68
四月 13, 2016 9:21:13 上午 org.apache.catalina.startup.VersionLoggerListener log
信息: Command line argument: -Dcatalina.home=H:\apache-tomcat-7.0.68
四月 13, 2016 9:21:13 上午 org.apache.catalina.startup.VersionLoggerListener log
信息: Command line argument: -Djava.io.tmpdir=H:\apache-tomcat-7.0.68\temp
四月 13, 2016 9:21:13 上午 org.apache.catalina.core.AprLifecycleListener lifecycleEvent
信息: Loaded APR based Apache Tomcat Native library 1.1.33 using APR version 1.5.1.
四月 13, 2016 9:21:13 上午 org.apache.catalina.core.AprLifecycleListener lifecycleEvent
信息: APR capabilities: IPv6 [true], sendfile [true], accept filters [false], random [true].
四月 13, 2016 9:21:13 上午 org.apache.catalina.core.AprLifecycleListener initializeSSL
信息: OpenSSL successfully initialized (OpenSSL 1.0.1m 19 Mar 2015)
四月 13, 2016 9:21:14 上午 org.apache.coyote.AbstractProtocol init
信息: Initializing ProtocolHandler ["http-apr-8080"]
四月 13, 2016 9:21:14 上午 org.apache.coyote.AbstractProtocol init
严重: Failed to initialize end point associated with ProtocolHandler ["http-apr-8080"]
java.lang.Exception: Socket bind failed: [730013] ???????????????í????×??????・??????×?
	at org.apache.tomcat.util.net.AprEndpoint.bind(AprEndpoint.java:470)
	at org.apache.tomcat.util.net.AbstractEndpoint.init(AbstractEndpoint.java:650)
	at org.apache.coyote.AbstractProtocol.init(AbstractProtocol.java:434)
	at org.apache.catalina.connector.Connector.initInternal(Connector.java:978)
	at org.apache.catalina.util.LifecycleBase.init(LifecycleBase.java:102)
	at org.apache.catalina.core.StandardService.initInternal(StandardService.java:560)
	at org.apache.catalina.util.LifecycleBase.init(LifecycleBase.java:102)
	at org.apache.catalina.core.StandardServer.initInternal(StandardServer.java:820)
	at org.apache.catalina.util.LifecycleBase.init(LifecycleBase.java:102)
	at org.apache.catalina.startup.Catalina.load(Catalina.java:642)
	at org.apache.catalina.startup.Catalina.load(Catalina.java:667)
	at sun.reflect.NativeMethodAccessorImpl.invoke0(Native Method)
	at sun.reflect.NativeMethodAccessorImpl.invoke(Unknown Source)
	at sun.reflect.DelegatingMethodAccessorImpl.invoke(Unknown Source)
	at java.lang.reflect.Method.invoke(Unknown Source)
	at org.apache.catalina.startup.Bootstrap.load(Bootstrap.java:253)
	at org.apache.catalina.startup.Bootstrap.main(Bootstrap.java:427)

四月 13, 2016 9:21:14 上午 org.apache.catalina.core.StandardService initInternal
严重: Failed to initialize connector [Connector[HTTP/1.1-8080]]
org.apache.catalina.LifecycleException: Failed to initialize component [Connector[HTTP/1.1-8080]]
	at org.apache.catalina.util.LifecycleBase.init(LifecycleBase.java:106)
	at org.apache.catalina.core.StandardService.initInternal(StandardService.java:560)
	at org.apache.catalina.util.LifecycleBase.init(LifecycleBase.java:102)
	at org.apache.catalina.core.StandardServer.initInternal(StandardServer.java:820)
	at org.apache.catalina.util.LifecycleBase.init(LifecycleBase.java:102)
	at org.apache.catalina.startup.Catalina.load(Catalina.java:642)
	at org.apache.catalina.startup.Catalina.load(Catalina.java:667)
	at sun.reflect.NativeMethodAccessorImpl.invoke0(Native Method)
	at sun.reflect.NativeMethodAccessorImpl.invoke(Unknown Source)
	at sun.reflect.DelegatingMethodAccessorImpl.invoke(Unknown Source)
	at java.lang.reflect.Method.invoke(Unknown Source)
	at org.apache.catalina.startup.Bootstrap.load(Bootstrap.java:253)
	at org.apache.catalina.startup.Bootstrap.main(Bootstrap.java:427)
Caused by: org.apache.catalina.LifecycleException: Protocol handler initialization failed
	at org.apache.catalina.connector.Connector.initInternal(Connector.java:980)
	at org.apache.catalina.util.LifecycleBase.init(LifecycleBase.java:102)
	... 12 more
Caused by: java.lang.Exception: Socket bind failed: [730013] ???????????????í????×??????・??????×?
	at org.apache.tomcat.util.net.AprEndpoint.bind(AprEndpoint.java:470)
	at org.apache.tomcat.util.net.AbstractEndpoint.init(AbstractEndpoint.java:650)
	at org.apache.coyote.AbstractProtocol.init(AbstractProtocol.java:434)
	at org.apache.catalina.connector.Connector.initInternal(Connector.java:978)
	... 13 more

四月 13, 2016 9:21:14 上午 org.apache.coyote.AbstractProtocol init
信息: Initializing ProtocolHandler ["ajp-apr-8009"]
四月 13, 2016 9:21:14 上午 org.apache.coyote.AbstractProtocol init
严重: Failed to initialize end point associated with ProtocolHandler ["ajp-apr-8009"]
java.lang.Exception: Socket bind failed: [730013] ???????????????í????×??????・??????×?
	at org.apache.tomcat.util.net.AprEndpoint.bind(AprEndpoint.java:470)
	at org.apache.tomcat.util.net.AbstractEndpoint.init(AbstractEndpoint.java:650)
	at org.apache.coyote.AbstractProtocol.init(AbstractProtocol.java:434)
	at org.apache.catalina.connector.Connector.initInternal(Connector.java:978)
	at org.apache.catalina.util.LifecycleBase.init(LifecycleBase.java:102)
	at org.apache.catalina.core.StandardService.initInternal(StandardService.java:560)
	at org.apache.catalina.util.LifecycleBase.init(LifecycleBase.java:102)
	at org.apache.catalina.core.StandardServer.initInternal(StandardServer.java:820)
	at org.apache.catalina.util.LifecycleBase.init(LifecycleBase.java:102)
	at org.apache.catalina.startup.Catalina.load(Catalina.java:642)
	at org.apache.catalina.startup.Catalina.load(Catalina.java:667)
	at sun.reflect.NativeMethodAccessorImpl.invoke0(Native Method)
	at sun.reflect.NativeMethodAccessorImpl.invoke(Unknown Source)
	at sun.reflect.DelegatingMethodAccessorImpl.invoke(Unknown Source)
	at java.lang.reflect.Method.invoke(Unknown Source)
	at org.apache.catalina.startup.Bootstrap.load(Bootstrap.java:253)
	at org.apache.catalina.startup.Bootstrap.main(Bootstrap.java:427)

四月 13, 2016 9:21:14 上午 org.apache.catalina.core.StandardService initInternal
严重: Failed to initialize connector [Connector[AJP/1.3-8009]]
org.apache.catalina.LifecycleException: Failed to initialize component [Connector[AJP/1.3-8009]]
	at org.apache.catalina.util.LifecycleBase.init(LifecycleBase.java:106)
	at org.apache.catalina.core.StandardService.initInternal(StandardService.java:560)
	at org.apache.catalina.util.LifecycleBase.init(LifecycleBase.java:102)
	at org.apache.catalina.core.StandardServer.initInternal(StandardServer.java:820)
	at org.apache.catalina.util.LifecycleBase.init(LifecycleBase.java:102)
	at org.apache.catalina.startup.Catalina.load(Catalina.java:642)
	at org.apache.catalina.startup.Catalina.load(Catalina.java:667)
	at sun.reflect.NativeMethodAccessorImpl.invoke0(Native Method)
	at sun.reflect.NativeMethodAccessorImpl.invoke(Unknown Source)
	at sun.reflect.DelegatingMethodAccessorImpl.invoke(Unknown Source)
	at java.lang.reflect.Method.invoke(Unknown Source)
	at org.apache.catalina.startup.Bootstrap.load(Bootstrap.java:253)
	at org.apache.catalina.startup.Bootstrap.main(Bootstrap.java:427)
Caused by: org.apache.catalina.LifecycleException: Protocol handler initialization failed
	at org.apache.catalina.connector.Connector.initInternal(Connector.java:980)
	at org.apache.catalina.util.LifecycleBase.init(LifecycleBase.java:102)
	... 12 more
Caused by: java.lang.Exception: Socket bind failed: [730013] ???????????????í????×??????・??????×?
	at org.apache.tomcat.util.net.AprEndpoint.bind(AprEndpoint.java:470)
	at org.apache.tomcat.util.net.AbstractEndpoint.init(AbstractEndpoint.java:650)
	at org.apache.coyote.AbstractProtocol.init(AbstractProtocol.java:434)
	at org.apache.catalina.connector.Connector.initInternal(Connector.java:978)
	... 13 more

四月 13, 2016 9:21:14 上午 org.apache.catalina.startup.Catalina load
信息: Initialization processed in 1525 ms
四月 13, 2016 9:21:14 上午 org.apache.catalina.core.StandardService startInternal
信息: Starting service Catalina
四月 13, 2016 9:21:14 上午 org.apache.catalina.core.StandardEngine startInternal
信息: Starting Servlet Engine: Apache Tomcat/7.0.68
四月 13, 2016 9:21:14 上午 org.apache.catalina.startup.HostConfig deployDirectory
信息: Deploying web application directory H:\apache-tomcat-7.0.68\webapps\docs
四月 13, 2016 9:21:14 上午 org.apache.catalina.startup.HostConfig deployDirectory
信息: Deployment of web application directory H:\apache-tomcat-7.0.68\webapps\docs has finished in 343 ms
四月 13, 2016 9:21:14 上午 org.apache.catalina.startup.HostConfig deployDirectory
信息: Deploying web application directory H:\apache-tomcat-7.0.68\webapps\examples
四月 13, 2016 9:21:14 上午 org.apache.catalina.startup.HostConfig deployDirectory
信息: Deployment of web application directory H:\apache-tomcat-7.0.68\webapps\examples has finished in 390 ms
四月 13, 2016 9:21:14 上午 org.apache.catalina.startup.HostConfig deployDirectory
信息: Deploying web application directory H:\apache-tomcat-7.0.68\webapps\host-manager
四月 13, 2016 9:21:14 上午 org.apache.catalina.startup.HostConfig deployDirectory
信息: Deployment of web application directory H:\apache-tomcat-7.0.68\webapps\host-manager has finished in 62 ms
四月 13, 2016 9:21:14 上午 org.apache.catalina.startup.HostConfig deployDirectory
信息: Deploying web application directory H:\apache-tomcat-7.0.68\webapps\manager
四月 13, 2016 9:21:15 上午 org.apache.catalina.startup.HostConfig deployDirectory
信息: Deployment of web application directory H:\apache-tomcat-7.0.68\webapps\manager has finished in 63 ms
四月 13, 2016 9:21:15 上午 org.apache.catalina.startup.HostConfig deployDirectory
信息: Deploying web application directory H:\apache-tomcat-7.0.68\webapps\ROOT
四月 13, 2016 9:21:15 上午 org.apache.catalina.startup.HostConfig deployDirectory
信息: Deployment of web application directory H:\apache-tomcat-7.0.68\webapps\ROOT has finished in 46 ms
四月 13, 2016 9:21:15 上午 org.apache.catalina.startup.Catalina start
信息: Server startup in 988 ms
四月 13, 2016 9:21:15 上午 org.apache.catalina.core.StandardServer await
严重: StandardServer.await: create[localhost:8005]: 
java.net.BindException: Address already in use: JVM_Bind
	at java.net.DualStackPlainSocketImpl.bind0(Native Method)
	at java.net.DualStackPlainSocketImpl.socketBind(Unknown Source)
	at java.net.AbstractPlainSocketImpl.bind(Unknown Source)
	at java.net.PlainSocketImpl.bind(Unknown Source)
	at java.net.ServerSocket.bind(Unknown Source)
	at java.net.ServerSocket.<init>(Unknown Source)
	at org.apache.catalina.core.StandardServer.await(StandardServer.java:426)
	at org.apache.catalina.startup.Catalina.await(Catalina.java:781)
	at org.apache.catalina.startup.Catalina.start(Catalina.java:727)
	at sun.reflect.NativeMethodAccessorImpl.invoke0(Native Method)
	at sun.reflect.NativeMethodAccessorImpl.invoke(Unknown Source)
	at sun.reflect.DelegatingMethodAccessorImpl.invoke(Unknown Source)
	at java.lang.reflect.Method.invoke(Unknown Source)
	at org.apache.catalina.startup.Bootstrap.start(Bootstrap.java:294)
	at org.apache.catalina.startup.Bootstrap.main(Bootstrap.java:428)

四月 13, 2016 9:21:15 上午 org.apache.coyote.AbstractProtocol pause
信息: Pausing ProtocolHandler ["http-apr-8080"]
四月 13, 2016 9:21:15 上午 org.apache.coyote.AbstractProtocol pause
信息: Pausing ProtocolHandler ["ajp-apr-8009"]
四月 13, 2016 9:21:15 上午 org.apache.catalina.core.StandardService stopInternal
信息: Stopping service Catalina
四月 13, 2016 9:21:15 上午 org.apache.coyote.AbstractProtocol stop
信息: Stopping ProtocolHandler ["http-apr-8080"]
四月 13, 2016 9:21:15 上午 org.apache.coyote.AbstractProtocol destroy
信息: Destroying ProtocolHandler ["http-apr-8080"]
四月 13, 2016 9:21:15 上午 org.apache.coyote.AbstractProtocol stop
信息: Stopping ProtocolHandler ["ajp-apr-8009"]
四月 13, 2016 9:21:15 上午 org.apache.coyote.AbstractProtocol destroy
信息: Destroying ProtocolHandler ["ajp-apr-8009"]
四月 13, 2016 9:30:40 上午 org.apache.catalina.startup.VersionLoggerListener log
信息: Server version:        Apache Tomcat/7.0.68
四月 13, 2016 9:30:40 上午 org.apache.catalina.startup.VersionLoggerListener log
信息: Server built:          Feb 8 2016 20:25:54 UTC
四月 13, 2016 9:30:40 上午 org.apache.catalina.startup.VersionLoggerListener log
信息: Server number:         7.0.68.0
四月 13, 2016 9:30:40 上午 org.apache.catalina.startup.VersionLoggerListener log
信息: OS Name:               Windows 7
四月 13, 2016 9:30:40 上午 org.apache.catalina.startup.VersionLoggerListener log
信息: OS Version:            6.1
四月 13, 2016 9:30:40 上午 org.apache.catalina.startup.VersionLoggerListener log
信息: Architecture:          x86
四月 13, 2016 9:30:40 上午 org.apache.catalina.startup.VersionLoggerListener log
信息: Java Home:             E:\jdk_java
四月 13, 2016 9:30:40 上午 org.apache.catalina.startup.VersionLoggerListener log
信息: JVM Version:           1.8.0_20-b26
四月 13, 2016 9:30:40 上午 org.apache.catalina.startup.VersionLoggerListener log
信息: JVM Vendor:            Oracle Corporation
四月 13, 2016 9:30:40 上午 org.apache.catalina.startup.VersionLoggerListener log
信息: CATALINA_BASE:         H:\apache-tomcat-7.0.68
四月 13, 2016 9:30:40 上午 org.apache.catalina.startup.VersionLoggerListener log
信息: CATALINA_HOME:         H:\apache-tomcat-7.0.68
四月 13, 2016 9:30:40 上午 org.apache.catalina.startup.VersionLoggerListener log
信息: Command line argument: -Djava.util.logging.config.file=H:\apache-tomcat-7.0.68\conf\logging.properties
四月 13, 2016 9:30:40 上午 org.apache.catalina.startup.VersionLoggerListener log
信息: Command line argument: -Djava.util.logging.manager=org.apache.juli.ClassLoaderLogManager
四月 13, 2016 9:30:40 上午 org.apache.catalina.startup.VersionLoggerListener log
信息: Command line argument: -Djava.endorsed.dirs=H:\apache-tomcat-7.0.68\endorsed
四月 13, 2016 9:30:40 上午 org.apache.catalina.startup.VersionLoggerListener log
信息: Command line argument: -Dcatalina.base=H:\apache-tomcat-7.0.68
四月 13, 2016 9:30:40 上午 org.apache.catalina.startup.VersionLoggerListener log
信息: Command line argument: -Dcatalina.home=H:\apache-tomcat-7.0.68
四月 13, 2016 9:30:40 上午 org.apache.catalina.startup.VersionLoggerListener log
信息: Command line argument: -Djava.io.tmpdir=H:\apache-tomcat-7.0.68\temp
四月 13, 2016 9:30:40 上午 org.apache.catalina.core.AprLifecycleListener lifecycleEvent
信息: Loaded APR based Apache Tomcat Native library 1.1.33 using APR version 1.5.1.
四月 13, 2016 9:30:40 上午 org.apache.catalina.core.AprLifecycleListener lifecycleEvent
信息: APR capabilities: IPv6 [true], sendfile [true], accept filters [false], random [true].
四月 13, 2016 9:30:40 上午 org.apache.catalina.core.AprLifecycleListener initializeSSL
信息: OpenSSL successfully initialized (OpenSSL 1.0.1m 19 Mar 2015)
四月 13, 2016 9:30:41 上午 org.apache.coyote.AbstractProtocol init
信息: Initializing ProtocolHandler ["http-apr-8080"]
四月 13, 2016 9:30:41 上午 org.apache.coyote.AbstractProtocol init
严重: Failed to initialize end point associated with ProtocolHandler ["http-apr-8080"]
java.lang.Exception: Socket bind failed: [730013] ???????????????í????×??????・??????×?
	at org.apache.tomcat.util.net.AprEndpoint.bind(AprEndpoint.java:470)
	at org.apache.tomcat.util.net.AbstractEndpoint.init(AbstractEndpoint.java:650)
	at org.apache.coyote.AbstractProtocol.init(AbstractProtocol.java:434)
	at org.apache.catalina.connector.Connector.initInternal(Connector.java:978)
	at org.apache.catalina.util.LifecycleBase.init(LifecycleBase.java:102)
	at org.apache.catalina.core.StandardService.initInternal(StandardService.java:560)
	at org.apache.catalina.util.LifecycleBase.init(LifecycleBase.java:102)
	at org.apache.catalina.core.StandardServer.initInternal(StandardServer.java:820)
	at org.apache.catalina.util.LifecycleBase.init(LifecycleBase.java:102)
	at org.apache.catalina.startup.Catalina.load(Catalina.java:642)
	at org.apache.catalina.startup.Catalina.load(Catalina.java:667)
	at sun.reflect.NativeMethodAccessorImpl.invoke0(Native Method)
	at sun.reflect.NativeMethodAccessorImpl.invoke(Unknown Source)
	at sun.reflect.DelegatingMethodAccessorImpl.invoke(Unknown Source)
	at java.lang.reflect.Method.invoke(Unknown Source)
	at org.apache.catalina.startup.Bootstrap.load(Bootstrap.java:253)
	at org.apache.catalina.startup.Bootstrap.main(Bootstrap.java:427)

四月 13, 2016 9:30:41 上午 org.apache.catalina.core.StandardService initInternal
严重: Failed to initialize connector [Connector[HTTP/1.1-8080]]
org.apache.catalina.LifecycleException: Failed to initialize component [Connector[HTTP/1.1-8080]]
	at org.apache.catalina.util.LifecycleBase.init(LifecycleBase.java:106)
	at org.apache.catalina.core.StandardService.initInternal(StandardService.java:560)
	at org.apache.catalina.util.LifecycleBase.init(LifecycleBase.java:102)
	at org.apache.catalina.core.StandardServer.initInternal(StandardServer.java:820)
	at org.apache.catalina.util.LifecycleBase.init(LifecycleBase.java:102)
	at org.apache.catalina.startup.Catalina.load(Catalina.java:642)
	at org.apache.catalina.startup.Catalina.load(Catalina.java:667)
	at sun.reflect.NativeMethodAccessorImpl.invoke0(Native Method)
	at sun.reflect.NativeMethodAccessorImpl.invoke(Unknown Source)
	at sun.reflect.DelegatingMethodAccessorImpl.invoke(Unknown Source)
	at java.lang.reflect.Method.invoke(Unknown Source)
	at org.apache.catalina.startup.Bootstrap.load(Bootstrap.java:253)
	at org.apache.catalina.startup.Bootstrap.main(Bootstrap.java:427)
Caused by: org.apache.catalina.LifecycleException: Protocol handler initialization failed
	at org.apache.catalina.connector.Connector.initInternal(Connector.java:980)
	at org.apache.catalina.util.LifecycleBase.init(LifecycleBase.java:102)
	... 12 more
Caused by: java.lang.Exception: Socket bind failed: [730013] ???????????????í????×??????・??????×?
	at org.apache.tomcat.util.net.AprEndpoint.bind(AprEndpoint.java:470)
	at org.apache.tomcat.util.net.AbstractEndpoint.init(AbstractEndpoint.java:650)
	at org.apache.coyote.AbstractProtocol.init(AbstractProtocol.java:434)
	at org.apache.catalina.connector.Connector.initInternal(Connector.java:978)
	... 13 more

四月 13, 2016 9:30:41 上午 org.apache.coyote.AbstractProtocol init
信息: Initializing ProtocolHandler ["ajp-apr-8009"]
四月 13, 2016 9:30:41 上午 org.apache.coyote.AbstractProtocol init
严重: Failed to initialize end point associated with ProtocolHandler ["ajp-apr-8009"]
java.lang.Exception: Socket bind failed: [730013] ???????????????í????×??????・??????×?
	at org.apache.tomcat.util.net.AprEndpoint.bind(AprEndpoint.java:470)
	at org.apache.tomcat.util.net.AbstractEndpoint.init(AbstractEndpoint.java:650)
	at org.apache.coyote.AbstractProtocol.init(AbstractProtocol.java:434)
	at org.apache.catalina.connector.Connector.initInternal(Connector.java:978)
	at org.apache.catalina.util.LifecycleBase.init(LifecycleBase.java:102)
	at org.apache.catalina.core.StandardService.initInternal(StandardService.java:560)
	at org.apache.catalina.util.LifecycleBase.init(LifecycleBase.java:102)
	at org.apache.catalina.core.StandardServer.initInternal(StandardServer.java:820)
	at org.apache.catalina.util.LifecycleBase.init(LifecycleBase.java:102)
	at org.apache.catalina.startup.Catalina.load(Catalina.java:642)
	at org.apache.catalina.startup.Catalina.load(Catalina.java:667)
	at sun.reflect.NativeMethodAccessorImpl.invoke0(Native Method)
	at sun.reflect.NativeMethodAccessorImpl.invoke(Unknown Source)
	at sun.reflect.DelegatingMethodAccessorImpl.invoke(Unknown Source)
	at java.lang.reflect.Method.invoke(Unknown Source)
	at org.apache.catalina.startup.Bootstrap.load(Bootstrap.java:253)
	at org.apache.catalina.startup.Bootstrap.main(Bootstrap.java:427)

四月 13, 2016 9:30:41 上午 org.apache.catalina.core.StandardService initInternal
严重: Failed to initialize connector [Connector[AJP/1.3-8009]]
org.apache.catalina.LifecycleException: Failed to initialize component [Connector[AJP/1.3-8009]]
	at org.apache.catalina.util.LifecycleBase.init(LifecycleBase.java:106)
	at org.apache.catalina.core.StandardService.initInternal(StandardService.java:560)
	at org.apache.catalina.util.LifecycleBase.init(LifecycleBase.java:102)
	at org.apache.catalina.core.StandardServer.initInternal(StandardServer.java:820)
	at org.apache.catalina.util.LifecycleBase.init(LifecycleBase.java:102)
	at org.apache.catalina.startup.Catalina.load(Catalina.java:642)
	at org.apache.catalina.startup.Catalina.load(Catalina.java:667)
	at sun.reflect.NativeMethodAccessorImpl.invoke0(Native Method)
	at sun.reflect.NativeMethodAccessorImpl.invoke(Unknown Source)
	at sun.reflect.DelegatingMethodAccessorImpl.invoke(Unknown Source)
	at java.lang.reflect.Method.invoke(Unknown Source)
	at org.apache.catalina.startup.Bootstrap.load(Bootstrap.java:253)
	at org.apache.catalina.startup.Bootstrap.main(Bootstrap.java:427)
Caused by: org.apache.catalina.LifecycleException: Protocol handler initialization failed
	at org.apache.catalina.connector.Connector.initInternal(Connector.java:980)
	at org.apache.catalina.util.LifecycleBase.init(LifecycleBase.java:102)
	... 12 more
Caused by: java.lang.Exception: Socket bind failed: [730013] ???????????????í????×??????・??????×?
	at org.apache.tomcat.util.net.AprEndpoint.bind(AprEndpoint.java:470)
	at org.apache.tomcat.util.net.AbstractEndpoint.init(AbstractEndpoint.java:650)
	at org.apache.coyote.AbstractProtocol.init(AbstractProtocol.java:434)
	at org.apache.catalina.connector.Connector.initInternal(Connector.java:978)
	... 13 more

四月 13, 2016 9:30:41 上午 org.apache.catalina.startup.Catalina load
信息: Initialization processed in 1102 ms
四月 13, 2016 9:30:41 上午 org.apache.catalina.core.StandardService startInternal
信息: Starting service Catalina
四月 13, 2016 9:30:41 上午 org.apache.catalina.core.StandardEngine startInternal
信息: Starting Servlet Engine: Apache Tomcat/7.0.68
四月 13, 2016 9:30:41 上午 org.apache.catalina.startup.HostConfig deployDirectory
信息: Deploying web application directory H:\apache-tomcat-7.0.68\webapps\docs
四月 13, 2016 9:30:41 上午 org.apache.catalina.startup.HostConfig deployDirectory
信息: Deployment of web application directory H:\apache-tomcat-7.0.68\webapps\docs has finished in 359 ms
四月 13, 2016 9:30:41 上午 org.apache.catalina.startup.HostConfig deployDirectory
信息: Deploying web application directory H:\apache-tomcat-7.0.68\webapps\examples
四月 13, 2016 9:30:41 上午 org.apache.catalina.startup.HostConfig deployDirectory
信息: Deployment of web application directory H:\apache-tomcat-7.0.68\webapps\examples has finished in 437 ms
四月 13, 2016 9:30:41 上午 org.apache.catalina.startup.HostConfig deployDirectory
信息: Deploying web application directory H:\apache-tomcat-7.0.68\webapps\host-manager
四月 13, 2016 9:30:42 上午 org.apache.catalina.startup.HostConfig deployDirectory
信息: Deployment of web application directory H:\apache-tomcat-7.0.68\webapps\host-manager has finished in 78 ms
四月 13, 2016 9:30:42 上午 org.apache.catalina.startup.HostConfig deployDirectory
信息: Deploying web application directory H:\apache-tomcat-7.0.68\webapps\manager
四月 13, 2016 9:30:42 上午 org.apache.catalina.startup.HostConfig deployDirectory
信息: Deployment of web application directory H:\apache-tomcat-7.0.68\webapps\manager has finished in 93 ms
四月 13, 2016 9:30:42 上午 org.apache.catalina.startup.HostConfig deployDirectory
信息: Deploying web application directory H:\apache-tomcat-7.0.68\webapps\ROOT
四月 13, 2016 9:30:42 上午 org.apache.catalina.startup.HostConfig deployDirectory
信息: Deployment of web application directory H:\apache-tomcat-7.0.68\webapps\ROOT has finished in 63 ms
四月 13, 2016 9:30:42 上午 org.apache.catalina.startup.Catalina start
信息: Server startup in 1061 ms
四月 13, 2016 9:30:42 上午 org.apache.catalina.core.StandardServer await
严重: StandardServer.await: create[localhost:8005]: 
java.net.BindException: Address already in use: JVM_Bind
	at java.net.DualStackPlainSocketImpl.bind0(Native Method)
	at java.net.DualStackPlainSocketImpl.socketBind(Unknown Source)
	at java.net.AbstractPlainSocketImpl.bind(Unknown Source)
	at java.net.PlainSocketImpl.bind(Unknown Source)
	at java.net.ServerSocket.bind(Unknown Source)
	at java.net.ServerSocket.<init>(Unknown Source)
	at org.apache.catalina.core.StandardServer.await(StandardServer.java:426)
	at org.apache.catalina.startup.Catalina.await(Catalina.java:781)
	at org.apache.catalina.startup.Catalina.start(Catalina.java:727)
	at sun.reflect.NativeMethodAccessorImpl.invoke0(Native Method)
	at sun.reflect.NativeMethodAccessorImpl.invoke(Unknown Source)
	at sun.reflect.DelegatingMethodAccessorImpl.invoke(Unknown Source)
	at java.lang.reflect.Method.invoke(Unknown Source)
	at org.apache.catalina.startup.Bootstrap.start(Bootstrap.java:294)
	at org.apache.catalina.startup.Bootstrap.main(Bootstrap.java:428)

四月 13, 2016 9:30:42 上午 org.apache.coyote.AbstractProtocol pause
信息: Pausing ProtocolHandler ["http-apr-8080"]
四月 13, 2016 9:30:42 上午 org.apache.coyote.AbstractProtocol pause
信息: Pausing ProtocolHandler ["ajp-apr-8009"]
四月 13, 2016 9:30:42 上午 org.apache.catalina.core.StandardService stopInternal
信息: Stopping service Catalina
四月 13, 2016 9:30:42 上午 org.apache.coyote.AbstractProtocol stop
信息: Stopping ProtocolHandler ["http-apr-8080"]
四月 13, 2016 9:30:42 上午 org.apache.coyote.AbstractProtocol destroy
信息: Destroying ProtocolHandler ["http-apr-8080"]
四月 13, 2016 9:30:42 上午 org.apache.coyote.AbstractProtocol stop
信息: Stopping ProtocolHandler ["ajp-apr-8009"]
四月 13, 2016 9:30:42 上午 org.apache.coyote.AbstractProtocol destroy
信息: Destroying ProtocolHandler ["ajp-apr-8009"]
四月 13, 2016 9:34:24 上午 org.apache.catalina.startup.VersionLoggerListener log
信息: Server version:        Apache Tomcat/7.0.68
四月 13, 2016 9:34:24 上午 org.apache.catalina.startup.VersionLoggerListener log
信息: Server built:          Feb 8 2016 20:25:54 UTC
四月 13, 2016 9:34:24 上午 org.apache.catalina.startup.VersionLoggerListener log
信息: Server number:         7.0.68.0
四月 13, 2016 9:34:24 上午 org.apache.catalina.startup.VersionLoggerListener log
信息: OS Name:               Windows 7
四月 13, 2016 9:34:24 上午 org.apache.catalina.startup.VersionLoggerListener log
信息: OS Version:            6.1
四月 13, 2016 9:34:24 上午 org.apache.catalina.startup.VersionLoggerListener log
信息: Architecture:          x86
四月 13, 2016 9:34:24 上午 org.apache.catalina.startup.VersionLoggerListener log
信息: Java Home:             E:\jdk_java
四月 13, 2016 9:34:24 上午 org.apache.catalina.startup.VersionLoggerListener log
信息: JVM Version:           1.8.0_20-b26
四月 13, 2016 9:34:24 上午 org.apache.catalina.startup.VersionLoggerListener log
信息: JVM Vendor:            Oracle Corporation
四月 13, 2016 9:34:24 上午 org.apache.catalina.startup.VersionLoggerListener log
信息: CATALINA_BASE:         H:\apache-tomcat-7.0.68
四月 13, 2016 9:34:24 上午 org.apache.catalina.startup.VersionLoggerListener log
信息: CATALINA_HOME:         H:\apache-tomcat-7.0.68
四月 13, 2016 9:34:24 上午 org.apache.catalina.startup.VersionLoggerListener log
信息: Command line argument: -Djava.util.logging.config.file=H:\apache-tomcat-7.0.68\conf\logging.properties
四月 13, 2016 9:34:24 上午 org.apache.catalina.startup.VersionLoggerListener log
信息: Command line argument: -Djava.util.logging.manager=org.apache.juli.ClassLoaderLogManager
四月 13, 2016 9:34:24 上午 org.apache.catalina.startup.VersionLoggerListener log
信息: Command line argument: -Djava.endorsed.dirs=H:\apache-tomcat-7.0.68\endorsed
四月 13, 2016 9:34:24 上午 org.apache.catalina.startup.VersionLoggerListener log
信息: Command line argument: -Dcatalina.base=H:\apache-tomcat-7.0.68
四月 13, 2016 9:34:24 上午 org.apache.catalina.startup.VersionLoggerListener log
信息: Command line argument: -Dcatalina.home=H:\apache-tomcat-7.0.68
四月 13, 2016 9:34:24 上午 org.apache.catalina.startup.VersionLoggerListener log
信息: Command line argument: -Djava.io.tmpdir=H:\apache-tomcat-7.0.68\temp
四月 13, 2016 9:34:24 上午 org.apache.catalina.core.AprLifecycleListener lifecycleEvent
信息: Loaded APR based Apache Tomcat Native library 1.1.33 using APR version 1.5.1.
四月 13, 2016 9:34:24 上午 org.apache.catalina.core.AprLifecycleListener lifecycleEvent
信息: APR capabilities: IPv6 [true], sendfile [true], accept filters [false], random [true].
四月 13, 2016 9:34:25 上午 org.apache.catalina.core.AprLifecycleListener initializeSSL
信息: OpenSSL successfully initialized (OpenSSL 1.0.1m 19 Mar 2015)
四月 13, 2016 9:34:25 上午 org.apache.coyote.AbstractProtocol init
信息: Initializing ProtocolHandler ["http-apr-8080"]
四月 13, 2016 9:34:25 上午 org.apache.coyote.AbstractProtocol init
严重: Failed to initialize end point associated with ProtocolHandler ["http-apr-8080"]
java.lang.Exception: Socket bind failed: [730013] ???????????????í????×??????・??????×?
	at org.apache.tomcat.util.net.AprEndpoint.bind(AprEndpoint.java:470)
	at org.apache.tomcat.util.net.AbstractEndpoint.init(AbstractEndpoint.java:650)
	at org.apache.coyote.AbstractProtocol.init(AbstractProtocol.java:434)
	at org.apache.catalina.connector.Connector.initInternal(Connector.java:978)
	at org.apache.catalina.util.LifecycleBase.init(LifecycleBase.java:102)
	at org.apache.catalina.core.StandardService.initInternal(StandardService.java:560)
	at org.apache.catalina.util.LifecycleBase.init(LifecycleBase.java:102)
	at org.apache.catalina.core.StandardServer.initInternal(StandardServer.java:820)
	at org.apache.catalina.util.LifecycleBase.init(LifecycleBase.java:102)
	at org.apache.catalina.startup.Catalina.load(Catalina.java:642)
	at org.apache.catalina.startup.Catalina.load(Catalina.java:667)
	at sun.reflect.NativeMethodAccessorImpl.invoke0(Native Method)
	at sun.reflect.NativeMethodAccessorImpl.invoke(Unknown Source)
	at sun.reflect.DelegatingMethodAccessorImpl.invoke(Unknown Source)
	at java.lang.reflect.Method.invoke(Unknown Source)
	at org.apache.catalina.startup.Bootstrap.load(Bootstrap.java:253)
	at org.apache.catalina.startup.Bootstrap.main(Bootstrap.java:427)

四月 13, 2016 9:34:25 上午 org.apache.catalina.core.StandardService initInternal
严重: Failed to initialize connector [Connector[HTTP/1.1-8080]]
org.apache.catalina.LifecycleException: Failed to initialize component [Connector[HTTP/1.1-8080]]
	at org.apache.catalina.util.LifecycleBase.init(LifecycleBase.java:106)
	at org.apache.catalina.core.StandardService.initInternal(StandardService.java:560)
	at org.apache.catalina.util.LifecycleBase.init(LifecycleBase.java:102)
	at org.apache.catalina.core.StandardServer.initInternal(StandardServer.java:820)
	at org.apache.catalina.util.LifecycleBase.init(LifecycleBase.java:102)
	at org.apache.catalina.startup.Catalina.load(Catalina.java:642)
	at org.apache.catalina.startup.Catalina.load(Catalina.java:667)
	at sun.reflect.NativeMethodAccessorImpl.invoke0(Native Method)
	at sun.reflect.NativeMethodAccessorImpl.invoke(Unknown Source)
	at sun.reflect.DelegatingMethodAccessorImpl.invoke(Unknown Source)
	at java.lang.reflect.Method.invoke(Unknown Source)
	at org.apache.catalina.startup.Bootstrap.load(Bootstrap.java:253)
	at org.apache.catalina.startup.Bootstrap.main(Bootstrap.java:427)
Caused by: org.apache.catalina.LifecycleException: Protocol handler initialization failed
	at org.apache.catalina.connector.Connector.initInternal(Connector.java:980)
	at org.apache.catalina.util.LifecycleBase.init(LifecycleBase.java:102)
	... 12 more
Caused by: java.lang.Exception: Socket bind failed: [730013] ???????????????í????×??????・??????×?
	at org.apache.tomcat.util.net.AprEndpoint.bind(AprEndpoint.java:470)
	at org.apache.tomcat.util.net.AbstractEndpoint.init(AbstractEndpoint.java:650)
	at org.apache.coyote.AbstractProtocol.init(AbstractProtocol.java:434)
	at org.apache.catalina.connector.Connector.initInternal(Connector.java:978)
	... 13 more

四月 13, 2016 9:34:25 上午 org.apache.coyote.AbstractProtocol init
信息: Initializing ProtocolHandler ["ajp-apr-8009"]
四月 13, 2016 9:34:25 上午 org.apache.coyote.AbstractProtocol init
严重: Failed to initialize end point associated with ProtocolHandler ["ajp-apr-8009"]
java.lang.Exception: Socket bind failed: [730013] ???????????????í????×??????・??????×?
	at org.apache.tomcat.util.net.AprEndpoint.bind(AprEndpoint.java:470)
	at org.apache.tomcat.util.net.AbstractEndpoint.init(AbstractEndpoint.java:650)
	at org.apache.coyote.AbstractProtocol.init(AbstractProtocol.java:434)
	at org.apache.catalina.connector.Connector.initInternal(Connector.java:978)
	at org.apache.catalina.util.LifecycleBase.init(LifecycleBase.java:102)
	at org.apache.catalina.core.StandardService.initInternal(StandardService.java:560)
	at org.apache.catalina.util.LifecycleBase.init(LifecycleBase.java:102)
	at org.apache.catalina.core.StandardServer.initInternal(StandardServer.java:820)
	at org.apache.catalina.util.LifecycleBase.init(LifecycleBase.java:102)
	at org.apache.catalina.startup.Catalina.load(Catalina.java:642)
	at org.apache.catalina.startup.Catalina.load(Catalina.java:667)
	at sun.reflect.NativeMethodAccessorImpl.invoke0(Native Method)
	at sun.reflect.NativeMethodAccessorImpl.invoke(Unknown Source)
	at sun.reflect.DelegatingMethodAccessorImpl.invoke(Unknown Source)
	at java.lang.reflect.Method.invoke(Unknown Source)
	at org.apache.catalina.startup.Bootstrap.load(Bootstrap.java:253)
	at org.apache.catalina.startup.Bootstrap.main(Bootstrap.java:427)

四月 13, 2016 9:34:25 上午 org.apache.catalina.core.StandardService initInternal
严重: Failed to initialize connector [Connector[AJP/1.3-8009]]
org.apache.catalina.LifecycleException: Failed to initialize component [Connector[AJP/1.3-8009]]
	at org.apache.catalina.util.LifecycleBase.init(LifecycleBase.java:106)
	at org.apache.catalina.core.StandardService.initInternal(StandardService.java:560)
	at org.apache.catalina.util.LifecycleBase.init(LifecycleBase.java:102)
	at org.apache.catalina.core.StandardServer.initInternal(StandardServer.java:820)
	at org.apache.catalina.util.LifecycleBase.init(LifecycleBase.java:102)
	at org.apache.catalina.startup.Catalina.load(Catalina.java:642)
	at org.apache.catalina.startup.Catalina.load(Catalina.java:667)
	at sun.reflect.NativeMethodAccessorImpl.invoke0(Native Method)
	at sun.reflect.NativeMethodAccessorImpl.invoke(Unknown Source)
	at sun.reflect.DelegatingMethodAccessorImpl.invoke(Unknown Source)
	at java.lang.reflect.Method.invoke(Unknown Source)
	at org.apache.catalina.startup.Bootstrap.load(Bootstrap.java:253)
	at org.apache.catalina.startup.Bootstrap.main(Bootstrap.java:427)
Caused by: org.apache.catalina.LifecycleException: Protocol handler initialization failed
	at org.apache.catalina.connector.Connector.initInternal(Connector.java:980)
	at org.apache.catalina.util.LifecycleBase.init(LifecycleBase.java:102)
	... 12 more
Caused by: java.lang.Exception: Socket bind failed: [730013] ???????????????í????×??????・??????×?
	at org.apache.tomcat.util.net.AprEndpoint.bind(AprEndpoint.java:470)
	at org.apache.tomcat.util.net.AbstractEndpoint.init(AbstractEndpoint.java:650)
	at org.apache.coyote.AbstractProtocol.init(AbstractProtocol.java:434)
	at org.apache.catalina.connector.Connector.initInternal(Connector.java:978)
	... 13 more

四月 13, 2016 9:34:25 上午 org.apache.catalina.startup.Catalina load
信息: Initialization processed in 1218 ms
四月 13, 2016 9:34:25 上午 org.apache.catalina.core.StandardService startInternal
信息: Starting service Catalina
四月 13, 2016 9:34:25 上午 org.apache.catalina.core.StandardEngine startInternal
信息: Starting Servlet Engine: Apache Tomcat/7.0.68
四月 13, 2016 9:34:25 上午 org.apache.catalina.startup.HostConfig deployDirectory
信息: Deploying web application directory H:\apache-tomcat-7.0.68\webapps\docs
四月 13, 2016 9:34:25 上午 org.apache.catalina.startup.HostConfig deployDirectory
信息: Deployment of web application directory H:\apache-tomcat-7.0.68\webapps\docs has finished in 297 ms
四月 13, 2016 9:34:25 上午 org.apache.catalina.startup.HostConfig deployDirectory
信息: Deploying web application directory H:\apache-tomcat-7.0.68\webapps\examples
四月 13, 2016 9:34:25 上午 org.apache.catalina.startup.HostConfig deployDirectory
信息: Deployment of web application directory H:\apache-tomcat-7.0.68\webapps\examples has finished in 218 ms
四月 13, 2016 9:34:25 上午 org.apache.catalina.startup.HostConfig deployDirectory
信息: Deploying web application directory H:\apache-tomcat-7.0.68\webapps\host-manager
四月 13, 2016 9:34:25 上午 org.apache.catalina.startup.HostConfig deployDirectory
信息: Deployment of web application directory H:\apache-tomcat-7.0.68\webapps\host-manager has finished in 63 ms
四月 13, 2016 9:34:26 上午 org.apache.catalina.startup.HostConfig deployDirectory
信息: Deploying web application directory H:\apache-tomcat-7.0.68\webapps\manager
四月 13, 2016 9:34:26 上午 org.apache.catalina.startup.HostConfig deployDirectory
信息: Deployment of web application directory H:\apache-tomcat-7.0.68\webapps\manager has finished in 63 ms
四月 13, 2016 9:34:26 上午 org.apache.catalina.startup.HostConfig deployDirectory
信息: Deploying web application directory H:\apache-tomcat-7.0.68\webapps\ROOT
四月 13, 2016 9:34:26 上午 org.apache.catalina.startup.HostConfig deployDirectory
信息: Deployment of web application directory H:\apache-tomcat-7.0.68\webapps\ROOT has finished in 46 ms
四月 13, 2016 9:34:26 上午 org.apache.catalina.startup.Catalina start
信息: Server startup in 759 ms
四月 13, 2016 9:34:26 上午 org.apache.catalina.core.StandardServer await
严重: StandardServer.await: create[localhost:8005]: 
java.net.BindException: Address already in use: JVM_Bind
	at java.net.DualStackPlainSocketImpl.bind0(Native Method)
	at java.net.DualStackPlainSocketImpl.socketBind(Unknown Source)
	at java.net.AbstractPlainSocketImpl.bind(Unknown Source)
	at java.net.PlainSocketImpl.bind(Unknown Source)
	at java.net.ServerSocket.bind(Unknown Source)
	at java.net.ServerSocket.<init>(Unknown Source)
	at org.apache.catalina.core.StandardServer.await(StandardServer.java:426)
	at org.apache.catalina.startup.Catalina.await(Catalina.java:781)
	at org.apache.catalina.startup.Catalina.start(Catalina.java:727)
	at sun.reflect.NativeMethodAccessorImpl.invoke0(Native Method)
	at sun.reflect.NativeMethodAccessorImpl.invoke(Unknown Source)
	at sun.reflect.DelegatingMethodAccessorImpl.invoke(Unknown Source)
	at java.lang.reflect.Method.invoke(Unknown Source)
	at org.apache.catalina.startup.Bootstrap.start(Bootstrap.java:294)
	at org.apache.catalina.startup.Bootstrap.main(Bootstrap.java:428)

四月 13, 2016 9:34:26 上午 org.apache.coyote.AbstractProtocol pause
信息: Pausing ProtocolHandler ["http-apr-8080"]
四月 13, 2016 9:34:26 上午 org.apache.coyote.AbstractProtocol pause
信息: Pausing ProtocolHandler ["ajp-apr-8009"]
四月 13, 2016 9:34:26 上午 org.apache.catalina.core.StandardService stopInternal
信息: Stopping service Catalina
四月 13, 2016 9:34:26 上午 org.apache.coyote.AbstractProtocol stop
信息: Stopping ProtocolHandler ["http-apr-8080"]
四月 13, 2016 9:34:26 上午 org.apache.coyote.AbstractProtocol destroy
信息: Destroying ProtocolHandler ["http-apr-8080"]
四月 13, 2016 9:34:26 上午 org.apache.coyote.AbstractProtocol stop
信息: Stopping ProtocolHandler ["ajp-apr-8009"]
四月 13, 2016 9:34:26 上午 org.apache.coyote.AbstractProtocol destroy
信息: Destroying ProtocolHandler ["ajp-apr-8009"]
四月 13, 2016 9:37:58 上午 org.apache.catalina.startup.VersionLoggerListener log
信息: Server version:        Apache Tomcat/7.0.68
四月 13, 2016 9:37:58 上午 org.apache.catalina.startup.VersionLoggerListener log
信息: Server built:          Feb 8 2016 20:25:54 UTC
四月 13, 2016 9:37:58 上午 org.apache.catalina.startup.VersionLoggerListener log
信息: Server number:         7.0.68.0
四月 13, 2016 9:37:58 上午 org.apache.catalina.startup.VersionLoggerListener log
信息: OS Name:               Windows 7
四月 13, 2016 9:37:58 上午 org.apache.catalina.startup.VersionLoggerListener log
信息: OS Version:            6.1
四月 13, 2016 9:37:58 上午 org.apache.catalina.startup.VersionLoggerListener log
信息: Architecture:          x86
四月 13, 2016 9:37:58 上午 org.apache.catalina.startup.VersionLoggerListener log
信息: Java Home:             E:\jdk_java
四月 13, 2016 9:37:58 上午 org.apache.catalina.startup.VersionLoggerListener log
信息: JVM Version:           1.8.0_20-b26
四月 13, 2016 9:37:58 上午 org.apache.catalina.startup.VersionLoggerListener log
信息: JVM Vendor:            Oracle Corporation
四月 13, 2016 9:37:58 上午 org.apache.catalina.startup.VersionLoggerListener log
信息: CATALINA_BASE:         H:\apache-tomcat-7.0.68
四月 13, 2016 9:37:58 上午 org.apache.catalina.startup.VersionLoggerListener log
信息: CATALINA_HOME:         H:\apache-tomcat-7.0.68
四月 13, 2016 9:37:58 上午 org.apache.catalina.startup.VersionLoggerListener log
信息: Command line argument: -Djava.util.logging.config.file=H:\apache-tomcat-7.0.68\conf\logging.properties
四月 13, 2016 9:37:58 上午 org.apache.catalina.startup.VersionLoggerListener log
信息: Command line argument: -Djava.util.logging.manager=org.apache.juli.ClassLoaderLogManager
四月 13, 2016 9:37:58 上午 org.apache.catalina.startup.VersionLoggerListener log
信息: Command line argument: -Djava.endorsed.dirs=H:\apache-tomcat-7.0.68\endorsed
四月 13, 2016 9:37:58 上午 org.apache.catalina.startup.VersionLoggerListener log
信息: Command line argument: -Dcatalina.base=H:\apache-tomcat-7.0.68
四月 13, 2016 9:37:58 上午 org.apache.catalina.startup.VersionLoggerListener log
信息: Command line argument: -Dcatalina.home=H:\apache-tomcat-7.0.68
四月 13, 2016 9:37:58 上午 org.apache.catalina.startup.VersionLoggerListener log
信息: Command line argument: -Djava.io.tmpdir=H:\apache-tomcat-7.0.68\temp
四月 13, 2016 9:37:58 上午 org.apache.catalina.core.AprLifecycleListener lifecycleEvent
信息: Loaded APR based Apache Tomcat Native library 1.1.33 using APR version 1.5.1.
四月 13, 2016 9:37:58 上午 org.apache.catalina.core.AprLifecycleListener lifecycleEvent
信息: APR capabilities: IPv6 [true], sendfile [true], accept filters [false], random [true].
四月 13, 2016 9:37:59 上午 org.apache.catalina.core.AprLifecycleListener initializeSSL
信息: OpenSSL successfully initialized (OpenSSL 1.0.1m 19 Mar 2015)
四月 13, 2016 9:37:59 上午 org.apache.coyote.AbstractProtocol init
信息: Initializing ProtocolHandler ["http-apr-8080"]
四月 13, 2016 9:37:59 上午 org.apache.coyote.AbstractProtocol init
信息: Initializing ProtocolHandler ["ajp-apr-8009"]
四月 13, 2016 9:37:59 上午 org.apache.catalina.startup.Catalina load
信息: Initialization processed in 1102 ms
四月 13, 2016 9:37:59 上午 org.apache.catalina.core.StandardService startInternal
信息: Starting service Catalina
四月 13, 2016 9:37:59 上午 org.apache.catalina.core.StandardEngine startInternal
信息: Starting Servlet Engine: Apache Tomcat/7.0.68
四月 13, 2016 9:37:59 上午 org.apache.catalina.startup.HostConfig deployDirectory
信息: Deploying web application directory H:\apache-tomcat-7.0.68\webapps\docs
四月 13, 2016 9:37:59 上午 org.apache.catalina.startup.HostConfig deployDirectory
信息: Deployment of web application directory H:\apache-tomcat-7.0.68\webapps\docs has finished in 309 ms
四月 13, 2016 9:37:59 上午 org.apache.catalina.startup.HostConfig deployDirectory
信息: Deploying web application directory H:\apache-tomcat-7.0.68\webapps\examples
四月 13, 2016 9:38:00 上午 org.apache.catalina.startup.HostConfig deployDirectory
信息: Deployment of web application directory H:\apache-tomcat-7.0.68\webapps\examples has finished in 210 ms
四月 13, 2016 9:38:00 上午 org.apache.catalina.startup.HostConfig deployDirectory
信息: Deploying web application directory H:\apache-tomcat-7.0.68\webapps\host-manager
四月 13, 2016 9:38:00 上午 org.apache.catalina.startup.HostConfig deployDirectory
信息: Deployment of web application directory H:\apache-tomcat-7.0.68\webapps\host-manager has finished in 57 ms
四月 13, 2016 9:38:00 上午 org.apache.catalina.startup.HostConfig deployDirectory
信息: Deploying web application directory H:\apache-tomcat-7.0.68\webapps\manager
四月 13, 2016 9:38:00 上午 org.apache.catalina.startup.HostConfig deployDirectory
信息: Deployment of web application directory H:\apache-tomcat-7.0.68\webapps\manager has finished in 46 ms
四月 13, 2016 9:38:00 上午 org.apache.catalina.startup.HostConfig deployDirectory
信息: Deploying web application directory H:\apache-tomcat-7.0.68\webapps\ROOT
四月 13, 2016 9:38:00 上午 org.apache.catalina.startup.HostConfig deployDirectory
信息: Deployment of web application directory H:\apache-tomcat-7.0.68\webapps\ROOT has finished in 47 ms
四月 13, 2016 9:38:00 上午 org.apache.coyote.AbstractProtocol start
信息: Starting ProtocolHandler ["http-apr-8080"]
四月 13, 2016 9:38:00 上午 org.apache.coyote.AbstractProtocol start
信息: Starting ProtocolHandler ["ajp-apr-8009"]
四月 13, 2016 9:38:00 上午 org.apache.catalina.startup.Catalina start
信息: Server startup in 753 ms
四月 13, 2016 9:41:42 上午 org.apache.catalina.core.StandardServer await
信息: A valid shutdown command was received via the shutdown port. Stopping the Server instance.
四月 13, 2016 9:41:42 上午 org.apache.coyote.AbstractProtocol pause
信息: Pausing ProtocolHandler ["http-apr-8080"]
四月 13, 2016 9:41:42 上午 org.apache.coyote.AbstractProtocol pause
信息: Pausing ProtocolHandler ["ajp-apr-8009"]
四月 13, 2016 9:41:42 上午 org.apache.catalina.core.StandardService stopInternal
信息: Stopping service Catalina
四月 13, 2016 9:41:42 上午 org.apache.coyote.AbstractProtocol stop
信息: Stopping ProtocolHandler ["http-apr-8080"]
四月 13, 2016 9:41:43 上午 org.apache.coyote.AbstractProtocol stop
信息: Stopping ProtocolHandler ["ajp-apr-8009"]
四月 13, 2016 9:41:43 上午 org.apache.coyote.AbstractProtocol destroy
信息: Destroying ProtocolHandler ["http-apr-8080"]
四月 13, 2016 9:41:43 上午 org.apache.coyote.AbstractProtocol destroy
信息: Destroying ProtocolHandler ["ajp-apr-8009"]
