九月 27, 2016 8:56:37 上午 org.apache.tomcat.util.digester.SetPropertiesRule begin
警告: [SetPropertiesRule]{Server/Service/Engine/Host/Context} Setting property 'source' to 'org.eclipse.jst.jee.server:MapTest' did not find a matching property.
九月 27, 2016 8:56:37 上午 org.apache.catalina.startup.VersionLoggerListener log
信息: Server version:        Apache Tomcat/7.0.68
九月 27, 2016 8:56:37 上午 org.apache.catalina.startup.VersionLoggerListener log
信息: Server built:          Feb 8 2016 20:25:54 UTC
九月 27, 2016 8:56:37 上午 org.apache.catalina.startup.VersionLoggerListener log
信息: Server number:         7.0.68.0
九月 27, 2016 8:56:37 上午 org.apache.catalina.startup.VersionLoggerListener log
信息: OS Name:               Windows 7
九月 27, 2016 8:56:37 上午 org.apache.catalina.startup.VersionLoggerListener log
信息: OS Version:            6.1
九月 27, 2016 8:56:37 上午 org.apache.catalina.startup.VersionLoggerListener log
信息: Architecture:          x86
九月 27, 2016 8:56:37 上午 org.apache.catalina.startup.VersionLoggerListener log
信息: Java Home:             C:\SRF_501_8_5\jre
九月 27, 2016 8:56:37 上午 org.apache.catalina.startup.VersionLoggerListener log
信息: JVM Version:           1.8.0_20-b26
九月 27, 2016 8:56:37 上午 org.apache.catalina.startup.VersionLoggerListener log
信息: JVM Vendor:            Oracle Corporation
九月 27, 2016 8:56:37 上午 org.apache.catalina.startup.VersionLoggerListener log
信息: CATALINA_BASE:         C:\Spec_for_new_transfer_9_20\apache-tomcat-7.0.68
九月 27, 2016 8:56:37 上午 org.apache.catalina.startup.VersionLoggerListener log
信息: CATALINA_HOME:         C:\Spec_for_new_transfer_9_20\apache-tomcat-7.0.68
九月 27, 2016 8:56:37 上午 org.apache.catalina.startup.VersionLoggerListener log
信息: Command line argument: -Djava.util.logging.config.file=C:\Spec_for_new_transfer_9_20\apache-tomcat-7.0.68\conf\logging.properties
九月 27, 2016 8:56:37 上午 org.apache.catalina.startup.VersionLoggerListener log
信息: Command line argument: -Djava.util.logging.manager=org.apache.juli.ClassLoaderLogManager
九月 27, 2016 8:56:37 上午 org.apache.catalina.startup.VersionLoggerListener log
信息: Command line argument: -Djava.endorsed.dirs=C:\Spec_for_new_transfer_9_20\apache-tomcat-7.0.68\endorsed
九月 27, 2016 8:56:37 上午 org.apache.catalina.startup.VersionLoggerListener log
信息: Command line argument: -Dcatalina.base=C:\Spec_for_new_transfer_9_20\apache-tomcat-7.0.68
九月 27, 2016 8:56:37 上午 org.apache.catalina.startup.VersionLoggerListener log
信息: Command line argument: -Dcatalina.home=C:\Spec_for_new_transfer_9_20\apache-tomcat-7.0.68
九月 27, 2016 8:56:37 上午 org.apache.catalina.startup.VersionLoggerListener log
信息: Command line argument: -Djava.io.tmpdir=C:\Spec_for_new_transfer_9_20\apache-tomcat-7.0.68\temp
九月 27, 2016 8:56:37 上午 org.apache.catalina.core.AprLifecycleListener lifecycleEvent
信息: Loaded APR based Apache Tomcat Native library 1.1.33 using APR version 1.5.1.
九月 27, 2016 8:56:37 上午 org.apache.catalina.core.AprLifecycleListener lifecycleEvent
信息: APR capabilities: IPv6 [true], sendfile [true], accept filters [false], random [true].
九月 27, 2016 8:56:38 上午 org.apache.catalina.core.AprLifecycleListener initializeSSL
信息: OpenSSL successfully initialized (OpenSSL 1.0.1m 19 Mar 2015)
九月 27, 2016 8:56:38 上午 org.apache.coyote.AbstractProtocol init
信息: Initializing ProtocolHandler ["http-apr-8080"]
九月 27, 2016 8:56:38 上午 org.apache.coyote.AbstractProtocol init
信息: Initializing ProtocolHandler ["ajp-apr-8009"]
九月 27, 2016 8:56:38 上午 org.apache.catalina.startup.Catalina load
信息: Initialization processed in 1714 ms
九月 27, 2016 8:56:38 上午 org.apache.catalina.core.StandardService startInternal
信息: Starting service Catalina
九月 27, 2016 8:56:38 上午 org.apache.catalina.core.StandardEngine startInternal
信息: Starting Servlet Engine: Apache Tomcat/7.0.68
九月 27, 2016 8:56:39 上午 org.apache.catalina.startup.TldConfig execute
信息: At least one JAR was scanned for TLDs yet contained no TLDs. Enable debug logging for this logger for a complete list of JARs that were scanned but no TLDs were found in them. Skipping unneeded JARs during scanning can improve startup time and JSP compilation time.
九月 27, 2016 8:56:39 上午 org.apache.catalina.startup.HostConfig deployDirectory
信息: Deploying web application directory C:\Spec_for_new_transfer_9_20\apache-tomcat-7.0.68\webapps\docs
九月 27, 2016 8:56:39 上午 org.apache.catalina.startup.HostConfig deployDirectory
信息: Deployment of web application directory C:\Spec_for_new_transfer_9_20\apache-tomcat-7.0.68\webapps\docs has finished in 91 ms
九月 27, 2016 8:56:39 上午 org.apache.catalina.startup.HostConfig deployDirectory
信息: Deploying web application directory C:\Spec_for_new_transfer_9_20\apache-tomcat-7.0.68\webapps\examples
九月 27, 2016 8:56:40 上午 org.apache.catalina.startup.HostConfig deployDirectory
信息: Deployment of web application directory C:\Spec_for_new_transfer_9_20\apache-tomcat-7.0.68\webapps\examples has finished in 1,075 ms
九月 27, 2016 8:56:40 上午 org.apache.catalina.startup.HostConfig deployDirectory
信息: Deploying web application directory C:\Spec_for_new_transfer_9_20\apache-tomcat-7.0.68\webapps\host-manager
九月 27, 2016 8:56:40 上午 org.apache.catalina.startup.HostConfig deployDirectory
信息: Deployment of web application directory C:\Spec_for_new_transfer_9_20\apache-tomcat-7.0.68\webapps\host-manager has finished in 90 ms
九月 27, 2016 8:56:40 上午 org.apache.catalina.startup.HostConfig deployDirectory
信息: Deploying web application directory C:\Spec_for_new_transfer_9_20\apache-tomcat-7.0.68\webapps\manager
九月 27, 2016 8:56:40 上午 org.apache.catalina.startup.HostConfig deployDirectory
信息: Deployment of web application directory C:\Spec_for_new_transfer_9_20\apache-tomcat-7.0.68\webapps\manager has finished in 62 ms
九月 27, 2016 8:56:40 上午 org.apache.catalina.startup.HostConfig deployDirectory
信息: Deploying web application directory C:\Spec_for_new_transfer_9_20\apache-tomcat-7.0.68\webapps\ROOT
九月 27, 2016 8:56:40 上午 org.apache.catalina.startup.HostConfig deployDirectory
信息: Deployment of web application directory C:\Spec_for_new_transfer_9_20\apache-tomcat-7.0.68\webapps\ROOT has finished in 45 ms
九月 27, 2016 8:56:40 上午 org.apache.coyote.AbstractProtocol start
信息: Starting ProtocolHandler ["http-apr-8080"]
九月 27, 2016 8:56:40 上午 org.apache.coyote.AbstractProtocol start
信息: Starting ProtocolHandler ["ajp-apr-8009"]
九月 27, 2016 8:56:40 上午 org.apache.catalina.startup.Catalina start
信息: Server startup in 1987 ms
九月 27, 2016 9:46:27 上午 org.apache.catalina.core.StandardServer await
信息: A valid shutdown command was received via the shutdown port. Stopping the Server instance.
九月 27, 2016 9:46:27 上午 org.apache.coyote.AbstractProtocol pause
信息: Pausing ProtocolHandler ["http-apr-8080"]
九月 27, 2016 9:46:28 上午 org.apache.coyote.AbstractProtocol pause
信息: Pausing ProtocolHandler ["ajp-apr-8009"]
九月 27, 2016 9:46:28 上午 org.apache.catalina.core.StandardService stopInternal
信息: Stopping service Catalina
九月 27, 2016 9:46:28 上午 org.apache.coyote.AbstractProtocol stop
信息: Stopping ProtocolHandler ["http-apr-8080"]
九月 27, 2016 9:46:28 上午 org.apache.coyote.AbstractProtocol stop
信息: Stopping ProtocolHandler ["ajp-apr-8009"]
九月 27, 2016 9:46:28 上午 org.apache.coyote.AbstractProtocol destroy
信息: Destroying ProtocolHandler ["http-apr-8080"]
九月 27, 2016 9:46:28 上午 org.apache.coyote.AbstractProtocol destroy
信息: Destroying ProtocolHandler ["ajp-apr-8009"]
九月 27, 2016 9:46:49 上午 org.apache.tomcat.util.digester.SetPropertiesRule begin
警告: [SetPropertiesRule]{Server/Service/Engine/Host/Context} Setting property 'source' to 'org.eclipse.jst.jee.server:MapTest' did not find a matching property.
九月 27, 2016 9:46:49 上午 org.apache.catalina.startup.VersionLoggerListener log
信息: Server version:        Apache Tomcat/7.0.68
九月 27, 2016 9:46:49 上午 org.apache.catalina.startup.VersionLoggerListener log
信息: Server built:          Feb 8 2016 20:25:54 UTC
九月 27, 2016 9:46:49 上午 org.apache.catalina.startup.VersionLoggerListener log
信息: Server number:         7.0.68.0
九月 27, 2016 9:46:49 上午 org.apache.catalina.startup.VersionLoggerListener log
信息: OS Name:               Windows 7
九月 27, 2016 9:46:49 上午 org.apache.catalina.startup.VersionLoggerListener log
信息: OS Version:            6.1
九月 27, 2016 9:46:49 上午 org.apache.catalina.startup.VersionLoggerListener log
信息: Architecture:          x86
九月 27, 2016 9:46:49 上午 org.apache.catalina.startup.VersionLoggerListener log
信息: Java Home:             C:\SRF_501_8_5\jre
九月 27, 2016 9:46:49 上午 org.apache.catalina.startup.VersionLoggerListener log
信息: JVM Version:           1.8.0_20-b26
九月 27, 2016 9:46:49 上午 org.apache.catalina.startup.VersionLoggerListener log
信息: JVM Vendor:            Oracle Corporation
九月 27, 2016 9:46:49 上午 org.apache.catalina.startup.VersionLoggerListener log
信息: CATALINA_BASE:         C:\Spec_for_new_transfer_9_20\apache-tomcat-7.0.68
九月 27, 2016 9:46:49 上午 org.apache.catalina.startup.VersionLoggerListener log
信息: CATALINA_HOME:         C:\Spec_for_new_transfer_9_20\apache-tomcat-7.0.68
九月 27, 2016 9:46:49 上午 org.apache.catalina.startup.VersionLoggerListener log
信息: Command line argument: -Djava.util.logging.config.file=C:\Spec_for_new_transfer_9_20\apache-tomcat-7.0.68\conf\logging.properties
九月 27, 2016 9:46:49 上午 org.apache.catalina.startup.VersionLoggerListener log
信息: Command line argument: -Djava.util.logging.manager=org.apache.juli.ClassLoaderLogManager
九月 27, 2016 9:46:49 上午 org.apache.catalina.startup.VersionLoggerListener log
信息: Command line argument: -Djava.endorsed.dirs=C:\Spec_for_new_transfer_9_20\apache-tomcat-7.0.68\endorsed
九月 27, 2016 9:46:49 上午 org.apache.catalina.startup.VersionLoggerListener log
信息: Command line argument: -Dcatalina.base=C:\Spec_for_new_transfer_9_20\apache-tomcat-7.0.68
九月 27, 2016 9:46:49 上午 org.apache.catalina.startup.VersionLoggerListener log
信息: Command line argument: -Dcatalina.home=C:\Spec_for_new_transfer_9_20\apache-tomcat-7.0.68
九月 27, 2016 9:46:49 上午 org.apache.catalina.startup.VersionLoggerListener log
信息: Command line argument: -Djava.io.tmpdir=C:\Spec_for_new_transfer_9_20\apache-tomcat-7.0.68\temp
九月 27, 2016 9:46:49 上午 org.apache.catalina.core.AprLifecycleListener lifecycleEvent
信息: Loaded APR based Apache Tomcat Native library 1.1.33 using APR version 1.5.1.
九月 27, 2016 9:46:49 上午 org.apache.catalina.core.AprLifecycleListener lifecycleEvent
信息: APR capabilities: IPv6 [true], sendfile [true], accept filters [false], random [true].
九月 27, 2016 9:46:50 上午 org.apache.catalina.core.AprLifecycleListener initializeSSL
信息: OpenSSL successfully initialized (OpenSSL 1.0.1m 19 Mar 2015)
九月 27, 2016 9:46:50 上午 org.apache.coyote.AbstractProtocol init
信息: Initializing ProtocolHandler ["http-apr-8080"]
九月 27, 2016 9:46:50 上午 org.apache.coyote.AbstractProtocol init
信息: Initializing ProtocolHandler ["ajp-apr-8009"]
九月 27, 2016 9:46:50 上午 org.apache.catalina.startup.Catalina load
信息: Initialization processed in 1709 ms
九月 27, 2016 9:46:50 上午 org.apache.catalina.core.StandardService startInternal
信息: Starting service Catalina
九月 27, 2016 9:46:50 上午 org.apache.catalina.core.StandardEngine startInternal
信息: Starting Servlet Engine: Apache Tomcat/7.0.68
九月 27, 2016 9:46:50 上午 org.apache.catalina.startup.TldConfig execute
信息: At least one JAR was scanned for TLDs yet contained no TLDs. Enable debug logging for this logger for a complete list of JARs that were scanned but no TLDs were found in them. Skipping unneeded JARs during scanning can improve startup time and JSP compilation time.
九月 27, 2016 9:46:51 上午 org.apache.catalina.util.SessionIdGeneratorBase createSecureRandom
信息: Creation of SecureRandom instance for session ID generation using [SHA1PRNG] took [108] milliseconds.
九月 27, 2016 9:46:51 上午 org.apache.catalina.startup.HostConfig deployDirectory
信息: Deploying web application directory C:\Spec_for_new_transfer_9_20\apache-tomcat-7.0.68\webapps\docs
九月 27, 2016 9:46:51 上午 org.apache.catalina.startup.HostConfig deployDirectory
信息: Deployment of web application directory C:\Spec_for_new_transfer_9_20\apache-tomcat-7.0.68\webapps\docs has finished in 63 ms
九月 27, 2016 9:46:51 上午 org.apache.catalina.startup.HostConfig deployDirectory
信息: Deploying web application directory C:\Spec_for_new_transfer_9_20\apache-tomcat-7.0.68\webapps\examples
九月 27, 2016 9:46:51 上午 org.apache.catalina.startup.HostConfig deployDirectory
信息: Deployment of web application directory C:\Spec_for_new_transfer_9_20\apache-tomcat-7.0.68\webapps\examples has finished in 341 ms
九月 27, 2016 9:46:51 上午 org.apache.catalina.startup.HostConfig deployDirectory
信息: Deploying web application directory C:\Spec_for_new_transfer_9_20\apache-tomcat-7.0.68\webapps\host-manager
九月 27, 2016 9:46:51 上午 org.apache.catalina.startup.HostConfig deployDirectory
信息: Deployment of web application directory C:\Spec_for_new_transfer_9_20\apache-tomcat-7.0.68\webapps\host-manager has finished in 96 ms
九月 27, 2016 9:46:51 上午 org.apache.catalina.startup.HostConfig deployDirectory
信息: Deploying web application directory C:\Spec_for_new_transfer_9_20\apache-tomcat-7.0.68\webapps\manager
九月 27, 2016 9:46:51 上午 org.apache.catalina.startup.HostConfig deployDirectory
信息: Deployment of web application directory C:\Spec_for_new_transfer_9_20\apache-tomcat-7.0.68\webapps\manager has finished in 61 ms
九月 27, 2016 9:46:51 上午 org.apache.catalina.startup.HostConfig deployDirectory
信息: Deploying web application directory C:\Spec_for_new_transfer_9_20\apache-tomcat-7.0.68\webapps\ROOT
九月 27, 2016 9:46:51 上午 org.apache.catalina.startup.HostConfig deployDirectory
信息: Deployment of web application directory C:\Spec_for_new_transfer_9_20\apache-tomcat-7.0.68\webapps\ROOT has finished in 46 ms
九月 27, 2016 9:46:51 上午 org.apache.coyote.AbstractProtocol start
信息: Starting ProtocolHandler ["http-apr-8080"]
九月 27, 2016 9:46:51 上午 org.apache.coyote.AbstractProtocol start
信息: Starting ProtocolHandler ["ajp-apr-8009"]
九月 27, 2016 9:46:51 上午 org.apache.catalina.startup.Catalina start
信息: Server startup in 1200 ms
九月 27, 2016 9:47:20 上午 org.apache.catalina.core.StandardServer await
信息: A valid shutdown command was received via the shutdown port. Stopping the Server instance.
九月 27, 2016 9:47:20 上午 org.apache.coyote.AbstractProtocol pause
信息: Pausing ProtocolHandler ["http-apr-8080"]
九月 27, 2016 9:47:20 上午 org.apache.coyote.AbstractProtocol pause
信息: Pausing ProtocolHandler ["ajp-apr-8009"]
九月 27, 2016 9:47:20 上午 org.apache.catalina.core.StandardService stopInternal
信息: Stopping service Catalina
九月 27, 2016 9:47:20 上午 org.apache.coyote.AbstractProtocol stop
信息: Stopping ProtocolHandler ["http-apr-8080"]
九月 27, 2016 9:47:20 上午 org.apache.coyote.AbstractProtocol stop
信息: Stopping ProtocolHandler ["ajp-apr-8009"]
九月 27, 2016 9:47:20 上午 org.apache.coyote.AbstractProtocol destroy
信息: Destroying ProtocolHandler ["http-apr-8080"]
九月 27, 2016 9:47:20 上午 org.apache.coyote.AbstractProtocol destroy
信息: Destroying ProtocolHandler ["ajp-apr-8009"]
九月 27, 2016 9:47:38 上午 org.apache.tomcat.util.digester.SetPropertiesRule begin
警告: [SetPropertiesRule]{Server/Service/Engine/Host/Context} Setting property 'source' to 'org.eclipse.jst.jee.server:MapTest' did not find a matching property.
九月 27, 2016 9:47:38 上午 org.apache.catalina.startup.VersionLoggerListener log
信息: Server version:        Apache Tomcat/7.0.68
九月 27, 2016 9:47:38 上午 org.apache.catalina.startup.VersionLoggerListener log
信息: Server built:          Feb 8 2016 20:25:54 UTC
九月 27, 2016 9:47:38 上午 org.apache.catalina.startup.VersionLoggerListener log
信息: Server number:         7.0.68.0
九月 27, 2016 9:47:38 上午 org.apache.catalina.startup.VersionLoggerListener log
信息: OS Name:               Windows 7
九月 27, 2016 9:47:38 上午 org.apache.catalina.startup.VersionLoggerListener log
信息: OS Version:            6.1
九月 27, 2016 9:47:38 上午 org.apache.catalina.startup.VersionLoggerListener log
信息: Architecture:          x86
九月 27, 2016 9:47:38 上午 org.apache.catalina.startup.VersionLoggerListener log
信息: Java Home:             C:\SRF_501_8_5\jre
九月 27, 2016 9:47:38 上午 org.apache.catalina.startup.VersionLoggerListener log
信息: JVM Version:           1.8.0_20-b26
九月 27, 2016 9:47:38 上午 org.apache.catalina.startup.VersionLoggerListener log
信息: JVM Vendor:            Oracle Corporation
九月 27, 2016 9:47:38 上午 org.apache.catalina.startup.VersionLoggerListener log
信息: CATALINA_BASE:         C:\Spec_for_new_transfer_9_20\apache-tomcat-7.0.68
九月 27, 2016 9:47:38 上午 org.apache.catalina.startup.VersionLoggerListener log
信息: CATALINA_HOME:         C:\Spec_for_new_transfer_9_20\apache-tomcat-7.0.68
九月 27, 2016 9:47:38 上午 org.apache.catalina.startup.VersionLoggerListener log
信息: Command line argument: -Djava.util.logging.config.file=C:\Spec_for_new_transfer_9_20\apache-tomcat-7.0.68\conf\logging.properties
九月 27, 2016 9:47:38 上午 org.apache.catalina.startup.VersionLoggerListener log
信息: Command line argument: -Djava.util.logging.manager=org.apache.juli.ClassLoaderLogManager
九月 27, 2016 9:47:38 上午 org.apache.catalina.startup.VersionLoggerListener log
信息: Command line argument: -Djava.endorsed.dirs=C:\Spec_for_new_transfer_9_20\apache-tomcat-7.0.68\endorsed
九月 27, 2016 9:47:38 上午 org.apache.catalina.startup.VersionLoggerListener log
信息: Command line argument: -Dcatalina.base=C:\Spec_for_new_transfer_9_20\apache-tomcat-7.0.68
九月 27, 2016 9:47:38 上午 org.apache.catalina.startup.VersionLoggerListener log
信息: Command line argument: -Dcatalina.home=C:\Spec_for_new_transfer_9_20\apache-tomcat-7.0.68
九月 27, 2016 9:47:38 上午 org.apache.catalina.startup.VersionLoggerListener log
信息: Command line argument: -Djava.io.tmpdir=C:\Spec_for_new_transfer_9_20\apache-tomcat-7.0.68\temp
九月 27, 2016 9:47:38 上午 org.apache.catalina.core.AprLifecycleListener lifecycleEvent
信息: Loaded APR based Apache Tomcat Native library 1.1.33 using APR version 1.5.1.
九月 27, 2016 9:47:38 上午 org.apache.catalina.core.AprLifecycleListener lifecycleEvent
信息: APR capabilities: IPv6 [true], sendfile [true], accept filters [false], random [true].
九月 27, 2016 9:47:39 上午 org.apache.catalina.core.AprLifecycleListener initializeSSL
信息: OpenSSL successfully initialized (OpenSSL 1.0.1m 19 Mar 2015)
九月 27, 2016 9:47:39 上午 org.apache.coyote.AbstractProtocol init
信息: Initializing ProtocolHandler ["http-apr-8080"]
九月 27, 2016 9:47:39 上午 org.apache.coyote.AbstractProtocol init
信息: Initializing ProtocolHandler ["ajp-apr-8009"]
九月 27, 2016 9:47:39 上午 org.apache.catalina.startup.Catalina load
信息: Initialization processed in 1684 ms
九月 27, 2016 9:47:39 上午 org.apache.catalina.core.StandardService startInternal
信息: Starting service Catalina
九月 27, 2016 9:47:39 上午 org.apache.catalina.core.StandardEngine startInternal
信息: Starting Servlet Engine: Apache Tomcat/7.0.68
九月 27, 2016 9:47:40 上午 org.apache.catalina.startup.TldConfig execute
信息: At least one JAR was scanned for TLDs yet contained no TLDs. Enable debug logging for this logger for a complete list of JARs that were scanned but no TLDs were found in them. Skipping unneeded JARs during scanning can improve startup time and JSP compilation time.
九月 27, 2016 9:47:40 上午 org.apache.catalina.startup.HostConfig deployDirectory
信息: Deploying web application directory C:\Spec_for_new_transfer_9_20\apache-tomcat-7.0.68\webapps\docs
九月 27, 2016 9:47:40 上午 org.apache.catalina.startup.HostConfig deployDirectory
信息: Deployment of web application directory C:\Spec_for_new_transfer_9_20\apache-tomcat-7.0.68\webapps\docs has finished in 56 ms
九月 27, 2016 9:47:40 上午 org.apache.catalina.startup.HostConfig deployDirectory
信息: Deploying web application directory C:\Spec_for_new_transfer_9_20\apache-tomcat-7.0.68\webapps\examples
九月 27, 2016 9:47:40 上午 org.apache.catalina.startup.HostConfig deployDirectory
信息: Deployment of web application directory C:\Spec_for_new_transfer_9_20\apache-tomcat-7.0.68\webapps\examples has finished in 323 ms
九月 27, 2016 9:47:40 上午 org.apache.catalina.startup.HostConfig deployDirectory
信息: Deploying web application directory C:\Spec_for_new_transfer_9_20\apache-tomcat-7.0.68\webapps\host-manager
九月 27, 2016 9:47:40 上午 org.apache.catalina.startup.HostConfig deployDirectory
信息: Deployment of web application directory C:\Spec_for_new_transfer_9_20\apache-tomcat-7.0.68\webapps\host-manager has finished in 89 ms
九月 27, 2016 9:47:40 上午 org.apache.catalina.startup.HostConfig deployDirectory
信息: Deploying web application directory C:\Spec_for_new_transfer_9_20\apache-tomcat-7.0.68\webapps\manager
九月 27, 2016 9:47:40 上午 org.apache.catalina.startup.HostConfig deployDirectory
信息: Deployment of web application directory C:\Spec_for_new_transfer_9_20\apache-tomcat-7.0.68\webapps\manager has finished in 59 ms
九月 27, 2016 9:47:40 上午 org.apache.catalina.startup.HostConfig deployDirectory
信息: Deploying web application directory C:\Spec_for_new_transfer_9_20\apache-tomcat-7.0.68\webapps\ROOT
九月 27, 2016 9:47:41 上午 org.apache.catalina.startup.HostConfig deployDirectory
信息: Deployment of web application directory C:\Spec_for_new_transfer_9_20\apache-tomcat-7.0.68\webapps\ROOT has finished in 48 ms
九月 27, 2016 9:47:41 上午 org.apache.coyote.AbstractProtocol start
信息: Starting ProtocolHandler ["http-apr-8080"]
九月 27, 2016 9:47:41 上午 org.apache.coyote.AbstractProtocol start
信息: Starting ProtocolHandler ["ajp-apr-8009"]
九月 27, 2016 9:47:41 上午 org.apache.catalina.startup.Catalina start
信息: Server startup in 1125 ms
九月 27, 2016 9:50:15 上午 org.apache.catalina.core.StandardServer await
信息: A valid shutdown command was received via the shutdown port. Stopping the Server instance.
九月 27, 2016 9:50:15 上午 org.apache.coyote.AbstractProtocol pause
信息: Pausing ProtocolHandler ["http-apr-8080"]
九月 27, 2016 9:50:16 上午 org.apache.coyote.AbstractProtocol pause
信息: Pausing ProtocolHandler ["ajp-apr-8009"]
九月 27, 2016 9:50:16 上午 org.apache.catalina.core.StandardService stopInternal
信息: Stopping service Catalina
九月 27, 2016 9:50:16 上午 org.apache.coyote.AbstractProtocol stop
信息: Stopping ProtocolHandler ["http-apr-8080"]
九月 27, 2016 9:50:16 上午 org.apache.coyote.AbstractProtocol stop
信息: Stopping ProtocolHandler ["ajp-apr-8009"]
九月 27, 2016 9:50:16 上午 org.apache.coyote.AbstractProtocol destroy
信息: Destroying ProtocolHandler ["http-apr-8080"]
九月 27, 2016 9:50:16 上午 org.apache.coyote.AbstractProtocol destroy
信息: Destroying ProtocolHandler ["ajp-apr-8009"]
九月 27, 2016 9:52:32 上午 org.apache.tomcat.util.digester.SetPropertiesRule begin
警告: [SetPropertiesRule]{Server/Service/Engine/Host/Context} Setting property 'source' to 'org.eclipse.jst.jee.server:MapTest' did not find a matching property.
九月 27, 2016 9:52:32 上午 org.apache.catalina.startup.VersionLoggerListener log
信息: Server version:        Apache Tomcat/7.0.68
九月 27, 2016 9:52:32 上午 org.apache.catalina.startup.VersionLoggerListener log
信息: Server built:          Feb 8 2016 20:25:54 UTC
九月 27, 2016 9:52:32 上午 org.apache.catalina.startup.VersionLoggerListener log
信息: Server number:         7.0.68.0
九月 27, 2016 9:52:32 上午 org.apache.catalina.startup.VersionLoggerListener log
信息: OS Name:               Windows 7
九月 27, 2016 9:52:32 上午 org.apache.catalina.startup.VersionLoggerListener log
信息: OS Version:            6.1
九月 27, 2016 9:52:32 上午 org.apache.catalina.startup.VersionLoggerListener log
信息: Architecture:          x86
九月 27, 2016 9:52:32 上午 org.apache.catalina.startup.VersionLoggerListener log
信息: Java Home:             C:\SRF_501_8_5\jre
九月 27, 2016 9:52:32 上午 org.apache.catalina.startup.VersionLoggerListener log
信息: JVM Version:           1.8.0_20-b26
九月 27, 2016 9:52:32 上午 org.apache.catalina.startup.VersionLoggerListener log
信息: JVM Vendor:            Oracle Corporation
九月 27, 2016 9:52:32 上午 org.apache.catalina.startup.VersionLoggerListener log
信息: CATALINA_BASE:         C:\Spec_for_new_transfer_9_20\apache-tomcat-7.0.68
九月 27, 2016 9:52:32 上午 org.apache.catalina.startup.VersionLoggerListener log
信息: CATALINA_HOME:         C:\Spec_for_new_transfer_9_20\apache-tomcat-7.0.68
九月 27, 2016 9:52:32 上午 org.apache.catalina.startup.VersionLoggerListener log
信息: Command line argument: -Djava.util.logging.config.file=C:\Spec_for_new_transfer_9_20\apache-tomcat-7.0.68\conf\logging.properties
九月 27, 2016 9:52:32 上午 org.apache.catalina.startup.VersionLoggerListener log
信息: Command line argument: -Djava.util.logging.manager=org.apache.juli.ClassLoaderLogManager
九月 27, 2016 9:52:32 上午 org.apache.catalina.startup.VersionLoggerListener log
信息: Command line argument: -Djava.endorsed.dirs=C:\Spec_for_new_transfer_9_20\apache-tomcat-7.0.68\endorsed
九月 27, 2016 9:52:32 上午 org.apache.catalina.startup.VersionLoggerListener log
信息: Command line argument: -Dcatalina.base=C:\Spec_for_new_transfer_9_20\apache-tomcat-7.0.68
九月 27, 2016 9:52:32 上午 org.apache.catalina.startup.VersionLoggerListener log
信息: Command line argument: -Dcatalina.home=C:\Spec_for_new_transfer_9_20\apache-tomcat-7.0.68
九月 27, 2016 9:52:32 上午 org.apache.catalina.startup.VersionLoggerListener log
信息: Command line argument: -Djava.io.tmpdir=C:\Spec_for_new_transfer_9_20\apache-tomcat-7.0.68\temp
九月 27, 2016 9:52:32 上午 org.apache.catalina.core.AprLifecycleListener lifecycleEvent
信息: Loaded APR based Apache Tomcat Native library 1.1.33 using APR version 1.5.1.
九月 27, 2016 9:52:32 上午 org.apache.catalina.core.AprLifecycleListener lifecycleEvent
信息: APR capabilities: IPv6 [true], sendfile [true], accept filters [false], random [true].
九月 27, 2016 9:52:33 上午 org.apache.catalina.core.AprLifecycleListener initializeSSL
信息: OpenSSL successfully initialized (OpenSSL 1.0.1m 19 Mar 2015)
九月 27, 2016 9:52:33 上午 org.apache.coyote.AbstractProtocol init
信息: Initializing ProtocolHandler ["http-apr-8080"]
九月 27, 2016 9:52:33 上午 org.apache.coyote.AbstractProtocol init
信息: Initializing ProtocolHandler ["ajp-apr-8009"]
九月 27, 2016 9:52:33 上午 org.apache.catalina.startup.Catalina load
信息: Initialization processed in 1675 ms
九月 27, 2016 9:52:33 上午 org.apache.catalina.core.StandardService startInternal
信息: Starting service Catalina
九月 27, 2016 9:52:33 上午 org.apache.catalina.core.StandardEngine startInternal
信息: Starting Servlet Engine: Apache Tomcat/7.0.68
九月 27, 2016 9:52:33 上午 org.apache.catalina.startup.TldConfig execute
信息: At least one JAR was scanned for TLDs yet contained no TLDs. Enable debug logging for this logger for a complete list of JARs that were scanned but no TLDs were found in them. Skipping unneeded JARs during scanning can improve startup time and JSP compilation time.
九月 27, 2016 9:52:33 上午 org.apache.catalina.startup.HostConfig deployDirectory
信息: Deploying web application directory C:\Spec_for_new_transfer_9_20\apache-tomcat-7.0.68\webapps\docs
九月 27, 2016 9:52:33 上午 org.apache.catalina.startup.HostConfig deployDirectory
信息: Deployment of web application directory C:\Spec_for_new_transfer_9_20\apache-tomcat-7.0.68\webapps\docs has finished in 57 ms
九月 27, 2016 9:52:33 上午 org.apache.catalina.startup.HostConfig deployDirectory
信息: Deploying web application directory C:\Spec_for_new_transfer_9_20\apache-tomcat-7.0.68\webapps\examples
九月 27, 2016 9:52:34 上午 org.apache.catalina.startup.HostConfig deployDirectory
信息: Deployment of web application directory C:\Spec_for_new_transfer_9_20\apache-tomcat-7.0.68\webapps\examples has finished in 277 ms
九月 27, 2016 9:52:34 上午 org.apache.catalina.startup.HostConfig deployDirectory
信息: Deploying web application directory C:\Spec_for_new_transfer_9_20\apache-tomcat-7.0.68\webapps\host-manager
九月 27, 2016 9:52:34 上午 org.apache.catalina.startup.HostConfig deployDirectory
信息: Deployment of web application directory C:\Spec_for_new_transfer_9_20\apache-tomcat-7.0.68\webapps\host-manager has finished in 86 ms
九月 27, 2016 9:52:34 上午 org.apache.catalina.startup.HostConfig deployDirectory
信息: Deploying web application directory C:\Spec_for_new_transfer_9_20\apache-tomcat-7.0.68\webapps\manager
九月 27, 2016 9:52:34 上午 org.apache.catalina.startup.HostConfig deployDirectory
信息: Deployment of web application directory C:\Spec_for_new_transfer_9_20\apache-tomcat-7.0.68\webapps\manager has finished in 58 ms
九月 27, 2016 9:52:34 上午 org.apache.catalina.startup.HostConfig deployDirectory
信息: Deploying web application directory C:\Spec_for_new_transfer_9_20\apache-tomcat-7.0.68\webapps\ROOT
九月 27, 2016 9:52:34 上午 org.apache.catalina.startup.HostConfig deployDirectory
信息: Deployment of web application directory C:\Spec_for_new_transfer_9_20\apache-tomcat-7.0.68\webapps\ROOT has finished in 50 ms
九月 27, 2016 9:52:34 上午 org.apache.coyote.AbstractProtocol start
信息: Starting ProtocolHandler ["http-apr-8080"]
九月 27, 2016 9:52:34 上午 org.apache.coyote.AbstractProtocol start
信息: Starting ProtocolHandler ["ajp-apr-8009"]
九月 27, 2016 9:52:34 上午 org.apache.catalina.startup.Catalina start
信息: Server startup in 1060 ms
九月 27, 2016 6:16:12 下午 org.apache.catalina.core.StandardServer await
信息: A valid shutdown command was received via the shutdown port. Stopping the Server instance.
九月 27, 2016 6:16:23 下午 org.apache.coyote.AbstractProtocol pause
信息: Pausing ProtocolHandler ["http-apr-8080"]
九月 27, 2016 6:16:27 下午 org.apache.coyote.AbstractProtocol pause
信息: Pausing ProtocolHandler ["ajp-apr-8009"]
九月 27, 2016 6:16:28 下午 org.apache.catalina.core.StandardService stopInternal
信息: Stopping service Catalina
九月 27, 2016 6:16:43 下午 org.apache.coyote.AbstractProtocol stop
信息: Stopping ProtocolHandler ["http-apr-8080"]
九月 27, 2016 6:16:44 下午 org.apache.coyote.AbstractProtocol stop
信息: Stopping ProtocolHandler ["ajp-apr-8009"]
九月 27, 2016 6:16:44 下午 org.apache.coyote.AbstractProtocol destroy
信息: Destroying ProtocolHandler ["http-apr-8080"]
九月 27, 2016 6:16:44 下午 org.apache.coyote.AbstractProtocol destroy
信息: Destroying ProtocolHandler ["ajp-apr-8009"]
