九月 17, 2016 10:24:39 上午 org.apache.tomcat.util.digester.SetPropertiesRule begin
警告: [SetPropertiesRule]{Server/Service/Engine/Host/Context} Setting property 'source' to 'org.eclipse.jst.jee.server:MapTest' did not find a matching property.
九月 17, 2016 10:24:39 上午 org.apache.catalina.startup.VersionLoggerListener log
信息: Server version:        Apache Tomcat/7.0.68
九月 17, 2016 10:24:39 上午 org.apache.catalina.startup.VersionLoggerListener log
信息: Server built:          Feb 8 2016 20:25:54 UTC
九月 17, 2016 10:24:39 上午 org.apache.catalina.startup.VersionLoggerListener log
信息: Server number:         7.0.68.0
九月 17, 2016 10:24:39 上午 org.apache.catalina.startup.VersionLoggerListener log
信息: OS Name:               Windows 8.1
九月 17, 2016 10:24:39 上午 org.apache.catalina.startup.VersionLoggerListener log
信息: OS Version:            6.3
九月 17, 2016 10:24:39 上午 org.apache.catalina.startup.VersionLoggerListener log
信息: Architecture:          x86
九月 17, 2016 10:24:39 上午 org.apache.catalina.startup.VersionLoggerListener log
信息: Java Home:             C:\SRF_501_8_5\jre
九月 17, 2016 10:24:39 上午 org.apache.catalina.startup.VersionLoggerListener log
信息: JVM Version:           1.8.0_20-b26
九月 17, 2016 10:24:39 上午 org.apache.catalina.startup.VersionLoggerListener log
信息: JVM Vendor:            Oracle Corporation
九月 17, 2016 10:24:39 上午 org.apache.catalina.startup.VersionLoggerListener log
信息: CATALINA_BASE:         C:\Spec_for_new_transfer_9_16\apache-tomcat-7.0.68
九月 17, 2016 10:24:39 上午 org.apache.catalina.startup.VersionLoggerListener log
信息: CATALINA_HOME:         C:\Spec_for_new_transfer_9_16\apache-tomcat-7.0.68
九月 17, 2016 10:24:39 上午 org.apache.catalina.startup.VersionLoggerListener log
信息: Command line argument: -Djava.util.logging.config.file=C:\Spec_for_new_transfer_9_16\apache-tomcat-7.0.68\conf\logging.properties
九月 17, 2016 10:24:39 上午 org.apache.catalina.startup.VersionLoggerListener log
信息: Command line argument: -Djava.util.logging.manager=org.apache.juli.ClassLoaderLogManager
九月 17, 2016 10:24:39 上午 org.apache.catalina.startup.VersionLoggerListener log
信息: Command line argument: -Djava.endorsed.dirs=C:\Spec_for_new_transfer_9_16\apache-tomcat-7.0.68\endorsed
九月 17, 2016 10:24:39 上午 org.apache.catalina.startup.VersionLoggerListener log
信息: Command line argument: -Dcatalina.base=C:\Spec_for_new_transfer_9_16\apache-tomcat-7.0.68
九月 17, 2016 10:24:39 上午 org.apache.catalina.startup.VersionLoggerListener log
信息: Command line argument: -Dcatalina.home=C:\Spec_for_new_transfer_9_16\apache-tomcat-7.0.68
九月 17, 2016 10:24:39 上午 org.apache.catalina.startup.VersionLoggerListener log
信息: Command line argument: -Djava.io.tmpdir=C:\Spec_for_new_transfer_9_16\apache-tomcat-7.0.68\temp
九月 17, 2016 10:24:39 上午 org.apache.catalina.core.AprLifecycleListener lifecycleEvent
信息: Loaded APR based Apache Tomcat Native library 1.1.33 using APR version 1.5.1.
九月 17, 2016 10:24:39 上午 org.apache.catalina.core.AprLifecycleListener lifecycleEvent
信息: APR capabilities: IPv6 [true], sendfile [true], accept filters [false], random [true].
九月 17, 2016 10:24:41 上午 org.apache.catalina.core.AprLifecycleListener initializeSSL
信息: OpenSSL successfully initialized (OpenSSL 1.0.1m 19 Mar 2015)
九月 17, 2016 10:24:41 上午 org.apache.coyote.AbstractProtocol init
信息: Initializing ProtocolHandler ["http-apr-8080"]
九月 17, 2016 10:24:41 上午 org.apache.coyote.AbstractProtocol init
信息: Initializing ProtocolHandler ["ajp-apr-8009"]
九月 17, 2016 10:24:41 上午 org.apache.catalina.startup.Catalina load
信息: Initialization processed in 3607 ms
九月 17, 2016 10:24:41 上午 org.apache.catalina.core.StandardService startInternal
信息: Starting service Catalina
九月 17, 2016 10:24:41 上午 org.apache.catalina.core.StandardEngine startInternal
信息: Starting Servlet Engine: Apache Tomcat/7.0.68
九月 17, 2016 10:24:42 上午 org.apache.catalina.startup.TldConfig execute
信息: At least one JAR was scanned for TLDs yet contained no TLDs. Enable debug logging for this logger for a complete list of JARs that were scanned but no TLDs were found in them. Skipping unneeded JARs during scanning can improve startup time and JSP compilation time.
九月 17, 2016 10:24:43 上午 org.apache.catalina.util.SessionIdGeneratorBase createSecureRandom
信息: Creation of SecureRandom instance for session ID generation using [SHA1PRNG] took [172] milliseconds.
九月 17, 2016 10:24:43 上午 org.apache.catalina.startup.HostConfig deployDirectory
信息: Deploying web application directory C:\Spec_for_new_transfer_9_16\apache-tomcat-7.0.68\webapps\docs
九月 17, 2016 10:24:43 上午 org.apache.catalina.startup.HostConfig deployDirectory
信息: Deployment of web application directory C:\Spec_for_new_transfer_9_16\apache-tomcat-7.0.68\webapps\docs has finished in 156 ms
九月 17, 2016 10:24:43 上午 org.apache.catalina.startup.HostConfig deployDirectory
信息: Deploying web application directory C:\Spec_for_new_transfer_9_16\apache-tomcat-7.0.68\webapps\examples
九月 17, 2016 10:24:44 上午 org.apache.catalina.startup.HostConfig deployDirectory
信息: Deployment of web application directory C:\Spec_for_new_transfer_9_16\apache-tomcat-7.0.68\webapps\examples has finished in 906 ms
九月 17, 2016 10:24:44 上午 org.apache.catalina.startup.HostConfig deployDirectory
信息: Deploying web application directory C:\Spec_for_new_transfer_9_16\apache-tomcat-7.0.68\webapps\host-manager
九月 17, 2016 10:24:44 上午 org.apache.catalina.startup.HostConfig deployDirectory
信息: Deployment of web application directory C:\Spec_for_new_transfer_9_16\apache-tomcat-7.0.68\webapps\host-manager has finished in 282 ms
九月 17, 2016 10:24:44 上午 org.apache.catalina.startup.HostConfig deployDirectory
信息: Deploying web application directory C:\Spec_for_new_transfer_9_16\apache-tomcat-7.0.68\webapps\manager
九月 17, 2016 10:24:44 上午 org.apache.catalina.startup.HostConfig deployDirectory
信息: Deployment of web application directory C:\Spec_for_new_transfer_9_16\apache-tomcat-7.0.68\webapps\manager has finished in 187 ms
九月 17, 2016 10:24:44 上午 org.apache.catalina.startup.HostConfig deployDirectory
信息: Deploying web application directory C:\Spec_for_new_transfer_9_16\apache-tomcat-7.0.68\webapps\ROOT
九月 17, 2016 10:24:44 上午 org.apache.catalina.startup.HostConfig deployDirectory
信息: Deployment of web application directory C:\Spec_for_new_transfer_9_16\apache-tomcat-7.0.68\webapps\ROOT has finished in 125 ms
九月 17, 2016 10:24:44 上午 org.apache.coyote.AbstractProtocol start
信息: Starting ProtocolHandler ["http-apr-8080"]
九月 17, 2016 10:24:45 上午 org.apache.coyote.AbstractProtocol start
信息: Starting ProtocolHandler ["ajp-apr-8009"]
九月 17, 2016 10:24:45 上午 org.apache.catalina.startup.Catalina start
信息: Server startup in 3185 ms
九月 17, 2016 10:56:43 上午 org.apache.catalina.core.StandardServer await
信息: A valid shutdown command was received via the shutdown port. Stopping the Server instance.
九月 17, 2016 10:56:43 上午 org.apache.coyote.AbstractProtocol pause
信息: Pausing ProtocolHandler ["http-apr-8080"]
九月 17, 2016 10:56:43 上午 org.apache.coyote.AbstractProtocol pause
信息: Pausing ProtocolHandler ["ajp-apr-8009"]
九月 17, 2016 10:56:43 上午 org.apache.catalina.core.StandardService stopInternal
信息: Stopping service Catalina
九月 17, 2016 10:56:44 上午 org.apache.coyote.AbstractProtocol stop
信息: Stopping ProtocolHandler ["http-apr-8080"]
九月 17, 2016 10:56:44 上午 org.apache.coyote.AbstractProtocol stop
信息: Stopping ProtocolHandler ["ajp-apr-8009"]
九月 17, 2016 10:56:44 上午 org.apache.coyote.AbstractProtocol destroy
信息: Destroying ProtocolHandler ["http-apr-8080"]
九月 17, 2016 10:56:44 上午 org.apache.coyote.AbstractProtocol destroy
信息: Destroying ProtocolHandler ["ajp-apr-8009"]
九月 17, 2016 10:57:14 上午 org.apache.tomcat.util.digester.SetPropertiesRule begin
警告: [SetPropertiesRule]{Server/Service/Engine/Host/Context} Setting property 'source' to 'org.eclipse.jst.jee.server:MapTest' did not find a matching property.
九月 17, 2016 10:57:14 上午 org.apache.catalina.startup.VersionLoggerListener log
信息: Server version:        Apache Tomcat/7.0.68
九月 17, 2016 10:57:14 上午 org.apache.catalina.startup.VersionLoggerListener log
信息: Server built:          Feb 8 2016 20:25:54 UTC
九月 17, 2016 10:57:14 上午 org.apache.catalina.startup.VersionLoggerListener log
信息: Server number:         7.0.68.0
九月 17, 2016 10:57:14 上午 org.apache.catalina.startup.VersionLoggerListener log
信息: OS Name:               Windows 8.1
九月 17, 2016 10:57:14 上午 org.apache.catalina.startup.VersionLoggerListener log
信息: OS Version:            6.3
九月 17, 2016 10:57:14 上午 org.apache.catalina.startup.VersionLoggerListener log
信息: Architecture:          x86
九月 17, 2016 10:57:14 上午 org.apache.catalina.startup.VersionLoggerListener log
信息: Java Home:             C:\SRF_501_8_5\jre
九月 17, 2016 10:57:14 上午 org.apache.catalina.startup.VersionLoggerListener log
信息: JVM Version:           1.8.0_20-b26
九月 17, 2016 10:57:14 上午 org.apache.catalina.startup.VersionLoggerListener log
信息: JVM Vendor:            Oracle Corporation
九月 17, 2016 10:57:14 上午 org.apache.catalina.startup.VersionLoggerListener log
信息: CATALINA_BASE:         C:\Spec_for_new_transfer_9_16\apache-tomcat-7.0.68
九月 17, 2016 10:57:14 上午 org.apache.catalina.startup.VersionLoggerListener log
信息: CATALINA_HOME:         C:\Spec_for_new_transfer_9_16\apache-tomcat-7.0.68
九月 17, 2016 10:57:14 上午 org.apache.catalina.startup.VersionLoggerListener log
信息: Command line argument: -Djava.util.logging.config.file=C:\Spec_for_new_transfer_9_16\apache-tomcat-7.0.68\conf\logging.properties
九月 17, 2016 10:57:14 上午 org.apache.catalina.startup.VersionLoggerListener log
信息: Command line argument: -Djava.util.logging.manager=org.apache.juli.ClassLoaderLogManager
九月 17, 2016 10:57:14 上午 org.apache.catalina.startup.VersionLoggerListener log
信息: Command line argument: -Djava.endorsed.dirs=C:\Spec_for_new_transfer_9_16\apache-tomcat-7.0.68\endorsed
九月 17, 2016 10:57:14 上午 org.apache.catalina.startup.VersionLoggerListener log
信息: Command line argument: -Dcatalina.base=C:\Spec_for_new_transfer_9_16\apache-tomcat-7.0.68
九月 17, 2016 10:57:14 上午 org.apache.catalina.startup.VersionLoggerListener log
信息: Command line argument: -Dcatalina.home=C:\Spec_for_new_transfer_9_16\apache-tomcat-7.0.68
九月 17, 2016 10:57:14 上午 org.apache.catalina.startup.VersionLoggerListener log
信息: Command line argument: -Djava.io.tmpdir=C:\Spec_for_new_transfer_9_16\apache-tomcat-7.0.68\temp
九月 17, 2016 10:57:14 上午 org.apache.catalina.core.AprLifecycleListener lifecycleEvent
信息: Loaded APR based Apache Tomcat Native library 1.1.33 using APR version 1.5.1.
九月 17, 2016 10:57:14 上午 org.apache.catalina.core.AprLifecycleListener lifecycleEvent
信息: APR capabilities: IPv6 [true], sendfile [true], accept filters [false], random [true].
九月 17, 2016 10:57:15 上午 org.apache.catalina.core.AprLifecycleListener initializeSSL
信息: OpenSSL successfully initialized (OpenSSL 1.0.1m 19 Mar 2015)
九月 17, 2016 10:57:16 上午 org.apache.coyote.AbstractProtocol init
信息: Initializing ProtocolHandler ["http-apr-8080"]
九月 17, 2016 10:57:16 上午 org.apache.coyote.AbstractProtocol init
信息: Initializing ProtocolHandler ["ajp-apr-8009"]
九月 17, 2016 10:57:16 上午 org.apache.catalina.startup.Catalina load
信息: Initialization processed in 4272 ms
九月 17, 2016 10:57:17 上午 org.apache.catalina.core.StandardService startInternal
信息: Starting service Catalina
九月 17, 2016 10:57:17 上午 org.apache.catalina.core.StandardEngine startInternal
信息: Starting Servlet Engine: Apache Tomcat/7.0.68
九月 17, 2016 10:57:18 上午 org.apache.catalina.startup.TldConfig execute
信息: At least one JAR was scanned for TLDs yet contained no TLDs. Enable debug logging for this logger for a complete list of JARs that were scanned but no TLDs were found in them. Skipping unneeded JARs during scanning can improve startup time and JSP compilation time.
九月 17, 2016 10:57:18 上午 org.apache.catalina.util.SessionIdGeneratorBase createSecureRandom
信息: Creation of SecureRandom instance for session ID generation using [SHA1PRNG] took [156] milliseconds.
九月 17, 2016 10:57:18 上午 org.apache.catalina.startup.HostConfig deployDirectory
信息: Deploying web application directory C:\Spec_for_new_transfer_9_16\apache-tomcat-7.0.68\webapps\docs
九月 17, 2016 10:57:18 上午 org.apache.catalina.startup.HostConfig deployDirectory
信息: Deployment of web application directory C:\Spec_for_new_transfer_9_16\apache-tomcat-7.0.68\webapps\docs has finished in 172 ms
九月 17, 2016 10:57:18 上午 org.apache.catalina.startup.HostConfig deployDirectory
信息: Deploying web application directory C:\Spec_for_new_transfer_9_16\apache-tomcat-7.0.68\webapps\examples
九月 17, 2016 10:57:20 上午 org.apache.catalina.startup.HostConfig deployDirectory
信息: Deployment of web application directory C:\Spec_for_new_transfer_9_16\apache-tomcat-7.0.68\webapps\examples has finished in 2,266 ms
九月 17, 2016 10:57:20 上午 org.apache.catalina.startup.HostConfig deployDirectory
信息: Deploying web application directory C:\Spec_for_new_transfer_9_16\apache-tomcat-7.0.68\webapps\host-manager
九月 17, 2016 10:57:21 上午 org.apache.catalina.startup.HostConfig deployDirectory
信息: Deployment of web application directory C:\Spec_for_new_transfer_9_16\apache-tomcat-7.0.68\webapps\host-manager has finished in 297 ms
九月 17, 2016 10:57:21 上午 org.apache.catalina.startup.HostConfig deployDirectory
信息: Deploying web application directory C:\Spec_for_new_transfer_9_16\apache-tomcat-7.0.68\webapps\manager
九月 17, 2016 10:57:21 上午 org.apache.catalina.startup.HostConfig deployDirectory
信息: Deployment of web application directory C:\Spec_for_new_transfer_9_16\apache-tomcat-7.0.68\webapps\manager has finished in 219 ms
九月 17, 2016 10:57:21 上午 org.apache.catalina.startup.HostConfig deployDirectory
信息: Deploying web application directory C:\Spec_for_new_transfer_9_16\apache-tomcat-7.0.68\webapps\ROOT
九月 17, 2016 10:57:21 上午 org.apache.catalina.startup.HostConfig deployDirectory
信息: Deployment of web application directory C:\Spec_for_new_transfer_9_16\apache-tomcat-7.0.68\webapps\ROOT has finished in 156 ms
九月 17, 2016 10:57:21 上午 org.apache.coyote.AbstractProtocol start
信息: Starting ProtocolHandler ["http-apr-8080"]
九月 17, 2016 10:57:21 上午 org.apache.coyote.AbstractProtocol start
信息: Starting ProtocolHandler ["ajp-apr-8009"]
九月 17, 2016 10:57:21 上午 org.apache.catalina.startup.Catalina start
信息: Server startup in 4704 ms
九月 17, 2016 10:57:51 上午 org.apache.catalina.core.StandardServer await
信息: A valid shutdown command was received via the shutdown port. Stopping the Server instance.
九月 17, 2016 10:57:51 上午 org.apache.coyote.AbstractProtocol pause
信息: Pausing ProtocolHandler ["http-apr-8080"]
九月 17, 2016 10:57:51 上午 org.apache.coyote.AbstractProtocol pause
信息: Pausing ProtocolHandler ["ajp-apr-8009"]
九月 17, 2016 10:57:51 上午 org.apache.catalina.core.StandardService stopInternal
信息: Stopping service Catalina
九月 17, 2016 10:57:51 上午 org.apache.coyote.AbstractProtocol stop
信息: Stopping ProtocolHandler ["http-apr-8080"]
九月 17, 2016 10:57:51 上午 org.apache.coyote.AbstractProtocol stop
信息: Stopping ProtocolHandler ["ajp-apr-8009"]
九月 17, 2016 10:57:51 上午 org.apache.coyote.AbstractProtocol destroy
信息: Destroying ProtocolHandler ["http-apr-8080"]
九月 17, 2016 10:57:51 上午 org.apache.coyote.AbstractProtocol destroy
信息: Destroying ProtocolHandler ["ajp-apr-8009"]
九月 17, 2016 11:00:46 上午 org.apache.tomcat.util.digester.SetPropertiesRule begin
警告: [SetPropertiesRule]{Server/Service/Engine/Host/Context} Setting property 'source' to 'org.eclipse.jst.jee.server:MapTest' did not find a matching property.
九月 17, 2016 11:00:46 上午 org.apache.catalina.startup.VersionLoggerListener log
信息: Server version:        Apache Tomcat/7.0.68
九月 17, 2016 11:00:46 上午 org.apache.catalina.startup.VersionLoggerListener log
信息: Server built:          Feb 8 2016 20:25:54 UTC
九月 17, 2016 11:00:46 上午 org.apache.catalina.startup.VersionLoggerListener log
信息: Server number:         7.0.68.0
九月 17, 2016 11:00:46 上午 org.apache.catalina.startup.VersionLoggerListener log
信息: OS Name:               Windows 8.1
九月 17, 2016 11:00:46 上午 org.apache.catalina.startup.VersionLoggerListener log
信息: OS Version:            6.3
九月 17, 2016 11:00:46 上午 org.apache.catalina.startup.VersionLoggerListener log
信息: Architecture:          x86
九月 17, 2016 11:00:46 上午 org.apache.catalina.startup.VersionLoggerListener log
信息: Java Home:             C:\SRF_501_8_5\jre
九月 17, 2016 11:00:46 上午 org.apache.catalina.startup.VersionLoggerListener log
信息: JVM Version:           1.8.0_20-b26
九月 17, 2016 11:00:46 上午 org.apache.catalina.startup.VersionLoggerListener log
信息: JVM Vendor:            Oracle Corporation
九月 17, 2016 11:00:46 上午 org.apache.catalina.startup.VersionLoggerListener log
信息: CATALINA_BASE:         C:\Spec_for_new_transfer_9_16\apache-tomcat-7.0.68
九月 17, 2016 11:00:46 上午 org.apache.catalina.startup.VersionLoggerListener log
信息: CATALINA_HOME:         C:\Spec_for_new_transfer_9_16\apache-tomcat-7.0.68
九月 17, 2016 11:00:46 上午 org.apache.catalina.startup.VersionLoggerListener log
信息: Command line argument: -Djava.util.logging.config.file=C:\Spec_for_new_transfer_9_16\apache-tomcat-7.0.68\conf\logging.properties
九月 17, 2016 11:00:46 上午 org.apache.catalina.startup.VersionLoggerListener log
信息: Command line argument: -Djava.util.logging.manager=org.apache.juli.ClassLoaderLogManager
九月 17, 2016 11:00:46 上午 org.apache.catalina.startup.VersionLoggerListener log
信息: Command line argument: -Djava.endorsed.dirs=C:\Spec_for_new_transfer_9_16\apache-tomcat-7.0.68\endorsed
九月 17, 2016 11:00:46 上午 org.apache.catalina.startup.VersionLoggerListener log
信息: Command line argument: -Dcatalina.base=C:\Spec_for_new_transfer_9_16\apache-tomcat-7.0.68
九月 17, 2016 11:00:46 上午 org.apache.catalina.startup.VersionLoggerListener log
信息: Command line argument: -Dcatalina.home=C:\Spec_for_new_transfer_9_16\apache-tomcat-7.0.68
九月 17, 2016 11:00:46 上午 org.apache.catalina.startup.VersionLoggerListener log
信息: Command line argument: -Djava.io.tmpdir=C:\Spec_for_new_transfer_9_16\apache-tomcat-7.0.68\temp
九月 17, 2016 11:00:46 上午 org.apache.catalina.core.AprLifecycleListener lifecycleEvent
信息: Loaded APR based Apache Tomcat Native library 1.1.33 using APR version 1.5.1.
九月 17, 2016 11:00:46 上午 org.apache.catalina.core.AprLifecycleListener lifecycleEvent
信息: APR capabilities: IPv6 [true], sendfile [true], accept filters [false], random [true].
九月 17, 2016 11:00:48 上午 org.apache.catalina.core.AprLifecycleListener initializeSSL
信息: OpenSSL successfully initialized (OpenSSL 1.0.1m 19 Mar 2015)
九月 17, 2016 11:00:49 上午 org.apache.coyote.AbstractProtocol init
信息: Initializing ProtocolHandler ["http-apr-8080"]
九月 17, 2016 11:00:49 上午 org.apache.coyote.AbstractProtocol init
信息: Initializing ProtocolHandler ["ajp-apr-8009"]
九月 17, 2016 11:00:49 上午 org.apache.catalina.startup.Catalina load
信息: Initialization processed in 4475 ms
九月 17, 2016 11:00:49 上午 org.apache.catalina.core.StandardService startInternal
信息: Starting service Catalina
九月 17, 2016 11:00:49 上午 org.apache.catalina.core.StandardEngine startInternal
信息: Starting Servlet Engine: Apache Tomcat/7.0.68
九月 17, 2016 11:00:50 上午 org.apache.catalina.startup.TldConfig execute
信息: At least one JAR was scanned for TLDs yet contained no TLDs. Enable debug logging for this logger for a complete list of JARs that were scanned but no TLDs were found in them. Skipping unneeded JARs during scanning can improve startup time and JSP compilation time.
九月 17, 2016 11:00:51 上午 org.apache.catalina.util.SessionIdGeneratorBase createSecureRandom
信息: Creation of SecureRandom instance for session ID generation using [SHA1PRNG] took [172] milliseconds.
九月 17, 2016 11:00:51 上午 org.apache.catalina.startup.HostConfig deployDirectory
信息: Deploying web application directory C:\Spec_for_new_transfer_9_16\apache-tomcat-7.0.68\webapps\docs
九月 17, 2016 11:00:51 上午 org.apache.catalina.startup.HostConfig deployDirectory
信息: Deployment of web application directory C:\Spec_for_new_transfer_9_16\apache-tomcat-7.0.68\webapps\docs has finished in 187 ms
九月 17, 2016 11:00:51 上午 org.apache.catalina.startup.HostConfig deployDirectory
信息: Deploying web application directory C:\Spec_for_new_transfer_9_16\apache-tomcat-7.0.68\webapps\examples
九月 17, 2016 11:00:54 上午 org.apache.catalina.startup.HostConfig deployDirectory
信息: Deployment of web application directory C:\Spec_for_new_transfer_9_16\apache-tomcat-7.0.68\webapps\examples has finished in 2,797 ms
九月 17, 2016 11:00:54 上午 org.apache.catalina.startup.HostConfig deployDirectory
信息: Deploying web application directory C:\Spec_for_new_transfer_9_16\apache-tomcat-7.0.68\webapps\host-manager
九月 17, 2016 11:00:54 上午 org.apache.catalina.startup.HostConfig deployDirectory
信息: Deployment of web application directory C:\Spec_for_new_transfer_9_16\apache-tomcat-7.0.68\webapps\host-manager has finished in 297 ms
九月 17, 2016 11:00:54 上午 org.apache.catalina.startup.HostConfig deployDirectory
信息: Deploying web application directory C:\Spec_for_new_transfer_9_16\apache-tomcat-7.0.68\webapps\manager
九月 17, 2016 11:00:54 上午 org.apache.catalina.startup.HostConfig deployDirectory
信息: Deployment of web application directory C:\Spec_for_new_transfer_9_16\apache-tomcat-7.0.68\webapps\manager has finished in 203 ms
九月 17, 2016 11:00:54 上午 org.apache.catalina.startup.HostConfig deployDirectory
信息: Deploying web application directory C:\Spec_for_new_transfer_9_16\apache-tomcat-7.0.68\webapps\ROOT
九月 17, 2016 11:00:54 上午 org.apache.catalina.startup.HostConfig deployDirectory
信息: Deployment of web application directory C:\Spec_for_new_transfer_9_16\apache-tomcat-7.0.68\webapps\ROOT has finished in 156 ms
九月 17, 2016 11:00:54 上午 org.apache.coyote.AbstractProtocol start
信息: Starting ProtocolHandler ["http-apr-8080"]
九月 17, 2016 11:00:54 上午 org.apache.coyote.AbstractProtocol start
信息: Starting ProtocolHandler ["ajp-apr-8009"]
九月 17, 2016 11:00:54 上午 org.apache.catalina.startup.Catalina start
信息: Server startup in 5325 ms
九月 17, 2016 11:18:21 上午 org.apache.catalina.core.StandardServer await
信息: A valid shutdown command was received via the shutdown port. Stopping the Server instance.
九月 17, 2016 11:18:21 上午 org.apache.coyote.AbstractProtocol pause
信息: Pausing ProtocolHandler ["http-apr-8080"]
九月 17, 2016 11:18:22 上午 org.apache.coyote.AbstractProtocol pause
信息: Pausing ProtocolHandler ["ajp-apr-8009"]
九月 17, 2016 11:18:22 上午 org.apache.catalina.core.StandardService stopInternal
信息: Stopping service Catalina
九月 17, 2016 11:18:22 上午 org.apache.coyote.AbstractProtocol stop
信息: Stopping ProtocolHandler ["http-apr-8080"]
九月 17, 2016 11:18:22 上午 org.apache.coyote.AbstractProtocol stop
信息: Stopping ProtocolHandler ["ajp-apr-8009"]
九月 17, 2016 11:18:22 上午 org.apache.coyote.AbstractProtocol destroy
信息: Destroying ProtocolHandler ["http-apr-8080"]
九月 17, 2016 11:18:22 上午 org.apache.coyote.AbstractProtocol destroy
信息: Destroying ProtocolHandler ["ajp-apr-8009"]
九月 17, 2016 11:18:53 上午 org.apache.tomcat.util.digester.SetPropertiesRule begin
警告: [SetPropertiesRule]{Server/Service/Engine/Host/Context} Setting property 'source' to 'org.eclipse.jst.jee.server:MapTest' did not find a matching property.
九月 17, 2016 11:18:54 上午 org.apache.catalina.startup.VersionLoggerListener log
信息: Server version:        Apache Tomcat/7.0.68
九月 17, 2016 11:18:54 上午 org.apache.catalina.startup.VersionLoggerListener log
信息: Server built:          Feb 8 2016 20:25:54 UTC
九月 17, 2016 11:18:54 上午 org.apache.catalina.startup.VersionLoggerListener log
信息: Server number:         7.0.68.0
九月 17, 2016 11:18:54 上午 org.apache.catalina.startup.VersionLoggerListener log
信息: OS Name:               Windows 8.1
九月 17, 2016 11:18:54 上午 org.apache.catalina.startup.VersionLoggerListener log
信息: OS Version:            6.3
九月 17, 2016 11:18:54 上午 org.apache.catalina.startup.VersionLoggerListener log
信息: Architecture:          x86
九月 17, 2016 11:18:54 上午 org.apache.catalina.startup.VersionLoggerListener log
信息: Java Home:             C:\SRF_501_8_5\jre
九月 17, 2016 11:18:54 上午 org.apache.catalina.startup.VersionLoggerListener log
信息: JVM Version:           1.8.0_20-b26
九月 17, 2016 11:18:54 上午 org.apache.catalina.startup.VersionLoggerListener log
信息: JVM Vendor:            Oracle Corporation
九月 17, 2016 11:18:54 上午 org.apache.catalina.startup.VersionLoggerListener log
信息: CATALINA_BASE:         C:\Spec_for_new_transfer_9_16\apache-tomcat-7.0.68
九月 17, 2016 11:18:54 上午 org.apache.catalina.startup.VersionLoggerListener log
信息: CATALINA_HOME:         C:\Spec_for_new_transfer_9_16\apache-tomcat-7.0.68
九月 17, 2016 11:18:54 上午 org.apache.catalina.startup.VersionLoggerListener log
信息: Command line argument: -Djava.util.logging.config.file=C:\Spec_for_new_transfer_9_16\apache-tomcat-7.0.68\conf\logging.properties
九月 17, 2016 11:18:54 上午 org.apache.catalina.startup.VersionLoggerListener log
信息: Command line argument: -Djava.util.logging.manager=org.apache.juli.ClassLoaderLogManager
九月 17, 2016 11:18:54 上午 org.apache.catalina.startup.VersionLoggerListener log
信息: Command line argument: -Djava.endorsed.dirs=C:\Spec_for_new_transfer_9_16\apache-tomcat-7.0.68\endorsed
九月 17, 2016 11:18:54 上午 org.apache.catalina.startup.VersionLoggerListener log
信息: Command line argument: -Dcatalina.base=C:\Spec_for_new_transfer_9_16\apache-tomcat-7.0.68
九月 17, 2016 11:18:54 上午 org.apache.catalina.startup.VersionLoggerListener log
信息: Command line argument: -Dcatalina.home=C:\Spec_for_new_transfer_9_16\apache-tomcat-7.0.68
九月 17, 2016 11:18:54 上午 org.apache.catalina.startup.VersionLoggerListener log
信息: Command line argument: -Djava.io.tmpdir=C:\Spec_for_new_transfer_9_16\apache-tomcat-7.0.68\temp
九月 17, 2016 11:18:54 上午 org.apache.catalina.core.AprLifecycleListener lifecycleEvent
信息: Loaded APR based Apache Tomcat Native library 1.1.33 using APR version 1.5.1.
九月 17, 2016 11:18:54 上午 org.apache.catalina.core.AprLifecycleListener lifecycleEvent
信息: APR capabilities: IPv6 [true], sendfile [true], accept filters [false], random [true].
九月 17, 2016 11:18:55 上午 org.apache.catalina.core.AprLifecycleListener initializeSSL
信息: OpenSSL successfully initialized (OpenSSL 1.0.1m 19 Mar 2015)
九月 17, 2016 11:18:55 上午 org.apache.coyote.AbstractProtocol init
信息: Initializing ProtocolHandler ["http-apr-8080"]
九月 17, 2016 11:18:55 上午 org.apache.coyote.AbstractProtocol init
信息: Initializing ProtocolHandler ["ajp-apr-8009"]
九月 17, 2016 11:18:55 上午 org.apache.catalina.startup.Catalina load
信息: Initialization processed in 3444 ms
九月 17, 2016 11:18:56 上午 org.apache.catalina.core.StandardService startInternal
信息: Starting service Catalina
九月 17, 2016 11:18:56 上午 org.apache.catalina.core.StandardEngine startInternal
信息: Starting Servlet Engine: Apache Tomcat/7.0.68
九月 17, 2016 11:18:57 上午 org.apache.catalina.startup.TldConfig execute
信息: At least one JAR was scanned for TLDs yet contained no TLDs. Enable debug logging for this logger for a complete list of JARs that were scanned but no TLDs were found in them. Skipping unneeded JARs during scanning can improve startup time and JSP compilation time.
九月 17, 2016 11:18:57 上午 org.apache.catalina.util.SessionIdGeneratorBase createSecureRandom
信息: Creation of SecureRandom instance for session ID generation using [SHA1PRNG] took [156] milliseconds.
九月 17, 2016 11:18:57 上午 org.apache.catalina.startup.HostConfig deployDirectory
信息: Deploying web application directory C:\Spec_for_new_transfer_9_16\apache-tomcat-7.0.68\webapps\docs
九月 17, 2016 11:18:57 上午 org.apache.catalina.startup.HostConfig deployDirectory
信息: Deployment of web application directory C:\Spec_for_new_transfer_9_16\apache-tomcat-7.0.68\webapps\docs has finished in 172 ms
九月 17, 2016 11:18:57 上午 org.apache.catalina.startup.HostConfig deployDirectory
信息: Deploying web application directory C:\Spec_for_new_transfer_9_16\apache-tomcat-7.0.68\webapps\examples
九月 17, 2016 11:18:58 上午 org.apache.catalina.startup.HostConfig deployDirectory
信息: Deployment of web application directory C:\Spec_for_new_transfer_9_16\apache-tomcat-7.0.68\webapps\examples has finished in 844 ms
九月 17, 2016 11:18:58 上午 org.apache.catalina.startup.HostConfig deployDirectory
信息: Deploying web application directory C:\Spec_for_new_transfer_9_16\apache-tomcat-7.0.68\webapps\host-manager
九月 17, 2016 11:18:58 上午 org.apache.catalina.startup.HostConfig deployDirectory
信息: Deployment of web application directory C:\Spec_for_new_transfer_9_16\apache-tomcat-7.0.68\webapps\host-manager has finished in 250 ms
九月 17, 2016 11:18:58 上午 org.apache.catalina.startup.HostConfig deployDirectory
信息: Deploying web application directory C:\Spec_for_new_transfer_9_16\apache-tomcat-7.0.68\webapps\manager
九月 17, 2016 11:18:58 上午 org.apache.catalina.startup.HostConfig deployDirectory
信息: Deployment of web application directory C:\Spec_for_new_transfer_9_16\apache-tomcat-7.0.68\webapps\manager has finished in 187 ms
九月 17, 2016 11:18:58 上午 org.apache.catalina.startup.HostConfig deployDirectory
信息: Deploying web application directory C:\Spec_for_new_transfer_9_16\apache-tomcat-7.0.68\webapps\ROOT
九月 17, 2016 11:18:59 上午 org.apache.catalina.startup.HostConfig deployDirectory
信息: Deployment of web application directory C:\Spec_for_new_transfer_9_16\apache-tomcat-7.0.68\webapps\ROOT has finished in 141 ms
九月 17, 2016 11:18:59 上午 org.apache.coyote.AbstractProtocol start
信息: Starting ProtocolHandler ["http-apr-8080"]
九月 17, 2016 11:18:59 上午 org.apache.coyote.AbstractProtocol start
信息: Starting ProtocolHandler ["ajp-apr-8009"]
九月 17, 2016 11:18:59 上午 org.apache.catalina.startup.Catalina start
信息: Server startup in 3119 ms
九月 17, 2016 11:33:19 上午 org.apache.catalina.core.StandardServer await
信息: A valid shutdown command was received via the shutdown port. Stopping the Server instance.
九月 17, 2016 11:33:19 上午 org.apache.coyote.AbstractProtocol pause
信息: Pausing ProtocolHandler ["http-apr-8080"]
九月 17, 2016 11:33:20 上午 org.apache.coyote.AbstractProtocol pause
信息: Pausing ProtocolHandler ["ajp-apr-8009"]
九月 17, 2016 11:33:20 上午 org.apache.catalina.core.StandardService stopInternal
信息: Stopping service Catalina
九月 17, 2016 11:33:20 上午 org.apache.coyote.AbstractProtocol stop
信息: Stopping ProtocolHandler ["http-apr-8080"]
九月 17, 2016 11:33:20 上午 org.apache.coyote.AbstractProtocol stop
信息: Stopping ProtocolHandler ["ajp-apr-8009"]
九月 17, 2016 11:33:20 上午 org.apache.coyote.AbstractProtocol destroy
信息: Destroying ProtocolHandler ["http-apr-8080"]
九月 17, 2016 11:33:20 上午 org.apache.coyote.AbstractProtocol destroy
信息: Destroying ProtocolHandler ["ajp-apr-8009"]
九月 17, 2016 11:33:31 上午 org.apache.tomcat.util.digester.SetPropertiesRule begin
警告: [SetPropertiesRule]{Server/Service/Engine/Host/Context} Setting property 'source' to 'org.eclipse.jst.jee.server:MapTest' did not find a matching property.
九月 17, 2016 11:33:31 上午 org.apache.catalina.startup.VersionLoggerListener log
信息: Server version:        Apache Tomcat/7.0.68
九月 17, 2016 11:33:31 上午 org.apache.catalina.startup.VersionLoggerListener log
信息: Server built:          Feb 8 2016 20:25:54 UTC
九月 17, 2016 11:33:31 上午 org.apache.catalina.startup.VersionLoggerListener log
信息: Server number:         7.0.68.0
九月 17, 2016 11:33:31 上午 org.apache.catalina.startup.VersionLoggerListener log
信息: OS Name:               Windows 8.1
九月 17, 2016 11:33:31 上午 org.apache.catalina.startup.VersionLoggerListener log
信息: OS Version:            6.3
九月 17, 2016 11:33:31 上午 org.apache.catalina.startup.VersionLoggerListener log
信息: Architecture:          x86
九月 17, 2016 11:33:31 上午 org.apache.catalina.startup.VersionLoggerListener log
信息: Java Home:             C:\SRF_501_8_5\jre
九月 17, 2016 11:33:31 上午 org.apache.catalina.startup.VersionLoggerListener log
信息: JVM Version:           1.8.0_20-b26
九月 17, 2016 11:33:31 上午 org.apache.catalina.startup.VersionLoggerListener log
信息: JVM Vendor:            Oracle Corporation
九月 17, 2016 11:33:31 上午 org.apache.catalina.startup.VersionLoggerListener log
信息: CATALINA_BASE:         C:\Spec_for_new_transfer_9_16\apache-tomcat-7.0.68
九月 17, 2016 11:33:31 上午 org.apache.catalina.startup.VersionLoggerListener log
信息: CATALINA_HOME:         C:\Spec_for_new_transfer_9_16\apache-tomcat-7.0.68
九月 17, 2016 11:33:31 上午 org.apache.catalina.startup.VersionLoggerListener log
信息: Command line argument: -Djava.util.logging.config.file=C:\Spec_for_new_transfer_9_16\apache-tomcat-7.0.68\conf\logging.properties
九月 17, 2016 11:33:31 上午 org.apache.catalina.startup.VersionLoggerListener log
信息: Command line argument: -Djava.util.logging.manager=org.apache.juli.ClassLoaderLogManager
九月 17, 2016 11:33:31 上午 org.apache.catalina.startup.VersionLoggerListener log
信息: Command line argument: -Djava.endorsed.dirs=C:\Spec_for_new_transfer_9_16\apache-tomcat-7.0.68\endorsed
九月 17, 2016 11:33:31 上午 org.apache.catalina.startup.VersionLoggerListener log
信息: Command line argument: -Dcatalina.base=C:\Spec_for_new_transfer_9_16\apache-tomcat-7.0.68
九月 17, 2016 11:33:31 上午 org.apache.catalina.startup.VersionLoggerListener log
信息: Command line argument: -Dcatalina.home=C:\Spec_for_new_transfer_9_16\apache-tomcat-7.0.68
九月 17, 2016 11:33:31 上午 org.apache.catalina.startup.VersionLoggerListener log
信息: Command line argument: -Djava.io.tmpdir=C:\Spec_for_new_transfer_9_16\apache-tomcat-7.0.68\temp
九月 17, 2016 11:33:31 上午 org.apache.catalina.core.AprLifecycleListener lifecycleEvent
信息: Loaded APR based Apache Tomcat Native library 1.1.33 using APR version 1.5.1.
九月 17, 2016 11:33:31 上午 org.apache.catalina.core.AprLifecycleListener lifecycleEvent
信息: APR capabilities: IPv6 [true], sendfile [true], accept filters [false], random [true].
九月 17, 2016 11:33:33 上午 org.apache.catalina.core.AprLifecycleListener initializeSSL
信息: OpenSSL successfully initialized (OpenSSL 1.0.1m 19 Mar 2015)
九月 17, 2016 11:33:33 上午 org.apache.coyote.AbstractProtocol init
信息: Initializing ProtocolHandler ["http-apr-8080"]
九月 17, 2016 11:33:33 上午 org.apache.coyote.AbstractProtocol init
信息: Initializing ProtocolHandler ["ajp-apr-8009"]
九月 17, 2016 11:33:33 上午 org.apache.catalina.startup.Catalina load
信息: Initialization processed in 3239 ms
九月 17, 2016 11:33:33 上午 org.apache.catalina.core.StandardService startInternal
信息: Starting service Catalina
九月 17, 2016 11:33:33 上午 org.apache.catalina.core.StandardEngine startInternal
信息: Starting Servlet Engine: Apache Tomcat/7.0.68
九月 17, 2016 11:33:34 上午 org.apache.catalina.startup.TldConfig execute
信息: At least one JAR was scanned for TLDs yet contained no TLDs. Enable debug logging for this logger for a complete list of JARs that were scanned but no TLDs were found in them. Skipping unneeded JARs during scanning can improve startup time and JSP compilation time.
九月 17, 2016 11:33:34 上午 org.apache.catalina.util.SessionIdGeneratorBase createSecureRandom
信息: Creation of SecureRandom instance for session ID generation using [SHA1PRNG] took [172] milliseconds.
九月 17, 2016 11:33:34 上午 org.apache.catalina.startup.HostConfig deployDirectory
信息: Deploying web application directory C:\Spec_for_new_transfer_9_16\apache-tomcat-7.0.68\webapps\docs
九月 17, 2016 11:33:35 上午 org.apache.catalina.startup.HostConfig deployDirectory
信息: Deployment of web application directory C:\Spec_for_new_transfer_9_16\apache-tomcat-7.0.68\webapps\docs has finished in 157 ms
九月 17, 2016 11:33:35 上午 org.apache.catalina.startup.HostConfig deployDirectory
信息: Deploying web application directory C:\Spec_for_new_transfer_9_16\apache-tomcat-7.0.68\webapps\examples
九月 17, 2016 11:33:35 上午 org.apache.catalina.startup.HostConfig deployDirectory
信息: Deployment of web application directory C:\Spec_for_new_transfer_9_16\apache-tomcat-7.0.68\webapps\examples has finished in 844 ms
九月 17, 2016 11:33:35 上午 org.apache.catalina.startup.HostConfig deployDirectory
信息: Deploying web application directory C:\Spec_for_new_transfer_9_16\apache-tomcat-7.0.68\webapps\host-manager
九月 17, 2016 11:33:36 上午 org.apache.catalina.startup.HostConfig deployDirectory
信息: Deployment of web application directory C:\Spec_for_new_transfer_9_16\apache-tomcat-7.0.68\webapps\host-manager has finished in 234 ms
九月 17, 2016 11:33:36 上午 org.apache.catalina.startup.HostConfig deployDirectory
信息: Deploying web application directory C:\Spec_for_new_transfer_9_16\apache-tomcat-7.0.68\webapps\manager
九月 17, 2016 11:33:36 上午 org.apache.catalina.startup.HostConfig deployDirectory
信息: Deployment of web application directory C:\Spec_for_new_transfer_9_16\apache-tomcat-7.0.68\webapps\manager has finished in 172 ms
九月 17, 2016 11:33:36 上午 org.apache.catalina.startup.HostConfig deployDirectory
信息: Deploying web application directory C:\Spec_for_new_transfer_9_16\apache-tomcat-7.0.68\webapps\ROOT
九月 17, 2016 11:33:36 上午 org.apache.catalina.startup.HostConfig deployDirectory
信息: Deployment of web application directory C:\Spec_for_new_transfer_9_16\apache-tomcat-7.0.68\webapps\ROOT has finished in 125 ms
九月 17, 2016 11:33:36 上午 org.apache.coyote.AbstractProtocol start
信息: Starting ProtocolHandler ["http-apr-8080"]
九月 17, 2016 11:33:36 上午 org.apache.coyote.AbstractProtocol start
信息: Starting ProtocolHandler ["ajp-apr-8009"]
九月 17, 2016 11:33:36 上午 org.apache.catalina.startup.Catalina start
信息: Server startup in 3021 ms
九月 17, 2016 4:14:52 下午 org.apache.catalina.core.StandardServer await
信息: A valid shutdown command was received via the shutdown port. Stopping the Server instance.
九月 17, 2016 4:14:52 下午 org.apache.coyote.AbstractProtocol pause
信息: Pausing ProtocolHandler ["http-apr-8080"]
九月 17, 2016 4:14:52 下午 org.apache.coyote.AbstractProtocol pause
信息: Pausing ProtocolHandler ["ajp-apr-8009"]
九月 17, 2016 4:14:52 下午 org.apache.catalina.core.StandardService stopInternal
信息: Stopping service Catalina
九月 17, 2016 4:14:52 下午 org.apache.coyote.AbstractProtocol stop
信息: Stopping ProtocolHandler ["http-apr-8080"]
九月 17, 2016 4:14:52 下午 org.apache.coyote.AbstractProtocol stop
信息: Stopping ProtocolHandler ["ajp-apr-8009"]
九月 17, 2016 4:14:52 下午 org.apache.coyote.AbstractProtocol destroy
信息: Destroying ProtocolHandler ["http-apr-8080"]
九月 17, 2016 4:14:52 下午 org.apache.coyote.AbstractProtocol destroy
信息: Destroying ProtocolHandler ["ajp-apr-8009"]
九月 17, 2016 4:15:16 下午 org.apache.tomcat.util.digester.SetPropertiesRule begin
警告: [SetPropertiesRule]{Server/Service/Engine/Host/Context} Setting property 'source' to 'org.eclipse.jst.jee.server:MapTest' did not find a matching property.
九月 17, 2016 4:15:16 下午 org.apache.catalina.startup.VersionLoggerListener log
信息: Server version:        Apache Tomcat/7.0.68
九月 17, 2016 4:15:16 下午 org.apache.catalina.startup.VersionLoggerListener log
信息: Server built:          Feb 8 2016 20:25:54 UTC
九月 17, 2016 4:15:16 下午 org.apache.catalina.startup.VersionLoggerListener log
信息: Server number:         7.0.68.0
九月 17, 2016 4:15:16 下午 org.apache.catalina.startup.VersionLoggerListener log
信息: OS Name:               Windows 8.1
九月 17, 2016 4:15:16 下午 org.apache.catalina.startup.VersionLoggerListener log
信息: OS Version:            6.3
九月 17, 2016 4:15:16 下午 org.apache.catalina.startup.VersionLoggerListener log
信息: Architecture:          x86
九月 17, 2016 4:15:16 下午 org.apache.catalina.startup.VersionLoggerListener log
信息: Java Home:             C:\SRF_501_8_5\jre
九月 17, 2016 4:15:16 下午 org.apache.catalina.startup.VersionLoggerListener log
信息: JVM Version:           1.8.0_20-b26
九月 17, 2016 4:15:16 下午 org.apache.catalina.startup.VersionLoggerListener log
信息: JVM Vendor:            Oracle Corporation
九月 17, 2016 4:15:16 下午 org.apache.catalina.startup.VersionLoggerListener log
信息: CATALINA_BASE:         C:\Spec_for_new_transfer_9_16\apache-tomcat-7.0.68
九月 17, 2016 4:15:16 下午 org.apache.catalina.startup.VersionLoggerListener log
信息: CATALINA_HOME:         C:\Spec_for_new_transfer_9_16\apache-tomcat-7.0.68
九月 17, 2016 4:15:16 下午 org.apache.catalina.startup.VersionLoggerListener log
信息: Command line argument: -Djava.util.logging.config.file=C:\Spec_for_new_transfer_9_16\apache-tomcat-7.0.68\conf\logging.properties
九月 17, 2016 4:15:16 下午 org.apache.catalina.startup.VersionLoggerListener log
信息: Command line argument: -Djava.util.logging.manager=org.apache.juli.ClassLoaderLogManager
九月 17, 2016 4:15:16 下午 org.apache.catalina.startup.VersionLoggerListener log
信息: Command line argument: -Djava.endorsed.dirs=C:\Spec_for_new_transfer_9_16\apache-tomcat-7.0.68\endorsed
九月 17, 2016 4:15:16 下午 org.apache.catalina.startup.VersionLoggerListener log
信息: Command line argument: -Dcatalina.base=C:\Spec_for_new_transfer_9_16\apache-tomcat-7.0.68
九月 17, 2016 4:15:16 下午 org.apache.catalina.startup.VersionLoggerListener log
信息: Command line argument: -Dcatalina.home=C:\Spec_for_new_transfer_9_16\apache-tomcat-7.0.68
九月 17, 2016 4:15:16 下午 org.apache.catalina.startup.VersionLoggerListener log
信息: Command line argument: -Djava.io.tmpdir=C:\Spec_for_new_transfer_9_16\apache-tomcat-7.0.68\temp
九月 17, 2016 4:15:16 下午 org.apache.catalina.core.AprLifecycleListener lifecycleEvent
信息: Loaded APR based Apache Tomcat Native library 1.1.33 using APR version 1.5.1.
九月 17, 2016 4:15:16 下午 org.apache.catalina.core.AprLifecycleListener lifecycleEvent
信息: APR capabilities: IPv6 [true], sendfile [true], accept filters [false], random [true].
九月 17, 2016 4:15:17 下午 org.apache.catalina.core.AprLifecycleListener initializeSSL
信息: OpenSSL successfully initialized (OpenSSL 1.0.1m 19 Mar 2015)
九月 17, 2016 4:15:18 下午 org.apache.coyote.AbstractProtocol init
信息: Initializing ProtocolHandler ["http-apr-8080"]
九月 17, 2016 4:15:18 下午 org.apache.coyote.AbstractProtocol init
信息: Initializing ProtocolHandler ["ajp-apr-8009"]
九月 17, 2016 4:15:18 下午 org.apache.catalina.startup.Catalina load
信息: Initialization processed in 3315 ms
九月 17, 2016 4:15:18 下午 org.apache.catalina.core.StandardService startInternal
信息: Starting service Catalina
九月 17, 2016 4:15:18 下午 org.apache.catalina.core.StandardEngine startInternal
信息: Starting Servlet Engine: Apache Tomcat/7.0.68
九月 17, 2016 4:15:19 下午 org.apache.catalina.startup.TldConfig execute
信息: At least one JAR was scanned for TLDs yet contained no TLDs. Enable debug logging for this logger for a complete list of JARs that were scanned but no TLDs were found in them. Skipping unneeded JARs during scanning can improve startup time and JSP compilation time.
九月 17, 2016 4:15:19 下午 org.apache.catalina.util.SessionIdGeneratorBase createSecureRandom
信息: Creation of SecureRandom instance for session ID generation using [SHA1PRNG] took [172] milliseconds.
九月 17, 2016 4:15:19 下午 org.apache.catalina.startup.HostConfig deployDirectory
信息: Deploying web application directory C:\Spec_for_new_transfer_9_16\apache-tomcat-7.0.68\webapps\docs
九月 17, 2016 4:15:19 下午 org.apache.catalina.startup.HostConfig deployDirectory
信息: Deployment of web application directory C:\Spec_for_new_transfer_9_16\apache-tomcat-7.0.68\webapps\docs has finished in 156 ms
九月 17, 2016 4:15:19 下午 org.apache.catalina.startup.HostConfig deployDirectory
信息: Deploying web application directory C:\Spec_for_new_transfer_9_16\apache-tomcat-7.0.68\webapps\examples
九月 17, 2016 4:15:20 下午 org.apache.catalina.startup.HostConfig deployDirectory
信息: Deployment of web application directory C:\Spec_for_new_transfer_9_16\apache-tomcat-7.0.68\webapps\examples has finished in 860 ms
九月 17, 2016 4:15:20 下午 org.apache.catalina.startup.HostConfig deployDirectory
信息: Deploying web application directory C:\Spec_for_new_transfer_9_16\apache-tomcat-7.0.68\webapps\host-manager
九月 17, 2016 4:15:21 下午 org.apache.catalina.startup.HostConfig deployDirectory
信息: Deployment of web application directory C:\Spec_for_new_transfer_9_16\apache-tomcat-7.0.68\webapps\host-manager has finished in 250 ms
九月 17, 2016 4:15:21 下午 org.apache.catalina.startup.HostConfig deployDirectory
信息: Deploying web application directory C:\Spec_for_new_transfer_9_16\apache-tomcat-7.0.68\webapps\manager
九月 17, 2016 4:15:21 下午 org.apache.catalina.startup.HostConfig deployDirectory
信息: Deployment of web application directory C:\Spec_for_new_transfer_9_16\apache-tomcat-7.0.68\webapps\manager has finished in 156 ms
九月 17, 2016 4:15:21 下午 org.apache.catalina.startup.HostConfig deployDirectory
信息: Deploying web application directory C:\Spec_for_new_transfer_9_16\apache-tomcat-7.0.68\webapps\ROOT
九月 17, 2016 4:15:21 下午 org.apache.catalina.startup.HostConfig deployDirectory
信息: Deployment of web application directory C:\Spec_for_new_transfer_9_16\apache-tomcat-7.0.68\webapps\ROOT has finished in 125 ms
九月 17, 2016 4:15:21 下午 org.apache.coyote.AbstractProtocol start
信息: Starting ProtocolHandler ["http-apr-8080"]
九月 17, 2016 4:15:21 下午 org.apache.coyote.AbstractProtocol start
信息: Starting ProtocolHandler ["ajp-apr-8009"]
九月 17, 2016 4:15:21 下午 org.apache.catalina.startup.Catalina start
信息: Server startup in 3094 ms
九月 17, 2016 5:21:38 下午 org.apache.catalina.core.StandardServer await
信息: A valid shutdown command was received via the shutdown port. Stopping the Server instance.
九月 17, 2016 5:21:38 下午 org.apache.coyote.AbstractProtocol pause
信息: Pausing ProtocolHandler ["http-apr-8080"]
九月 17, 2016 5:21:38 下午 org.apache.coyote.AbstractProtocol pause
信息: Pausing ProtocolHandler ["ajp-apr-8009"]
九月 17, 2016 5:21:38 下午 org.apache.catalina.core.StandardService stopInternal
信息: Stopping service Catalina
九月 17, 2016 5:21:38 下午 org.apache.coyote.AbstractProtocol stop
信息: Stopping ProtocolHandler ["http-apr-8080"]
九月 17, 2016 5:21:38 下午 org.apache.coyote.AbstractProtocol stop
信息: Stopping ProtocolHandler ["ajp-apr-8009"]
九月 17, 2016 5:21:38 下午 org.apache.coyote.AbstractProtocol destroy
信息: Destroying ProtocolHandler ["http-apr-8080"]
九月 17, 2016 5:21:38 下午 org.apache.coyote.AbstractProtocol destroy
信息: Destroying ProtocolHandler ["ajp-apr-8009"]
