十月 13, 2016 5:28:32 下午 org.apache.tomcat.util.digester.SetPropertiesRule begin
警告: [SetPropertiesRule]{Server/Service/Engine/Host/Context} Setting property 'source' to 'org.eclipse.jst.jee.server:MapTest' did not find a matching property.
十月 13, 2016 5:28:32 下午 org.apache.catalina.startup.VersionLoggerListener log
信息: Server version:        Apache Tomcat/7.0.68
十月 13, 2016 5:28:32 下午 org.apache.catalina.startup.VersionLoggerListener log
信息: Server built:          Feb 8 2016 20:25:54 UTC
十月 13, 2016 5:28:32 下午 org.apache.catalina.startup.VersionLoggerListener log
信息: Server number:         7.0.68.0
十月 13, 2016 5:28:32 下午 org.apache.catalina.startup.VersionLoggerListener log
信息: OS Name:               Windows 7
十月 13, 2016 5:28:32 下午 org.apache.catalina.startup.VersionLoggerListener log
信息: OS Version:            6.1
十月 13, 2016 5:28:32 下午 org.apache.catalina.startup.VersionLoggerListener log
信息: Architecture:          x86
十月 13, 2016 5:28:32 下午 org.apache.catalina.startup.VersionLoggerListener log
信息: Java Home:             C:\SRF_501_8_5\jre
十月 13, 2016 5:28:32 下午 org.apache.catalina.startup.VersionLoggerListener log
信息: JVM Version:           1.8.0_20-b26
十月 13, 2016 5:28:32 下午 org.apache.catalina.startup.VersionLoggerListener log
信息: JVM Vendor:            Oracle Corporation
十月 13, 2016 5:28:32 下午 org.apache.catalina.startup.VersionLoggerListener log
信息: CATALINA_BASE:         C:\Spec_for_new_transfer_9_30\apache-tomcat-7.0.68
十月 13, 2016 5:28:32 下午 org.apache.catalina.startup.VersionLoggerListener log
信息: CATALINA_HOME:         C:\Spec_for_new_transfer_9_30\apache-tomcat-7.0.68
十月 13, 2016 5:28:32 下午 org.apache.catalina.startup.VersionLoggerListener log
信息: Command line argument: -Djava.util.logging.config.file=C:\Spec_for_new_transfer_9_30\apache-tomcat-7.0.68\conf\logging.properties
十月 13, 2016 5:28:32 下午 org.apache.catalina.startup.VersionLoggerListener log
信息: Command line argument: -Djava.util.logging.manager=org.apache.juli.ClassLoaderLogManager
十月 13, 2016 5:28:32 下午 org.apache.catalina.startup.VersionLoggerListener log
信息: Command line argument: -Djava.endorsed.dirs=C:\Spec_for_new_transfer_9_30\apache-tomcat-7.0.68\endorsed
十月 13, 2016 5:28:32 下午 org.apache.catalina.startup.VersionLoggerListener log
信息: Command line argument: -Dcatalina.base=C:\Spec_for_new_transfer_9_30\apache-tomcat-7.0.68
十月 13, 2016 5:28:32 下午 org.apache.catalina.startup.VersionLoggerListener log
信息: Command line argument: -Dcatalina.home=C:\Spec_for_new_transfer_9_30\apache-tomcat-7.0.68
十月 13, 2016 5:28:32 下午 org.apache.catalina.startup.VersionLoggerListener log
信息: Command line argument: -Djava.io.tmpdir=C:\Spec_for_new_transfer_9_30\apache-tomcat-7.0.68\temp
十月 13, 2016 5:28:32 下午 org.apache.catalina.core.AprLifecycleListener lifecycleEvent
信息: Loaded APR based Apache Tomcat Native library 1.1.33 using APR version 1.5.1.
十月 13, 2016 5:28:32 下午 org.apache.catalina.core.AprLifecycleListener lifecycleEvent
信息: APR capabilities: IPv6 [true], sendfile [true], accept filters [false], random [true].
十月 13, 2016 5:28:33 下午 org.apache.catalina.core.AprLifecycleListener initializeSSL
信息: OpenSSL successfully initialized (OpenSSL 1.0.1m 19 Mar 2015)
十月 13, 2016 5:28:33 下午 org.apache.coyote.AbstractProtocol init
信息: Initializing ProtocolHandler ["http-apr-8080"]
十月 13, 2016 5:28:33 下午 org.apache.coyote.AbstractProtocol init
信息: Initializing ProtocolHandler ["ajp-apr-8009"]
十月 13, 2016 5:28:33 下午 org.apache.catalina.startup.Catalina load
信息: Initialization processed in 1899 ms
十月 13, 2016 5:28:33 下午 org.apache.catalina.core.StandardService startInternal
信息: Starting service Catalina
十月 13, 2016 5:28:33 下午 org.apache.catalina.core.StandardEngine startInternal
信息: Starting Servlet Engine: Apache Tomcat/7.0.68
十月 13, 2016 5:28:34 下午 org.apache.catalina.startup.TldConfig execute
信息: At least one JAR was scanned for TLDs yet contained no TLDs. Enable debug logging for this logger for a complete list of JARs that were scanned but no TLDs were found in them. Skipping unneeded JARs during scanning can improve startup time and JSP compilation time.
十月 13, 2016 5:28:34 下午 org.apache.catalina.util.SessionIdGeneratorBase createSecureRandom
信息: Creation of SecureRandom instance for session ID generation using [SHA1PRNG] took [129] milliseconds.
十月 13, 2016 5:28:34 下午 org.apache.catalina.startup.HostConfig deployDirectory
信息: Deploying web application directory C:\Spec_for_new_transfer_9_30\apache-tomcat-7.0.68\webapps\docs
十月 13, 2016 5:28:34 下午 org.apache.catalina.startup.HostConfig deployDirectory
信息: Deployment of web application directory C:\Spec_for_new_transfer_9_30\apache-tomcat-7.0.68\webapps\docs has finished in 66 ms
十月 13, 2016 5:28:34 下午 org.apache.catalina.startup.HostConfig deployDirectory
信息: Deploying web application directory C:\Spec_for_new_transfer_9_30\apache-tomcat-7.0.68\webapps\examples
十月 13, 2016 5:28:35 下午 org.apache.catalina.startup.HostConfig deployDirectory
信息: Deployment of web application directory C:\Spec_for_new_transfer_9_30\apache-tomcat-7.0.68\webapps\examples has finished in 1,235 ms
十月 13, 2016 5:28:35 下午 org.apache.catalina.startup.HostConfig deployDirectory
信息: Deploying web application directory C:\Spec_for_new_transfer_9_30\apache-tomcat-7.0.68\webapps\host-manager
十月 13, 2016 5:28:35 下午 org.apache.catalina.startup.HostConfig deployDirectory
信息: Deployment of web application directory C:\Spec_for_new_transfer_9_30\apache-tomcat-7.0.68\webapps\host-manager has finished in 103 ms
十月 13, 2016 5:28:35 下午 org.apache.catalina.startup.HostConfig deployDirectory
信息: Deploying web application directory C:\Spec_for_new_transfer_9_30\apache-tomcat-7.0.68\webapps\manager
十月 13, 2016 5:28:36 下午 org.apache.catalina.startup.HostConfig deployDirectory
信息: Deployment of web application directory C:\Spec_for_new_transfer_9_30\apache-tomcat-7.0.68\webapps\manager has finished in 92 ms
十月 13, 2016 5:28:36 下午 org.apache.catalina.startup.HostConfig deployDirectory
信息: Deploying web application directory C:\Spec_for_new_transfer_9_30\apache-tomcat-7.0.68\webapps\ROOT
十月 13, 2016 5:28:36 下午 org.apache.catalina.startup.HostConfig deployDirectory
信息: Deployment of web application directory C:\Spec_for_new_transfer_9_30\apache-tomcat-7.0.68\webapps\ROOT has finished in 64 ms
十月 13, 2016 5:28:36 下午 org.apache.coyote.AbstractProtocol start
信息: Starting ProtocolHandler ["http-apr-8080"]
十月 13, 2016 5:28:36 下午 org.apache.coyote.AbstractProtocol start
信息: Starting ProtocolHandler ["ajp-apr-8009"]
十月 13, 2016 5:28:36 下午 org.apache.catalina.startup.Catalina start
信息: Server startup in 2250 ms
十月 13, 2016 5:29:50 下午 org.apache.catalina.core.StandardServer await
信息: A valid shutdown command was received via the shutdown port. Stopping the Server instance.
十月 13, 2016 5:29:50 下午 org.apache.coyote.AbstractProtocol pause
信息: Pausing ProtocolHandler ["http-apr-8080"]
十月 13, 2016 5:29:50 下午 org.apache.coyote.AbstractProtocol pause
信息: Pausing ProtocolHandler ["ajp-apr-8009"]
十月 13, 2016 5:29:50 下午 org.apache.catalina.core.StandardService stopInternal
信息: Stopping service Catalina
十月 13, 2016 5:29:50 下午 org.apache.coyote.AbstractProtocol stop
信息: Stopping ProtocolHandler ["http-apr-8080"]
十月 13, 2016 5:29:50 下午 org.apache.coyote.AbstractProtocol stop
信息: Stopping ProtocolHandler ["ajp-apr-8009"]
十月 13, 2016 5:29:50 下午 org.apache.coyote.AbstractProtocol destroy
信息: Destroying ProtocolHandler ["http-apr-8080"]
十月 13, 2016 5:29:50 下午 org.apache.coyote.AbstractProtocol destroy
信息: Destroying ProtocolHandler ["ajp-apr-8009"]
十月 13, 2016 5:33:01 下午 org.apache.tomcat.util.digester.SetPropertiesRule begin
警告: [SetPropertiesRule]{Server/Service/Engine/Host/Context} Setting property 'source' to 'org.eclipse.jst.jee.server:MapTest' did not find a matching property.
十月 13, 2016 5:33:01 下午 org.apache.catalina.startup.VersionLoggerListener log
信息: Server version:        Apache Tomcat/7.0.68
十月 13, 2016 5:33:01 下午 org.apache.catalina.startup.VersionLoggerListener log
信息: Server built:          Feb 8 2016 20:25:54 UTC
十月 13, 2016 5:33:01 下午 org.apache.catalina.startup.VersionLoggerListener log
信息: Server number:         7.0.68.0
十月 13, 2016 5:33:01 下午 org.apache.catalina.startup.VersionLoggerListener log
信息: OS Name:               Windows 7
十月 13, 2016 5:33:01 下午 org.apache.catalina.startup.VersionLoggerListener log
信息: OS Version:            6.1
十月 13, 2016 5:33:01 下午 org.apache.catalina.startup.VersionLoggerListener log
信息: Architecture:          x86
十月 13, 2016 5:33:01 下午 org.apache.catalina.startup.VersionLoggerListener log
信息: Java Home:             C:\SRF_501_8_5\jre
十月 13, 2016 5:33:01 下午 org.apache.catalina.startup.VersionLoggerListener log
信息: JVM Version:           1.8.0_20-b26
十月 13, 2016 5:33:01 下午 org.apache.catalina.startup.VersionLoggerListener log
信息: JVM Vendor:            Oracle Corporation
十月 13, 2016 5:33:01 下午 org.apache.catalina.startup.VersionLoggerListener log
信息: CATALINA_BASE:         C:\Spec_for_new_transfer_9_30\apache-tomcat-7.0.68
十月 13, 2016 5:33:01 下午 org.apache.catalina.startup.VersionLoggerListener log
信息: CATALINA_HOME:         C:\Spec_for_new_transfer_9_30\apache-tomcat-7.0.68
十月 13, 2016 5:33:01 下午 org.apache.catalina.startup.VersionLoggerListener log
信息: Command line argument: -Djava.util.logging.config.file=C:\Spec_for_new_transfer_9_30\apache-tomcat-7.0.68\conf\logging.properties
十月 13, 2016 5:33:01 下午 org.apache.catalina.startup.VersionLoggerListener log
信息: Command line argument: -Djava.util.logging.manager=org.apache.juli.ClassLoaderLogManager
十月 13, 2016 5:33:01 下午 org.apache.catalina.startup.VersionLoggerListener log
信息: Command line argument: -Djava.endorsed.dirs=C:\Spec_for_new_transfer_9_30\apache-tomcat-7.0.68\endorsed
十月 13, 2016 5:33:01 下午 org.apache.catalina.startup.VersionLoggerListener log
信息: Command line argument: -Dcatalina.base=C:\Spec_for_new_transfer_9_30\apache-tomcat-7.0.68
十月 13, 2016 5:33:01 下午 org.apache.catalina.startup.VersionLoggerListener log
信息: Command line argument: -Dcatalina.home=C:\Spec_for_new_transfer_9_30\apache-tomcat-7.0.68
十月 13, 2016 5:33:01 下午 org.apache.catalina.startup.VersionLoggerListener log
信息: Command line argument: -Djava.io.tmpdir=C:\Spec_for_new_transfer_9_30\apache-tomcat-7.0.68\temp
十月 13, 2016 5:33:01 下午 org.apache.catalina.core.AprLifecycleListener lifecycleEvent
信息: Loaded APR based Apache Tomcat Native library 1.1.33 using APR version 1.5.1.
十月 13, 2016 5:33:01 下午 org.apache.catalina.core.AprLifecycleListener lifecycleEvent
信息: APR capabilities: IPv6 [true], sendfile [true], accept filters [false], random [true].
十月 13, 2016 5:33:02 下午 org.apache.catalina.core.AprLifecycleListener initializeSSL
信息: OpenSSL successfully initialized (OpenSSL 1.0.1m 19 Mar 2015)
十月 13, 2016 5:33:02 下午 org.apache.coyote.AbstractProtocol init
信息: Initializing ProtocolHandler ["http-apr-8080"]
十月 13, 2016 5:33:02 下午 org.apache.coyote.AbstractProtocol init
信息: Initializing ProtocolHandler ["ajp-apr-8009"]
十月 13, 2016 5:33:02 下午 org.apache.catalina.startup.Catalina load
信息: Initialization processed in 1711 ms
十月 13, 2016 5:33:02 下午 org.apache.catalina.core.StandardService startInternal
信息: Starting service Catalina
十月 13, 2016 5:33:02 下午 org.apache.catalina.core.StandardEngine startInternal
信息: Starting Servlet Engine: Apache Tomcat/7.0.68
十月 13, 2016 5:33:03 下午 org.apache.catalina.startup.TldConfig execute
信息: At least one JAR was scanned for TLDs yet contained no TLDs. Enable debug logging for this logger for a complete list of JARs that were scanned but no TLDs were found in them. Skipping unneeded JARs during scanning can improve startup time and JSP compilation time.
十月 13, 2016 5:33:03 下午 org.apache.catalina.util.SessionIdGeneratorBase createSecureRandom
信息: Creation of SecureRandom instance for session ID generation using [SHA1PRNG] took [126] milliseconds.
十月 13, 2016 5:33:03 下午 org.apache.catalina.startup.HostConfig deployDirectory
信息: Deploying web application directory C:\Spec_for_new_transfer_9_30\apache-tomcat-7.0.68\webapps\docs
十月 13, 2016 5:33:03 下午 org.apache.catalina.startup.HostConfig deployDirectory
信息: Deployment of web application directory C:\Spec_for_new_transfer_9_30\apache-tomcat-7.0.68\webapps\docs has finished in 58 ms
十月 13, 2016 5:33:03 下午 org.apache.catalina.startup.HostConfig deployDirectory
信息: Deploying web application directory C:\Spec_for_new_transfer_9_30\apache-tomcat-7.0.68\webapps\examples
十月 13, 2016 5:33:03 下午 org.apache.catalina.startup.HostConfig deployDirectory
信息: Deployment of web application directory C:\Spec_for_new_transfer_9_30\apache-tomcat-7.0.68\webapps\examples has finished in 282 ms
十月 13, 2016 5:33:03 下午 org.apache.catalina.startup.HostConfig deployDirectory
信息: Deploying web application directory C:\Spec_for_new_transfer_9_30\apache-tomcat-7.0.68\webapps\host-manager
十月 13, 2016 5:33:03 下午 org.apache.catalina.startup.HostConfig deployDirectory
信息: Deployment of web application directory C:\Spec_for_new_transfer_9_30\apache-tomcat-7.0.68\webapps\host-manager has finished in 90 ms
十月 13, 2016 5:33:03 下午 org.apache.catalina.startup.HostConfig deployDirectory
信息: Deploying web application directory C:\Spec_for_new_transfer_9_30\apache-tomcat-7.0.68\webapps\manager
十月 13, 2016 5:33:03 下午 org.apache.catalina.startup.HostConfig deployDirectory
信息: Deployment of web application directory C:\Spec_for_new_transfer_9_30\apache-tomcat-7.0.68\webapps\manager has finished in 59 ms
十月 13, 2016 5:33:03 下午 org.apache.catalina.startup.HostConfig deployDirectory
信息: Deploying web application directory C:\Spec_for_new_transfer_9_30\apache-tomcat-7.0.68\webapps\ROOT
十月 13, 2016 5:33:03 下午 org.apache.catalina.startup.HostConfig deployDirectory
信息: Deployment of web application directory C:\Spec_for_new_transfer_9_30\apache-tomcat-7.0.68\webapps\ROOT has finished in 46 ms
十月 13, 2016 5:33:03 下午 org.apache.coyote.AbstractProtocol start
信息: Starting ProtocolHandler ["http-apr-8080"]
十月 13, 2016 5:33:03 下午 org.apache.coyote.AbstractProtocol start
信息: Starting ProtocolHandler ["ajp-apr-8009"]
十月 13, 2016 5:33:03 下午 org.apache.catalina.startup.Catalina start
信息: Server startup in 1103 ms
十月 13, 2016 5:41:58 下午 org.apache.catalina.core.StandardServer await
信息: A valid shutdown command was received via the shutdown port. Stopping the Server instance.
十月 13, 2016 5:41:58 下午 org.apache.coyote.AbstractProtocol pause
信息: Pausing ProtocolHandler ["http-apr-8080"]
十月 13, 2016 5:41:58 下午 org.apache.coyote.AbstractProtocol pause
信息: Pausing ProtocolHandler ["ajp-apr-8009"]
十月 13, 2016 5:41:58 下午 org.apache.catalina.core.StandardService stopInternal
信息: Stopping service Catalina
十月 13, 2016 5:41:58 下午 org.apache.coyote.AbstractProtocol stop
信息: Stopping ProtocolHandler ["http-apr-8080"]
十月 13, 2016 5:41:58 下午 org.apache.coyote.AbstractProtocol stop
信息: Stopping ProtocolHandler ["ajp-apr-8009"]
十月 13, 2016 5:41:58 下午 org.apache.coyote.AbstractProtocol destroy
信息: Destroying ProtocolHandler ["http-apr-8080"]
十月 13, 2016 5:41:58 下午 org.apache.coyote.AbstractProtocol destroy
信息: Destroying ProtocolHandler ["ajp-apr-8009"]
十月 13, 2016 5:42:24 下午 org.apache.tomcat.util.digester.SetPropertiesRule begin
警告: [SetPropertiesRule]{Server/Service/Engine/Host/Context} Setting property 'source' to 'org.eclipse.jst.jee.server:MapTest' did not find a matching property.
十月 13, 2016 5:42:24 下午 org.apache.catalina.startup.VersionLoggerListener log
信息: Server version:        Apache Tomcat/7.0.68
十月 13, 2016 5:42:24 下午 org.apache.catalina.startup.VersionLoggerListener log
信息: Server built:          Feb 8 2016 20:25:54 UTC
十月 13, 2016 5:42:24 下午 org.apache.catalina.startup.VersionLoggerListener log
信息: Server number:         7.0.68.0
十月 13, 2016 5:42:24 下午 org.apache.catalina.startup.VersionLoggerListener log
信息: OS Name:               Windows 7
十月 13, 2016 5:42:24 下午 org.apache.catalina.startup.VersionLoggerListener log
信息: OS Version:            6.1
十月 13, 2016 5:42:24 下午 org.apache.catalina.startup.VersionLoggerListener log
信息: Architecture:          x86
十月 13, 2016 5:42:24 下午 org.apache.catalina.startup.VersionLoggerListener log
信息: Java Home:             C:\SRF_501_8_5\jre
十月 13, 2016 5:42:24 下午 org.apache.catalina.startup.VersionLoggerListener log
信息: JVM Version:           1.8.0_20-b26
十月 13, 2016 5:42:24 下午 org.apache.catalina.startup.VersionLoggerListener log
信息: JVM Vendor:            Oracle Corporation
十月 13, 2016 5:42:24 下午 org.apache.catalina.startup.VersionLoggerListener log
信息: CATALINA_BASE:         C:\Spec_for_new_transfer_9_30\apache-tomcat-7.0.68
十月 13, 2016 5:42:24 下午 org.apache.catalina.startup.VersionLoggerListener log
信息: CATALINA_HOME:         C:\Spec_for_new_transfer_9_30\apache-tomcat-7.0.68
十月 13, 2016 5:42:24 下午 org.apache.catalina.startup.VersionLoggerListener log
信息: Command line argument: -Djava.util.logging.config.file=C:\Spec_for_new_transfer_9_30\apache-tomcat-7.0.68\conf\logging.properties
十月 13, 2016 5:42:24 下午 org.apache.catalina.startup.VersionLoggerListener log
信息: Command line argument: -Djava.util.logging.manager=org.apache.juli.ClassLoaderLogManager
十月 13, 2016 5:42:24 下午 org.apache.catalina.startup.VersionLoggerListener log
信息: Command line argument: -Djava.endorsed.dirs=C:\Spec_for_new_transfer_9_30\apache-tomcat-7.0.68\endorsed
十月 13, 2016 5:42:24 下午 org.apache.catalina.startup.VersionLoggerListener log
信息: Command line argument: -Dcatalina.base=C:\Spec_for_new_transfer_9_30\apache-tomcat-7.0.68
十月 13, 2016 5:42:24 下午 org.apache.catalina.startup.VersionLoggerListener log
信息: Command line argument: -Dcatalina.home=C:\Spec_for_new_transfer_9_30\apache-tomcat-7.0.68
十月 13, 2016 5:42:24 下午 org.apache.catalina.startup.VersionLoggerListener log
信息: Command line argument: -Djava.io.tmpdir=C:\Spec_for_new_transfer_9_30\apache-tomcat-7.0.68\temp
十月 13, 2016 5:42:24 下午 org.apache.catalina.core.AprLifecycleListener lifecycleEvent
信息: Loaded APR based Apache Tomcat Native library 1.1.33 using APR version 1.5.1.
十月 13, 2016 5:42:24 下午 org.apache.catalina.core.AprLifecycleListener lifecycleEvent
信息: APR capabilities: IPv6 [true], sendfile [true], accept filters [false], random [true].
十月 13, 2016 5:42:25 下午 org.apache.catalina.core.AprLifecycleListener initializeSSL
信息: OpenSSL successfully initialized (OpenSSL 1.0.1m 19 Mar 2015)
十月 13, 2016 5:42:26 下午 org.apache.coyote.AbstractProtocol init
信息: Initializing ProtocolHandler ["http-apr-8080"]
十月 13, 2016 5:42:26 下午 org.apache.coyote.AbstractProtocol init
信息: Initializing ProtocolHandler ["ajp-apr-8009"]
十月 13, 2016 5:42:26 下午 org.apache.catalina.startup.Catalina load
信息: Initialization processed in 1673 ms
十月 13, 2016 5:42:26 下午 org.apache.catalina.core.StandardService startInternal
信息: Starting service Catalina
十月 13, 2016 5:42:26 下午 org.apache.catalina.core.StandardEngine startInternal
信息: Starting Servlet Engine: Apache Tomcat/7.0.68
十月 13, 2016 5:42:26 下午 org.apache.catalina.startup.TldConfig execute
信息: At least one JAR was scanned for TLDs yet contained no TLDs. Enable debug logging for this logger for a complete list of JARs that were scanned but no TLDs were found in them. Skipping unneeded JARs during scanning can improve startup time and JSP compilation time.
十月 13, 2016 5:42:26 下午 org.apache.catalina.util.SessionIdGeneratorBase createSecureRandom
信息: Creation of SecureRandom instance for session ID generation using [SHA1PRNG] took [118] milliseconds.
十月 13, 2016 5:42:26 下午 org.apache.catalina.startup.HostConfig deployDirectory
信息: Deploying web application directory C:\Spec_for_new_transfer_9_30\apache-tomcat-7.0.68\webapps\docs
十月 13, 2016 5:42:26 下午 org.apache.catalina.startup.HostConfig deployDirectory
信息: Deployment of web application directory C:\Spec_for_new_transfer_9_30\apache-tomcat-7.0.68\webapps\docs has finished in 57 ms
十月 13, 2016 5:42:26 下午 org.apache.catalina.startup.HostConfig deployDirectory
信息: Deploying web application directory C:\Spec_for_new_transfer_9_30\apache-tomcat-7.0.68\webapps\examples
十月 13, 2016 5:42:26 下午 org.apache.catalina.startup.HostConfig deployDirectory
信息: Deployment of web application directory C:\Spec_for_new_transfer_9_30\apache-tomcat-7.0.68\webapps\examples has finished in 288 ms
十月 13, 2016 5:42:26 下午 org.apache.catalina.startup.HostConfig deployDirectory
信息: Deploying web application directory C:\Spec_for_new_transfer_9_30\apache-tomcat-7.0.68\webapps\host-manager
十月 13, 2016 5:42:27 下午 org.apache.catalina.startup.HostConfig deployDirectory
信息: Deployment of web application directory C:\Spec_for_new_transfer_9_30\apache-tomcat-7.0.68\webapps\host-manager has finished in 86 ms
十月 13, 2016 5:42:27 下午 org.apache.catalina.startup.HostConfig deployDirectory
信息: Deploying web application directory C:\Spec_for_new_transfer_9_30\apache-tomcat-7.0.68\webapps\manager
十月 13, 2016 5:42:27 下午 org.apache.catalina.startup.HostConfig deployDirectory
信息: Deployment of web application directory C:\Spec_for_new_transfer_9_30\apache-tomcat-7.0.68\webapps\manager has finished in 57 ms
十月 13, 2016 5:42:27 下午 org.apache.catalina.startup.HostConfig deployDirectory
信息: Deploying web application directory C:\Spec_for_new_transfer_9_30\apache-tomcat-7.0.68\webapps\ROOT
十月 13, 2016 5:42:27 下午 org.apache.catalina.startup.HostConfig deployDirectory
信息: Deployment of web application directory C:\Spec_for_new_transfer_9_30\apache-tomcat-7.0.68\webapps\ROOT has finished in 47 ms
十月 13, 2016 5:42:27 下午 org.apache.coyote.AbstractProtocol start
信息: Starting ProtocolHandler ["http-apr-8080"]
十月 13, 2016 5:42:27 下午 org.apache.coyote.AbstractProtocol start
信息: Starting ProtocolHandler ["ajp-apr-8009"]
十月 13, 2016 5:42:27 下午 org.apache.catalina.startup.Catalina start
信息: Server startup in 1101 ms
十月 13, 2016 5:45:19 下午 org.apache.catalina.core.StandardServer await
信息: A valid shutdown command was received via the shutdown port. Stopping the Server instance.
十月 13, 2016 5:45:19 下午 org.apache.coyote.AbstractProtocol pause
信息: Pausing ProtocolHandler ["http-apr-8080"]
十月 13, 2016 5:45:20 下午 org.apache.coyote.AbstractProtocol pause
信息: Pausing ProtocolHandler ["ajp-apr-8009"]
十月 13, 2016 5:45:20 下午 org.apache.catalina.core.StandardService stopInternal
信息: Stopping service Catalina
十月 13, 2016 5:45:20 下午 org.apache.coyote.AbstractProtocol stop
信息: Stopping ProtocolHandler ["http-apr-8080"]
十月 13, 2016 5:45:20 下午 org.apache.coyote.AbstractProtocol stop
信息: Stopping ProtocolHandler ["ajp-apr-8009"]
十月 13, 2016 5:45:20 下午 org.apache.coyote.AbstractProtocol destroy
信息: Destroying ProtocolHandler ["http-apr-8080"]
十月 13, 2016 5:45:20 下午 org.apache.coyote.AbstractProtocol destroy
信息: Destroying ProtocolHandler ["ajp-apr-8009"]
十月 13, 2016 5:46:12 下午 org.apache.tomcat.util.digester.SetPropertiesRule begin
警告: [SetPropertiesRule]{Server/Service/Engine/Host/Context} Setting property 'source' to 'org.eclipse.jst.jee.server:MapTest' did not find a matching property.
十月 13, 2016 5:46:12 下午 org.apache.catalina.startup.VersionLoggerListener log
信息: Server version:        Apache Tomcat/7.0.68
十月 13, 2016 5:46:12 下午 org.apache.catalina.startup.VersionLoggerListener log
信息: Server built:          Feb 8 2016 20:25:54 UTC
十月 13, 2016 5:46:12 下午 org.apache.catalina.startup.VersionLoggerListener log
信息: Server number:         7.0.68.0
十月 13, 2016 5:46:12 下午 org.apache.catalina.startup.VersionLoggerListener log
信息: OS Name:               Windows 7
十月 13, 2016 5:46:12 下午 org.apache.catalina.startup.VersionLoggerListener log
信息: OS Version:            6.1
十月 13, 2016 5:46:12 下午 org.apache.catalina.startup.VersionLoggerListener log
信息: Architecture:          x86
十月 13, 2016 5:46:12 下午 org.apache.catalina.startup.VersionLoggerListener log
信息: Java Home:             C:\SRF_501_8_5\jre
十月 13, 2016 5:46:12 下午 org.apache.catalina.startup.VersionLoggerListener log
信息: JVM Version:           1.8.0_20-b26
十月 13, 2016 5:46:12 下午 org.apache.catalina.startup.VersionLoggerListener log
信息: JVM Vendor:            Oracle Corporation
十月 13, 2016 5:46:12 下午 org.apache.catalina.startup.VersionLoggerListener log
信息: CATALINA_BASE:         C:\Spec_for_new_transfer_9_30\apache-tomcat-7.0.68
十月 13, 2016 5:46:12 下午 org.apache.catalina.startup.VersionLoggerListener log
信息: CATALINA_HOME:         C:\Spec_for_new_transfer_9_30\apache-tomcat-7.0.68
十月 13, 2016 5:46:12 下午 org.apache.catalina.startup.VersionLoggerListener log
信息: Command line argument: -Djava.util.logging.config.file=C:\Spec_for_new_transfer_9_30\apache-tomcat-7.0.68\conf\logging.properties
十月 13, 2016 5:46:12 下午 org.apache.catalina.startup.VersionLoggerListener log
信息: Command line argument: -Djava.util.logging.manager=org.apache.juli.ClassLoaderLogManager
十月 13, 2016 5:46:12 下午 org.apache.catalina.startup.VersionLoggerListener log
信息: Command line argument: -Djava.endorsed.dirs=C:\Spec_for_new_transfer_9_30\apache-tomcat-7.0.68\endorsed
十月 13, 2016 5:46:12 下午 org.apache.catalina.startup.VersionLoggerListener log
信息: Command line argument: -Dcatalina.base=C:\Spec_for_new_transfer_9_30\apache-tomcat-7.0.68
十月 13, 2016 5:46:12 下午 org.apache.catalina.startup.VersionLoggerListener log
信息: Command line argument: -Dcatalina.home=C:\Spec_for_new_transfer_9_30\apache-tomcat-7.0.68
十月 13, 2016 5:46:12 下午 org.apache.catalina.startup.VersionLoggerListener log
信息: Command line argument: -Djava.io.tmpdir=C:\Spec_for_new_transfer_9_30\apache-tomcat-7.0.68\temp
十月 13, 2016 5:46:12 下午 org.apache.catalina.core.AprLifecycleListener lifecycleEvent
信息: Loaded APR based Apache Tomcat Native library 1.1.33 using APR version 1.5.1.
十月 13, 2016 5:46:12 下午 org.apache.catalina.core.AprLifecycleListener lifecycleEvent
信息: APR capabilities: IPv6 [true], sendfile [true], accept filters [false], random [true].
十月 13, 2016 5:46:13 下午 org.apache.catalina.core.AprLifecycleListener initializeSSL
信息: OpenSSL successfully initialized (OpenSSL 1.0.1m 19 Mar 2015)
十月 13, 2016 5:46:13 下午 org.apache.coyote.AbstractProtocol init
信息: Initializing ProtocolHandler ["http-apr-8080"]
十月 13, 2016 5:46:13 下午 org.apache.coyote.AbstractProtocol init
信息: Initializing ProtocolHandler ["ajp-apr-8009"]
十月 13, 2016 5:46:13 下午 org.apache.catalina.startup.Catalina load
信息: Initialization processed in 1698 ms
十月 13, 2016 5:46:14 下午 org.apache.catalina.core.StandardService startInternal
信息: Starting service Catalina
十月 13, 2016 5:46:14 下午 org.apache.catalina.core.StandardEngine startInternal
信息: Starting Servlet Engine: Apache Tomcat/7.0.68
十月 13, 2016 5:46:14 下午 org.apache.catalina.startup.TldConfig execute
信息: At least one JAR was scanned for TLDs yet contained no TLDs. Enable debug logging for this logger for a complete list of JARs that were scanned but no TLDs were found in them. Skipping unneeded JARs during scanning can improve startup time and JSP compilation time.
十月 13, 2016 5:46:14 下午 org.apache.catalina.util.SessionIdGeneratorBase createSecureRandom
信息: Creation of SecureRandom instance for session ID generation using [SHA1PRNG] took [114] milliseconds.
十月 13, 2016 5:46:14 下午 org.apache.catalina.startup.HostConfig deployDirectory
信息: Deploying web application directory C:\Spec_for_new_transfer_9_30\apache-tomcat-7.0.68\webapps\docs
十月 13, 2016 5:46:14 下午 org.apache.catalina.startup.HostConfig deployDirectory
信息: Deployment of web application directory C:\Spec_for_new_transfer_9_30\apache-tomcat-7.0.68\webapps\docs has finished in 56 ms
十月 13, 2016 5:46:14 下午 org.apache.catalina.startup.HostConfig deployDirectory
信息: Deploying web application directory C:\Spec_for_new_transfer_9_30\apache-tomcat-7.0.68\webapps\examples
十月 13, 2016 5:46:14 下午 org.apache.catalina.startup.HostConfig deployDirectory
信息: Deployment of web application directory C:\Spec_for_new_transfer_9_30\apache-tomcat-7.0.68\webapps\examples has finished in 282 ms
十月 13, 2016 5:46:14 下午 org.apache.catalina.startup.HostConfig deployDirectory
信息: Deploying web application directory C:\Spec_for_new_transfer_9_30\apache-tomcat-7.0.68\webapps\host-manager
十月 13, 2016 5:46:14 下午 org.apache.catalina.startup.HostConfig deployDirectory
信息: Deployment of web application directory C:\Spec_for_new_transfer_9_30\apache-tomcat-7.0.68\webapps\host-manager has finished in 87 ms
十月 13, 2016 5:46:14 下午 org.apache.catalina.startup.HostConfig deployDirectory
信息: Deploying web application directory C:\Spec_for_new_transfer_9_30\apache-tomcat-7.0.68\webapps\manager
十月 13, 2016 5:46:15 下午 org.apache.catalina.startup.HostConfig deployDirectory
信息: Deployment of web application directory C:\Spec_for_new_transfer_9_30\apache-tomcat-7.0.68\webapps\manager has finished in 59 ms
十月 13, 2016 5:46:15 下午 org.apache.catalina.startup.HostConfig deployDirectory
信息: Deploying web application directory C:\Spec_for_new_transfer_9_30\apache-tomcat-7.0.68\webapps\ROOT
十月 13, 2016 5:46:15 下午 org.apache.catalina.startup.HostConfig deployDirectory
信息: Deployment of web application directory C:\Spec_for_new_transfer_9_30\apache-tomcat-7.0.68\webapps\ROOT has finished in 47 ms
十月 13, 2016 5:46:15 下午 org.apache.coyote.AbstractProtocol start
信息: Starting ProtocolHandler ["http-apr-8080"]
十月 13, 2016 5:46:15 下午 org.apache.coyote.AbstractProtocol start
信息: Starting ProtocolHandler ["ajp-apr-8009"]
十月 13, 2016 5:46:15 下午 org.apache.catalina.startup.Catalina start
信息: Server startup in 1091 ms
十月 13, 2016 5:56:55 下午 org.apache.catalina.core.StandardServer await
信息: A valid shutdown command was received via the shutdown port. Stopping the Server instance.
十月 13, 2016 5:56:55 下午 org.apache.coyote.AbstractProtocol pause
信息: Pausing ProtocolHandler ["http-apr-8080"]
十月 13, 2016 5:56:56 下午 org.apache.coyote.AbstractProtocol pause
信息: Pausing ProtocolHandler ["ajp-apr-8009"]
十月 13, 2016 5:56:56 下午 org.apache.catalina.core.StandardService stopInternal
信息: Stopping service Catalina
十月 13, 2016 5:56:56 下午 org.apache.coyote.AbstractProtocol stop
信息: Stopping ProtocolHandler ["http-apr-8080"]
十月 13, 2016 5:56:56 下午 org.apache.coyote.AbstractProtocol stop
信息: Stopping ProtocolHandler ["ajp-apr-8009"]
十月 13, 2016 5:56:56 下午 org.apache.coyote.AbstractProtocol destroy
信息: Destroying ProtocolHandler ["http-apr-8080"]
十月 13, 2016 5:56:56 下午 org.apache.coyote.AbstractProtocol destroy
信息: Destroying ProtocolHandler ["ajp-apr-8009"]
十月 13, 2016 8:38:23 下午 org.apache.tomcat.util.digester.SetPropertiesRule begin
警告: [SetPropertiesRule]{Server/Service/Engine/Host/Context} Setting property 'source' to 'org.eclipse.jst.jee.server:MapTest' did not find a matching property.
十月 13, 2016 8:38:23 下午 org.apache.catalina.startup.VersionLoggerListener log
信息: Server version:        Apache Tomcat/7.0.68
十月 13, 2016 8:38:23 下午 org.apache.catalina.startup.VersionLoggerListener log
信息: Server built:          Feb 8 2016 20:25:54 UTC
十月 13, 2016 8:38:23 下午 org.apache.catalina.startup.VersionLoggerListener log
信息: Server number:         7.0.68.0
十月 13, 2016 8:38:23 下午 org.apache.catalina.startup.VersionLoggerListener log
信息: OS Name:               Windows 7
十月 13, 2016 8:38:23 下午 org.apache.catalina.startup.VersionLoggerListener log
信息: OS Version:            6.1
十月 13, 2016 8:38:23 下午 org.apache.catalina.startup.VersionLoggerListener log
信息: Architecture:          x86
十月 13, 2016 8:38:23 下午 org.apache.catalina.startup.VersionLoggerListener log
信息: Java Home:             C:\SRF_501_8_5\jre
十月 13, 2016 8:38:23 下午 org.apache.catalina.startup.VersionLoggerListener log
信息: JVM Version:           1.8.0_20-b26
十月 13, 2016 8:38:23 下午 org.apache.catalina.startup.VersionLoggerListener log
信息: JVM Vendor:            Oracle Corporation
十月 13, 2016 8:38:23 下午 org.apache.catalina.startup.VersionLoggerListener log
信息: CATALINA_BASE:         C:\Spec_for_new_transfer_9_30\apache-tomcat-7.0.68
十月 13, 2016 8:38:23 下午 org.apache.catalina.startup.VersionLoggerListener log
信息: CATALINA_HOME:         C:\Spec_for_new_transfer_9_30\apache-tomcat-7.0.68
十月 13, 2016 8:38:23 下午 org.apache.catalina.startup.VersionLoggerListener log
信息: Command line argument: -Djava.util.logging.config.file=C:\Spec_for_new_transfer_9_30\apache-tomcat-7.0.68\conf\logging.properties
十月 13, 2016 8:38:23 下午 org.apache.catalina.startup.VersionLoggerListener log
信息: Command line argument: -Djava.util.logging.manager=org.apache.juli.ClassLoaderLogManager
十月 13, 2016 8:38:23 下午 org.apache.catalina.startup.VersionLoggerListener log
信息: Command line argument: -Djava.endorsed.dirs=C:\Spec_for_new_transfer_9_30\apache-tomcat-7.0.68\endorsed
十月 13, 2016 8:38:23 下午 org.apache.catalina.startup.VersionLoggerListener log
信息: Command line argument: -Dcatalina.base=C:\Spec_for_new_transfer_9_30\apache-tomcat-7.0.68
十月 13, 2016 8:38:23 下午 org.apache.catalina.startup.VersionLoggerListener log
信息: Command line argument: -Dcatalina.home=C:\Spec_for_new_transfer_9_30\apache-tomcat-7.0.68
十月 13, 2016 8:38:23 下午 org.apache.catalina.startup.VersionLoggerListener log
信息: Command line argument: -Djava.io.tmpdir=C:\Spec_for_new_transfer_9_30\apache-tomcat-7.0.68\temp
十月 13, 2016 8:38:23 下午 org.apache.catalina.core.AprLifecycleListener lifecycleEvent
信息: Loaded APR based Apache Tomcat Native library 1.1.33 using APR version 1.5.1.
十月 13, 2016 8:38:23 下午 org.apache.catalina.core.AprLifecycleListener lifecycleEvent
信息: APR capabilities: IPv6 [true], sendfile [true], accept filters [false], random [true].
十月 13, 2016 8:38:24 下午 org.apache.catalina.core.AprLifecycleListener initializeSSL
信息: OpenSSL successfully initialized (OpenSSL 1.0.1m 19 Mar 2015)
十月 13, 2016 8:38:25 下午 org.apache.coyote.AbstractProtocol init
信息: Initializing ProtocolHandler ["http-apr-8080"]
十月 13, 2016 8:38:25 下午 org.apache.coyote.AbstractProtocol init
信息: Initializing ProtocolHandler ["ajp-apr-8009"]
十月 13, 2016 8:38:25 下午 org.apache.catalina.startup.Catalina load
信息: Initialization processed in 1772 ms
十月 13, 2016 8:38:25 下午 org.apache.catalina.core.StandardService startInternal
信息: Starting service Catalina
十月 13, 2016 8:38:25 下午 org.apache.catalina.core.StandardEngine startInternal
信息: Starting Servlet Engine: Apache Tomcat/7.0.68
十月 13, 2016 8:38:25 下午 org.apache.catalina.startup.TldConfig execute
信息: At least one JAR was scanned for TLDs yet contained no TLDs. Enable debug logging for this logger for a complete list of JARs that were scanned but no TLDs were found in them. Skipping unneeded JARs during scanning can improve startup time and JSP compilation time.
十月 13, 2016 8:38:25 下午 org.apache.catalina.util.SessionIdGeneratorBase createSecureRandom
信息: Creation of SecureRandom instance for session ID generation using [SHA1PRNG] took [124] milliseconds.
十月 13, 2016 8:38:25 下午 org.apache.catalina.startup.HostConfig deployDirectory
信息: Deploying web application directory C:\Spec_for_new_transfer_9_30\apache-tomcat-7.0.68\webapps\docs
十月 13, 2016 8:38:25 下午 org.apache.catalina.startup.HostConfig deployDirectory
信息: Deployment of web application directory C:\Spec_for_new_transfer_9_30\apache-tomcat-7.0.68\webapps\docs has finished in 56 ms
十月 13, 2016 8:38:25 下午 org.apache.catalina.startup.HostConfig deployDirectory
信息: Deploying web application directory C:\Spec_for_new_transfer_9_30\apache-tomcat-7.0.68\webapps\examples
十月 13, 2016 8:38:26 下午 org.apache.catalina.startup.HostConfig deployDirectory
信息: Deployment of web application directory C:\Spec_for_new_transfer_9_30\apache-tomcat-7.0.68\webapps\examples has finished in 354 ms
十月 13, 2016 8:38:26 下午 org.apache.catalina.startup.HostConfig deployDirectory
信息: Deploying web application directory C:\Spec_for_new_transfer_9_30\apache-tomcat-7.0.68\webapps\host-manager
十月 13, 2016 8:38:26 下午 org.apache.catalina.startup.HostConfig deployDirectory
信息: Deployment of web application directory C:\Spec_for_new_transfer_9_30\apache-tomcat-7.0.68\webapps\host-manager has finished in 86 ms
十月 13, 2016 8:38:26 下午 org.apache.catalina.startup.HostConfig deployDirectory
信息: Deploying web application directory C:\Spec_for_new_transfer_9_30\apache-tomcat-7.0.68\webapps\manager
十月 13, 2016 8:38:26 下午 org.apache.catalina.startup.HostConfig deployDirectory
信息: Deployment of web application directory C:\Spec_for_new_transfer_9_30\apache-tomcat-7.0.68\webapps\manager has finished in 58 ms
十月 13, 2016 8:38:26 下午 org.apache.catalina.startup.HostConfig deployDirectory
信息: Deploying web application directory C:\Spec_for_new_transfer_9_30\apache-tomcat-7.0.68\webapps\ROOT
十月 13, 2016 8:38:26 下午 org.apache.catalina.startup.HostConfig deployDirectory
信息: Deployment of web application directory C:\Spec_for_new_transfer_9_30\apache-tomcat-7.0.68\webapps\ROOT has finished in 47 ms
十月 13, 2016 8:38:26 下午 org.apache.coyote.AbstractProtocol start
信息: Starting ProtocolHandler ["http-apr-8080"]
十月 13, 2016 8:38:26 下午 org.apache.coyote.AbstractProtocol start
信息: Starting ProtocolHandler ["ajp-apr-8009"]
十月 13, 2016 8:38:26 下午 org.apache.catalina.startup.Catalina start
信息: Server startup in 1186 ms
十月 13, 2016 8:42:08 下午 org.apache.catalina.core.StandardServer await
信息: A valid shutdown command was received via the shutdown port. Stopping the Server instance.
十月 13, 2016 8:42:08 下午 org.apache.coyote.AbstractProtocol pause
信息: Pausing ProtocolHandler ["http-apr-8080"]
十月 13, 2016 8:42:09 下午 org.apache.coyote.AbstractProtocol pause
信息: Pausing ProtocolHandler ["ajp-apr-8009"]
十月 13, 2016 8:42:09 下午 org.apache.catalina.core.StandardService stopInternal
信息: Stopping service Catalina
十月 13, 2016 8:42:09 下午 org.apache.coyote.AbstractProtocol stop
信息: Stopping ProtocolHandler ["http-apr-8080"]
十月 13, 2016 8:42:09 下午 org.apache.coyote.AbstractProtocol stop
信息: Stopping ProtocolHandler ["ajp-apr-8009"]
十月 13, 2016 8:42:09 下午 org.apache.coyote.AbstractProtocol destroy
信息: Destroying ProtocolHandler ["http-apr-8080"]
十月 13, 2016 8:42:09 下午 org.apache.coyote.AbstractProtocol destroy
信息: Destroying ProtocolHandler ["ajp-apr-8009"]
十月 13, 2016 9:08:55 下午 org.apache.tomcat.util.digester.SetPropertiesRule begin
警告: [SetPropertiesRule]{Server/Service/Engine/Host/Context} Setting property 'source' to 'org.eclipse.jst.jee.server:MapTest' did not find a matching property.
十月 13, 2016 9:08:55 下午 org.apache.catalina.startup.VersionLoggerListener log
信息: Server version:        Apache Tomcat/7.0.68
十月 13, 2016 9:08:55 下午 org.apache.catalina.startup.VersionLoggerListener log
信息: Server built:          Feb 8 2016 20:25:54 UTC
十月 13, 2016 9:08:55 下午 org.apache.catalina.startup.VersionLoggerListener log
信息: Server number:         7.0.68.0
十月 13, 2016 9:08:55 下午 org.apache.catalina.startup.VersionLoggerListener log
信息: OS Name:               Windows 7
十月 13, 2016 9:08:55 下午 org.apache.catalina.startup.VersionLoggerListener log
信息: OS Version:            6.1
十月 13, 2016 9:08:55 下午 org.apache.catalina.startup.VersionLoggerListener log
信息: Architecture:          x86
十月 13, 2016 9:08:55 下午 org.apache.catalina.startup.VersionLoggerListener log
信息: Java Home:             C:\SRF_501_8_5\jre
十月 13, 2016 9:08:55 下午 org.apache.catalina.startup.VersionLoggerListener log
信息: JVM Version:           1.8.0_20-b26
十月 13, 2016 9:08:55 下午 org.apache.catalina.startup.VersionLoggerListener log
信息: JVM Vendor:            Oracle Corporation
十月 13, 2016 9:08:55 下午 org.apache.catalina.startup.VersionLoggerListener log
信息: CATALINA_BASE:         C:\Spec_for_new_transfer_9_30\apache-tomcat-7.0.68
十月 13, 2016 9:08:55 下午 org.apache.catalina.startup.VersionLoggerListener log
信息: CATALINA_HOME:         C:\Spec_for_new_transfer_9_30\apache-tomcat-7.0.68
十月 13, 2016 9:08:55 下午 org.apache.catalina.startup.VersionLoggerListener log
信息: Command line argument: -Djava.util.logging.config.file=C:\Spec_for_new_transfer_9_30\apache-tomcat-7.0.68\conf\logging.properties
十月 13, 2016 9:08:55 下午 org.apache.catalina.startup.VersionLoggerListener log
信息: Command line argument: -Djava.util.logging.manager=org.apache.juli.ClassLoaderLogManager
十月 13, 2016 9:08:55 下午 org.apache.catalina.startup.VersionLoggerListener log
信息: Command line argument: -Djava.endorsed.dirs=C:\Spec_for_new_transfer_9_30\apache-tomcat-7.0.68\endorsed
十月 13, 2016 9:08:55 下午 org.apache.catalina.startup.VersionLoggerListener log
信息: Command line argument: -Dcatalina.base=C:\Spec_for_new_transfer_9_30\apache-tomcat-7.0.68
十月 13, 2016 9:08:55 下午 org.apache.catalina.startup.VersionLoggerListener log
信息: Command line argument: -Dcatalina.home=C:\Spec_for_new_transfer_9_30\apache-tomcat-7.0.68
十月 13, 2016 9:08:55 下午 org.apache.catalina.startup.VersionLoggerListener log
信息: Command line argument: -Djava.io.tmpdir=C:\Spec_for_new_transfer_9_30\apache-tomcat-7.0.68\temp
十月 13, 2016 9:08:55 下午 org.apache.catalina.core.AprLifecycleListener lifecycleEvent
信息: Loaded APR based Apache Tomcat Native library 1.1.33 using APR version 1.5.1.
十月 13, 2016 9:08:55 下午 org.apache.catalina.core.AprLifecycleListener lifecycleEvent
信息: APR capabilities: IPv6 [true], sendfile [true], accept filters [false], random [true].
十月 13, 2016 9:08:56 下午 org.apache.catalina.core.AprLifecycleListener initializeSSL
信息: OpenSSL successfully initialized (OpenSSL 1.0.1m 19 Mar 2015)
十月 13, 2016 9:08:56 下午 org.apache.coyote.AbstractProtocol init
信息: Initializing ProtocolHandler ["http-apr-8080"]
十月 13, 2016 9:08:56 下午 org.apache.coyote.AbstractProtocol init
信息: Initializing ProtocolHandler ["ajp-apr-8009"]
十月 13, 2016 9:08:56 下午 org.apache.catalina.startup.Catalina load
信息: Initialization processed in 1714 ms
十月 13, 2016 9:08:56 下午 org.apache.catalina.core.StandardService startInternal
信息: Starting service Catalina
十月 13, 2016 9:08:56 下午 org.apache.catalina.core.StandardEngine startInternal
信息: Starting Servlet Engine: Apache Tomcat/7.0.68
十月 13, 2016 9:08:57 下午 org.apache.catalina.startup.TldConfig execute
信息: At least one JAR was scanned for TLDs yet contained no TLDs. Enable debug logging for this logger for a complete list of JARs that were scanned but no TLDs were found in them. Skipping unneeded JARs during scanning can improve startup time and JSP compilation time.
十月 13, 2016 9:08:57 下午 org.apache.catalina.util.SessionIdGeneratorBase createSecureRandom
信息: Creation of SecureRandom instance for session ID generation using [SHA1PRNG] took [122] milliseconds.
十月 13, 2016 9:08:57 下午 org.apache.catalina.startup.HostConfig deployDirectory
信息: Deploying web application directory C:\Spec_for_new_transfer_9_30\apache-tomcat-7.0.68\webapps\docs
十月 13, 2016 9:08:57 下午 org.apache.catalina.startup.HostConfig deployDirectory
信息: Deployment of web application directory C:\Spec_for_new_transfer_9_30\apache-tomcat-7.0.68\webapps\docs has finished in 56 ms
十月 13, 2016 9:08:57 下午 org.apache.catalina.startup.HostConfig deployDirectory
信息: Deploying web application directory C:\Spec_for_new_transfer_9_30\apache-tomcat-7.0.68\webapps\examples
十月 13, 2016 9:08:57 下午 org.apache.catalina.startup.HostConfig deployDirectory
信息: Deployment of web application directory C:\Spec_for_new_transfer_9_30\apache-tomcat-7.0.68\webapps\examples has finished in 309 ms
十月 13, 2016 9:08:57 下午 org.apache.catalina.startup.HostConfig deployDirectory
信息: Deploying web application directory C:\Spec_for_new_transfer_9_30\apache-tomcat-7.0.68\webapps\host-manager
十月 13, 2016 9:08:57 下午 org.apache.catalina.startup.HostConfig deployDirectory
信息: Deployment of web application directory C:\Spec_for_new_transfer_9_30\apache-tomcat-7.0.68\webapps\host-manager has finished in 90 ms
十月 13, 2016 9:08:57 下午 org.apache.catalina.startup.HostConfig deployDirectory
信息: Deploying web application directory C:\Spec_for_new_transfer_9_30\apache-tomcat-7.0.68\webapps\manager
十月 13, 2016 9:08:58 下午 org.apache.catalina.startup.HostConfig deployDirectory
信息: Deployment of web application directory C:\Spec_for_new_transfer_9_30\apache-tomcat-7.0.68\webapps\manager has finished in 58 ms
十月 13, 2016 9:08:58 下午 org.apache.catalina.startup.HostConfig deployDirectory
信息: Deploying web application directory C:\Spec_for_new_transfer_9_30\apache-tomcat-7.0.68\webapps\ROOT
十月 13, 2016 9:08:58 下午 org.apache.catalina.startup.HostConfig deployDirectory
信息: Deployment of web application directory C:\Spec_for_new_transfer_9_30\apache-tomcat-7.0.68\webapps\ROOT has finished in 46 ms
十月 13, 2016 9:08:58 下午 org.apache.coyote.AbstractProtocol start
信息: Starting ProtocolHandler ["http-apr-8080"]
十月 13, 2016 9:08:58 下午 org.apache.coyote.AbstractProtocol start
信息: Starting ProtocolHandler ["ajp-apr-8009"]
十月 13, 2016 9:08:58 下午 org.apache.catalina.startup.Catalina start
信息: Server startup in 1120 ms
十月 13, 2016 9:16:23 下午 org.apache.catalina.startup.Catalina stopServer
严重: Could not contact localhost:8005. Tomcat may not be running.
十月 13, 2016 9:16:23 下午 org.apache.catalina.startup.Catalina stopServer
严重: Catalina.stop: 
java.net.ConnectException: Connection refused: connect
	at java.net.DualStackPlainSocketImpl.connect0(Native Method)
	at java.net.DualStackPlainSocketImpl.socketConnect(DualStackPlainSocketImpl.java:79)
	at java.net.AbstractPlainSocketImpl.doConnect(AbstractPlainSocketImpl.java:345)
	at java.net.AbstractPlainSocketImpl.connectToAddress(AbstractPlainSocketImpl.java:206)
	at java.net.AbstractPlainSocketImpl.connect(AbstractPlainSocketImpl.java:188)
	at java.net.PlainSocketImpl.connect(PlainSocketImpl.java:172)
	at java.net.SocksSocketImpl.connect(SocksSocketImpl.java:392)
	at java.net.Socket.connect(Socket.java:589)
	at java.net.Socket.connect(Socket.java:538)
	at java.net.Socket.<init>(Socket.java:434)
	at java.net.Socket.<init>(Socket.java:211)
	at org.apache.catalina.startup.Catalina.stopServer(Catalina.java:498)
	at sun.reflect.NativeMethodAccessorImpl.invoke0(Native Method)
	at sun.reflect.NativeMethodAccessorImpl.invoke(NativeMethodAccessorImpl.java:62)
	at sun.reflect.DelegatingMethodAccessorImpl.invoke(DelegatingMethodAccessorImpl.java:43)
	at java.lang.reflect.Method.invoke(Method.java:483)
	at org.apache.catalina.startup.Bootstrap.stopServer(Bootstrap.java:343)
	at org.apache.catalina.startup.Bootstrap.main(Bootstrap.java:430)

