四月 22, 2016 7:52:37 下午 org.apache.tomcat.util.digester.SetPropertiesRule begin
警告: [SetPropertiesRule]{Server/Service/Engine/Host/Context} Setting property 'source' to 'org.eclipse.jst.jee.server:MapTest' did not find a matching property.
四月 22, 2016 7:52:37 下午 org.apache.catalina.startup.VersionLoggerListener log
信息: Server version:        Apache Tomcat/7.0.68
四月 22, 2016 7:52:37 下午 org.apache.catalina.startup.VersionLoggerListener log
信息: Server built:          Feb 8 2016 20:25:54 UTC
四月 22, 2016 7:52:37 下午 org.apache.catalina.startup.VersionLoggerListener log
信息: Server number:         7.0.68.0
四月 22, 2016 7:52:37 下午 org.apache.catalina.startup.VersionLoggerListener log
信息: OS Name:               Windows 7
四月 22, 2016 7:52:37 下午 org.apache.catalina.startup.VersionLoggerListener log
信息: OS Version:            6.1
四月 22, 2016 7:52:37 下午 org.apache.catalina.startup.VersionLoggerListener log
信息: Architecture:          x86
四月 22, 2016 7:52:37 下午 org.apache.catalina.startup.VersionLoggerListener log
信息: Java Home:             C:\Users\F414\Desktop\Sp_M\FrameTest\jre
四月 22, 2016 7:52:37 下午 org.apache.catalina.startup.VersionLoggerListener log
信息: JVM Version:           1.8.0_20-b26
四月 22, 2016 7:52:37 下午 org.apache.catalina.startup.VersionLoggerListener log
信息: JVM Vendor:            Oracle Corporation
四月 22, 2016 7:52:37 下午 org.apache.catalina.startup.VersionLoggerListener log
信息: CATALINA_BASE:         C:\Users\F414\Desktop\Sp_M\FrameTest\apache-tomcat-7.0.68
四月 22, 2016 7:52:37 下午 org.apache.catalina.startup.VersionLoggerListener log
信息: CATALINA_HOME:         C:\Users\F414\Desktop\Sp_M\FrameTest\apache-tomcat-7.0.68
四月 22, 2016 7:52:37 下午 org.apache.catalina.startup.VersionLoggerListener log
信息: Command line argument: -Djava.util.logging.config.file=C:\Users\F414\Desktop\Sp_M\FrameTest\apache-tomcat-7.0.68\conf\logging.properties
四月 22, 2016 7:52:37 下午 org.apache.catalina.startup.VersionLoggerListener log
信息: Command line argument: -Djava.util.logging.manager=org.apache.juli.ClassLoaderLogManager
四月 22, 2016 7:52:37 下午 org.apache.catalina.startup.VersionLoggerListener log
信息: Command line argument: -Djava.endorsed.dirs=C:\Users\F414\Desktop\Sp_M\FrameTest\apache-tomcat-7.0.68\endorsed
四月 22, 2016 7:52:37 下午 org.apache.catalina.startup.VersionLoggerListener log
信息: Command line argument: -Dcatalina.base=C:\Users\F414\Desktop\Sp_M\FrameTest\apache-tomcat-7.0.68
四月 22, 2016 7:52:37 下午 org.apache.catalina.startup.VersionLoggerListener log
信息: Command line argument: -Dcatalina.home=C:\Users\F414\Desktop\Sp_M\FrameTest\apache-tomcat-7.0.68
四月 22, 2016 7:52:37 下午 org.apache.catalina.startup.VersionLoggerListener log
信息: Command line argument: -Djava.io.tmpdir=C:\Users\F414\Desktop\Sp_M\FrameTest\apache-tomcat-7.0.68\temp
四月 22, 2016 7:52:37 下午 org.apache.catalina.core.AprLifecycleListener lifecycleEvent
信息: Loaded APR based Apache Tomcat Native library 1.1.33 using APR version 1.5.1.
四月 22, 2016 7:52:37 下午 org.apache.catalina.core.AprLifecycleListener lifecycleEvent
信息: APR capabilities: IPv6 [true], sendfile [true], accept filters [false], random [true].
四月 22, 2016 7:52:38 下午 org.apache.catalina.core.AprLifecycleListener initializeSSL
信息: OpenSSL successfully initialized (OpenSSL 1.0.1m 19 Mar 2015)
四月 22, 2016 7:52:38 下午 org.apache.coyote.AbstractProtocol init
信息: Initializing ProtocolHandler ["http-apr-8080"]
四月 22, 2016 7:52:38 下午 org.apache.coyote.AbstractProtocol init
信息: Initializing ProtocolHandler ["ajp-apr-8009"]
四月 22, 2016 7:52:38 下午 org.apache.catalina.startup.Catalina load
信息: Initialization processed in 966 ms
四月 22, 2016 7:52:38 下午 org.apache.catalina.core.StandardService startInternal
信息: Starting service Catalina
四月 22, 2016 7:52:38 下午 org.apache.catalina.core.StandardEngine startInternal
信息: Starting Servlet Engine: Apache Tomcat/7.0.68
四月 22, 2016 7:52:38 下午 org.apache.catalina.startup.TldConfig execute
信息: At least one JAR was scanned for TLDs yet contained no TLDs. Enable debug logging for this logger for a complete list of JARs that were scanned but no TLDs were found in them. Skipping unneeded JARs during scanning can improve startup time and JSP compilation time.
四月 22, 2016 7:52:39 下午 org.apache.catalina.startup.HostConfig deployDirectory
信息: Deploying web application directory C:\Users\F414\Desktop\Sp_M\FrameTest\apache-tomcat-7.0.68\webapps\docs
四月 22, 2016 7:52:39 下午 org.apache.catalina.startup.HostConfig deployDirectory
信息: Deployment of web application directory C:\Users\F414\Desktop\Sp_M\FrameTest\apache-tomcat-7.0.68\webapps\docs has finished in 47 ms
四月 22, 2016 7:52:39 下午 org.apache.catalina.startup.HostConfig deployDirectory
信息: Deploying web application directory C:\Users\F414\Desktop\Sp_M\FrameTest\apache-tomcat-7.0.68\webapps\examples
四月 22, 2016 7:52:39 下午 org.apache.catalina.startup.HostConfig deployDirectory
信息: Deployment of web application directory C:\Users\F414\Desktop\Sp_M\FrameTest\apache-tomcat-7.0.68\webapps\examples has finished in 187 ms
四月 22, 2016 7:52:39 下午 org.apache.catalina.startup.HostConfig deployDirectory
信息: Deploying web application directory C:\Users\F414\Desktop\Sp_M\FrameTest\apache-tomcat-7.0.68\webapps\host-manager
四月 22, 2016 7:52:39 下午 org.apache.catalina.startup.HostConfig deployDirectory
信息: Deployment of web application directory C:\Users\F414\Desktop\Sp_M\FrameTest\apache-tomcat-7.0.68\webapps\host-manager has finished in 47 ms
四月 22, 2016 7:52:39 下午 org.apache.catalina.startup.HostConfig deployDirectory
信息: Deploying web application directory C:\Users\F414\Desktop\Sp_M\FrameTest\apache-tomcat-7.0.68\webapps\manager
四月 22, 2016 7:52:39 下午 org.apache.catalina.startup.HostConfig deployDirectory
信息: Deployment of web application directory C:\Users\F414\Desktop\Sp_M\FrameTest\apache-tomcat-7.0.68\webapps\manager has finished in 47 ms
四月 22, 2016 7:52:39 下午 org.apache.catalina.startup.HostConfig deployDirectory
信息: Deploying web application directory C:\Users\F414\Desktop\Sp_M\FrameTest\apache-tomcat-7.0.68\webapps\ROOT
四月 22, 2016 7:52:39 下午 org.apache.catalina.startup.HostConfig deployDirectory
信息: Deployment of web application directory C:\Users\F414\Desktop\Sp_M\FrameTest\apache-tomcat-7.0.68\webapps\ROOT has finished in 31 ms
四月 22, 2016 7:52:39 下午 org.apache.coyote.AbstractProtocol start
信息: Starting ProtocolHandler ["http-apr-8080"]
四月 22, 2016 7:52:39 下午 org.apache.coyote.AbstractProtocol start
信息: Starting ProtocolHandler ["ajp-apr-8009"]
四月 22, 2016 7:52:39 下午 org.apache.catalina.startup.Catalina start
信息: Server startup in 784 ms
四月 22, 2016 7:53:46 下午 org.apache.catalina.core.StandardServer await
信息: A valid shutdown command was received via the shutdown port. Stopping the Server instance.
四月 22, 2016 7:53:46 下午 org.apache.coyote.AbstractProtocol pause
信息: Pausing ProtocolHandler ["http-apr-8080"]
四月 22, 2016 7:53:46 下午 org.apache.coyote.AbstractProtocol pause
信息: Pausing ProtocolHandler ["ajp-apr-8009"]
四月 22, 2016 7:53:46 下午 org.apache.catalina.core.StandardService stopInternal
信息: Stopping service Catalina
四月 22, 2016 7:53:47 下午 org.apache.coyote.AbstractProtocol stop
信息: Stopping ProtocolHandler ["http-apr-8080"]
四月 22, 2016 7:53:47 下午 org.apache.coyote.AbstractProtocol stop
信息: Stopping ProtocolHandler ["ajp-apr-8009"]
四月 22, 2016 7:53:47 下午 org.apache.coyote.AbstractProtocol destroy
信息: Destroying ProtocolHandler ["http-apr-8080"]
四月 22, 2016 7:53:47 下午 org.apache.coyote.AbstractProtocol destroy
信息: Destroying ProtocolHandler ["ajp-apr-8009"]
四月 22, 2016 7:59:18 下午 org.apache.tomcat.util.digester.SetPropertiesRule begin
警告: [SetPropertiesRule]{Server/Service/Engine/Host/Context} Setting property 'source' to 'org.eclipse.jst.jee.server:MapTest' did not find a matching property.
四月 22, 2016 7:59:18 下午 org.apache.catalina.startup.VersionLoggerListener log
信息: Server version:        Apache Tomcat/7.0.68
四月 22, 2016 7:59:18 下午 org.apache.catalina.startup.VersionLoggerListener log
信息: Server built:          Feb 8 2016 20:25:54 UTC
四月 22, 2016 7:59:18 下午 org.apache.catalina.startup.VersionLoggerListener log
信息: Server number:         7.0.68.0
四月 22, 2016 7:59:18 下午 org.apache.catalina.startup.VersionLoggerListener log
信息: OS Name:               Windows 7
四月 22, 2016 7:59:18 下午 org.apache.catalina.startup.VersionLoggerListener log
信息: OS Version:            6.1
四月 22, 2016 7:59:18 下午 org.apache.catalina.startup.VersionLoggerListener log
信息: Architecture:          x86
四月 22, 2016 7:59:18 下午 org.apache.catalina.startup.VersionLoggerListener log
信息: Java Home:             C:\Users\F414\Desktop\Sp_M\FrameTest\jre
四月 22, 2016 7:59:18 下午 org.apache.catalina.startup.VersionLoggerListener log
信息: JVM Version:           1.8.0_20-b26
四月 22, 2016 7:59:18 下午 org.apache.catalina.startup.VersionLoggerListener log
信息: JVM Vendor:            Oracle Corporation
四月 22, 2016 7:59:18 下午 org.apache.catalina.startup.VersionLoggerListener log
信息: CATALINA_BASE:         C:\Users\F414\Desktop\Sp_M\FrameTest\apache-tomcat-7.0.68
四月 22, 2016 7:59:18 下午 org.apache.catalina.startup.VersionLoggerListener log
信息: CATALINA_HOME:         C:\Users\F414\Desktop\Sp_M\FrameTest\apache-tomcat-7.0.68
四月 22, 2016 7:59:18 下午 org.apache.catalina.startup.VersionLoggerListener log
信息: Command line argument: -Djava.util.logging.config.file=C:\Users\F414\Desktop\Sp_M\FrameTest\apache-tomcat-7.0.68\conf\logging.properties
四月 22, 2016 7:59:18 下午 org.apache.catalina.startup.VersionLoggerListener log
信息: Command line argument: -Djava.util.logging.manager=org.apache.juli.ClassLoaderLogManager
四月 22, 2016 7:59:18 下午 org.apache.catalina.startup.VersionLoggerListener log
信息: Command line argument: -Djava.endorsed.dirs=C:\Users\F414\Desktop\Sp_M\FrameTest\apache-tomcat-7.0.68\endorsed
四月 22, 2016 7:59:18 下午 org.apache.catalina.startup.VersionLoggerListener log
信息: Command line argument: -Dcatalina.base=C:\Users\F414\Desktop\Sp_M\FrameTest\apache-tomcat-7.0.68
四月 22, 2016 7:59:18 下午 org.apache.catalina.startup.VersionLoggerListener log
信息: Command line argument: -Dcatalina.home=C:\Users\F414\Desktop\Sp_M\FrameTest\apache-tomcat-7.0.68
四月 22, 2016 7:59:18 下午 org.apache.catalina.startup.VersionLoggerListener log
信息: Command line argument: -Djava.io.tmpdir=C:\Users\F414\Desktop\Sp_M\FrameTest\apache-tomcat-7.0.68\temp
四月 22, 2016 7:59:18 下午 org.apache.catalina.core.AprLifecycleListener lifecycleEvent
信息: Loaded APR based Apache Tomcat Native library 1.1.33 using APR version 1.5.1.
四月 22, 2016 7:59:18 下午 org.apache.catalina.core.AprLifecycleListener lifecycleEvent
信息: APR capabilities: IPv6 [true], sendfile [true], accept filters [false], random [true].
四月 22, 2016 7:59:18 下午 org.apache.catalina.core.AprLifecycleListener initializeSSL
信息: OpenSSL successfully initialized (OpenSSL 1.0.1m 19 Mar 2015)
四月 22, 2016 7:59:19 下午 org.apache.coyote.AbstractProtocol init
信息: Initializing ProtocolHandler ["http-apr-8080"]
四月 22, 2016 7:59:19 下午 org.apache.coyote.AbstractProtocol init
信息: Initializing ProtocolHandler ["ajp-apr-8009"]
四月 22, 2016 7:59:19 下午 org.apache.catalina.startup.Catalina load
信息: Initialization processed in 991 ms
四月 22, 2016 7:59:19 下午 org.apache.catalina.core.StandardService startInternal
信息: Starting service Catalina
四月 22, 2016 7:59:19 下午 org.apache.catalina.core.StandardEngine startInternal
信息: Starting Servlet Engine: Apache Tomcat/7.0.68
四月 22, 2016 7:59:19 下午 org.apache.catalina.startup.TldConfig execute
信息: At least one JAR was scanned for TLDs yet contained no TLDs. Enable debug logging for this logger for a complete list of JARs that were scanned but no TLDs were found in them. Skipping unneeded JARs during scanning can improve startup time and JSP compilation time.
四月 22, 2016 7:59:19 下午 org.apache.catalina.util.SessionIdGeneratorBase createSecureRandom
信息: Creation of SecureRandom instance for session ID generation using [SHA1PRNG] took [103] milliseconds.
四月 22, 2016 7:59:19 下午 org.apache.catalina.startup.HostConfig deployDirectory
信息: Deploying web application directory C:\Users\F414\Desktop\Sp_M\FrameTest\apache-tomcat-7.0.68\webapps\docs
四月 22, 2016 7:59:19 下午 org.apache.catalina.startup.HostConfig deployDirectory
信息: Deployment of web application directory C:\Users\F414\Desktop\Sp_M\FrameTest\apache-tomcat-7.0.68\webapps\docs has finished in 40 ms
四月 22, 2016 7:59:19 下午 org.apache.catalina.startup.HostConfig deployDirectory
信息: Deploying web application directory C:\Users\F414\Desktop\Sp_M\FrameTest\apache-tomcat-7.0.68\webapps\examples
四月 22, 2016 7:59:19 下午 org.apache.catalina.startup.HostConfig deployDirectory
信息: Deployment of web application directory C:\Users\F414\Desktop\Sp_M\FrameTest\apache-tomcat-7.0.68\webapps\examples has finished in 194 ms
四月 22, 2016 7:59:19 下午 org.apache.catalina.startup.HostConfig deployDirectory
信息: Deploying web application directory C:\Users\F414\Desktop\Sp_M\FrameTest\apache-tomcat-7.0.68\webapps\host-manager
四月 22, 2016 7:59:19 下午 org.apache.catalina.startup.HostConfig deployDirectory
信息: Deployment of web application directory C:\Users\F414\Desktop\Sp_M\FrameTest\apache-tomcat-7.0.68\webapps\host-manager has finished in 44 ms
四月 22, 2016 7:59:19 下午 org.apache.catalina.startup.HostConfig deployDirectory
信息: Deploying web application directory C:\Users\F414\Desktop\Sp_M\FrameTest\apache-tomcat-7.0.68\webapps\manager
四月 22, 2016 7:59:19 下午 org.apache.catalina.startup.HostConfig deployDirectory
信息: Deployment of web application directory C:\Users\F414\Desktop\Sp_M\FrameTest\apache-tomcat-7.0.68\webapps\manager has finished in 40 ms
四月 22, 2016 7:59:19 下午 org.apache.catalina.startup.HostConfig deployDirectory
信息: Deploying web application directory C:\Users\F414\Desktop\Sp_M\FrameTest\apache-tomcat-7.0.68\webapps\ROOT
四月 22, 2016 7:59:19 下午 org.apache.catalina.startup.HostConfig deployDirectory
信息: Deployment of web application directory C:\Users\F414\Desktop\Sp_M\FrameTest\apache-tomcat-7.0.68\webapps\ROOT has finished in 33 ms
四月 22, 2016 7:59:19 下午 org.apache.coyote.AbstractProtocol start
信息: Starting ProtocolHandler ["http-apr-8080"]
四月 22, 2016 7:59:19 下午 org.apache.coyote.AbstractProtocol start
信息: Starting ProtocolHandler ["ajp-apr-8009"]
四月 22, 2016 7:59:19 下午 org.apache.catalina.startup.Catalina start
信息: Server startup in 799 ms
四月 22, 2016 8:07:25 下午 org.apache.tomcat.util.digester.SetPropertiesRule begin
警告: [SetPropertiesRule]{Server/Service/Engine/Host/Context} Setting property 'source' to 'org.eclipse.jst.jee.server:MapTest' did not find a matching property.
四月 22, 2016 8:07:25 下午 org.apache.catalina.startup.VersionLoggerListener log
信息: Server version:        Apache Tomcat/7.0.68
四月 22, 2016 8:07:25 下午 org.apache.catalina.startup.VersionLoggerListener log
信息: Server built:          Feb 8 2016 20:25:54 UTC
四月 22, 2016 8:07:25 下午 org.apache.catalina.startup.VersionLoggerListener log
信息: Server number:         7.0.68.0
四月 22, 2016 8:07:25 下午 org.apache.catalina.startup.VersionLoggerListener log
信息: OS Name:               Windows 7
四月 22, 2016 8:07:25 下午 org.apache.catalina.startup.VersionLoggerListener log
信息: OS Version:            6.1
四月 22, 2016 8:07:25 下午 org.apache.catalina.startup.VersionLoggerListener log
信息: Architecture:          x86
四月 22, 2016 8:07:25 下午 org.apache.catalina.startup.VersionLoggerListener log
信息: Java Home:             C:\Users\F414\Desktop\Sp_M\FrameTest\jre
四月 22, 2016 8:07:25 下午 org.apache.catalina.startup.VersionLoggerListener log
信息: JVM Version:           1.8.0_20-b26
四月 22, 2016 8:07:25 下午 org.apache.catalina.startup.VersionLoggerListener log
信息: JVM Vendor:            Oracle Corporation
四月 22, 2016 8:07:25 下午 org.apache.catalina.startup.VersionLoggerListener log
信息: CATALINA_BASE:         C:\Users\F414\Desktop\Sp_M\FrameTest\apache-tomcat-7.0.68
四月 22, 2016 8:07:25 下午 org.apache.catalina.startup.VersionLoggerListener log
信息: CATALINA_HOME:         C:\Users\F414\Desktop\Sp_M\FrameTest\apache-tomcat-7.0.68
四月 22, 2016 8:07:25 下午 org.apache.catalina.startup.VersionLoggerListener log
信息: Command line argument: -Djava.util.logging.config.file=C:\Users\F414\Desktop\Sp_M\FrameTest\apache-tomcat-7.0.68\conf\logging.properties
四月 22, 2016 8:07:25 下午 org.apache.catalina.startup.VersionLoggerListener log
信息: Command line argument: -Djava.util.logging.manager=org.apache.juli.ClassLoaderLogManager
四月 22, 2016 8:07:25 下午 org.apache.catalina.startup.VersionLoggerListener log
信息: Command line argument: -Djava.endorsed.dirs=C:\Users\F414\Desktop\Sp_M\FrameTest\apache-tomcat-7.0.68\endorsed
四月 22, 2016 8:07:25 下午 org.apache.catalina.startup.VersionLoggerListener log
信息: Command line argument: -Dcatalina.base=C:\Users\F414\Desktop\Sp_M\FrameTest\apache-tomcat-7.0.68
四月 22, 2016 8:07:25 下午 org.apache.catalina.startup.VersionLoggerListener log
信息: Command line argument: -Dcatalina.home=C:\Users\F414\Desktop\Sp_M\FrameTest\apache-tomcat-7.0.68
四月 22, 2016 8:07:25 下午 org.apache.catalina.startup.VersionLoggerListener log
信息: Command line argument: -Djava.io.tmpdir=C:\Users\F414\Desktop\Sp_M\FrameTest\apache-tomcat-7.0.68\temp
四月 22, 2016 8:07:25 下午 org.apache.catalina.core.AprLifecycleListener lifecycleEvent
信息: Loaded APR based Apache Tomcat Native library 1.1.33 using APR version 1.5.1.
四月 22, 2016 8:07:25 下午 org.apache.catalina.core.AprLifecycleListener lifecycleEvent
信息: APR capabilities: IPv6 [true], sendfile [true], accept filters [false], random [true].
四月 22, 2016 8:07:25 下午 org.apache.catalina.core.AprLifecycleListener initializeSSL
信息: OpenSSL successfully initialized (OpenSSL 1.0.1m 19 Mar 2015)
四月 22, 2016 8:07:25 下午 org.apache.coyote.AbstractProtocol init
信息: Initializing ProtocolHandler ["http-apr-8080"]
四月 22, 2016 8:07:25 下午 org.apache.coyote.AbstractProtocol init
严重: Failed to initialize end point associated with ProtocolHandler ["http-apr-8080"]
java.lang.Exception: Socket bind failed: [730048] ?????????×???(Э?é/???????/???)????í??
	at org.apache.tomcat.util.net.AprEndpoint.bind(AprEndpoint.java:470)
	at org.apache.tomcat.util.net.AbstractEndpoint.init(AbstractEndpoint.java:650)
	at org.apache.coyote.AbstractProtocol.init(AbstractProtocol.java:434)
	at org.apache.catalina.connector.Connector.initInternal(Connector.java:978)
	at org.apache.catalina.util.LifecycleBase.init(LifecycleBase.java:102)
	at org.apache.catalina.core.StandardService.initInternal(StandardService.java:560)
	at org.apache.catalina.util.LifecycleBase.init(LifecycleBase.java:102)
	at org.apache.catalina.core.StandardServer.initInternal(StandardServer.java:820)
	at org.apache.catalina.util.LifecycleBase.init(LifecycleBase.java:102)
	at org.apache.catalina.startup.Catalina.load(Catalina.java:642)
	at org.apache.catalina.startup.Catalina.load(Catalina.java:667)
	at sun.reflect.NativeMethodAccessorImpl.invoke0(Native Method)
	at sun.reflect.NativeMethodAccessorImpl.invoke(NativeMethodAccessorImpl.java:62)
	at sun.reflect.DelegatingMethodAccessorImpl.invoke(DelegatingMethodAccessorImpl.java:43)
	at java.lang.reflect.Method.invoke(Method.java:483)
	at org.apache.catalina.startup.Bootstrap.load(Bootstrap.java:253)
	at org.apache.catalina.startup.Bootstrap.main(Bootstrap.java:427)

四月 22, 2016 8:07:25 下午 org.apache.catalina.core.StandardService initInternal
严重: Failed to initialize connector [Connector[HTTP/1.1-8080]]
org.apache.catalina.LifecycleException: Failed to initialize component [Connector[HTTP/1.1-8080]]
	at org.apache.catalina.util.LifecycleBase.init(LifecycleBase.java:106)
	at org.apache.catalina.core.StandardService.initInternal(StandardService.java:560)
	at org.apache.catalina.util.LifecycleBase.init(LifecycleBase.java:102)
	at org.apache.catalina.core.StandardServer.initInternal(StandardServer.java:820)
	at org.apache.catalina.util.LifecycleBase.init(LifecycleBase.java:102)
	at org.apache.catalina.startup.Catalina.load(Catalina.java:642)
	at org.apache.catalina.startup.Catalina.load(Catalina.java:667)
	at sun.reflect.NativeMethodAccessorImpl.invoke0(Native Method)
	at sun.reflect.NativeMethodAccessorImpl.invoke(NativeMethodAccessorImpl.java:62)
	at sun.reflect.DelegatingMethodAccessorImpl.invoke(DelegatingMethodAccessorImpl.java:43)
	at java.lang.reflect.Method.invoke(Method.java:483)
	at org.apache.catalina.startup.Bootstrap.load(Bootstrap.java:253)
	at org.apache.catalina.startup.Bootstrap.main(Bootstrap.java:427)
Caused by: org.apache.catalina.LifecycleException: Protocol handler initialization failed
	at org.apache.catalina.connector.Connector.initInternal(Connector.java:980)
	at org.apache.catalina.util.LifecycleBase.init(LifecycleBase.java:102)
	... 12 more
Caused by: java.lang.Exception: Socket bind failed: [730048] ?????????×???(Э?é/???????/???)????í??
	at org.apache.tomcat.util.net.AprEndpoint.bind(AprEndpoint.java:470)
	at org.apache.tomcat.util.net.AbstractEndpoint.init(AbstractEndpoint.java:650)
	at org.apache.coyote.AbstractProtocol.init(AbstractProtocol.java:434)
	at org.apache.catalina.connector.Connector.initInternal(Connector.java:978)
	... 13 more

四月 22, 2016 8:07:25 下午 org.apache.coyote.AbstractProtocol init
信息: Initializing ProtocolHandler ["ajp-apr-8009"]
四月 22, 2016 8:07:25 下午 org.apache.coyote.AbstractProtocol init
严重: Failed to initialize end point associated with ProtocolHandler ["ajp-apr-8009"]
java.lang.Exception: Socket bind failed: [730048] ?????????×???(Э?é/???????/???)????í??
	at org.apache.tomcat.util.net.AprEndpoint.bind(AprEndpoint.java:470)
	at org.apache.tomcat.util.net.AbstractEndpoint.init(AbstractEndpoint.java:650)
	at org.apache.coyote.AbstractProtocol.init(AbstractProtocol.java:434)
	at org.apache.catalina.connector.Connector.initInternal(Connector.java:978)
	at org.apache.catalina.util.LifecycleBase.init(LifecycleBase.java:102)
	at org.apache.catalina.core.StandardService.initInternal(StandardService.java:560)
	at org.apache.catalina.util.LifecycleBase.init(LifecycleBase.java:102)
	at org.apache.catalina.core.StandardServer.initInternal(StandardServer.java:820)
	at org.apache.catalina.util.LifecycleBase.init(LifecycleBase.java:102)
	at org.apache.catalina.startup.Catalina.load(Catalina.java:642)
	at org.apache.catalina.startup.Catalina.load(Catalina.java:667)
	at sun.reflect.NativeMethodAccessorImpl.invoke0(Native Method)
	at sun.reflect.NativeMethodAccessorImpl.invoke(NativeMethodAccessorImpl.java:62)
	at sun.reflect.DelegatingMethodAccessorImpl.invoke(DelegatingMethodAccessorImpl.java:43)
	at java.lang.reflect.Method.invoke(Method.java:483)
	at org.apache.catalina.startup.Bootstrap.load(Bootstrap.java:253)
	at org.apache.catalina.startup.Bootstrap.main(Bootstrap.java:427)

四月 22, 2016 8:07:25 下午 org.apache.catalina.core.StandardService initInternal
严重: Failed to initialize connector [Connector[AJP/1.3-8009]]
org.apache.catalina.LifecycleException: Failed to initialize component [Connector[AJP/1.3-8009]]
	at org.apache.catalina.util.LifecycleBase.init(LifecycleBase.java:106)
	at org.apache.catalina.core.StandardService.initInternal(StandardService.java:560)
	at org.apache.catalina.util.LifecycleBase.init(LifecycleBase.java:102)
	at org.apache.catalina.core.StandardServer.initInternal(StandardServer.java:820)
	at org.apache.catalina.util.LifecycleBase.init(LifecycleBase.java:102)
	at org.apache.catalina.startup.Catalina.load(Catalina.java:642)
	at org.apache.catalina.startup.Catalina.load(Catalina.java:667)
	at sun.reflect.NativeMethodAccessorImpl.invoke0(Native Method)
	at sun.reflect.NativeMethodAccessorImpl.invoke(NativeMethodAccessorImpl.java:62)
	at sun.reflect.DelegatingMethodAccessorImpl.invoke(DelegatingMethodAccessorImpl.java:43)
	at java.lang.reflect.Method.invoke(Method.java:483)
	at org.apache.catalina.startup.Bootstrap.load(Bootstrap.java:253)
	at org.apache.catalina.startup.Bootstrap.main(Bootstrap.java:427)
Caused by: org.apache.catalina.LifecycleException: Protocol handler initialization failed
	at org.apache.catalina.connector.Connector.initInternal(Connector.java:980)
	at org.apache.catalina.util.LifecycleBase.init(LifecycleBase.java:102)
	... 12 more
Caused by: java.lang.Exception: Socket bind failed: [730048] ?????????×???(Э?é/???????/???)????í??
	at org.apache.tomcat.util.net.AprEndpoint.bind(AprEndpoint.java:470)
	at org.apache.tomcat.util.net.AbstractEndpoint.init(AbstractEndpoint.java:650)
	at org.apache.coyote.AbstractProtocol.init(AbstractProtocol.java:434)
	at org.apache.catalina.connector.Connector.initInternal(Connector.java:978)
	... 13 more

四月 22, 2016 8:07:25 下午 org.apache.catalina.startup.Catalina load
信息: Initialization processed in 1061 ms
四月 22, 2016 8:07:25 下午 org.apache.catalina.core.StandardService startInternal
信息: Starting service Catalina
四月 22, 2016 8:07:25 下午 org.apache.catalina.core.StandardEngine startInternal
信息: Starting Servlet Engine: Apache Tomcat/7.0.68
四月 22, 2016 8:07:26 下午 org.apache.catalina.startup.TldConfig execute
信息: At least one JAR was scanned for TLDs yet contained no TLDs. Enable debug logging for this logger for a complete list of JARs that were scanned but no TLDs were found in them. Skipping unneeded JARs during scanning can improve startup time and JSP compilation time.
四月 22, 2016 8:07:26 下午 org.apache.catalina.util.SessionIdGeneratorBase createSecureRandom
信息: Creation of SecureRandom instance for session ID generation using [SHA1PRNG] took [105] milliseconds.
四月 22, 2016 8:07:26 下午 org.apache.catalina.startup.HostConfig deployDirectory
信息: Deploying web application directory C:\Users\F414\Desktop\Sp_M\FrameTest\apache-tomcat-7.0.68\webapps\docs
四月 22, 2016 8:07:26 下午 org.apache.catalina.startup.HostConfig deployDirectory
信息: Deployment of web application directory C:\Users\F414\Desktop\Sp_M\FrameTest\apache-tomcat-7.0.68\webapps\docs has finished in 41 ms
四月 22, 2016 8:07:26 下午 org.apache.catalina.startup.HostConfig deployDirectory
信息: Deploying web application directory C:\Users\F414\Desktop\Sp_M\FrameTest\apache-tomcat-7.0.68\webapps\examples
四月 22, 2016 8:07:26 下午 org.apache.catalina.startup.HostConfig deployDirectory
信息: Deployment of web application directory C:\Users\F414\Desktop\Sp_M\FrameTest\apache-tomcat-7.0.68\webapps\examples has finished in 199 ms
四月 22, 2016 8:07:26 下午 org.apache.catalina.startup.HostConfig deployDirectory
信息: Deploying web application directory C:\Users\F414\Desktop\Sp_M\FrameTest\apache-tomcat-7.0.68\webapps\host-manager
四月 22, 2016 8:07:26 下午 org.apache.catalina.startup.HostConfig deployDirectory
信息: Deployment of web application directory C:\Users\F414\Desktop\Sp_M\FrameTest\apache-tomcat-7.0.68\webapps\host-manager has finished in 49 ms
四月 22, 2016 8:07:26 下午 org.apache.catalina.startup.HostConfig deployDirectory
信息: Deploying web application directory C:\Users\F414\Desktop\Sp_M\FrameTest\apache-tomcat-7.0.68\webapps\manager
四月 22, 2016 8:07:26 下午 org.apache.catalina.startup.HostConfig deployDirectory
信息: Deployment of web application directory C:\Users\F414\Desktop\Sp_M\FrameTest\apache-tomcat-7.0.68\webapps\manager has finished in 41 ms
四月 22, 2016 8:07:26 下午 org.apache.catalina.startup.HostConfig deployDirectory
信息: Deploying web application directory C:\Users\F414\Desktop\Sp_M\FrameTest\apache-tomcat-7.0.68\webapps\ROOT
四月 22, 2016 8:07:26 下午 org.apache.catalina.startup.HostConfig deployDirectory
信息: Deployment of web application directory C:\Users\F414\Desktop\Sp_M\FrameTest\apache-tomcat-7.0.68\webapps\ROOT has finished in 33 ms
四月 22, 2016 8:07:26 下午 org.apache.catalina.startup.Catalina start
信息: Server startup in 797 ms
四月 22, 2016 8:07:26 下午 org.apache.catalina.core.StandardServer await
严重: StandardServer.await: create[localhost:8005]: 
java.net.BindException: Address already in use: JVM_Bind
	at java.net.DualStackPlainSocketImpl.bind0(Native Method)
	at java.net.DualStackPlainSocketImpl.socketBind(DualStackPlainSocketImpl.java:106)
	at java.net.AbstractPlainSocketImpl.bind(AbstractPlainSocketImpl.java:382)
	at java.net.PlainSocketImpl.bind(PlainSocketImpl.java:190)
	at java.net.ServerSocket.bind(ServerSocket.java:375)
	at java.net.ServerSocket.<init>(ServerSocket.java:237)
	at org.apache.catalina.core.StandardServer.await(StandardServer.java:426)
	at org.apache.catalina.startup.Catalina.await(Catalina.java:781)
	at org.apache.catalina.startup.Catalina.start(Catalina.java:727)
	at sun.reflect.NativeMethodAccessorImpl.invoke0(Native Method)
	at sun.reflect.NativeMethodAccessorImpl.invoke(NativeMethodAccessorImpl.java:62)
	at sun.reflect.DelegatingMethodAccessorImpl.invoke(DelegatingMethodAccessorImpl.java:43)
	at java.lang.reflect.Method.invoke(Method.java:483)
	at org.apache.catalina.startup.Bootstrap.start(Bootstrap.java:294)
	at org.apache.catalina.startup.Bootstrap.main(Bootstrap.java:428)

四月 22, 2016 8:07:26 下午 org.apache.coyote.AbstractProtocol pause
信息: Pausing ProtocolHandler ["http-apr-8080"]
四月 22, 2016 8:07:26 下午 org.apache.coyote.AbstractProtocol pause
信息: Pausing ProtocolHandler ["ajp-apr-8009"]
四月 22, 2016 8:07:26 下午 org.apache.catalina.core.StandardService stopInternal
信息: Stopping service Catalina
四月 22, 2016 8:07:26 下午 org.apache.coyote.AbstractProtocol stop
信息: Stopping ProtocolHandler ["http-apr-8080"]
四月 22, 2016 8:07:26 下午 org.apache.coyote.AbstractProtocol destroy
信息: Destroying ProtocolHandler ["http-apr-8080"]
四月 22, 2016 8:07:26 下午 org.apache.coyote.AbstractProtocol stop
信息: Stopping ProtocolHandler ["ajp-apr-8009"]
四月 22, 2016 8:07:26 下午 org.apache.coyote.AbstractProtocol destroy
信息: Destroying ProtocolHandler ["ajp-apr-8009"]
四月 22, 2016 8:11:24 下午 org.apache.tomcat.util.digester.SetPropertiesRule begin
警告: [SetPropertiesRule]{Server/Service/Engine/Host/Context} Setting property 'source' to 'org.eclipse.jst.jee.server:MapTest' did not find a matching property.
四月 22, 2016 8:11:24 下午 org.apache.catalina.startup.VersionLoggerListener log
信息: Server version:        Apache Tomcat/7.0.68
四月 22, 2016 8:11:24 下午 org.apache.catalina.startup.VersionLoggerListener log
信息: Server built:          Feb 8 2016 20:25:54 UTC
四月 22, 2016 8:11:24 下午 org.apache.catalina.startup.VersionLoggerListener log
信息: Server number:         7.0.68.0
四月 22, 2016 8:11:24 下午 org.apache.catalina.startup.VersionLoggerListener log
信息: OS Name:               Windows 7
四月 22, 2016 8:11:24 下午 org.apache.catalina.startup.VersionLoggerListener log
信息: OS Version:            6.1
四月 22, 2016 8:11:24 下午 org.apache.catalina.startup.VersionLoggerListener log
信息: Architecture:          x86
四月 22, 2016 8:11:24 下午 org.apache.catalina.startup.VersionLoggerListener log
信息: Java Home:             C:\Users\F414\Desktop\Sp_M\FrameTest\jre
四月 22, 2016 8:11:24 下午 org.apache.catalina.startup.VersionLoggerListener log
信息: JVM Version:           1.8.0_20-b26
四月 22, 2016 8:11:24 下午 org.apache.catalina.startup.VersionLoggerListener log
信息: JVM Vendor:            Oracle Corporation
四月 22, 2016 8:11:24 下午 org.apache.catalina.startup.VersionLoggerListener log
信息: CATALINA_BASE:         C:\Users\F414\Desktop\Sp_M\FrameTest\apache-tomcat-7.0.68
四月 22, 2016 8:11:24 下午 org.apache.catalina.startup.VersionLoggerListener log
信息: CATALINA_HOME:         C:\Users\F414\Desktop\Sp_M\FrameTest\apache-tomcat-7.0.68
四月 22, 2016 8:11:24 下午 org.apache.catalina.startup.VersionLoggerListener log
信息: Command line argument: -Djava.util.logging.config.file=C:\Users\F414\Desktop\Sp_M\FrameTest\apache-tomcat-7.0.68\conf\logging.properties
四月 22, 2016 8:11:24 下午 org.apache.catalina.startup.VersionLoggerListener log
信息: Command line argument: -Djava.util.logging.manager=org.apache.juli.ClassLoaderLogManager
四月 22, 2016 8:11:24 下午 org.apache.catalina.startup.VersionLoggerListener log
信息: Command line argument: -Djava.endorsed.dirs=C:\Users\F414\Desktop\Sp_M\FrameTest\apache-tomcat-7.0.68\endorsed
四月 22, 2016 8:11:24 下午 org.apache.catalina.startup.VersionLoggerListener log
信息: Command line argument: -Dcatalina.base=C:\Users\F414\Desktop\Sp_M\FrameTest\apache-tomcat-7.0.68
四月 22, 2016 8:11:24 下午 org.apache.catalina.startup.VersionLoggerListener log
信息: Command line argument: -Dcatalina.home=C:\Users\F414\Desktop\Sp_M\FrameTest\apache-tomcat-7.0.68
四月 22, 2016 8:11:24 下午 org.apache.catalina.startup.VersionLoggerListener log
信息: Command line argument: -Djava.io.tmpdir=C:\Users\F414\Desktop\Sp_M\FrameTest\apache-tomcat-7.0.68\temp
四月 22, 2016 8:11:24 下午 org.apache.catalina.core.AprLifecycleListener lifecycleEvent
信息: Loaded APR based Apache Tomcat Native library 1.1.33 using APR version 1.5.1.
四月 22, 2016 8:11:24 下午 org.apache.catalina.core.AprLifecycleListener lifecycleEvent
信息: APR capabilities: IPv6 [true], sendfile [true], accept filters [false], random [true].
四月 22, 2016 8:11:25 下午 org.apache.catalina.core.AprLifecycleListener initializeSSL
信息: OpenSSL successfully initialized (OpenSSL 1.0.1m 19 Mar 2015)
四月 22, 2016 8:11:25 下午 org.apache.coyote.AbstractProtocol init
信息: Initializing ProtocolHandler ["http-apr-8080"]
四月 22, 2016 8:11:25 下午 org.apache.coyote.AbstractProtocol init
信息: Initializing ProtocolHandler ["ajp-apr-8009"]
四月 22, 2016 8:11:25 下午 org.apache.catalina.startup.Catalina load
信息: Initialization processed in 1095 ms
四月 22, 2016 8:11:25 下午 org.apache.catalina.core.StandardService startInternal
信息: Starting service Catalina
四月 22, 2016 8:11:25 下午 org.apache.catalina.core.StandardEngine startInternal
信息: Starting Servlet Engine: Apache Tomcat/7.0.68
四月 22, 2016 8:11:25 下午 org.apache.catalina.startup.TldConfig execute
信息: At least one JAR was scanned for TLDs yet contained no TLDs. Enable debug logging for this logger for a complete list of JARs that were scanned but no TLDs were found in them. Skipping unneeded JARs during scanning can improve startup time and JSP compilation time.
四月 22, 2016 8:11:26 下午 org.apache.catalina.util.SessionIdGeneratorBase createSecureRandom
信息: Creation of SecureRandom instance for session ID generation using [SHA1PRNG] took [109] milliseconds.
四月 22, 2016 8:11:26 下午 org.apache.catalina.startup.HostConfig deployDirectory
信息: Deploying web application directory C:\Users\F414\Desktop\Sp_M\FrameTest\apache-tomcat-7.0.68\webapps\docs
四月 22, 2016 8:11:26 下午 org.apache.catalina.startup.HostConfig deployDirectory
信息: Deployment of web application directory C:\Users\F414\Desktop\Sp_M\FrameTest\apache-tomcat-7.0.68\webapps\docs has finished in 40 ms
四月 22, 2016 8:11:26 下午 org.apache.catalina.startup.HostConfig deployDirectory
信息: Deploying web application directory C:\Users\F414\Desktop\Sp_M\FrameTest\apache-tomcat-7.0.68\webapps\examples
四月 22, 2016 8:11:26 下午 org.apache.catalina.startup.HostConfig deployDirectory
信息: Deployment of web application directory C:\Users\F414\Desktop\Sp_M\FrameTest\apache-tomcat-7.0.68\webapps\examples has finished in 199 ms
四月 22, 2016 8:11:26 下午 org.apache.catalina.startup.HostConfig deployDirectory
信息: Deploying web application directory C:\Users\F414\Desktop\Sp_M\FrameTest\apache-tomcat-7.0.68\webapps\host-manager
四月 22, 2016 8:11:26 下午 org.apache.catalina.startup.HostConfig deployDirectory
信息: Deployment of web application directory C:\Users\F414\Desktop\Sp_M\FrameTest\apache-tomcat-7.0.68\webapps\host-manager has finished in 45 ms
四月 22, 2016 8:11:26 下午 org.apache.catalina.startup.HostConfig deployDirectory
信息: Deploying web application directory C:\Users\F414\Desktop\Sp_M\FrameTest\apache-tomcat-7.0.68\webapps\manager
四月 22, 2016 8:11:26 下午 org.apache.catalina.startup.HostConfig deployDirectory
信息: Deployment of web application directory C:\Users\F414\Desktop\Sp_M\FrameTest\apache-tomcat-7.0.68\webapps\manager has finished in 41 ms
四月 22, 2016 8:11:26 下午 org.apache.catalina.startup.HostConfig deployDirectory
信息: Deploying web application directory C:\Users\F414\Desktop\Sp_M\FrameTest\apache-tomcat-7.0.68\webapps\ROOT
四月 22, 2016 8:11:26 下午 org.apache.catalina.startup.HostConfig deployDirectory
信息: Deployment of web application directory C:\Users\F414\Desktop\Sp_M\FrameTest\apache-tomcat-7.0.68\webapps\ROOT has finished in 35 ms
四月 22, 2016 8:11:26 下午 org.apache.coyote.AbstractProtocol start
信息: Starting ProtocolHandler ["http-apr-8080"]
四月 22, 2016 8:11:26 下午 org.apache.coyote.AbstractProtocol start
信息: Starting ProtocolHandler ["ajp-apr-8009"]
四月 22, 2016 8:11:26 下午 org.apache.catalina.startup.Catalina start
信息: Server startup in 804 ms
四月 22, 2016 8:19:48 下午 org.apache.tomcat.util.digester.SetPropertiesRule begin
警告: [SetPropertiesRule]{Server/Service/Engine/Host/Context} Setting property 'source' to 'org.eclipse.jst.jee.server:MapTest' did not find a matching property.
四月 22, 2016 8:19:48 下午 org.apache.catalina.startup.VersionLoggerListener log
信息: Server version:        Apache Tomcat/7.0.68
四月 22, 2016 8:19:48 下午 org.apache.catalina.startup.VersionLoggerListener log
信息: Server built:          Feb 8 2016 20:25:54 UTC
四月 22, 2016 8:19:48 下午 org.apache.catalina.startup.VersionLoggerListener log
信息: Server number:         7.0.68.0
四月 22, 2016 8:19:48 下午 org.apache.catalina.startup.VersionLoggerListener log
信息: OS Name:               Windows 7
四月 22, 2016 8:19:48 下午 org.apache.catalina.startup.VersionLoggerListener log
信息: OS Version:            6.1
四月 22, 2016 8:19:48 下午 org.apache.catalina.startup.VersionLoggerListener log
信息: Architecture:          x86
四月 22, 2016 8:19:48 下午 org.apache.catalina.startup.VersionLoggerListener log
信息: Java Home:             C:\Users\F414\Desktop\Sp_M\FrameTest\jre
四月 22, 2016 8:19:48 下午 org.apache.catalina.startup.VersionLoggerListener log
信息: JVM Version:           1.8.0_20-b26
四月 22, 2016 8:19:48 下午 org.apache.catalina.startup.VersionLoggerListener log
信息: JVM Vendor:            Oracle Corporation
四月 22, 2016 8:19:48 下午 org.apache.catalina.startup.VersionLoggerListener log
信息: CATALINA_BASE:         C:\Users\F414\Desktop\Sp_M\FrameTest\apache-tomcat-7.0.68
四月 22, 2016 8:19:48 下午 org.apache.catalina.startup.VersionLoggerListener log
信息: CATALINA_HOME:         C:\Users\F414\Desktop\Sp_M\FrameTest\apache-tomcat-7.0.68
四月 22, 2016 8:19:48 下午 org.apache.catalina.startup.VersionLoggerListener log
信息: Command line argument: -Djava.util.logging.config.file=C:\Users\F414\Desktop\Sp_M\FrameTest\apache-tomcat-7.0.68\conf\logging.properties
四月 22, 2016 8:19:48 下午 org.apache.catalina.startup.VersionLoggerListener log
信息: Command line argument: -Djava.util.logging.manager=org.apache.juli.ClassLoaderLogManager
四月 22, 2016 8:19:48 下午 org.apache.catalina.startup.VersionLoggerListener log
信息: Command line argument: -Djava.endorsed.dirs=C:\Users\F414\Desktop\Sp_M\FrameTest\apache-tomcat-7.0.68\endorsed
四月 22, 2016 8:19:48 下午 org.apache.catalina.startup.VersionLoggerListener log
信息: Command line argument: -Dcatalina.base=C:\Users\F414\Desktop\Sp_M\FrameTest\apache-tomcat-7.0.68
四月 22, 2016 8:19:48 下午 org.apache.catalina.startup.VersionLoggerListener log
信息: Command line argument: -Dcatalina.home=C:\Users\F414\Desktop\Sp_M\FrameTest\apache-tomcat-7.0.68
四月 22, 2016 8:19:48 下午 org.apache.catalina.startup.VersionLoggerListener log
信息: Command line argument: -Djava.io.tmpdir=C:\Users\F414\Desktop\Sp_M\FrameTest\apache-tomcat-7.0.68\temp
四月 22, 2016 8:19:48 下午 org.apache.catalina.core.AprLifecycleListener lifecycleEvent
信息: Loaded APR based Apache Tomcat Native library 1.1.33 using APR version 1.5.1.
四月 22, 2016 8:19:48 下午 org.apache.catalina.core.AprLifecycleListener lifecycleEvent
信息: APR capabilities: IPv6 [true], sendfile [true], accept filters [false], random [true].
四月 22, 2016 8:19:49 下午 org.apache.catalina.core.AprLifecycleListener initializeSSL
信息: OpenSSL successfully initialized (OpenSSL 1.0.1m 19 Mar 2015)
四月 22, 2016 8:19:49 下午 org.apache.coyote.AbstractProtocol init
信息: Initializing ProtocolHandler ["http-apr-8080"]
四月 22, 2016 8:19:49 下午 org.apache.coyote.AbstractProtocol init
严重: Failed to initialize end point associated with ProtocolHandler ["http-apr-8080"]
java.lang.Exception: Socket bind failed: [730048] ?????????×???(Э?é/???????/???)????í??
	at org.apache.tomcat.util.net.AprEndpoint.bind(AprEndpoint.java:470)
	at org.apache.tomcat.util.net.AbstractEndpoint.init(AbstractEndpoint.java:650)
	at org.apache.coyote.AbstractProtocol.init(AbstractProtocol.java:434)
	at org.apache.catalina.connector.Connector.initInternal(Connector.java:978)
	at org.apache.catalina.util.LifecycleBase.init(LifecycleBase.java:102)
	at org.apache.catalina.core.StandardService.initInternal(StandardService.java:560)
	at org.apache.catalina.util.LifecycleBase.init(LifecycleBase.java:102)
	at org.apache.catalina.core.StandardServer.initInternal(StandardServer.java:820)
	at org.apache.catalina.util.LifecycleBase.init(LifecycleBase.java:102)
	at org.apache.catalina.startup.Catalina.load(Catalina.java:642)
	at org.apache.catalina.startup.Catalina.load(Catalina.java:667)
	at sun.reflect.NativeMethodAccessorImpl.invoke0(Native Method)
	at sun.reflect.NativeMethodAccessorImpl.invoke(NativeMethodAccessorImpl.java:62)
	at sun.reflect.DelegatingMethodAccessorImpl.invoke(DelegatingMethodAccessorImpl.java:43)
	at java.lang.reflect.Method.invoke(Method.java:483)
	at org.apache.catalina.startup.Bootstrap.load(Bootstrap.java:253)
	at org.apache.catalina.startup.Bootstrap.main(Bootstrap.java:427)

四月 22, 2016 8:19:49 下午 org.apache.catalina.core.StandardService initInternal
严重: Failed to initialize connector [Connector[HTTP/1.1-8080]]
org.apache.catalina.LifecycleException: Failed to initialize component [Connector[HTTP/1.1-8080]]
	at org.apache.catalina.util.LifecycleBase.init(LifecycleBase.java:106)
	at org.apache.catalina.core.StandardService.initInternal(StandardService.java:560)
	at org.apache.catalina.util.LifecycleBase.init(LifecycleBase.java:102)
	at org.apache.catalina.core.StandardServer.initInternal(StandardServer.java:820)
	at org.apache.catalina.util.LifecycleBase.init(LifecycleBase.java:102)
	at org.apache.catalina.startup.Catalina.load(Catalina.java:642)
	at org.apache.catalina.startup.Catalina.load(Catalina.java:667)
	at sun.reflect.NativeMethodAccessorImpl.invoke0(Native Method)
	at sun.reflect.NativeMethodAccessorImpl.invoke(NativeMethodAccessorImpl.java:62)
	at sun.reflect.DelegatingMethodAccessorImpl.invoke(DelegatingMethodAccessorImpl.java:43)
	at java.lang.reflect.Method.invoke(Method.java:483)
	at org.apache.catalina.startup.Bootstrap.load(Bootstrap.java:253)
	at org.apache.catalina.startup.Bootstrap.main(Bootstrap.java:427)
Caused by: org.apache.catalina.LifecycleException: Protocol handler initialization failed
	at org.apache.catalina.connector.Connector.initInternal(Connector.java:980)
	at org.apache.catalina.util.LifecycleBase.init(LifecycleBase.java:102)
	... 12 more
Caused by: java.lang.Exception: Socket bind failed: [730048] ?????????×???(Э?é/???????/???)????í??
	at org.apache.tomcat.util.net.AprEndpoint.bind(AprEndpoint.java:470)
	at org.apache.tomcat.util.net.AbstractEndpoint.init(AbstractEndpoint.java:650)
	at org.apache.coyote.AbstractProtocol.init(AbstractProtocol.java:434)
	at org.apache.catalina.connector.Connector.initInternal(Connector.java:978)
	... 13 more

四月 22, 2016 8:19:49 下午 org.apache.coyote.AbstractProtocol init
信息: Initializing ProtocolHandler ["ajp-apr-8009"]
四月 22, 2016 8:19:49 下午 org.apache.coyote.AbstractProtocol init
严重: Failed to initialize end point associated with ProtocolHandler ["ajp-apr-8009"]
java.lang.Exception: Socket bind failed: [730048] ?????????×???(Э?é/???????/???)????í??
	at org.apache.tomcat.util.net.AprEndpoint.bind(AprEndpoint.java:470)
	at org.apache.tomcat.util.net.AbstractEndpoint.init(AbstractEndpoint.java:650)
	at org.apache.coyote.AbstractProtocol.init(AbstractProtocol.java:434)
	at org.apache.catalina.connector.Connector.initInternal(Connector.java:978)
	at org.apache.catalina.util.LifecycleBase.init(LifecycleBase.java:102)
	at org.apache.catalina.core.StandardService.initInternal(StandardService.java:560)
	at org.apache.catalina.util.LifecycleBase.init(LifecycleBase.java:102)
	at org.apache.catalina.core.StandardServer.initInternal(StandardServer.java:820)
	at org.apache.catalina.util.LifecycleBase.init(LifecycleBase.java:102)
	at org.apache.catalina.startup.Catalina.load(Catalina.java:642)
	at org.apache.catalina.startup.Catalina.load(Catalina.java:667)
	at sun.reflect.NativeMethodAccessorImpl.invoke0(Native Method)
	at sun.reflect.NativeMethodAccessorImpl.invoke(NativeMethodAccessorImpl.java:62)
	at sun.reflect.DelegatingMethodAccessorImpl.invoke(DelegatingMethodAccessorImpl.java:43)
	at java.lang.reflect.Method.invoke(Method.java:483)
	at org.apache.catalina.startup.Bootstrap.load(Bootstrap.java:253)
	at org.apache.catalina.startup.Bootstrap.main(Bootstrap.java:427)

四月 22, 2016 8:19:49 下午 org.apache.catalina.core.StandardService initInternal
严重: Failed to initialize connector [Connector[AJP/1.3-8009]]
org.apache.catalina.LifecycleException: Failed to initialize component [Connector[AJP/1.3-8009]]
	at org.apache.catalina.util.LifecycleBase.init(LifecycleBase.java:106)
	at org.apache.catalina.core.StandardService.initInternal(StandardService.java:560)
	at org.apache.catalina.util.LifecycleBase.init(LifecycleBase.java:102)
	at org.apache.catalina.core.StandardServer.initInternal(StandardServer.java:820)
	at org.apache.catalina.util.LifecycleBase.init(LifecycleBase.java:102)
	at org.apache.catalina.startup.Catalina.load(Catalina.java:642)
	at org.apache.catalina.startup.Catalina.load(Catalina.java:667)
	at sun.reflect.NativeMethodAccessorImpl.invoke0(Native Method)
	at sun.reflect.NativeMethodAccessorImpl.invoke(NativeMethodAccessorImpl.java:62)
	at sun.reflect.DelegatingMethodAccessorImpl.invoke(DelegatingMethodAccessorImpl.java:43)
	at java.lang.reflect.Method.invoke(Method.java:483)
	at org.apache.catalina.startup.Bootstrap.load(Bootstrap.java:253)
	at org.apache.catalina.startup.Bootstrap.main(Bootstrap.java:427)
Caused by: org.apache.catalina.LifecycleException: Protocol handler initialization failed
	at org.apache.catalina.connector.Connector.initInternal(Connector.java:980)
	at org.apache.catalina.util.LifecycleBase.init(LifecycleBase.java:102)
	... 12 more
Caused by: java.lang.Exception: Socket bind failed: [730048] ?????????×???(Э?é/???????/???)????í??
	at org.apache.tomcat.util.net.AprEndpoint.bind(AprEndpoint.java:470)
	at org.apache.tomcat.util.net.AbstractEndpoint.init(AbstractEndpoint.java:650)
	at org.apache.coyote.AbstractProtocol.init(AbstractProtocol.java:434)
	at org.apache.catalina.connector.Connector.initInternal(Connector.java:978)
	... 13 more

四月 22, 2016 8:19:49 下午 org.apache.catalina.startup.Catalina load
信息: Initialization processed in 985 ms
四月 22, 2016 8:19:49 下午 org.apache.catalina.core.StandardService startInternal
信息: Starting service Catalina
四月 22, 2016 8:19:49 下午 org.apache.catalina.core.StandardEngine startInternal
信息: Starting Servlet Engine: Apache Tomcat/7.0.68
四月 22, 2016 8:19:49 下午 org.apache.catalina.startup.TldConfig execute
信息: At least one JAR was scanned for TLDs yet contained no TLDs. Enable debug logging for this logger for a complete list of JARs that were scanned but no TLDs were found in them. Skipping unneeded JARs during scanning can improve startup time and JSP compilation time.
四月 22, 2016 8:19:49 下午 org.apache.catalina.util.SessionIdGeneratorBase createSecureRandom
信息: Creation of SecureRandom instance for session ID generation using [SHA1PRNG] took [102] milliseconds.
四月 22, 2016 8:19:49 下午 org.apache.catalina.startup.HostConfig deployDirectory
信息: Deploying web application directory C:\Users\F414\Desktop\Sp_M\FrameTest\apache-tomcat-7.0.68\webapps\docs
四月 22, 2016 8:19:49 下午 org.apache.catalina.startup.HostConfig deployDirectory
信息: Deployment of web application directory C:\Users\F414\Desktop\Sp_M\FrameTest\apache-tomcat-7.0.68\webapps\docs has finished in 40 ms
四月 22, 2016 8:19:49 下午 org.apache.catalina.startup.HostConfig deployDirectory
信息: Deploying web application directory C:\Users\F414\Desktop\Sp_M\FrameTest\apache-tomcat-7.0.68\webapps\examples
四月 22, 2016 8:19:49 下午 org.apache.catalina.startup.HostConfig deployDirectory
信息: Deployment of web application directory C:\Users\F414\Desktop\Sp_M\FrameTest\apache-tomcat-7.0.68\webapps\examples has finished in 199 ms
四月 22, 2016 8:19:49 下午 org.apache.catalina.startup.HostConfig deployDirectory
信息: Deploying web application directory C:\Users\F414\Desktop\Sp_M\FrameTest\apache-tomcat-7.0.68\webapps\host-manager
四月 22, 2016 8:19:49 下午 org.apache.catalina.startup.HostConfig deployDirectory
信息: Deployment of web application directory C:\Users\F414\Desktop\Sp_M\FrameTest\apache-tomcat-7.0.68\webapps\host-manager has finished in 45 ms
四月 22, 2016 8:19:49 下午 org.apache.catalina.startup.HostConfig deployDirectory
信息: Deploying web application directory C:\Users\F414\Desktop\Sp_M\FrameTest\apache-tomcat-7.0.68\webapps\manager
四月 22, 2016 8:19:49 下午 org.apache.catalina.startup.HostConfig deployDirectory
信息: Deployment of web application directory C:\Users\F414\Desktop\Sp_M\FrameTest\apache-tomcat-7.0.68\webapps\manager has finished in 39 ms
四月 22, 2016 8:19:49 下午 org.apache.catalina.startup.HostConfig deployDirectory
信息: Deploying web application directory C:\Users\F414\Desktop\Sp_M\FrameTest\apache-tomcat-7.0.68\webapps\ROOT
四月 22, 2016 8:19:49 下午 org.apache.catalina.startup.HostConfig deployDirectory
信息: Deployment of web application directory C:\Users\F414\Desktop\Sp_M\FrameTest\apache-tomcat-7.0.68\webapps\ROOT has finished in 33 ms
四月 22, 2016 8:19:49 下午 org.apache.catalina.startup.Catalina start
信息: Server startup in 782 ms
四月 22, 2016 8:19:49 下午 org.apache.catalina.core.StandardServer await
严重: StandardServer.await: create[localhost:8005]: 
java.net.BindException: Address already in use: JVM_Bind
	at java.net.DualStackPlainSocketImpl.bind0(Native Method)
	at java.net.DualStackPlainSocketImpl.socketBind(DualStackPlainSocketImpl.java:106)
	at java.net.AbstractPlainSocketImpl.bind(AbstractPlainSocketImpl.java:382)
	at java.net.PlainSocketImpl.bind(PlainSocketImpl.java:190)
	at java.net.ServerSocket.bind(ServerSocket.java:375)
	at java.net.ServerSocket.<init>(ServerSocket.java:237)
	at org.apache.catalina.core.StandardServer.await(StandardServer.java:426)
	at org.apache.catalina.startup.Catalina.await(Catalina.java:781)
	at org.apache.catalina.startup.Catalina.start(Catalina.java:727)
	at sun.reflect.NativeMethodAccessorImpl.invoke0(Native Method)
	at sun.reflect.NativeMethodAccessorImpl.invoke(NativeMethodAccessorImpl.java:62)
	at sun.reflect.DelegatingMethodAccessorImpl.invoke(DelegatingMethodAccessorImpl.java:43)
	at java.lang.reflect.Method.invoke(Method.java:483)
	at org.apache.catalina.startup.Bootstrap.start(Bootstrap.java:294)
	at org.apache.catalina.startup.Bootstrap.main(Bootstrap.java:428)

四月 22, 2016 8:19:49 下午 org.apache.coyote.AbstractProtocol pause
信息: Pausing ProtocolHandler ["http-apr-8080"]
四月 22, 2016 8:19:49 下午 org.apache.coyote.AbstractProtocol pause
信息: Pausing ProtocolHandler ["ajp-apr-8009"]
四月 22, 2016 8:19:49 下午 org.apache.catalina.core.StandardService stopInternal
信息: Stopping service Catalina
四月 22, 2016 8:19:49 下午 org.apache.coyote.AbstractProtocol stop
信息: Stopping ProtocolHandler ["http-apr-8080"]
四月 22, 2016 8:19:49 下午 org.apache.coyote.AbstractProtocol destroy
信息: Destroying ProtocolHandler ["http-apr-8080"]
四月 22, 2016 8:19:49 下午 org.apache.coyote.AbstractProtocol stop
信息: Stopping ProtocolHandler ["ajp-apr-8009"]
四月 22, 2016 8:19:49 下午 org.apache.coyote.AbstractProtocol destroy
信息: Destroying ProtocolHandler ["ajp-apr-8009"]
