五月 25, 2016 6:26:42 下午 org.apache.tomcat.util.digester.SetPropertiesRule begin
警告: [SetPropertiesRule]{Server/Service/Engine/Host/Context} Setting property 'source' to 'org.eclipse.jst.jee.server:MapTest' did not find a matching property.
五月 25, 2016 6:26:42 下午 org.apache.catalina.startup.VersionLoggerListener log
信息: Server version:        Apache Tomcat/7.0.68
五月 25, 2016 6:26:42 下午 org.apache.catalina.startup.VersionLoggerListener log
信息: Server built:          Feb 8 2016 20:25:54 UTC
五月 25, 2016 6:26:42 下午 org.apache.catalina.startup.VersionLoggerListener log
信息: Server number:         7.0.68.0
五月 25, 2016 6:26:42 下午 org.apache.catalina.startup.VersionLoggerListener log
信息: OS Name:               Windows 7
五月 25, 2016 6:26:42 下午 org.apache.catalina.startup.VersionLoggerListener log
信息: OS Version:            6.1
五月 25, 2016 6:26:42 下午 org.apache.catalina.startup.VersionLoggerListener log
信息: Architecture:          x86
五月 25, 2016 6:26:42 下午 org.apache.catalina.startup.VersionLoggerListener log
信息: Java Home:             G:\eclipse workspace\FrameTest\jre
五月 25, 2016 6:26:42 下午 org.apache.catalina.startup.VersionLoggerListener log
信息: JVM Version:           1.8.0_20-b26
五月 25, 2016 6:26:42 下午 org.apache.catalina.startup.VersionLoggerListener log
信息: JVM Vendor:            Oracle Corporation
五月 25, 2016 6:26:42 下午 org.apache.catalina.startup.VersionLoggerListener log
信息: CATALINA_BASE:         G:\eclipse workspace\FrameTest\apache-tomcat-7.0.68
五月 25, 2016 6:26:42 下午 org.apache.catalina.startup.VersionLoggerListener log
信息: CATALINA_HOME:         G:\eclipse workspace\FrameTest\apache-tomcat-7.0.68
五月 25, 2016 6:26:42 下午 org.apache.catalina.startup.VersionLoggerListener log
信息: Command line argument: -Djava.util.logging.config.file=G:\eclipse workspace\FrameTest\apache-tomcat-7.0.68\conf\logging.properties
五月 25, 2016 6:26:42 下午 org.apache.catalina.startup.VersionLoggerListener log
信息: Command line argument: -Djava.util.logging.manager=org.apache.juli.ClassLoaderLogManager
五月 25, 2016 6:26:42 下午 org.apache.catalina.startup.VersionLoggerListener log
信息: Command line argument: -Djava.endorsed.dirs=G:\eclipse workspace\FrameTest\apache-tomcat-7.0.68\endorsed
五月 25, 2016 6:26:42 下午 org.apache.catalina.startup.VersionLoggerListener log
信息: Command line argument: -Dcatalina.base=G:\eclipse workspace\FrameTest\apache-tomcat-7.0.68
五月 25, 2016 6:26:42 下午 org.apache.catalina.startup.VersionLoggerListener log
信息: Command line argument: -Dcatalina.home=G:\eclipse workspace\FrameTest\apache-tomcat-7.0.68
五月 25, 2016 6:26:42 下午 org.apache.catalina.startup.VersionLoggerListener log
信息: Command line argument: -Djava.io.tmpdir=G:\eclipse workspace\FrameTest\apache-tomcat-7.0.68\temp
五月 25, 2016 6:26:42 下午 org.apache.catalina.core.AprLifecycleListener lifecycleEvent
信息: Loaded APR based Apache Tomcat Native library 1.1.33 using APR version 1.5.1.
五月 25, 2016 6:26:42 下午 org.apache.catalina.core.AprLifecycleListener lifecycleEvent
信息: APR capabilities: IPv6 [true], sendfile [true], accept filters [false], random [true].
五月 25, 2016 6:26:43 下午 org.apache.catalina.core.AprLifecycleListener initializeSSL
信息: OpenSSL successfully initialized (OpenSSL 1.0.1m 19 Mar 2015)
五月 25, 2016 6:26:44 下午 org.apache.coyote.AbstractProtocol init
信息: Initializing ProtocolHandler ["http-apr-8080"]
五月 25, 2016 6:26:44 下午 org.apache.coyote.AbstractProtocol init
信息: Initializing ProtocolHandler ["ajp-apr-8009"]
五月 25, 2016 6:26:44 下午 org.apache.catalina.startup.Catalina load
信息: Initialization processed in 6179 ms
五月 25, 2016 6:26:44 下午 org.apache.catalina.core.StandardService startInternal
信息: Starting service Catalina
五月 25, 2016 6:26:44 下午 org.apache.catalina.core.StandardEngine startInternal
信息: Starting Servlet Engine: Apache Tomcat/7.0.68
五月 25, 2016 6:26:44 下午 org.apache.catalina.startup.TldConfig execute
信息: At least one JAR was scanned for TLDs yet contained no TLDs. Enable debug logging for this logger for a complete list of JARs that were scanned but no TLDs were found in them. Skipping unneeded JARs during scanning can improve startup time and JSP compilation time.
五月 25, 2016 6:26:45 下午 org.apache.catalina.util.SessionIdGeneratorBase createSecureRandom
信息: Creation of SecureRandom instance for session ID generation using [SHA1PRNG] took [141] milliseconds.
五月 25, 2016 6:26:45 下午 org.apache.catalina.startup.HostConfig deployDirectory
信息: Deploying web application directory G:\eclipse workspace\FrameTest\apache-tomcat-7.0.68\webapps\docs
五月 25, 2016 6:26:45 下午 org.apache.catalina.startup.HostConfig deployDirectory
信息: Deployment of web application directory G:\eclipse workspace\FrameTest\apache-tomcat-7.0.68\webapps\docs has finished in 124 ms
五月 25, 2016 6:26:45 下午 org.apache.catalina.startup.HostConfig deployDirectory
信息: Deploying web application directory G:\eclipse workspace\FrameTest\apache-tomcat-7.0.68\webapps\examples
五月 25, 2016 6:26:45 下午 org.apache.catalina.startup.HostConfig deployDirectory
信息: Deployment of web application directory G:\eclipse workspace\FrameTest\apache-tomcat-7.0.68\webapps\examples has finished in 438 ms
五月 25, 2016 6:26:45 下午 org.apache.catalina.startup.HostConfig deployDirectory
信息: Deploying web application directory G:\eclipse workspace\FrameTest\apache-tomcat-7.0.68\webapps\host-manager
五月 25, 2016 6:26:45 下午 org.apache.catalina.startup.HostConfig deployDirectory
信息: Deployment of web application directory G:\eclipse workspace\FrameTest\apache-tomcat-7.0.68\webapps\host-manager has finished in 78 ms
五月 25, 2016 6:26:45 下午 org.apache.catalina.startup.HostConfig deployDirectory
信息: Deploying web application directory G:\eclipse workspace\FrameTest\apache-tomcat-7.0.68\webapps\manager
五月 25, 2016 6:26:45 下午 org.apache.catalina.startup.HostConfig deployDirectory
信息: Deployment of web application directory G:\eclipse workspace\FrameTest\apache-tomcat-7.0.68\webapps\manager has finished in 47 ms
五月 25, 2016 6:26:45 下午 org.apache.catalina.startup.HostConfig deployDirectory
信息: Deploying web application directory G:\eclipse workspace\FrameTest\apache-tomcat-7.0.68\webapps\ROOT
五月 25, 2016 6:26:46 下午 org.apache.catalina.startup.HostConfig deployDirectory
信息: Deployment of web application directory G:\eclipse workspace\FrameTest\apache-tomcat-7.0.68\webapps\ROOT has finished in 47 ms
五月 25, 2016 6:26:46 下午 org.apache.coyote.AbstractProtocol start
信息: Starting ProtocolHandler ["http-apr-8080"]
五月 25, 2016 6:26:46 下午 org.apache.coyote.AbstractProtocol start
信息: Starting ProtocolHandler ["ajp-apr-8009"]
五月 25, 2016 6:26:46 下午 org.apache.catalina.startup.Catalina start
信息: Server startup in 1725 ms
五月 25, 2016 6:29:00 下午 org.apache.catalina.core.StandardServer await
信息: A valid shutdown command was received via the shutdown port. Stopping the Server instance.
五月 25, 2016 6:29:00 下午 org.apache.coyote.AbstractProtocol pause
信息: Pausing ProtocolHandler ["http-apr-8080"]
五月 25, 2016 6:29:00 下午 org.apache.coyote.AbstractProtocol pause
信息: Pausing ProtocolHandler ["ajp-apr-8009"]
五月 25, 2016 6:29:00 下午 org.apache.catalina.core.StandardService stopInternal
信息: Stopping service Catalina
五月 25, 2016 6:29:00 下午 org.apache.coyote.AbstractProtocol stop
信息: Stopping ProtocolHandler ["http-apr-8080"]
五月 25, 2016 6:29:00 下午 org.apache.coyote.AbstractProtocol stop
信息: Stopping ProtocolHandler ["ajp-apr-8009"]
五月 25, 2016 6:29:00 下午 org.apache.coyote.AbstractProtocol destroy
信息: Destroying ProtocolHandler ["http-apr-8080"]
五月 25, 2016 6:29:00 下午 org.apache.coyote.AbstractProtocol destroy
信息: Destroying ProtocolHandler ["ajp-apr-8009"]
五月 25, 2016 6:29:02 下午 org.apache.catalina.startup.Catalina stopServer
严重: Could not contact localhost:8005. Tomcat may not be running.
五月 25, 2016 6:29:02 下午 org.apache.catalina.startup.Catalina stopServer
严重: Catalina.stop: 
java.net.ConnectException: Connection refused: connect
	at java.net.DualStackPlainSocketImpl.connect0(Native Method)
	at java.net.DualStackPlainSocketImpl.socketConnect(DualStackPlainSocketImpl.java:79)
	at java.net.AbstractPlainSocketImpl.doConnect(AbstractPlainSocketImpl.java:345)
	at java.net.AbstractPlainSocketImpl.connectToAddress(AbstractPlainSocketImpl.java:206)
	at java.net.AbstractPlainSocketImpl.connect(AbstractPlainSocketImpl.java:188)
	at java.net.PlainSocketImpl.connect(PlainSocketImpl.java:172)
	at java.net.SocksSocketImpl.connect(SocksSocketImpl.java:392)
	at java.net.Socket.connect(Socket.java:589)
	at java.net.Socket.connect(Socket.java:538)
	at java.net.Socket.<init>(Socket.java:434)
	at java.net.Socket.<init>(Socket.java:211)
	at org.apache.catalina.startup.Catalina.stopServer(Catalina.java:498)
	at sun.reflect.NativeMethodAccessorImpl.invoke0(Native Method)
	at sun.reflect.NativeMethodAccessorImpl.invoke(NativeMethodAccessorImpl.java:62)
	at sun.reflect.DelegatingMethodAccessorImpl.invoke(DelegatingMethodAccessorImpl.java:43)
	at java.lang.reflect.Method.invoke(Method.java:483)
	at org.apache.catalina.startup.Bootstrap.stopServer(Bootstrap.java:343)
	at org.apache.catalina.startup.Bootstrap.main(Bootstrap.java:430)

五月 25, 2016 6:31:06 下午 org.apache.tomcat.util.digester.SetPropertiesRule begin
警告: [SetPropertiesRule]{Server/Service/Engine/Host/Context} Setting property 'source' to 'org.eclipse.jst.jee.server:MapTest' did not find a matching property.
五月 25, 2016 6:31:06 下午 org.apache.catalina.startup.VersionLoggerListener log
信息: Server version:        Apache Tomcat/7.0.68
五月 25, 2016 6:31:06 下午 org.apache.catalina.startup.VersionLoggerListener log
信息: Server built:          Feb 8 2016 20:25:54 UTC
五月 25, 2016 6:31:06 下午 org.apache.catalina.startup.VersionLoggerListener log
信息: Server number:         7.0.68.0
五月 25, 2016 6:31:06 下午 org.apache.catalina.startup.VersionLoggerListener log
信息: OS Name:               Windows 7
五月 25, 2016 6:31:06 下午 org.apache.catalina.startup.VersionLoggerListener log
信息: OS Version:            6.1
五月 25, 2016 6:31:06 下午 org.apache.catalina.startup.VersionLoggerListener log
信息: Architecture:          x86
五月 25, 2016 6:31:06 下午 org.apache.catalina.startup.VersionLoggerListener log
信息: Java Home:             G:\eclipse workspace\FrameTest\jre
五月 25, 2016 6:31:06 下午 org.apache.catalina.startup.VersionLoggerListener log
信息: JVM Version:           1.8.0_20-b26
五月 25, 2016 6:31:06 下午 org.apache.catalina.startup.VersionLoggerListener log
信息: JVM Vendor:            Oracle Corporation
五月 25, 2016 6:31:06 下午 org.apache.catalina.startup.VersionLoggerListener log
信息: CATALINA_BASE:         G:\eclipse workspace\FrameTest\apache-tomcat-7.0.68
五月 25, 2016 6:31:06 下午 org.apache.catalina.startup.VersionLoggerListener log
信息: CATALINA_HOME:         G:\eclipse workspace\FrameTest\apache-tomcat-7.0.68
五月 25, 2016 6:31:06 下午 org.apache.catalina.startup.VersionLoggerListener log
信息: Command line argument: -Djava.util.logging.config.file=G:\eclipse workspace\FrameTest\apache-tomcat-7.0.68\conf\logging.properties
五月 25, 2016 6:31:06 下午 org.apache.catalina.startup.VersionLoggerListener log
信息: Command line argument: -Djava.util.logging.manager=org.apache.juli.ClassLoaderLogManager
五月 25, 2016 6:31:06 下午 org.apache.catalina.startup.VersionLoggerListener log
信息: Command line argument: -Djava.endorsed.dirs=G:\eclipse workspace\FrameTest\apache-tomcat-7.0.68\endorsed
五月 25, 2016 6:31:06 下午 org.apache.catalina.startup.VersionLoggerListener log
信息: Command line argument: -Dcatalina.base=G:\eclipse workspace\FrameTest\apache-tomcat-7.0.68
五月 25, 2016 6:31:06 下午 org.apache.catalina.startup.VersionLoggerListener log
信息: Command line argument: -Dcatalina.home=G:\eclipse workspace\FrameTest\apache-tomcat-7.0.68
五月 25, 2016 6:31:06 下午 org.apache.catalina.startup.VersionLoggerListener log
信息: Command line argument: -Djava.io.tmpdir=G:\eclipse workspace\FrameTest\apache-tomcat-7.0.68\temp
五月 25, 2016 6:31:06 下午 org.apache.catalina.core.AprLifecycleListener lifecycleEvent
信息: Loaded APR based Apache Tomcat Native library 1.1.33 using APR version 1.5.1.
五月 25, 2016 6:31:06 下午 org.apache.catalina.core.AprLifecycleListener lifecycleEvent
信息: APR capabilities: IPv6 [true], sendfile [true], accept filters [false], random [true].
五月 25, 2016 6:31:06 下午 org.apache.catalina.core.AprLifecycleListener initializeSSL
信息: OpenSSL successfully initialized (OpenSSL 1.0.1m 19 Mar 2015)
五月 25, 2016 6:31:07 下午 org.apache.coyote.AbstractProtocol init
信息: Initializing ProtocolHandler ["http-apr-8080"]
五月 25, 2016 6:31:07 下午 org.apache.coyote.AbstractProtocol init
信息: Initializing ProtocolHandler ["ajp-apr-8009"]
五月 25, 2016 6:31:07 下午 org.apache.catalina.startup.Catalina load
信息: Initialization processed in 1163 ms
五月 25, 2016 6:31:07 下午 org.apache.catalina.core.StandardService startInternal
信息: Starting service Catalina
五月 25, 2016 6:31:07 下午 org.apache.catalina.core.StandardEngine startInternal
信息: Starting Servlet Engine: Apache Tomcat/7.0.68
五月 25, 2016 6:31:07 下午 org.apache.catalina.startup.TldConfig execute
信息: At least one JAR was scanned for TLDs yet contained no TLDs. Enable debug logging for this logger for a complete list of JARs that were scanned but no TLDs were found in them. Skipping unneeded JARs during scanning can improve startup time and JSP compilation time.
五月 25, 2016 6:31:07 下午 org.apache.catalina.startup.HostConfig deployDirectory
信息: Deploying web application directory G:\eclipse workspace\FrameTest\apache-tomcat-7.0.68\webapps\docs
五月 25, 2016 6:31:07 下午 org.apache.catalina.startup.HostConfig deployDirectory
信息: Deployment of web application directory G:\eclipse workspace\FrameTest\apache-tomcat-7.0.68\webapps\docs has finished in 47 ms
五月 25, 2016 6:31:07 下午 org.apache.catalina.startup.HostConfig deployDirectory
信息: Deploying web application directory G:\eclipse workspace\FrameTest\apache-tomcat-7.0.68\webapps\examples
五月 25, 2016 6:31:07 下午 org.apache.catalina.startup.HostConfig deployDirectory
信息: Deployment of web application directory G:\eclipse workspace\FrameTest\apache-tomcat-7.0.68\webapps\examples has finished in 218 ms
五月 25, 2016 6:31:07 下午 org.apache.catalina.startup.HostConfig deployDirectory
信息: Deploying web application directory G:\eclipse workspace\FrameTest\apache-tomcat-7.0.68\webapps\host-manager
五月 25, 2016 6:31:07 下午 org.apache.catalina.startup.HostConfig deployDirectory
信息: Deployment of web application directory G:\eclipse workspace\FrameTest\apache-tomcat-7.0.68\webapps\host-manager has finished in 47 ms
五月 25, 2016 6:31:07 下午 org.apache.catalina.startup.HostConfig deployDirectory
信息: Deploying web application directory G:\eclipse workspace\FrameTest\apache-tomcat-7.0.68\webapps\manager
五月 25, 2016 6:31:07 下午 org.apache.catalina.startup.HostConfig deployDirectory
信息: Deployment of web application directory G:\eclipse workspace\FrameTest\apache-tomcat-7.0.68\webapps\manager has finished in 47 ms
五月 25, 2016 6:31:07 下午 org.apache.catalina.startup.HostConfig deployDirectory
信息: Deploying web application directory G:\eclipse workspace\FrameTest\apache-tomcat-7.0.68\webapps\ROOT
五月 25, 2016 6:31:07 下午 org.apache.catalina.startup.HostConfig deployDirectory
信息: Deployment of web application directory G:\eclipse workspace\FrameTest\apache-tomcat-7.0.68\webapps\ROOT has finished in 31 ms
五月 25, 2016 6:31:07 下午 org.apache.coyote.AbstractProtocol start
信息: Starting ProtocolHandler ["http-apr-8080"]
五月 25, 2016 6:31:07 下午 org.apache.coyote.AbstractProtocol start
信息: Starting ProtocolHandler ["ajp-apr-8009"]
五月 25, 2016 6:31:07 下午 org.apache.catalina.startup.Catalina start
信息: Server startup in 811 ms
五月 25, 2016 6:36:33 下午 org.apache.catalina.core.StandardServer await
信息: A valid shutdown command was received via the shutdown port. Stopping the Server instance.
五月 25, 2016 6:36:33 下午 org.apache.coyote.AbstractProtocol pause
信息: Pausing ProtocolHandler ["http-apr-8080"]
五月 25, 2016 6:36:33 下午 org.apache.coyote.AbstractProtocol pause
信息: Pausing ProtocolHandler ["ajp-apr-8009"]
五月 25, 2016 6:36:33 下午 org.apache.catalina.core.StandardService stopInternal
信息: Stopping service Catalina
五月 25, 2016 6:36:33 下午 org.apache.coyote.AbstractProtocol stop
信息: Stopping ProtocolHandler ["http-apr-8080"]
五月 25, 2016 6:36:33 下午 org.apache.coyote.AbstractProtocol stop
信息: Stopping ProtocolHandler ["ajp-apr-8009"]
五月 25, 2016 6:36:33 下午 org.apache.coyote.AbstractProtocol destroy
信息: Destroying ProtocolHandler ["http-apr-8080"]
五月 25, 2016 6:36:33 下午 org.apache.coyote.AbstractProtocol destroy
信息: Destroying ProtocolHandler ["ajp-apr-8009"]
