九月 26, 2016 2:56:57 下午 org.apache.tomcat.util.digester.SetPropertiesRule begin
警告: [SetPropertiesRule]{Server/Service/Engine/Host/Context} Setting property 'source' to 'org.eclipse.jst.jee.server:MapTest' did not find a matching property.
九月 26, 2016 2:56:57 下午 org.apache.catalina.startup.VersionLoggerListener log
信息: Server version:        Apache Tomcat/7.0.68
九月 26, 2016 2:56:57 下午 org.apache.catalina.startup.VersionLoggerListener log
信息: Server built:          Feb 8 2016 20:25:54 UTC
九月 26, 2016 2:56:57 下午 org.apache.catalina.startup.VersionLoggerListener log
信息: Server number:         7.0.68.0
九月 26, 2016 2:56:57 下午 org.apache.catalina.startup.VersionLoggerListener log
信息: OS Name:               Windows 7
九月 26, 2016 2:56:57 下午 org.apache.catalina.startup.VersionLoggerListener log
信息: OS Version:            6.1
九月 26, 2016 2:56:57 下午 org.apache.catalina.startup.VersionLoggerListener log
信息: Architecture:          x86
九月 26, 2016 2:56:57 下午 org.apache.catalina.startup.VersionLoggerListener log
信息: Java Home:             C:\SRF_501_8_5\jre
九月 26, 2016 2:56:57 下午 org.apache.catalina.startup.VersionLoggerListener log
信息: JVM Version:           1.8.0_20-b26
九月 26, 2016 2:56:57 下午 org.apache.catalina.startup.VersionLoggerListener log
信息: JVM Vendor:            Oracle Corporation
九月 26, 2016 2:56:57 下午 org.apache.catalina.startup.VersionLoggerListener log
信息: CATALINA_BASE:         C:\Spec_for_new_transfer_9_20\apache-tomcat-7.0.68
九月 26, 2016 2:56:57 下午 org.apache.catalina.startup.VersionLoggerListener log
信息: CATALINA_HOME:         C:\Spec_for_new_transfer_9_20\apache-tomcat-7.0.68
九月 26, 2016 2:56:57 下午 org.apache.catalina.startup.VersionLoggerListener log
信息: Command line argument: -Djava.util.logging.config.file=C:\Spec_for_new_transfer_9_20\apache-tomcat-7.0.68\conf\logging.properties
九月 26, 2016 2:56:57 下午 org.apache.catalina.startup.VersionLoggerListener log
信息: Command line argument: -Djava.util.logging.manager=org.apache.juli.ClassLoaderLogManager
九月 26, 2016 2:56:57 下午 org.apache.catalina.startup.VersionLoggerListener log
信息: Command line argument: -Djava.endorsed.dirs=C:\Spec_for_new_transfer_9_20\apache-tomcat-7.0.68\endorsed
九月 26, 2016 2:56:57 下午 org.apache.catalina.startup.VersionLoggerListener log
信息: Command line argument: -Dcatalina.base=C:\Spec_for_new_transfer_9_20\apache-tomcat-7.0.68
九月 26, 2016 2:56:57 下午 org.apache.catalina.startup.VersionLoggerListener log
信息: Command line argument: -Dcatalina.home=C:\Spec_for_new_transfer_9_20\apache-tomcat-7.0.68
九月 26, 2016 2:56:57 下午 org.apache.catalina.startup.VersionLoggerListener log
信息: Command line argument: -Djava.io.tmpdir=C:\Spec_for_new_transfer_9_20\apache-tomcat-7.0.68\temp
九月 26, 2016 2:56:57 下午 org.apache.catalina.core.AprLifecycleListener lifecycleEvent
信息: Loaded APR based Apache Tomcat Native library 1.1.33 using APR version 1.5.1.
九月 26, 2016 2:56:57 下午 org.apache.catalina.core.AprLifecycleListener lifecycleEvent
信息: APR capabilities: IPv6 [true], sendfile [true], accept filters [false], random [true].
九月 26, 2016 2:56:58 下午 org.apache.catalina.core.AprLifecycleListener initializeSSL
信息: OpenSSL successfully initialized (OpenSSL 1.0.1m 19 Mar 2015)
九月 26, 2016 2:56:58 下午 org.apache.coyote.AbstractProtocol init
信息: Initializing ProtocolHandler ["http-apr-8080"]
九月 26, 2016 2:56:58 下午 org.apache.coyote.AbstractProtocol init
信息: Initializing ProtocolHandler ["ajp-apr-8009"]
九月 26, 2016 2:56:58 下午 org.apache.catalina.startup.Catalina load
信息: Initialization processed in 2355 ms
九月 26, 2016 2:56:58 下午 org.apache.catalina.core.StandardService startInternal
信息: Starting service Catalina
九月 26, 2016 2:56:58 下午 org.apache.catalina.core.StandardEngine startInternal
信息: Starting Servlet Engine: Apache Tomcat/7.0.68
九月 26, 2016 2:56:59 下午 org.apache.catalina.startup.TldConfig execute
信息: At least one JAR was scanned for TLDs yet contained no TLDs. Enable debug logging for this logger for a complete list of JARs that were scanned but no TLDs were found in them. Skipping unneeded JARs during scanning can improve startup time and JSP compilation time.
九月 26, 2016 2:56:59 下午 org.apache.catalina.util.SessionIdGeneratorBase createSecureRandom
信息: Creation of SecureRandom instance for session ID generation using [SHA1PRNG] took [131] milliseconds.
九月 26, 2016 2:56:59 下午 org.apache.catalina.startup.HostConfig deployDirectory
信息: Deploying web application directory C:\Spec_for_new_transfer_9_20\apache-tomcat-7.0.68\webapps\docs
九月 26, 2016 2:56:59 下午 org.apache.catalina.startup.HostConfig deployDirectory
信息: Deployment of web application directory C:\Spec_for_new_transfer_9_20\apache-tomcat-7.0.68\webapps\docs has finished in 62 ms
九月 26, 2016 2:56:59 下午 org.apache.catalina.startup.HostConfig deployDirectory
信息: Deploying web application directory C:\Spec_for_new_transfer_9_20\apache-tomcat-7.0.68\webapps\examples
九月 26, 2016 2:57:00 下午 org.apache.catalina.startup.HostConfig deployDirectory
信息: Deployment of web application directory C:\Spec_for_new_transfer_9_20\apache-tomcat-7.0.68\webapps\examples has finished in 737 ms
九月 26, 2016 2:57:00 下午 org.apache.catalina.startup.HostConfig deployDirectory
信息: Deploying web application directory C:\Spec_for_new_transfer_9_20\apache-tomcat-7.0.68\webapps\host-manager
九月 26, 2016 2:57:00 下午 org.apache.catalina.startup.HostConfig deployDirectory
信息: Deployment of web application directory C:\Spec_for_new_transfer_9_20\apache-tomcat-7.0.68\webapps\host-manager has finished in 101 ms
九月 26, 2016 2:57:00 下午 org.apache.catalina.startup.HostConfig deployDirectory
信息: Deploying web application directory C:\Spec_for_new_transfer_9_20\apache-tomcat-7.0.68\webapps\manager
九月 26, 2016 2:57:00 下午 org.apache.catalina.startup.HostConfig deployDirectory
信息: Deployment of web application directory C:\Spec_for_new_transfer_9_20\apache-tomcat-7.0.68\webapps\manager has finished in 61 ms
九月 26, 2016 2:57:00 下午 org.apache.catalina.startup.HostConfig deployDirectory
信息: Deploying web application directory C:\Spec_for_new_transfer_9_20\apache-tomcat-7.0.68\webapps\ROOT
九月 26, 2016 2:57:00 下午 org.apache.catalina.startup.HostConfig deployDirectory
信息: Deployment of web application directory C:\Spec_for_new_transfer_9_20\apache-tomcat-7.0.68\webapps\ROOT has finished in 46 ms
九月 26, 2016 2:57:00 下午 org.apache.coyote.AbstractProtocol start
信息: Starting ProtocolHandler ["http-apr-8080"]
九月 26, 2016 2:57:00 下午 org.apache.coyote.AbstractProtocol start
信息: Starting ProtocolHandler ["ajp-apr-8009"]
九月 26, 2016 2:57:00 下午 org.apache.catalina.startup.Catalina start
信息: Server startup in 1781 ms
九月 26, 2016 2:57:38 下午 org.apache.catalina.core.StandardServer await
信息: A valid shutdown command was received via the shutdown port. Stopping the Server instance.
九月 26, 2016 2:57:38 下午 org.apache.coyote.AbstractProtocol pause
信息: Pausing ProtocolHandler ["http-apr-8080"]
九月 26, 2016 2:57:38 下午 org.apache.coyote.AbstractProtocol pause
信息: Pausing ProtocolHandler ["ajp-apr-8009"]
九月 26, 2016 2:57:38 下午 org.apache.catalina.core.StandardService stopInternal
信息: Stopping service Catalina
九月 26, 2016 2:57:38 下午 org.apache.coyote.AbstractProtocol stop
信息: Stopping ProtocolHandler ["http-apr-8080"]
九月 26, 2016 2:57:38 下午 org.apache.coyote.AbstractProtocol stop
信息: Stopping ProtocolHandler ["ajp-apr-8009"]
九月 26, 2016 2:57:38 下午 org.apache.coyote.AbstractProtocol destroy
信息: Destroying ProtocolHandler ["http-apr-8080"]
九月 26, 2016 2:57:38 下午 org.apache.coyote.AbstractProtocol destroy
信息: Destroying ProtocolHandler ["ajp-apr-8009"]
九月 26, 2016 2:58:59 下午 org.apache.tomcat.util.digester.SetPropertiesRule begin
警告: [SetPropertiesRule]{Server/Service/Engine/Host/Context} Setting property 'source' to 'org.eclipse.jst.jee.server:MapTest' did not find a matching property.
九月 26, 2016 2:58:59 下午 org.apache.catalina.startup.VersionLoggerListener log
信息: Server version:        Apache Tomcat/7.0.68
九月 26, 2016 2:58:59 下午 org.apache.catalina.startup.VersionLoggerListener log
信息: Server built:          Feb 8 2016 20:25:54 UTC
九月 26, 2016 2:58:59 下午 org.apache.catalina.startup.VersionLoggerListener log
信息: Server number:         7.0.68.0
九月 26, 2016 2:58:59 下午 org.apache.catalina.startup.VersionLoggerListener log
信息: OS Name:               Windows 7
九月 26, 2016 2:58:59 下午 org.apache.catalina.startup.VersionLoggerListener log
信息: OS Version:            6.1
九月 26, 2016 2:58:59 下午 org.apache.catalina.startup.VersionLoggerListener log
信息: Architecture:          x86
九月 26, 2016 2:58:59 下午 org.apache.catalina.startup.VersionLoggerListener log
信息: Java Home:             C:\SRF_501_8_5\jre
九月 26, 2016 2:58:59 下午 org.apache.catalina.startup.VersionLoggerListener log
信息: JVM Version:           1.8.0_20-b26
九月 26, 2016 2:58:59 下午 org.apache.catalina.startup.VersionLoggerListener log
信息: JVM Vendor:            Oracle Corporation
九月 26, 2016 2:58:59 下午 org.apache.catalina.startup.VersionLoggerListener log
信息: CATALINA_BASE:         C:\Spec_for_new_transfer_9_20\apache-tomcat-7.0.68
九月 26, 2016 2:58:59 下午 org.apache.catalina.startup.VersionLoggerListener log
信息: CATALINA_HOME:         C:\Spec_for_new_transfer_9_20\apache-tomcat-7.0.68
九月 26, 2016 2:58:59 下午 org.apache.catalina.startup.VersionLoggerListener log
信息: Command line argument: -Djava.util.logging.config.file=C:\Spec_for_new_transfer_9_20\apache-tomcat-7.0.68\conf\logging.properties
九月 26, 2016 2:58:59 下午 org.apache.catalina.startup.VersionLoggerListener log
信息: Command line argument: -Djava.util.logging.manager=org.apache.juli.ClassLoaderLogManager
九月 26, 2016 2:58:59 下午 org.apache.catalina.startup.VersionLoggerListener log
信息: Command line argument: -Djava.endorsed.dirs=C:\Spec_for_new_transfer_9_20\apache-tomcat-7.0.68\endorsed
九月 26, 2016 2:58:59 下午 org.apache.catalina.startup.VersionLoggerListener log
信息: Command line argument: -Dcatalina.base=C:\Spec_for_new_transfer_9_20\apache-tomcat-7.0.68
九月 26, 2016 2:58:59 下午 org.apache.catalina.startup.VersionLoggerListener log
信息: Command line argument: -Dcatalina.home=C:\Spec_for_new_transfer_9_20\apache-tomcat-7.0.68
九月 26, 2016 2:58:59 下午 org.apache.catalina.startup.VersionLoggerListener log
信息: Command line argument: -Djava.io.tmpdir=C:\Spec_for_new_transfer_9_20\apache-tomcat-7.0.68\temp
九月 26, 2016 2:58:59 下午 org.apache.catalina.core.AprLifecycleListener lifecycleEvent
信息: Loaded APR based Apache Tomcat Native library 1.1.33 using APR version 1.5.1.
九月 26, 2016 2:58:59 下午 org.apache.catalina.core.AprLifecycleListener lifecycleEvent
信息: APR capabilities: IPv6 [true], sendfile [true], accept filters [false], random [true].
九月 26, 2016 2:59:00 下午 org.apache.catalina.core.AprLifecycleListener initializeSSL
信息: OpenSSL successfully initialized (OpenSSL 1.0.1m 19 Mar 2015)
九月 26, 2016 2:59:00 下午 org.apache.coyote.AbstractProtocol init
信息: Initializing ProtocolHandler ["http-apr-8080"]
九月 26, 2016 2:59:00 下午 org.apache.coyote.AbstractProtocol init
信息: Initializing ProtocolHandler ["ajp-apr-8009"]
九月 26, 2016 2:59:00 下午 org.apache.catalina.startup.Catalina load
信息: Initialization processed in 1663 ms
九月 26, 2016 2:59:00 下午 org.apache.catalina.core.StandardService startInternal
信息: Starting service Catalina
九月 26, 2016 2:59:00 下午 org.apache.catalina.core.StandardEngine startInternal
信息: Starting Servlet Engine: Apache Tomcat/7.0.68
九月 26, 2016 2:59:00 下午 org.apache.catalina.startup.TldConfig execute
信息: At least one JAR was scanned for TLDs yet contained no TLDs. Enable debug logging for this logger for a complete list of JARs that were scanned but no TLDs were found in them. Skipping unneeded JARs during scanning can improve startup time and JSP compilation time.
九月 26, 2016 2:59:00 下午 org.apache.catalina.util.SessionIdGeneratorBase createSecureRandom
信息: Creation of SecureRandom instance for session ID generation using [SHA1PRNG] took [114] milliseconds.
九月 26, 2016 2:59:00 下午 org.apache.catalina.startup.HostConfig deployDirectory
信息: Deploying web application directory C:\Spec_for_new_transfer_9_20\apache-tomcat-7.0.68\webapps\docs
九月 26, 2016 2:59:00 下午 org.apache.catalina.startup.HostConfig deployDirectory
信息: Deployment of web application directory C:\Spec_for_new_transfer_9_20\apache-tomcat-7.0.68\webapps\docs has finished in 56 ms
九月 26, 2016 2:59:00 下午 org.apache.catalina.startup.HostConfig deployDirectory
信息: Deploying web application directory C:\Spec_for_new_transfer_9_20\apache-tomcat-7.0.68\webapps\examples
九月 26, 2016 2:59:01 下午 org.apache.catalina.startup.HostConfig deployDirectory
信息: Deployment of web application directory C:\Spec_for_new_transfer_9_20\apache-tomcat-7.0.68\webapps\examples has finished in 269 ms
九月 26, 2016 2:59:01 下午 org.apache.catalina.startup.HostConfig deployDirectory
信息: Deploying web application directory C:\Spec_for_new_transfer_9_20\apache-tomcat-7.0.68\webapps\host-manager
九月 26, 2016 2:59:01 下午 org.apache.catalina.startup.HostConfig deployDirectory
信息: Deployment of web application directory C:\Spec_for_new_transfer_9_20\apache-tomcat-7.0.68\webapps\host-manager has finished in 88 ms
九月 26, 2016 2:59:01 下午 org.apache.catalina.startup.HostConfig deployDirectory
信息: Deploying web application directory C:\Spec_for_new_transfer_9_20\apache-tomcat-7.0.68\webapps\manager
九月 26, 2016 2:59:01 下午 org.apache.catalina.startup.HostConfig deployDirectory
信息: Deployment of web application directory C:\Spec_for_new_transfer_9_20\apache-tomcat-7.0.68\webapps\manager has finished in 59 ms
九月 26, 2016 2:59:01 下午 org.apache.catalina.startup.HostConfig deployDirectory
信息: Deploying web application directory C:\Spec_for_new_transfer_9_20\apache-tomcat-7.0.68\webapps\ROOT
九月 26, 2016 2:59:01 下午 org.apache.catalina.startup.HostConfig deployDirectory
信息: Deployment of web application directory C:\Spec_for_new_transfer_9_20\apache-tomcat-7.0.68\webapps\ROOT has finished in 45 ms
九月 26, 2016 2:59:01 下午 org.apache.coyote.AbstractProtocol start
信息: Starting ProtocolHandler ["http-apr-8080"]
九月 26, 2016 2:59:01 下午 org.apache.coyote.AbstractProtocol start
信息: Starting ProtocolHandler ["ajp-apr-8009"]
九月 26, 2016 2:59:01 下午 org.apache.catalina.startup.Catalina start
信息: Server startup in 1074 ms
九月 26, 2016 3:10:51 下午 org.apache.catalina.core.StandardServer await
信息: A valid shutdown command was received via the shutdown port. Stopping the Server instance.
九月 26, 2016 3:10:51 下午 org.apache.coyote.AbstractProtocol pause
信息: Pausing ProtocolHandler ["http-apr-8080"]
九月 26, 2016 3:10:51 下午 org.apache.coyote.AbstractProtocol pause
信息: Pausing ProtocolHandler ["ajp-apr-8009"]
九月 26, 2016 3:10:51 下午 org.apache.catalina.core.StandardService stopInternal
信息: Stopping service Catalina
九月 26, 2016 3:10:51 下午 org.apache.coyote.AbstractProtocol stop
信息: Stopping ProtocolHandler ["http-apr-8080"]
九月 26, 2016 3:10:51 下午 org.apache.coyote.AbstractProtocol stop
信息: Stopping ProtocolHandler ["ajp-apr-8009"]
九月 26, 2016 3:10:51 下午 org.apache.coyote.AbstractProtocol destroy
信息: Destroying ProtocolHandler ["http-apr-8080"]
九月 26, 2016 3:10:51 下午 org.apache.coyote.AbstractProtocol destroy
信息: Destroying ProtocolHandler ["ajp-apr-8009"]
九月 26, 2016 4:45:38 下午 org.apache.tomcat.util.digester.SetPropertiesRule begin
警告: [SetPropertiesRule]{Server/Service/Engine/Host/Context} Setting property 'source' to 'org.eclipse.jst.jee.server:MapTest' did not find a matching property.
九月 26, 2016 4:45:38 下午 org.apache.catalina.startup.VersionLoggerListener log
信息: Server version:        Apache Tomcat/7.0.68
九月 26, 2016 4:45:38 下午 org.apache.catalina.startup.VersionLoggerListener log
信息: Server built:          Feb 8 2016 20:25:54 UTC
九月 26, 2016 4:45:38 下午 org.apache.catalina.startup.VersionLoggerListener log
信息: Server number:         7.0.68.0
九月 26, 2016 4:45:38 下午 org.apache.catalina.startup.VersionLoggerListener log
信息: OS Name:               Windows 7
九月 26, 2016 4:45:38 下午 org.apache.catalina.startup.VersionLoggerListener log
信息: OS Version:            6.1
九月 26, 2016 4:45:38 下午 org.apache.catalina.startup.VersionLoggerListener log
信息: Architecture:          x86
九月 26, 2016 4:45:38 下午 org.apache.catalina.startup.VersionLoggerListener log
信息: Java Home:             C:\SRF_501_8_5\jre
九月 26, 2016 4:45:38 下午 org.apache.catalina.startup.VersionLoggerListener log
信息: JVM Version:           1.8.0_20-b26
九月 26, 2016 4:45:38 下午 org.apache.catalina.startup.VersionLoggerListener log
信息: JVM Vendor:            Oracle Corporation
九月 26, 2016 4:45:38 下午 org.apache.catalina.startup.VersionLoggerListener log
信息: CATALINA_BASE:         C:\Spec_for_new_transfer_9_20\apache-tomcat-7.0.68
九月 26, 2016 4:45:38 下午 org.apache.catalina.startup.VersionLoggerListener log
信息: CATALINA_HOME:         C:\Spec_for_new_transfer_9_20\apache-tomcat-7.0.68
九月 26, 2016 4:45:38 下午 org.apache.catalina.startup.VersionLoggerListener log
信息: Command line argument: -Djava.util.logging.config.file=C:\Spec_for_new_transfer_9_20\apache-tomcat-7.0.68\conf\logging.properties
九月 26, 2016 4:45:38 下午 org.apache.catalina.startup.VersionLoggerListener log
信息: Command line argument: -Djava.util.logging.manager=org.apache.juli.ClassLoaderLogManager
九月 26, 2016 4:45:38 下午 org.apache.catalina.startup.VersionLoggerListener log
信息: Command line argument: -Djava.endorsed.dirs=C:\Spec_for_new_transfer_9_20\apache-tomcat-7.0.68\endorsed
九月 26, 2016 4:45:38 下午 org.apache.catalina.startup.VersionLoggerListener log
信息: Command line argument: -Dcatalina.base=C:\Spec_for_new_transfer_9_20\apache-tomcat-7.0.68
九月 26, 2016 4:45:38 下午 org.apache.catalina.startup.VersionLoggerListener log
信息: Command line argument: -Dcatalina.home=C:\Spec_for_new_transfer_9_20\apache-tomcat-7.0.68
九月 26, 2016 4:45:38 下午 org.apache.catalina.startup.VersionLoggerListener log
信息: Command line argument: -Djava.io.tmpdir=C:\Spec_for_new_transfer_9_20\apache-tomcat-7.0.68\temp
九月 26, 2016 4:45:38 下午 org.apache.catalina.core.AprLifecycleListener lifecycleEvent
信息: Loaded APR based Apache Tomcat Native library 1.1.33 using APR version 1.5.1.
九月 26, 2016 4:45:38 下午 org.apache.catalina.core.AprLifecycleListener lifecycleEvent
信息: APR capabilities: IPv6 [true], sendfile [true], accept filters [false], random [true].
九月 26, 2016 4:45:39 下午 org.apache.catalina.core.AprLifecycleListener initializeSSL
信息: OpenSSL successfully initialized (OpenSSL 1.0.1m 19 Mar 2015)
九月 26, 2016 4:45:40 下午 org.apache.coyote.AbstractProtocol init
信息: Initializing ProtocolHandler ["http-apr-8080"]
九月 26, 2016 4:45:40 下午 org.apache.coyote.AbstractProtocol init
信息: Initializing ProtocolHandler ["ajp-apr-8009"]
九月 26, 2016 4:45:40 下午 org.apache.catalina.startup.Catalina load
信息: Initialization processed in 1894 ms
九月 26, 2016 4:45:40 下午 org.apache.catalina.core.StandardService startInternal
信息: Starting service Catalina
九月 26, 2016 4:45:40 下午 org.apache.catalina.core.StandardEngine startInternal
信息: Starting Servlet Engine: Apache Tomcat/7.0.68
九月 26, 2016 4:45:40 下午 org.apache.catalina.startup.TldConfig execute
信息: At least one JAR was scanned for TLDs yet contained no TLDs. Enable debug logging for this logger for a complete list of JARs that were scanned but no TLDs were found in them. Skipping unneeded JARs during scanning can improve startup time and JSP compilation time.
九月 26, 2016 4:45:40 下午 org.apache.catalina.util.SessionIdGeneratorBase createSecureRandom
信息: Creation of SecureRandom instance for session ID generation using [SHA1PRNG] took [125] milliseconds.
九月 26, 2016 4:45:40 下午 org.apache.catalina.startup.HostConfig deployDirectory
信息: Deploying web application directory C:\Spec_for_new_transfer_9_20\apache-tomcat-7.0.68\webapps\docs
九月 26, 2016 4:45:40 下午 org.apache.catalina.startup.HostConfig deployDirectory
信息: Deployment of web application directory C:\Spec_for_new_transfer_9_20\apache-tomcat-7.0.68\webapps\docs has finished in 88 ms
九月 26, 2016 4:45:40 下午 org.apache.catalina.startup.HostConfig deployDirectory
信息: Deploying web application directory C:\Spec_for_new_transfer_9_20\apache-tomcat-7.0.68\webapps\examples
九月 26, 2016 4:45:41 下午 org.apache.catalina.startup.HostConfig deployDirectory
信息: Deployment of web application directory C:\Spec_for_new_transfer_9_20\apache-tomcat-7.0.68\webapps\examples has finished in 542 ms
九月 26, 2016 4:45:41 下午 org.apache.catalina.startup.HostConfig deployDirectory
信息: Deploying web application directory C:\Spec_for_new_transfer_9_20\apache-tomcat-7.0.68\webapps\host-manager
九月 26, 2016 4:45:41 下午 org.apache.catalina.startup.HostConfig deployDirectory
信息: Deployment of web application directory C:\Spec_for_new_transfer_9_20\apache-tomcat-7.0.68\webapps\host-manager has finished in 89 ms
九月 26, 2016 4:45:41 下午 org.apache.catalina.startup.HostConfig deployDirectory
信息: Deploying web application directory C:\Spec_for_new_transfer_9_20\apache-tomcat-7.0.68\webapps\manager
九月 26, 2016 4:45:41 下午 org.apache.catalina.startup.HostConfig deployDirectory
信息: Deployment of web application directory C:\Spec_for_new_transfer_9_20\apache-tomcat-7.0.68\webapps\manager has finished in 83 ms
九月 26, 2016 4:45:41 下午 org.apache.catalina.startup.HostConfig deployDirectory
信息: Deploying web application directory C:\Spec_for_new_transfer_9_20\apache-tomcat-7.0.68\webapps\ROOT
九月 26, 2016 4:45:41 下午 org.apache.catalina.startup.HostConfig deployDirectory
信息: Deployment of web application directory C:\Spec_for_new_transfer_9_20\apache-tomcat-7.0.68\webapps\ROOT has finished in 77 ms
九月 26, 2016 4:45:41 下午 org.apache.coyote.AbstractProtocol start
信息: Starting ProtocolHandler ["http-apr-8080"]
九月 26, 2016 4:45:41 下午 org.apache.coyote.AbstractProtocol start
信息: Starting ProtocolHandler ["ajp-apr-8009"]
九月 26, 2016 4:45:41 下午 org.apache.catalina.startup.Catalina start
信息: Server startup in 1556 ms
九月 26, 2016 4:57:55 下午 org.apache.catalina.core.StandardServer await
信息: A valid shutdown command was received via the shutdown port. Stopping the Server instance.
九月 26, 2016 4:57:55 下午 org.apache.coyote.AbstractProtocol pause
信息: Pausing ProtocolHandler ["http-apr-8080"]
九月 26, 2016 4:57:55 下午 org.apache.coyote.AbstractProtocol pause
信息: Pausing ProtocolHandler ["ajp-apr-8009"]
九月 26, 2016 4:57:55 下午 org.apache.catalina.core.StandardService stopInternal
信息: Stopping service Catalina
九月 26, 2016 4:57:55 下午 org.apache.coyote.AbstractProtocol stop
信息: Stopping ProtocolHandler ["http-apr-8080"]
九月 26, 2016 4:57:55 下午 org.apache.coyote.AbstractProtocol stop
信息: Stopping ProtocolHandler ["ajp-apr-8009"]
九月 26, 2016 4:57:55 下午 org.apache.coyote.AbstractProtocol destroy
信息: Destroying ProtocolHandler ["http-apr-8080"]
九月 26, 2016 4:57:55 下午 org.apache.coyote.AbstractProtocol destroy
信息: Destroying ProtocolHandler ["ajp-apr-8009"]
九月 26, 2016 4:59:13 下午 org.apache.tomcat.util.digester.SetPropertiesRule begin
警告: [SetPropertiesRule]{Server/Service/Engine/Host/Context} Setting property 'source' to 'org.eclipse.jst.jee.server:MapTest' did not find a matching property.
九月 26, 2016 4:59:13 下午 org.apache.catalina.startup.VersionLoggerListener log
信息: Server version:        Apache Tomcat/7.0.68
九月 26, 2016 4:59:13 下午 org.apache.catalina.startup.VersionLoggerListener log
信息: Server built:          Feb 8 2016 20:25:54 UTC
九月 26, 2016 4:59:13 下午 org.apache.catalina.startup.VersionLoggerListener log
信息: Server number:         7.0.68.0
九月 26, 2016 4:59:13 下午 org.apache.catalina.startup.VersionLoggerListener log
信息: OS Name:               Windows 7
九月 26, 2016 4:59:13 下午 org.apache.catalina.startup.VersionLoggerListener log
信息: OS Version:            6.1
九月 26, 2016 4:59:13 下午 org.apache.catalina.startup.VersionLoggerListener log
信息: Architecture:          x86
九月 26, 2016 4:59:13 下午 org.apache.catalina.startup.VersionLoggerListener log
信息: Java Home:             C:\SRF_501_8_5\jre
九月 26, 2016 4:59:13 下午 org.apache.catalina.startup.VersionLoggerListener log
信息: JVM Version:           1.8.0_20-b26
九月 26, 2016 4:59:13 下午 org.apache.catalina.startup.VersionLoggerListener log
信息: JVM Vendor:            Oracle Corporation
九月 26, 2016 4:59:13 下午 org.apache.catalina.startup.VersionLoggerListener log
信息: CATALINA_BASE:         C:\Spec_for_new_transfer_9_20\apache-tomcat-7.0.68
九月 26, 2016 4:59:13 下午 org.apache.catalina.startup.VersionLoggerListener log
信息: CATALINA_HOME:         C:\Spec_for_new_transfer_9_20\apache-tomcat-7.0.68
九月 26, 2016 4:59:13 下午 org.apache.catalina.startup.VersionLoggerListener log
信息: Command line argument: -Djava.util.logging.config.file=C:\Spec_for_new_transfer_9_20\apache-tomcat-7.0.68\conf\logging.properties
九月 26, 2016 4:59:13 下午 org.apache.catalina.startup.VersionLoggerListener log
信息: Command line argument: -Djava.util.logging.manager=org.apache.juli.ClassLoaderLogManager
九月 26, 2016 4:59:13 下午 org.apache.catalina.startup.VersionLoggerListener log
信息: Command line argument: -Djava.endorsed.dirs=C:\Spec_for_new_transfer_9_20\apache-tomcat-7.0.68\endorsed
九月 26, 2016 4:59:13 下午 org.apache.catalina.startup.VersionLoggerListener log
信息: Command line argument: -Dcatalina.base=C:\Spec_for_new_transfer_9_20\apache-tomcat-7.0.68
九月 26, 2016 4:59:13 下午 org.apache.catalina.startup.VersionLoggerListener log
信息: Command line argument: -Dcatalina.home=C:\Spec_for_new_transfer_9_20\apache-tomcat-7.0.68
九月 26, 2016 4:59:13 下午 org.apache.catalina.startup.VersionLoggerListener log
信息: Command line argument: -Djava.io.tmpdir=C:\Spec_for_new_transfer_9_20\apache-tomcat-7.0.68\temp
九月 26, 2016 4:59:13 下午 org.apache.catalina.core.AprLifecycleListener lifecycleEvent
信息: Loaded APR based Apache Tomcat Native library 1.1.33 using APR version 1.5.1.
九月 26, 2016 4:59:13 下午 org.apache.catalina.core.AprLifecycleListener lifecycleEvent
信息: APR capabilities: IPv6 [true], sendfile [true], accept filters [false], random [true].
九月 26, 2016 4:59:15 下午 org.apache.catalina.core.AprLifecycleListener initializeSSL
信息: OpenSSL successfully initialized (OpenSSL 1.0.1m 19 Mar 2015)
九月 26, 2016 4:59:15 下午 org.apache.coyote.AbstractProtocol init
信息: Initializing ProtocolHandler ["http-apr-8080"]
九月 26, 2016 4:59:15 下午 org.apache.coyote.AbstractProtocol init
信息: Initializing ProtocolHandler ["ajp-apr-8009"]
九月 26, 2016 4:59:15 下午 org.apache.catalina.startup.Catalina load
信息: Initialization processed in 1735 ms
九月 26, 2016 4:59:15 下午 org.apache.catalina.core.StandardService startInternal
信息: Starting service Catalina
九月 26, 2016 4:59:15 下午 org.apache.catalina.core.StandardEngine startInternal
信息: Starting Servlet Engine: Apache Tomcat/7.0.68
九月 26, 2016 4:59:15 下午 org.apache.catalina.startup.TldConfig execute
信息: At least one JAR was scanned for TLDs yet contained no TLDs. Enable debug logging for this logger for a complete list of JARs that were scanned but no TLDs were found in them. Skipping unneeded JARs during scanning can improve startup time and JSP compilation time.
九月 26, 2016 4:59:15 下午 org.apache.catalina.util.SessionIdGeneratorBase createSecureRandom
信息: Creation of SecureRandom instance for session ID generation using [SHA1PRNG] took [120] milliseconds.
九月 26, 2016 4:59:15 下午 org.apache.catalina.startup.HostConfig deployDirectory
信息: Deploying web application directory C:\Spec_for_new_transfer_9_20\apache-tomcat-7.0.68\webapps\docs
九月 26, 2016 4:59:15 下午 org.apache.catalina.startup.HostConfig deployDirectory
信息: Deployment of web application directory C:\Spec_for_new_transfer_9_20\apache-tomcat-7.0.68\webapps\docs has finished in 55 ms
九月 26, 2016 4:59:15 下午 org.apache.catalina.startup.HostConfig deployDirectory
信息: Deploying web application directory C:\Spec_for_new_transfer_9_20\apache-tomcat-7.0.68\webapps\examples
九月 26, 2016 4:59:16 下午 org.apache.catalina.startup.HostConfig deployDirectory
信息: Deployment of web application directory C:\Spec_for_new_transfer_9_20\apache-tomcat-7.0.68\webapps\examples has finished in 287 ms
九月 26, 2016 4:59:16 下午 org.apache.catalina.startup.HostConfig deployDirectory
信息: Deploying web application directory C:\Spec_for_new_transfer_9_20\apache-tomcat-7.0.68\webapps\host-manager
九月 26, 2016 4:59:16 下午 org.apache.catalina.startup.HostConfig deployDirectory
信息: Deployment of web application directory C:\Spec_for_new_transfer_9_20\apache-tomcat-7.0.68\webapps\host-manager has finished in 84 ms
九月 26, 2016 4:59:16 下午 org.apache.catalina.startup.HostConfig deployDirectory
信息: Deploying web application directory C:\Spec_for_new_transfer_9_20\apache-tomcat-7.0.68\webapps\manager
九月 26, 2016 4:59:16 下午 org.apache.catalina.startup.HostConfig deployDirectory
信息: Deployment of web application directory C:\Spec_for_new_transfer_9_20\apache-tomcat-7.0.68\webapps\manager has finished in 56 ms
九月 26, 2016 4:59:16 下午 org.apache.catalina.startup.HostConfig deployDirectory
信息: Deploying web application directory C:\Spec_for_new_transfer_9_20\apache-tomcat-7.0.68\webapps\ROOT
九月 26, 2016 4:59:16 下午 org.apache.catalina.startup.HostConfig deployDirectory
信息: Deployment of web application directory C:\Spec_for_new_transfer_9_20\apache-tomcat-7.0.68\webapps\ROOT has finished in 54 ms
九月 26, 2016 4:59:16 下午 org.apache.coyote.AbstractProtocol start
信息: Starting ProtocolHandler ["http-apr-8080"]
九月 26, 2016 4:59:16 下午 org.apache.coyote.AbstractProtocol start
信息: Starting ProtocolHandler ["ajp-apr-8009"]
九月 26, 2016 4:59:16 下午 org.apache.catalina.startup.Catalina start
信息: Server startup in 1091 ms
九月 26, 2016 5:05:51 下午 org.apache.catalina.core.StandardServer await
信息: A valid shutdown command was received via the shutdown port. Stopping the Server instance.
九月 26, 2016 5:05:51 下午 org.apache.coyote.AbstractProtocol pause
信息: Pausing ProtocolHandler ["http-apr-8080"]
九月 26, 2016 5:05:51 下午 org.apache.coyote.AbstractProtocol pause
信息: Pausing ProtocolHandler ["ajp-apr-8009"]
九月 26, 2016 5:05:51 下午 org.apache.catalina.core.StandardService stopInternal
信息: Stopping service Catalina
九月 26, 2016 5:05:51 下午 org.apache.coyote.AbstractProtocol stop
信息: Stopping ProtocolHandler ["http-apr-8080"]
九月 26, 2016 5:05:51 下午 org.apache.coyote.AbstractProtocol stop
信息: Stopping ProtocolHandler ["ajp-apr-8009"]
九月 26, 2016 5:05:51 下午 org.apache.coyote.AbstractProtocol destroy
信息: Destroying ProtocolHandler ["http-apr-8080"]
九月 26, 2016 5:05:51 下午 org.apache.coyote.AbstractProtocol destroy
信息: Destroying ProtocolHandler ["ajp-apr-8009"]
九月 26, 2016 5:17:25 下午 org.apache.tomcat.util.digester.SetPropertiesRule begin
警告: [SetPropertiesRule]{Server/Service/Engine/Host/Context} Setting property 'source' to 'org.eclipse.jst.jee.server:MapTest' did not find a matching property.
九月 26, 2016 5:17:25 下午 org.apache.catalina.startup.VersionLoggerListener log
信息: Server version:        Apache Tomcat/7.0.68
九月 26, 2016 5:17:25 下午 org.apache.catalina.startup.VersionLoggerListener log
信息: Server built:          Feb 8 2016 20:25:54 UTC
九月 26, 2016 5:17:25 下午 org.apache.catalina.startup.VersionLoggerListener log
信息: Server number:         7.0.68.0
九月 26, 2016 5:17:25 下午 org.apache.catalina.startup.VersionLoggerListener log
信息: OS Name:               Windows 7
九月 26, 2016 5:17:25 下午 org.apache.catalina.startup.VersionLoggerListener log
信息: OS Version:            6.1
九月 26, 2016 5:17:25 下午 org.apache.catalina.startup.VersionLoggerListener log
信息: Architecture:          x86
九月 26, 2016 5:17:25 下午 org.apache.catalina.startup.VersionLoggerListener log
信息: Java Home:             C:\SRF_501_8_5\jre
九月 26, 2016 5:17:25 下午 org.apache.catalina.startup.VersionLoggerListener log
信息: JVM Version:           1.8.0_20-b26
九月 26, 2016 5:17:25 下午 org.apache.catalina.startup.VersionLoggerListener log
信息: JVM Vendor:            Oracle Corporation
九月 26, 2016 5:17:25 下午 org.apache.catalina.startup.VersionLoggerListener log
信息: CATALINA_BASE:         C:\Spec_for_new_transfer_9_20\apache-tomcat-7.0.68
九月 26, 2016 5:17:25 下午 org.apache.catalina.startup.VersionLoggerListener log
信息: CATALINA_HOME:         C:\Spec_for_new_transfer_9_20\apache-tomcat-7.0.68
九月 26, 2016 5:17:25 下午 org.apache.catalina.startup.VersionLoggerListener log
信息: Command line argument: -Djava.util.logging.config.file=C:\Spec_for_new_transfer_9_20\apache-tomcat-7.0.68\conf\logging.properties
九月 26, 2016 5:17:25 下午 org.apache.catalina.startup.VersionLoggerListener log
信息: Command line argument: -Djava.util.logging.manager=org.apache.juli.ClassLoaderLogManager
九月 26, 2016 5:17:25 下午 org.apache.catalina.startup.VersionLoggerListener log
信息: Command line argument: -Djava.endorsed.dirs=C:\Spec_for_new_transfer_9_20\apache-tomcat-7.0.68\endorsed
九月 26, 2016 5:17:25 下午 org.apache.catalina.startup.VersionLoggerListener log
信息: Command line argument: -Dcatalina.base=C:\Spec_for_new_transfer_9_20\apache-tomcat-7.0.68
九月 26, 2016 5:17:25 下午 org.apache.catalina.startup.VersionLoggerListener log
信息: Command line argument: -Dcatalina.home=C:\Spec_for_new_transfer_9_20\apache-tomcat-7.0.68
九月 26, 2016 5:17:25 下午 org.apache.catalina.startup.VersionLoggerListener log
信息: Command line argument: -Djava.io.tmpdir=C:\Spec_for_new_transfer_9_20\apache-tomcat-7.0.68\temp
九月 26, 2016 5:17:25 下午 org.apache.catalina.core.AprLifecycleListener lifecycleEvent
信息: Loaded APR based Apache Tomcat Native library 1.1.33 using APR version 1.5.1.
九月 26, 2016 5:17:25 下午 org.apache.catalina.core.AprLifecycleListener lifecycleEvent
信息: APR capabilities: IPv6 [true], sendfile [true], accept filters [false], random [true].
九月 26, 2016 5:17:26 下午 org.apache.catalina.core.AprLifecycleListener initializeSSL
信息: OpenSSL successfully initialized (OpenSSL 1.0.1m 19 Mar 2015)
九月 26, 2016 5:17:26 下午 org.apache.coyote.AbstractProtocol init
信息: Initializing ProtocolHandler ["http-apr-8080"]
九月 26, 2016 5:17:26 下午 org.apache.coyote.AbstractProtocol init
信息: Initializing ProtocolHandler ["ajp-apr-8009"]
九月 26, 2016 5:17:26 下午 org.apache.catalina.startup.Catalina load
信息: Initialization processed in 1702 ms
九月 26, 2016 5:17:26 下午 org.apache.catalina.core.StandardService startInternal
信息: Starting service Catalina
九月 26, 2016 5:17:26 下午 org.apache.catalina.core.StandardEngine startInternal
信息: Starting Servlet Engine: Apache Tomcat/7.0.68
九月 26, 2016 5:17:27 下午 org.apache.catalina.startup.TldConfig execute
信息: At least one JAR was scanned for TLDs yet contained no TLDs. Enable debug logging for this logger for a complete list of JARs that were scanned but no TLDs were found in them. Skipping unneeded JARs during scanning can improve startup time and JSP compilation time.
九月 26, 2016 5:17:27 下午 org.apache.catalina.util.SessionIdGeneratorBase createSecureRandom
信息: Creation of SecureRandom instance for session ID generation using [SHA1PRNG] took [129] milliseconds.
九月 26, 2016 5:17:27 下午 org.apache.catalina.startup.HostConfig deployDirectory
信息: Deploying web application directory C:\Spec_for_new_transfer_9_20\apache-tomcat-7.0.68\webapps\docs
九月 26, 2016 5:17:27 下午 org.apache.catalina.startup.HostConfig deployDirectory
信息: Deployment of web application directory C:\Spec_for_new_transfer_9_20\apache-tomcat-7.0.68\webapps\docs has finished in 67 ms
九月 26, 2016 5:17:27 下午 org.apache.catalina.startup.HostConfig deployDirectory
信息: Deploying web application directory C:\Spec_for_new_transfer_9_20\apache-tomcat-7.0.68\webapps\examples
九月 26, 2016 5:17:27 下午 org.apache.catalina.startup.HostConfig deployDirectory
信息: Deployment of web application directory C:\Spec_for_new_transfer_9_20\apache-tomcat-7.0.68\webapps\examples has finished in 293 ms
九月 26, 2016 5:17:27 下午 org.apache.catalina.startup.HostConfig deployDirectory
信息: Deploying web application directory C:\Spec_for_new_transfer_9_20\apache-tomcat-7.0.68\webapps\host-manager
九月 26, 2016 5:17:27 下午 org.apache.catalina.startup.HostConfig deployDirectory
信息: Deployment of web application directory C:\Spec_for_new_transfer_9_20\apache-tomcat-7.0.68\webapps\host-manager has finished in 92 ms
九月 26, 2016 5:17:27 下午 org.apache.catalina.startup.HostConfig deployDirectory
信息: Deploying web application directory C:\Spec_for_new_transfer_9_20\apache-tomcat-7.0.68\webapps\manager
九月 26, 2016 5:17:27 下午 org.apache.catalina.startup.HostConfig deployDirectory
信息: Deployment of web application directory C:\Spec_for_new_transfer_9_20\apache-tomcat-7.0.68\webapps\manager has finished in 63 ms
九月 26, 2016 5:17:27 下午 org.apache.catalina.startup.HostConfig deployDirectory
信息: Deploying web application directory C:\Spec_for_new_transfer_9_20\apache-tomcat-7.0.68\webapps\ROOT
九月 26, 2016 5:17:27 下午 org.apache.catalina.startup.HostConfig deployDirectory
信息: Deployment of web application directory C:\Spec_for_new_transfer_9_20\apache-tomcat-7.0.68\webapps\ROOT has finished in 55 ms
九月 26, 2016 5:17:27 下午 org.apache.coyote.AbstractProtocol start
信息: Starting ProtocolHandler ["http-apr-8080"]
九月 26, 2016 5:17:27 下午 org.apache.coyote.AbstractProtocol start
信息: Starting ProtocolHandler ["ajp-apr-8009"]
九月 26, 2016 5:17:27 下午 org.apache.catalina.startup.Catalina start
信息: Server startup in 1212 ms
九月 26, 2016 5:17:38 下午 org.apache.coyote.AbstractProtocol pause
信息: Pausing ProtocolHandler ["http-apr-8080"]
九月 26, 2016 5:17:38 下午 org.apache.coyote.AbstractProtocol pause
信息: Pausing ProtocolHandler ["ajp-apr-8009"]
九月 26, 2016 5:17:40 下午 org.apache.catalina.startup.Catalina stopServer
严重: Could not contact localhost:8005. Tomcat may not be running.
九月 26, 2016 5:17:40 下午 org.apache.catalina.startup.Catalina stopServer
严重: Catalina.stop: 
java.net.ConnectException: Connection refused: connect
	at java.net.DualStackPlainSocketImpl.connect0(Native Method)
	at java.net.DualStackPlainSocketImpl.socketConnect(DualStackPlainSocketImpl.java:79)
	at java.net.AbstractPlainSocketImpl.doConnect(AbstractPlainSocketImpl.java:345)
	at java.net.AbstractPlainSocketImpl.connectToAddress(AbstractPlainSocketImpl.java:206)
	at java.net.AbstractPlainSocketImpl.connect(AbstractPlainSocketImpl.java:188)
	at java.net.PlainSocketImpl.connect(PlainSocketImpl.java:172)
	at java.net.SocksSocketImpl.connect(SocksSocketImpl.java:392)
	at java.net.Socket.connect(Socket.java:589)
	at java.net.Socket.connect(Socket.java:538)
	at java.net.Socket.<init>(Socket.java:434)
	at java.net.Socket.<init>(Socket.java:211)
	at org.apache.catalina.startup.Catalina.stopServer(Catalina.java:498)
	at sun.reflect.NativeMethodAccessorImpl.invoke0(Native Method)
	at sun.reflect.NativeMethodAccessorImpl.invoke(NativeMethodAccessorImpl.java:62)
	at sun.reflect.DelegatingMethodAccessorImpl.invoke(DelegatingMethodAccessorImpl.java:43)
	at java.lang.reflect.Method.invoke(Method.java:483)
	at org.apache.catalina.startup.Bootstrap.stopServer(Bootstrap.java:343)
	at org.apache.catalina.startup.Bootstrap.main(Bootstrap.java:430)

九月 26, 2016 7:59:12 下午 org.apache.tomcat.util.digester.SetPropertiesRule begin
警告: [SetPropertiesRule]{Server/Service/Engine/Host/Context} Setting property 'source' to 'org.eclipse.jst.jee.server:MapTest' did not find a matching property.
九月 26, 2016 7:59:12 下午 org.apache.catalina.startup.VersionLoggerListener log
信息: Server version:        Apache Tomcat/7.0.68
九月 26, 2016 7:59:12 下午 org.apache.catalina.startup.VersionLoggerListener log
信息: Server built:          Feb 8 2016 20:25:54 UTC
九月 26, 2016 7:59:12 下午 org.apache.catalina.startup.VersionLoggerListener log
信息: Server number:         7.0.68.0
九月 26, 2016 7:59:12 下午 org.apache.catalina.startup.VersionLoggerListener log
信息: OS Name:               Windows 7
九月 26, 2016 7:59:12 下午 org.apache.catalina.startup.VersionLoggerListener log
信息: OS Version:            6.1
九月 26, 2016 7:59:12 下午 org.apache.catalina.startup.VersionLoggerListener log
信息: Architecture:          x86
九月 26, 2016 7:59:12 下午 org.apache.catalina.startup.VersionLoggerListener log
信息: Java Home:             C:\SRF_501_8_5\jre
九月 26, 2016 7:59:12 下午 org.apache.catalina.startup.VersionLoggerListener log
信息: JVM Version:           1.8.0_20-b26
九月 26, 2016 7:59:12 下午 org.apache.catalina.startup.VersionLoggerListener log
信息: JVM Vendor:            Oracle Corporation
九月 26, 2016 7:59:12 下午 org.apache.catalina.startup.VersionLoggerListener log
信息: CATALINA_BASE:         C:\Spec_for_new_transfer_9_20\apache-tomcat-7.0.68
九月 26, 2016 7:59:12 下午 org.apache.catalina.startup.VersionLoggerListener log
信息: CATALINA_HOME:         C:\Spec_for_new_transfer_9_20\apache-tomcat-7.0.68
九月 26, 2016 7:59:12 下午 org.apache.catalina.startup.VersionLoggerListener log
信息: Command line argument: -Djava.util.logging.config.file=C:\Spec_for_new_transfer_9_20\apache-tomcat-7.0.68\conf\logging.properties
九月 26, 2016 7:59:12 下午 org.apache.catalina.startup.VersionLoggerListener log
信息: Command line argument: -Djava.util.logging.manager=org.apache.juli.ClassLoaderLogManager
九月 26, 2016 7:59:12 下午 org.apache.catalina.startup.VersionLoggerListener log
信息: Command line argument: -Djava.endorsed.dirs=C:\Spec_for_new_transfer_9_20\apache-tomcat-7.0.68\endorsed
九月 26, 2016 7:59:12 下午 org.apache.catalina.startup.VersionLoggerListener log
信息: Command line argument: -Dcatalina.base=C:\Spec_for_new_transfer_9_20\apache-tomcat-7.0.68
九月 26, 2016 7:59:12 下午 org.apache.catalina.startup.VersionLoggerListener log
信息: Command line argument: -Dcatalina.home=C:\Spec_for_new_transfer_9_20\apache-tomcat-7.0.68
九月 26, 2016 7:59:12 下午 org.apache.catalina.startup.VersionLoggerListener log
信息: Command line argument: -Djava.io.tmpdir=C:\Spec_for_new_transfer_9_20\apache-tomcat-7.0.68\temp
九月 26, 2016 7:59:13 下午 org.apache.catalina.core.AprLifecycleListener lifecycleEvent
信息: Loaded APR based Apache Tomcat Native library 1.1.33 using APR version 1.5.1.
九月 26, 2016 7:59:13 下午 org.apache.catalina.core.AprLifecycleListener lifecycleEvent
信息: APR capabilities: IPv6 [true], sendfile [true], accept filters [false], random [true].
九月 26, 2016 7:59:13 下午 org.apache.catalina.core.AprLifecycleListener initializeSSL
信息: OpenSSL successfully initialized (OpenSSL 1.0.1m 19 Mar 2015)
九月 26, 2016 7:59:14 下午 org.apache.coyote.AbstractProtocol init
信息: Initializing ProtocolHandler ["http-apr-8080"]
九月 26, 2016 7:59:14 下午 org.apache.coyote.AbstractProtocol init
信息: Initializing ProtocolHandler ["ajp-apr-8009"]
九月 26, 2016 7:59:14 下午 org.apache.catalina.startup.Catalina load
信息: Initialization processed in 1697 ms
九月 26, 2016 7:59:14 下午 org.apache.catalina.core.StandardService startInternal
信息: Starting service Catalina
九月 26, 2016 7:59:14 下午 org.apache.catalina.core.StandardEngine startInternal
信息: Starting Servlet Engine: Apache Tomcat/7.0.68
九月 26, 2016 7:59:14 下午 org.apache.catalina.startup.TldConfig execute
信息: At least one JAR was scanned for TLDs yet contained no TLDs. Enable debug logging for this logger for a complete list of JARs that were scanned but no TLDs were found in them. Skipping unneeded JARs during scanning can improve startup time and JSP compilation time.
九月 26, 2016 7:59:14 下午 org.apache.catalina.util.SessionIdGeneratorBase createSecureRandom
信息: Creation of SecureRandom instance for session ID generation using [SHA1PRNG] took [117] milliseconds.
九月 26, 2016 7:59:14 下午 org.apache.catalina.startup.HostConfig deployDirectory
信息: Deploying web application directory C:\Spec_for_new_transfer_9_20\apache-tomcat-7.0.68\webapps\docs
九月 26, 2016 7:59:14 下午 org.apache.catalina.startup.HostConfig deployDirectory
信息: Deployment of web application directory C:\Spec_for_new_transfer_9_20\apache-tomcat-7.0.68\webapps\docs has finished in 57 ms
九月 26, 2016 7:59:14 下午 org.apache.catalina.startup.HostConfig deployDirectory
信息: Deploying web application directory C:\Spec_for_new_transfer_9_20\apache-tomcat-7.0.68\webapps\examples
九月 26, 2016 7:59:15 下午 org.apache.catalina.startup.HostConfig deployDirectory
信息: Deployment of web application directory C:\Spec_for_new_transfer_9_20\apache-tomcat-7.0.68\webapps\examples has finished in 283 ms
九月 26, 2016 7:59:15 下午 org.apache.catalina.startup.HostConfig deployDirectory
信息: Deploying web application directory C:\Spec_for_new_transfer_9_20\apache-tomcat-7.0.68\webapps\host-manager
九月 26, 2016 7:59:15 下午 org.apache.catalina.startup.HostConfig deployDirectory
信息: Deployment of web application directory C:\Spec_for_new_transfer_9_20\apache-tomcat-7.0.68\webapps\host-manager has finished in 84 ms
九月 26, 2016 7:59:15 下午 org.apache.catalina.startup.HostConfig deployDirectory
信息: Deploying web application directory C:\Spec_for_new_transfer_9_20\apache-tomcat-7.0.68\webapps\manager
九月 26, 2016 7:59:15 下午 org.apache.catalina.startup.HostConfig deployDirectory
信息: Deployment of web application directory C:\Spec_for_new_transfer_9_20\apache-tomcat-7.0.68\webapps\manager has finished in 56 ms
九月 26, 2016 7:59:15 下午 org.apache.catalina.startup.HostConfig deployDirectory
信息: Deploying web application directory C:\Spec_for_new_transfer_9_20\apache-tomcat-7.0.68\webapps\ROOT
九月 26, 2016 7:59:15 下午 org.apache.catalina.startup.HostConfig deployDirectory
信息: Deployment of web application directory C:\Spec_for_new_transfer_9_20\apache-tomcat-7.0.68\webapps\ROOT has finished in 49 ms
九月 26, 2016 7:59:15 下午 org.apache.coyote.AbstractProtocol start
信息: Starting ProtocolHandler ["http-apr-8080"]
九月 26, 2016 7:59:15 下午 org.apache.coyote.AbstractProtocol start
信息: Starting ProtocolHandler ["ajp-apr-8009"]
九月 26, 2016 7:59:15 下午 org.apache.catalina.startup.Catalina start
信息: Server startup in 1095 ms
九月 26, 2016 10:35:06 下午 org.apache.catalina.core.StandardServer await
信息: A valid shutdown command was received via the shutdown port. Stopping the Server instance.
九月 26, 2016 10:35:06 下午 org.apache.coyote.AbstractProtocol pause
信息: Pausing ProtocolHandler ["http-apr-8080"]
九月 26, 2016 10:35:06 下午 org.apache.coyote.AbstractProtocol pause
信息: Pausing ProtocolHandler ["ajp-apr-8009"]
九月 26, 2016 10:35:06 下午 org.apache.catalina.core.StandardService stopInternal
信息: Stopping service Catalina
九月 26, 2016 10:35:06 下午 org.apache.coyote.AbstractProtocol stop
信息: Stopping ProtocolHandler ["http-apr-8080"]
九月 26, 2016 10:35:06 下午 org.apache.coyote.AbstractProtocol stop
信息: Stopping ProtocolHandler ["ajp-apr-8009"]
九月 26, 2016 10:35:06 下午 org.apache.coyote.AbstractProtocol destroy
信息: Destroying ProtocolHandler ["http-apr-8080"]
九月 26, 2016 10:35:06 下午 org.apache.coyote.AbstractProtocol destroy
信息: Destroying ProtocolHandler ["ajp-apr-8009"]
