五月 26, 2016 9:52:27 上午 org.apache.catalina.core.ApplicationContext log
信息: ContextListener: contextInitialized()
五月 26, 2016 9:52:27 上午 org.apache.catalina.core.ApplicationContext log
信息: SessionListener: contextInitialized()
五月 26, 2016 9:52:27 上午 org.apache.catalina.core.ApplicationContext log
信息: ContextListener: attributeAdded('org.apache.jasper.compiler.TldLocationsCache', 'org.apache.jasper.compiler.TldLocationsCache@14dfc8c')
五月 26, 2016 9:54:28 上午 org.apache.catalina.core.ApplicationContext log
信息: SessionListener: contextDestroyed()
五月 26, 2016 9:54:28 上午 org.apache.catalina.core.ApplicationContext log
信息: ContextListener: contextDestroyed()
五月 26, 2016 9:55:13 上午 org.apache.catalina.core.ApplicationContext log
信息: ContextListener: contextInitialized()
五月 26, 2016 9:55:13 上午 org.apache.catalina.core.ApplicationContext log
信息: SessionListener: contextInitialized()
五月 26, 2016 9:55:13 上午 org.apache.catalina.core.ApplicationContext log
信息: ContextListener: attributeAdded('org.apache.jasper.compiler.TldLocationsCache', 'org.apache.jasper.compiler.TldLocationsCache@14dfc8c')
五月 26, 2016 10:36:28 上午 org.apache.catalina.core.ApplicationContext log
信息: ContextListener: contextInitialized()
五月 26, 2016 10:36:28 上午 org.apache.catalina.core.ApplicationContext log
信息: SessionListener: contextInitialized()
五月 26, 2016 10:36:28 上午 org.apache.catalina.core.ApplicationContext log
信息: ContextListener: attributeAdded('org.apache.jasper.compiler.TldLocationsCache', 'org.apache.jasper.compiler.TldLocationsCache@1c7a8f')
五月 26, 2016 10:36:28 上午 org.apache.catalina.core.ApplicationContext log
信息: SessionListener: contextDestroyed()
五月 26, 2016 10:36:28 上午 org.apache.catalina.core.ApplicationContext log
信息: ContextListener: contextDestroyed()
五月 26, 2016 11:32:32 上午 org.apache.catalina.core.ApplicationContext log
信息: SessionListener: contextDestroyed()
五月 26, 2016 11:32:32 上午 org.apache.catalina.core.ApplicationContext log
信息: ContextListener: contextDestroyed()
五月 26, 2016 11:32:59 上午 org.apache.catalina.core.ApplicationContext log
信息: ContextListener: contextInitialized()
五月 26, 2016 11:32:59 上午 org.apache.catalina.core.ApplicationContext log
信息: SessionListener: contextInitialized()
五月 26, 2016 11:32:59 上午 org.apache.catalina.core.ApplicationContext log
信息: ContextListener: attributeAdded('org.apache.jasper.compiler.TldLocationsCache', 'org.apache.jasper.compiler.TldLocationsCache@32acfb')
五月 26, 2016 11:44:37 上午 org.apache.catalina.core.ApplicationContext log
信息: SessionListener: contextDestroyed()
五月 26, 2016 11:44:37 上午 org.apache.catalina.core.ApplicationContext log
信息: ContextListener: contextDestroyed()
五月 26, 2016 11:45:11 上午 org.apache.catalina.core.ApplicationContext log
信息: ContextListener: contextInitialized()
五月 26, 2016 11:45:11 上午 org.apache.catalina.core.ApplicationContext log
信息: SessionListener: contextInitialized()
五月 26, 2016 11:45:11 上午 org.apache.catalina.core.ApplicationContext log
信息: ContextListener: attributeAdded('org.apache.jasper.compiler.TldLocationsCache', 'org.apache.jasper.compiler.TldLocationsCache@15274da')
五月 26, 2016 11:50:08 上午 org.apache.catalina.core.ApplicationContext log
信息: ContextListener: contextInitialized()
五月 26, 2016 11:50:08 上午 org.apache.catalina.core.ApplicationContext log
信息: SessionListener: contextInitialized()
五月 26, 2016 11:50:08 上午 org.apache.catalina.core.ApplicationContext log
信息: ContextListener: attributeAdded('org.apache.jasper.compiler.TldLocationsCache', 'org.apache.jasper.compiler.TldLocationsCache@6758c6')
五月 26, 2016 11:50:08 上午 org.apache.catalina.core.ApplicationContext log
信息: SessionListener: contextDestroyed()
五月 26, 2016 11:50:08 上午 org.apache.catalina.core.ApplicationContext log
信息: ContextListener: contextDestroyed()
五月 26, 2016 11:57:02 上午 org.apache.catalina.core.ApplicationContext log
信息: SessionListener: contextDestroyed()
五月 26, 2016 11:57:02 上午 org.apache.catalina.core.ApplicationContext log
信息: ContextListener: contextDestroyed()
五月 26, 2016 12:00:53 下午 org.apache.catalina.core.ApplicationContext log
信息: ContextListener: contextInitialized()
五月 26, 2016 12:00:53 下午 org.apache.catalina.core.ApplicationContext log
信息: SessionListener: contextInitialized()
五月 26, 2016 12:00:53 下午 org.apache.catalina.core.ApplicationContext log
信息: ContextListener: attributeAdded('org.apache.jasper.compiler.TldLocationsCache', 'org.apache.jasper.compiler.TldLocationsCache@1179c9d')
五月 26, 2016 12:55:05 下午 org.apache.catalina.core.ApplicationContext log
信息: SessionListener: contextDestroyed()
五月 26, 2016 12:55:05 下午 org.apache.catalina.core.ApplicationContext log
信息: ContextListener: contextDestroyed()
五月 26, 2016 12:55:26 下午 org.apache.catalina.core.ApplicationContext log
信息: ContextListener: contextInitialized()
五月 26, 2016 12:55:26 下午 org.apache.catalina.core.ApplicationContext log
信息: SessionListener: contextInitialized()
五月 26, 2016 12:55:26 下午 org.apache.catalina.core.ApplicationContext log
信息: ContextListener: attributeAdded('org.apache.jasper.compiler.TldLocationsCache', 'org.apache.jasper.compiler.TldLocationsCache@e3a0a6')
五月 26, 2016 1:01:11 下午 org.apache.catalina.core.ApplicationContext log
信息: SessionListener: contextDestroyed()
五月 26, 2016 1:01:11 下午 org.apache.catalina.core.ApplicationContext log
信息: ContextListener: contextDestroyed()
