七月 03, 2016 8:02:11 下午 org.apache.catalina.core.ApplicationContext log
信息: ContextListener: contextInitialized()
七月 03, 2016 8:02:11 下午 org.apache.catalina.core.ApplicationContext log
信息: SessionListener: contextInitialized()
七月 03, 2016 8:02:11 下午 org.apache.catalina.core.ApplicationContext log
信息: ContextListener: attributeAdded('org.apache.jasper.compiler.TldLocationsCache', 'org.apache.jasper.compiler.TldLocationsCache@32acfb')
七月 03, 2016 8:02:22 下午 org.apache.catalina.core.ApplicationContext log
信息: SessionListener: contextDestroyed()
七月 03, 2016 8:02:22 下午 org.apache.catalina.core.ApplicationContext log
信息: ContextListener: contextDestroyed()
七月 03, 2016 8:18:04 下午 org.apache.catalina.core.ApplicationContext log
信息: ContextListener: contextInitialized()
七月 03, 2016 8:18:04 下午 org.apache.catalina.core.ApplicationContext log
信息: SessionListener: contextInitialized()
七月 03, 2016 8:18:04 下午 org.apache.catalina.core.ApplicationContext log
信息: ContextListener: attributeAdded('org.apache.jasper.compiler.TldLocationsCache', 'org.apache.jasper.compiler.TldLocationsCache@283725')
七月 03, 2016 8:33:40 下午 org.apache.catalina.core.ApplicationContext log
信息: SessionListener: contextDestroyed()
七月 03, 2016 8:33:40 下午 org.apache.catalina.core.ApplicationContext log
信息: ContextListener: contextDestroyed()
七月 03, 2016 8:35:11 下午 org.apache.catalina.core.ApplicationContext log
信息: ContextListener: contextInitialized()
七月 03, 2016 8:35:11 下午 org.apache.catalina.core.ApplicationContext log
信息: SessionListener: contextInitialized()
七月 03, 2016 8:35:11 下午 org.apache.catalina.core.ApplicationContext log
信息: ContextListener: attributeAdded('org.apache.jasper.compiler.TldLocationsCache', 'org.apache.jasper.compiler.TldLocationsCache@1b4640b')
七月 03, 2016 8:35:53 下午 org.apache.catalina.core.ApplicationContext log
信息: SessionListener: contextDestroyed()
七月 03, 2016 8:35:53 下午 org.apache.catalina.core.ApplicationContext log
信息: ContextListener: contextDestroyed()
七月 03, 2016 8:35:59 下午 org.apache.catalina.core.ApplicationContext log
信息: ContextListener: contextInitialized()
七月 03, 2016 8:35:59 下午 org.apache.catalina.core.ApplicationContext log
信息: SessionListener: contextInitialized()
七月 03, 2016 8:35:59 下午 org.apache.catalina.core.ApplicationContext log
信息: ContextListener: attributeAdded('org.apache.jasper.compiler.TldLocationsCache', 'org.apache.jasper.compiler.TldLocationsCache@1b4640b')
七月 03, 2016 9:24:10 下午 org.apache.catalina.core.ApplicationContext log
信息: SessionListener: contextDestroyed()
七月 03, 2016 9:24:10 下午 org.apache.catalina.core.ApplicationContext log
信息: ContextListener: contextDestroyed()
