七月 09, 2016 9:20:40 上午 org.apache.catalina.core.ApplicationContext log
信息: ContextListener: contextInitialized()
七月 09, 2016 9:20:40 上午 org.apache.catalina.core.ApplicationContext log
信息: SessionListener: contextInitialized()
七月 09, 2016 9:20:40 上午 org.apache.catalina.core.ApplicationContext log
信息: ContextListener: attributeAdded('org.apache.jasper.compiler.TldLocationsCache', 'org.apache.jasper.compiler.TldLocationsCache@e3a0a6')
七月 09, 2016 9:21:05 上午 org.apache.catalina.core.ApplicationContext log
信息: ContextListener: contextInitialized()
七月 09, 2016 9:21:05 上午 org.apache.catalina.core.ApplicationContext log
信息: SessionListener: contextInitialized()
七月 09, 2016 9:21:05 上午 org.apache.catalina.core.ApplicationContext log
信息: ContextListener: attributeAdded('org.apache.jasper.compiler.TldLocationsCache', 'org.apache.jasper.compiler.TldLocationsCache@dd600b')
七月 09, 2016 9:21:05 上午 org.apache.catalina.core.ApplicationContext log
信息: SessionListener: contextDestroyed()
七月 09, 2016 9:21:05 上午 org.apache.catalina.core.ApplicationContext log
信息: ContextListener: contextDestroyed()
七月 09, 2016 9:21:30 上午 org.apache.catalina.core.ApplicationContext log
信息: ContextListener: contextInitialized()
七月 09, 2016 9:21:30 上午 org.apache.catalina.core.ApplicationContext log
信息: SessionListener: contextInitialized()
七月 09, 2016 9:21:30 上午 org.apache.catalina.core.ApplicationContext log
信息: ContextListener: attributeAdded('org.apache.jasper.compiler.TldLocationsCache', 'org.apache.jasper.compiler.TldLocationsCache@274f5f')
七月 09, 2016 9:21:30 上午 org.apache.catalina.core.ApplicationContext log
信息: SessionListener: contextDestroyed()
七月 09, 2016 9:21:30 上午 org.apache.catalina.core.ApplicationContext log
信息: ContextListener: contextDestroyed()
七月 09, 2016 9:26:21 上午 org.apache.catalina.core.ApplicationContext log
信息: SessionListener: contextDestroyed()
七月 09, 2016 9:26:21 上午 org.apache.catalina.core.ApplicationContext log
信息: ContextListener: contextDestroyed()
七月 09, 2016 9:26:41 上午 org.apache.catalina.core.ApplicationContext log
信息: ContextListener: contextInitialized()
七月 09, 2016 9:26:41 上午 org.apache.catalina.core.ApplicationContext log
信息: SessionListener: contextInitialized()
七月 09, 2016 9:26:41 上午 org.apache.catalina.core.ApplicationContext log
信息: ContextListener: attributeAdded('org.apache.jasper.compiler.TldLocationsCache', 'org.apache.jasper.compiler.TldLocationsCache@1b4640b')
七月 09, 2016 9:45:38 上午 org.apache.catalina.core.ApplicationContext log
信息: SessionListener: contextDestroyed()
七月 09, 2016 9:45:38 上午 org.apache.catalina.core.ApplicationContext log
信息: ContextListener: contextDestroyed()
