七月 12, 2016 10:37:11 上午 org.apache.catalina.core.ApplicationContext log
信息: ContextListener: contextInitialized()
七月 12, 2016 10:37:11 上午 org.apache.catalina.core.ApplicationContext log
信息: SessionListener: contextInitialized()
七月 12, 2016 10:37:11 上午 org.apache.catalina.core.ApplicationContext log
信息: ContextListener: attributeAdded('org.apache.jasper.compiler.TldLocationsCache', 'org.apache.jasper.compiler.TldLocationsCache@1179c9d')
七月 12, 2016 10:37:22 上午 org.apache.catalina.core.ApplicationContext log
信息: SessionListener: contextDestroyed()
七月 12, 2016 10:37:22 上午 org.apache.catalina.core.ApplicationContext log
信息: ContextListener: contextDestroyed()
七月 12, 2016 10:41:19 上午 org.apache.catalina.core.ApplicationContext log
信息: ContextListener: contextInitialized()
七月 12, 2016 10:41:19 上午 org.apache.catalina.core.ApplicationContext log
信息: SessionListener: contextInitialized()
七月 12, 2016 10:41:19 上午 org.apache.catalina.core.ApplicationContext log
信息: ContextListener: attributeAdded('org.apache.jasper.compiler.TldLocationsCache', 'org.apache.jasper.compiler.TldLocationsCache@15274da')
七月 12, 2016 10:41:40 上午 org.apache.catalina.core.ApplicationContext log
信息: SessionListener: contextDestroyed()
七月 12, 2016 10:41:40 上午 org.apache.catalina.core.ApplicationContext log
信息: ContextListener: contextDestroyed()
七月 12, 2016 10:45:41 上午 org.apache.catalina.core.ApplicationContext log
信息: ContextListener: contextInitialized()
七月 12, 2016 10:45:41 上午 org.apache.catalina.core.ApplicationContext log
信息: SessionListener: contextInitialized()
七月 12, 2016 10:45:41 上午 org.apache.catalina.core.ApplicationContext log
信息: ContextListener: attributeAdded('org.apache.jasper.compiler.TldLocationsCache', 'org.apache.jasper.compiler.TldLocationsCache@15274da')
七月 12, 2016 10:46:19 上午 org.apache.catalina.core.ApplicationContext log
信息: SessionListener: contextDestroyed()
七月 12, 2016 10:46:19 上午 org.apache.catalina.core.ApplicationContext log
信息: ContextListener: contextDestroyed()
七月 12, 2016 10:57:09 上午 org.apache.catalina.core.ApplicationContext log
信息: ContextListener: contextInitialized()
七月 12, 2016 10:57:09 上午 org.apache.catalina.core.ApplicationContext log
信息: SessionListener: contextInitialized()
七月 12, 2016 10:57:09 上午 org.apache.catalina.core.ApplicationContext log
信息: ContextListener: attributeAdded('org.apache.jasper.compiler.TldLocationsCache', 'org.apache.jasper.compiler.TldLocationsCache@1179c9d')
七月 12, 2016 10:57:10 上午 org.apache.catalina.core.ApplicationContext log
信息: SessionListener: contextDestroyed()
七月 12, 2016 10:57:10 上午 org.apache.catalina.core.ApplicationContext log
信息: ContextListener: contextDestroyed()
七月 12, 2016 11:23:37 上午 org.apache.catalina.core.ApplicationContext log
信息: ContextListener: contextInitialized()
七月 12, 2016 11:23:37 上午 org.apache.catalina.core.ApplicationContext log
信息: SessionListener: contextInitialized()
七月 12, 2016 11:23:37 上午 org.apache.catalina.core.ApplicationContext log
信息: ContextListener: attributeAdded('org.apache.jasper.compiler.TldLocationsCache', 'org.apache.jasper.compiler.TldLocationsCache@15274da')
七月 12, 2016 11:31:16 上午 org.apache.catalina.core.ApplicationContext log
信息: ContextListener: contextInitialized()
七月 12, 2016 11:31:16 上午 org.apache.catalina.core.ApplicationContext log
信息: SessionListener: contextInitialized()
七月 12, 2016 11:31:16 上午 org.apache.catalina.core.ApplicationContext log
信息: ContextListener: attributeAdded('org.apache.jasper.compiler.TldLocationsCache', 'org.apache.jasper.compiler.TldLocationsCache@11a3511')
七月 12, 2016 11:31:16 上午 org.apache.catalina.core.ApplicationContext log
信息: SessionListener: contextDestroyed()
七月 12, 2016 11:31:16 上午 org.apache.catalina.core.ApplicationContext log
信息: ContextListener: contextDestroyed()
七月 12, 2016 11:32:03 上午 org.apache.catalina.core.ApplicationContext log
信息: SessionListener: contextDestroyed()
七月 12, 2016 11:32:03 上午 org.apache.catalina.core.ApplicationContext log
信息: ContextListener: contextDestroyed()
七月 12, 2016 11:32:47 上午 org.apache.catalina.core.ApplicationContext log
信息: ContextListener: contextInitialized()
七月 12, 2016 11:32:47 上午 org.apache.catalina.core.ApplicationContext log
信息: SessionListener: contextInitialized()
七月 12, 2016 11:32:47 上午 org.apache.catalina.core.ApplicationContext log
信息: ContextListener: attributeAdded('org.apache.jasper.compiler.TldLocationsCache', 'org.apache.jasper.compiler.TldLocationsCache@14dfc8c')
七月 12, 2016 11:33:37 上午 org.apache.catalina.core.ApplicationContext log
信息: ContextListener: contextInitialized()
七月 12, 2016 11:33:37 上午 org.apache.catalina.core.ApplicationContext log
信息: SessionListener: contextInitialized()
七月 12, 2016 11:33:37 上午 org.apache.catalina.core.ApplicationContext log
信息: ContextListener: attributeAdded('org.apache.jasper.compiler.TldLocationsCache', 'org.apache.jasper.compiler.TldLocationsCache@274f5f')
七月 12, 2016 11:33:37 上午 org.apache.catalina.core.ApplicationContext log
信息: SessionListener: contextDestroyed()
七月 12, 2016 11:33:37 上午 org.apache.catalina.core.ApplicationContext log
信息: ContextListener: contextDestroyed()
七月 12, 2016 11:33:54 上午 org.apache.catalina.core.ApplicationContext log
信息: SessionListener: contextDestroyed()
七月 12, 2016 11:33:54 上午 org.apache.catalina.core.ApplicationContext log
信息: ContextListener: contextDestroyed()
七月 12, 2016 11:34:39 上午 org.apache.catalina.core.ApplicationContext log
信息: ContextListener: contextInitialized()
七月 12, 2016 11:34:39 上午 org.apache.catalina.core.ApplicationContext log
信息: SessionListener: contextInitialized()
七月 12, 2016 11:34:39 上午 org.apache.catalina.core.ApplicationContext log
信息: ContextListener: attributeAdded('org.apache.jasper.compiler.TldLocationsCache', 'org.apache.jasper.compiler.TldLocationsCache@1179c9d')
七月 12, 2016 11:35:13 上午 org.apache.catalina.core.ApplicationContext log
信息: ContextListener: contextInitialized()
七月 12, 2016 11:35:13 上午 org.apache.catalina.core.ApplicationContext log
信息: SessionListener: contextInitialized()
七月 12, 2016 11:35:13 上午 org.apache.catalina.core.ApplicationContext log
信息: ContextListener: attributeAdded('org.apache.jasper.compiler.TldLocationsCache', 'org.apache.jasper.compiler.TldLocationsCache@6758c6')
七月 12, 2016 11:35:13 上午 org.apache.catalina.core.ApplicationContext log
信息: SessionListener: contextDestroyed()
七月 12, 2016 11:35:13 上午 org.apache.catalina.core.ApplicationContext log
信息: ContextListener: contextDestroyed()
七月 12, 2016 11:35:27 上午 org.apache.catalina.core.ApplicationContext log
信息: SessionListener: contextDestroyed()
七月 12, 2016 11:35:27 上午 org.apache.catalina.core.ApplicationContext log
信息: ContextListener: contextDestroyed()
七月 12, 2016 11:43:41 上午 org.apache.catalina.core.ApplicationContext log
信息: ContextListener: contextInitialized()
七月 12, 2016 11:43:41 上午 org.apache.catalina.core.ApplicationContext log
信息: SessionListener: contextInitialized()
七月 12, 2016 11:43:42 上午 org.apache.catalina.core.ApplicationContext log
信息: ContextListener: attributeAdded('org.apache.jasper.compiler.TldLocationsCache', 'org.apache.jasper.compiler.TldLocationsCache@1179c9d')
七月 12, 2016 11:45:32 上午 org.apache.catalina.core.ApplicationContext log
信息: ContextListener: contextInitialized()
七月 12, 2016 11:45:32 上午 org.apache.catalina.core.ApplicationContext log
信息: SessionListener: contextInitialized()
七月 12, 2016 11:45:32 上午 org.apache.catalina.core.ApplicationContext log
信息: ContextListener: attributeAdded('org.apache.jasper.compiler.TldLocationsCache', 'org.apache.jasper.compiler.TldLocationsCache@1c7a8f')
七月 12, 2016 11:45:32 上午 org.apache.catalina.core.ApplicationContext log
信息: SessionListener: contextDestroyed()
七月 12, 2016 11:45:32 上午 org.apache.catalina.core.ApplicationContext log
信息: ContextListener: contextDestroyed()
七月 12, 2016 11:48:08 上午 org.apache.catalina.core.ApplicationContext log
信息: ContextListener: contextInitialized()
七月 12, 2016 11:48:08 上午 org.apache.catalina.core.ApplicationContext log
信息: SessionListener: contextInitialized()
七月 12, 2016 11:48:08 上午 org.apache.catalina.core.ApplicationContext log
信息: ContextListener: attributeAdded('org.apache.jasper.compiler.TldLocationsCache', 'org.apache.jasper.compiler.TldLocationsCache@11a3511')
七月 12, 2016 11:48:08 上午 org.apache.catalina.core.ApplicationContext log
信息: SessionListener: contextDestroyed()
七月 12, 2016 11:48:08 上午 org.apache.catalina.core.ApplicationContext log
信息: ContextListener: contextDestroyed()
七月 12, 2016 3:38:20 下午 org.apache.catalina.core.ApplicationContext log
信息: ContextListener: contextInitialized()
七月 12, 2016 3:38:20 下午 org.apache.catalina.core.ApplicationContext log
信息: SessionListener: contextInitialized()
七月 12, 2016 3:38:20 下午 org.apache.catalina.core.ApplicationContext log
信息: ContextListener: attributeAdded('org.apache.jasper.compiler.TldLocationsCache', 'org.apache.jasper.compiler.TldLocationsCache@1c7a8f')
七月 12, 2016 3:38:20 下午 org.apache.catalina.core.ApplicationContext log
信息: SessionListener: contextDestroyed()
七月 12, 2016 3:38:20 下午 org.apache.catalina.core.ApplicationContext log
信息: ContextListener: contextDestroyed()
七月 12, 2016 3:46:15 下午 org.apache.catalina.core.ApplicationContext log
信息: SessionListener: contextDestroyed()
七月 12, 2016 3:46:15 下午 org.apache.catalina.core.ApplicationContext log
信息: ContextListener: contextDestroyed()
七月 12, 2016 3:46:31 下午 org.apache.catalina.core.ApplicationContext log
信息: ContextListener: contextInitialized()
七月 12, 2016 3:46:31 下午 org.apache.catalina.core.ApplicationContext log
信息: SessionListener: contextInitialized()
七月 12, 2016 3:46:31 下午 org.apache.catalina.core.ApplicationContext log
信息: ContextListener: attributeAdded('org.apache.jasper.compiler.TldLocationsCache', 'org.apache.jasper.compiler.TldLocationsCache@1b4640b')
七月 12, 2016 3:47:07 下午 org.apache.catalina.core.ApplicationContext log
信息: SessionListener: contextDestroyed()
七月 12, 2016 3:47:07 下午 org.apache.catalina.core.ApplicationContext log
信息: ContextListener: contextDestroyed()
七月 12, 2016 3:48:02 下午 org.apache.catalina.core.ApplicationContext log
信息: ContextListener: contextInitialized()
七月 12, 2016 3:48:02 下午 org.apache.catalina.core.ApplicationContext log
信息: SessionListener: contextInitialized()
七月 12, 2016 3:48:02 下午 org.apache.catalina.core.ApplicationContext log
信息: ContextListener: attributeAdded('org.apache.jasper.compiler.TldLocationsCache', 'org.apache.jasper.compiler.TldLocationsCache@1b4640b')
