七月 01, 2016 1:32:05 下午 org.apache.catalina.core.ApplicationContext log
信息: ContextListener: contextInitialized()
七月 01, 2016 1:32:05 下午 org.apache.catalina.core.ApplicationContext log
信息: SessionListener: contextInitialized()
七月 01, 2016 1:32:05 下午 org.apache.catalina.core.ApplicationContext log
信息: ContextListener: attributeAdded('org.apache.jasper.compiler.TldLocationsCache', 'org.apache.jasper.compiler.TldLocationsCache@283725')
七月 01, 2016 1:32:09 下午 org.apache.catalina.core.ApplicationContext log
信息: SessionListener: contextDestroyed()
七月 01, 2016 1:32:09 下午 org.apache.catalina.core.ApplicationContext log
信息: ContextListener: contextDestroyed()
七月 01, 2016 1:33:02 下午 org.apache.catalina.core.ApplicationContext log
信息: ContextListener: contextInitialized()
七月 01, 2016 1:33:02 下午 org.apache.catalina.core.ApplicationContext log
信息: SessionListener: contextInitialized()
七月 01, 2016 1:33:02 下午 org.apache.catalina.core.ApplicationContext log
信息: ContextListener: attributeAdded('org.apache.jasper.compiler.TldLocationsCache', 'org.apache.jasper.compiler.TldLocationsCache@1b4640b')
七月 01, 2016 1:33:47 下午 org.apache.catalina.core.ApplicationContext log
信息: SessionListener: contextDestroyed()
七月 01, 2016 1:33:47 下午 org.apache.catalina.core.ApplicationContext log
信息: ContextListener: contextDestroyed()
七月 01, 2016 1:34:49 下午 org.apache.catalina.core.ApplicationContext log
信息: ContextListener: contextInitialized()
七月 01, 2016 1:34:49 下午 org.apache.catalina.core.ApplicationContext log
信息: SessionListener: contextInitialized()
七月 01, 2016 1:34:49 下午 org.apache.catalina.core.ApplicationContext log
信息: ContextListener: attributeAdded('org.apache.jasper.compiler.TldLocationsCache', 'org.apache.jasper.compiler.TldLocationsCache@32acfb')
七月 01, 2016 1:34:54 下午 org.apache.catalina.core.ApplicationContext log
信息: SessionListener: contextDestroyed()
七月 01, 2016 1:34:54 下午 org.apache.catalina.core.ApplicationContext log
信息: ContextListener: contextDestroyed()
七月 01, 2016 1:35:26 下午 org.apache.catalina.core.ApplicationContext log
信息: ContextListener: contextInitialized()
七月 01, 2016 1:35:26 下午 org.apache.catalina.core.ApplicationContext log
信息: SessionListener: contextInitialized()
七月 01, 2016 1:35:26 下午 org.apache.catalina.core.ApplicationContext log
信息: ContextListener: attributeAdded('org.apache.jasper.compiler.TldLocationsCache', 'org.apache.jasper.compiler.TldLocationsCache@1b4640b')
七月 01, 2016 1:35:31 下午 org.apache.catalina.core.ApplicationContext log
信息: SessionListener: contextDestroyed()
七月 01, 2016 1:35:31 下午 org.apache.catalina.core.ApplicationContext log
信息: ContextListener: contextDestroyed()
七月 01, 2016 1:36:46 下午 org.apache.catalina.core.ApplicationContext log
信息: ContextListener: contextInitialized()
七月 01, 2016 1:36:46 下午 org.apache.catalina.core.ApplicationContext log
信息: SessionListener: contextInitialized()
七月 01, 2016 1:36:46 下午 org.apache.catalina.core.ApplicationContext log
信息: ContextListener: attributeAdded('org.apache.jasper.compiler.TldLocationsCache', 'org.apache.jasper.compiler.TldLocationsCache@1b4640b')
七月 01, 2016 1:36:48 下午 org.apache.catalina.core.ApplicationContext log
信息: SessionListener: contextDestroyed()
七月 01, 2016 1:36:48 下午 org.apache.catalina.core.ApplicationContext log
信息: ContextListener: contextDestroyed()
七月 01, 2016 1:37:19 下午 org.apache.catalina.core.ApplicationContext log
信息: ContextListener: contextInitialized()
七月 01, 2016 1:37:19 下午 org.apache.catalina.core.ApplicationContext log
信息: SessionListener: contextInitialized()
七月 01, 2016 1:37:19 下午 org.apache.catalina.core.ApplicationContext log
信息: ContextListener: attributeAdded('org.apache.jasper.compiler.TldLocationsCache', 'org.apache.jasper.compiler.TldLocationsCache@1b4640b')
七月 01, 2016 1:37:21 下午 org.apache.catalina.core.ApplicationContext log
信息: SessionListener: contextDestroyed()
七月 01, 2016 1:37:21 下午 org.apache.catalina.core.ApplicationContext log
信息: ContextListener: contextDestroyed()
七月 01, 2016 1:37:40 下午 org.apache.catalina.core.ApplicationContext log
信息: ContextListener: contextInitialized()
七月 01, 2016 1:37:40 下午 org.apache.catalina.core.ApplicationContext log
信息: SessionListener: contextInitialized()
七月 01, 2016 1:37:40 下午 org.apache.catalina.core.ApplicationContext log
信息: ContextListener: attributeAdded('org.apache.jasper.compiler.TldLocationsCache', 'org.apache.jasper.compiler.TldLocationsCache@1b4640b')
七月 01, 2016 1:38:57 下午 org.apache.catalina.core.ApplicationContext log
信息: SessionListener: contextDestroyed()
七月 01, 2016 1:38:57 下午 org.apache.catalina.core.ApplicationContext log
信息: ContextListener: contextDestroyed()
七月 01, 2016 1:39:35 下午 org.apache.catalina.core.ApplicationContext log
信息: ContextListener: contextInitialized()
七月 01, 2016 1:39:35 下午 org.apache.catalina.core.ApplicationContext log
信息: SessionListener: contextInitialized()
七月 01, 2016 1:39:35 下午 org.apache.catalina.core.ApplicationContext log
信息: ContextListener: attributeAdded('org.apache.jasper.compiler.TldLocationsCache', 'org.apache.jasper.compiler.TldLocationsCache@1b4640b')
七月 01, 2016 1:39:51 下午 org.apache.catalina.core.ApplicationContext log
信息: SessionListener: contextDestroyed()
七月 01, 2016 1:39:51 下午 org.apache.catalina.core.ApplicationContext log
信息: ContextListener: contextDestroyed()
七月 01, 2016 1:44:24 下午 org.apache.catalina.core.ApplicationContext log
信息: ContextListener: contextInitialized()
七月 01, 2016 1:44:24 下午 org.apache.catalina.core.ApplicationContext log
信息: SessionListener: contextInitialized()
七月 01, 2016 1:44:24 下午 org.apache.catalina.core.ApplicationContext log
信息: ContextListener: attributeAdded('org.apache.jasper.compiler.TldLocationsCache', 'org.apache.jasper.compiler.TldLocationsCache@1b4640b')
七月 01, 2016 1:49:58 下午 org.apache.catalina.core.ApplicationContext log
信息: ContextListener: contextInitialized()
七月 01, 2016 1:49:58 下午 org.apache.catalina.core.ApplicationContext log
信息: SessionListener: contextInitialized()
七月 01, 2016 1:49:58 下午 org.apache.catalina.core.ApplicationContext log
信息: ContextListener: attributeAdded('org.apache.jasper.compiler.TldLocationsCache', 'org.apache.jasper.compiler.TldLocationsCache@6758c6')
七月 01, 2016 1:49:58 下午 org.apache.catalina.core.ApplicationContext log
信息: SessionListener: contextDestroyed()
七月 01, 2016 1:49:58 下午 org.apache.catalina.core.ApplicationContext log
信息: ContextListener: contextDestroyed()
七月 01, 2016 1:50:20 下午 org.apache.catalina.core.ApplicationContext log
信息: SessionListener: contextDestroyed()
七月 01, 2016 1:50:20 下午 org.apache.catalina.core.ApplicationContext log
信息: ContextListener: contextDestroyed()
七月 01, 2016 1:50:31 下午 org.apache.catalina.core.ApplicationContext log
信息: ContextListener: contextInitialized()
七月 01, 2016 1:50:31 下午 org.apache.catalina.core.ApplicationContext log
信息: SessionListener: contextInitialized()
七月 01, 2016 1:50:31 下午 org.apache.catalina.core.ApplicationContext log
信息: ContextListener: attributeAdded('org.apache.jasper.compiler.TldLocationsCache', 'org.apache.jasper.compiler.TldLocationsCache@1b4640b')
七月 01, 2016 1:50:43 下午 org.apache.catalina.core.ApplicationContext log
信息: SessionListener: contextDestroyed()
七月 01, 2016 1:50:43 下午 org.apache.catalina.core.ApplicationContext log
信息: ContextListener: contextDestroyed()
