八月 03, 2016 11:11:37 上午 org.apache.catalina.core.ApplicationContext log
信息: ContextListener: contextInitialized()
八月 03, 2016 11:11:37 上午 org.apache.catalina.core.ApplicationContext log
信息: SessionListener: contextInitialized()
八月 03, 2016 11:11:37 上午 org.apache.catalina.core.ApplicationContext log
信息: ContextListener: attributeAdded('org.apache.jasper.compiler.TldLocationsCache', 'org.apache.jasper.compiler.TldLocationsCache@157e86d')
八月 03, 2016 11:12:14 上午 org.apache.catalina.core.ApplicationContext log
信息: SessionListener: contextDestroyed()
八月 03, 2016 11:12:14 上午 org.apache.catalina.core.ApplicationContext log
信息: ContextListener: contextDestroyed()
八月 03, 2016 11:14:25 上午 org.apache.catalina.core.ApplicationContext log
信息: ContextListener: contextInitialized()
八月 03, 2016 11:14:25 上午 org.apache.catalina.core.ApplicationContext log
信息: SessionListener: contextInitialized()
八月 03, 2016 11:14:25 上午 org.apache.catalina.core.ApplicationContext log
信息: ContextListener: attributeAdded('org.apache.jasper.compiler.TldLocationsCache', 'org.apache.jasper.compiler.TldLocationsCache@1b4640b')
八月 03, 2016 11:14:30 上午 org.apache.catalina.core.ApplicationContext log
信息: SessionListener: contextDestroyed()
八月 03, 2016 11:14:30 上午 org.apache.catalina.core.ApplicationContext log
信息: ContextListener: contextDestroyed()
八月 03, 2016 11:25:18 上午 org.apache.catalina.core.ApplicationContext log
信息: ContextListener: contextInitialized()
八月 03, 2016 11:25:18 上午 org.apache.catalina.core.ApplicationContext log
信息: SessionListener: contextInitialized()
八月 03, 2016 11:25:18 上午 org.apache.catalina.core.ApplicationContext log
信息: ContextListener: attributeAdded('org.apache.jasper.compiler.TldLocationsCache', 'org.apache.jasper.compiler.TldLocationsCache@283725')
八月 03, 2016 11:25:32 上午 org.apache.catalina.core.ApplicationContext log
信息: SessionListener: contextDestroyed()
八月 03, 2016 11:25:32 上午 org.apache.catalina.core.ApplicationContext log
信息: ContextListener: contextDestroyed()
八月 03, 2016 11:27:52 上午 org.apache.catalina.core.ApplicationContext log
信息: ContextListener: contextInitialized()
八月 03, 2016 11:27:52 上午 org.apache.catalina.core.ApplicationContext log
信息: SessionListener: contextInitialized()
八月 03, 2016 11:27:52 上午 org.apache.catalina.core.ApplicationContext log
信息: ContextListener: attributeAdded('org.apache.jasper.compiler.TldLocationsCache', 'org.apache.jasper.compiler.TldLocationsCache@1b4640b')
八月 03, 2016 11:27:57 上午 org.apache.catalina.core.ApplicationContext log
信息: SessionListener: contextDestroyed()
八月 03, 2016 11:27:57 上午 org.apache.catalina.core.ApplicationContext log
信息: ContextListener: contextDestroyed()
八月 03, 2016 11:28:24 上午 org.apache.catalina.core.ApplicationContext log
信息: ContextListener: contextInitialized()
八月 03, 2016 11:28:24 上午 org.apache.catalina.core.ApplicationContext log
信息: SessionListener: contextInitialized()
八月 03, 2016 11:28:24 上午 org.apache.catalina.core.ApplicationContext log
信息: ContextListener: attributeAdded('org.apache.jasper.compiler.TldLocationsCache', 'org.apache.jasper.compiler.TldLocationsCache@1b4640b')
八月 03, 2016 11:28:35 上午 org.apache.catalina.core.ApplicationContext log
信息: SessionListener: contextDestroyed()
八月 03, 2016 11:28:35 上午 org.apache.catalina.core.ApplicationContext log
信息: ContextListener: contextDestroyed()
八月 03, 2016 11:29:37 上午 org.apache.catalina.core.ApplicationContext log
信息: ContextListener: contextInitialized()
八月 03, 2016 11:29:37 上午 org.apache.catalina.core.ApplicationContext log
信息: SessionListener: contextInitialized()
八月 03, 2016 11:29:37 上午 org.apache.catalina.core.ApplicationContext log
信息: ContextListener: attributeAdded('org.apache.jasper.compiler.TldLocationsCache', 'org.apache.jasper.compiler.TldLocationsCache@283725')
八月 03, 2016 11:29:54 上午 org.apache.catalina.core.ApplicationContext log
信息: SessionListener: contextDestroyed()
八月 03, 2016 11:29:54 上午 org.apache.catalina.core.ApplicationContext log
信息: ContextListener: contextDestroyed()
八月 03, 2016 11:31:20 上午 org.apache.catalina.core.ApplicationContext log
信息: ContextListener: contextInitialized()
八月 03, 2016 11:31:20 上午 org.apache.catalina.core.ApplicationContext log
信息: SessionListener: contextInitialized()
八月 03, 2016 11:31:20 上午 org.apache.catalina.core.ApplicationContext log
信息: ContextListener: attributeAdded('org.apache.jasper.compiler.TldLocationsCache', 'org.apache.jasper.compiler.TldLocationsCache@283725')
八月 03, 2016 11:31:37 上午 org.apache.catalina.core.ApplicationContext log
信息: SessionListener: contextDestroyed()
八月 03, 2016 11:31:37 上午 org.apache.catalina.core.ApplicationContext log
信息: ContextListener: contextDestroyed()
八月 03, 2016 11:34:11 上午 org.apache.catalina.core.ApplicationContext log
信息: ContextListener: contextInitialized()
八月 03, 2016 11:34:11 上午 org.apache.catalina.core.ApplicationContext log
信息: SessionListener: contextInitialized()
八月 03, 2016 11:34:11 上午 org.apache.catalina.core.ApplicationContext log
信息: ContextListener: attributeAdded('org.apache.jasper.compiler.TldLocationsCache', 'org.apache.jasper.compiler.TldLocationsCache@1b4640b')
八月 03, 2016 11:34:33 上午 org.apache.catalina.core.ApplicationContext log
信息: SessionListener: contextDestroyed()
八月 03, 2016 11:34:33 上午 org.apache.catalina.core.ApplicationContext log
信息: ContextListener: contextDestroyed()
八月 03, 2016 11:34:59 上午 org.apache.catalina.core.ApplicationContext log
信息: ContextListener: contextInitialized()
八月 03, 2016 11:34:59 上午 org.apache.catalina.core.ApplicationContext log
信息: SessionListener: contextInitialized()
八月 03, 2016 11:34:59 上午 org.apache.catalina.core.ApplicationContext log
信息: ContextListener: attributeAdded('org.apache.jasper.compiler.TldLocationsCache', 'org.apache.jasper.compiler.TldLocationsCache@15c5e35')
八月 03, 2016 11:35:01 上午 org.apache.catalina.core.ApplicationContext log
信息: SessionListener: contextDestroyed()
八月 03, 2016 11:35:01 上午 org.apache.catalina.core.ApplicationContext log
信息: ContextListener: contextDestroyed()
八月 03, 2016 11:35:35 上午 org.apache.catalina.core.ApplicationContext log
信息: ContextListener: contextInitialized()
八月 03, 2016 11:35:35 上午 org.apache.catalina.core.ApplicationContext log
信息: SessionListener: contextInitialized()
八月 03, 2016 11:35:35 上午 org.apache.catalina.core.ApplicationContext log
信息: ContextListener: attributeAdded('org.apache.jasper.compiler.TldLocationsCache', 'org.apache.jasper.compiler.TldLocationsCache@32acfb')
八月 03, 2016 11:35:40 上午 org.apache.catalina.core.ApplicationContext log
信息: SessionListener: contextDestroyed()
八月 03, 2016 11:35:40 上午 org.apache.catalina.core.ApplicationContext log
信息: ContextListener: contextDestroyed()
八月 03, 2016 11:36:55 上午 org.apache.catalina.core.ApplicationContext log
信息: ContextListener: contextInitialized()
八月 03, 2016 11:36:55 上午 org.apache.catalina.core.ApplicationContext log
信息: SessionListener: contextInitialized()
八月 03, 2016 11:36:55 上午 org.apache.catalina.core.ApplicationContext log
信息: ContextListener: attributeAdded('org.apache.jasper.compiler.TldLocationsCache', 'org.apache.jasper.compiler.TldLocationsCache@1b4640b')
八月 03, 2016 12:51:09 下午 org.apache.catalina.core.ApplicationContext log
信息: ContextListener: contextInitialized()
八月 03, 2016 12:51:09 下午 org.apache.catalina.core.ApplicationContext log
信息: SessionListener: contextInitialized()
八月 03, 2016 12:51:09 下午 org.apache.catalina.core.ApplicationContext log
信息: ContextListener: attributeAdded('org.apache.jasper.compiler.TldLocationsCache', 'org.apache.jasper.compiler.TldLocationsCache@1c7a8f')
八月 03, 2016 12:51:09 下午 org.apache.catalina.core.ApplicationContext log
信息: SessionListener: contextDestroyed()
八月 03, 2016 12:51:09 下午 org.apache.catalina.core.ApplicationContext log
信息: ContextListener: contextDestroyed()
八月 03, 2016 12:51:29 下午 org.apache.catalina.core.ApplicationContext log
信息: ContextListener: contextInitialized()
八月 03, 2016 12:51:29 下午 org.apache.catalina.core.ApplicationContext log
信息: SessionListener: contextInitialized()
八月 03, 2016 12:51:29 下午 org.apache.catalina.core.ApplicationContext log
信息: ContextListener: attributeAdded('org.apache.jasper.compiler.TldLocationsCache', 'org.apache.jasper.compiler.TldLocationsCache@1c7a8f')
八月 03, 2016 12:51:29 下午 org.apache.catalina.core.ApplicationContext log
信息: SessionListener: contextDestroyed()
八月 03, 2016 12:51:29 下午 org.apache.catalina.core.ApplicationContext log
信息: ContextListener: contextDestroyed()
八月 03, 2016 12:51:57 下午 org.apache.catalina.core.ApplicationContext log
信息: SessionListener: contextDestroyed()
八月 03, 2016 12:51:57 下午 org.apache.catalina.core.ApplicationContext log
信息: ContextListener: contextDestroyed()
八月 03, 2016 12:52:18 下午 org.apache.catalina.core.ApplicationContext log
信息: ContextListener: contextInitialized()
八月 03, 2016 12:52:19 下午 org.apache.catalina.core.ApplicationContext log
信息: SessionListener: contextInitialized()
八月 03, 2016 12:52:19 下午 org.apache.catalina.core.ApplicationContext log
信息: ContextListener: attributeAdded('org.apache.jasper.compiler.TldLocationsCache', 'org.apache.jasper.compiler.TldLocationsCache@15c5e35')
八月 03, 2016 12:53:56 下午 org.apache.catalina.core.ApplicationContext log
信息: ContextListener: contextInitialized()
八月 03, 2016 12:53:56 下午 org.apache.catalina.core.ApplicationContext log
信息: SessionListener: contextInitialized()
八月 03, 2016 12:53:56 下午 org.apache.catalina.core.ApplicationContext log
信息: ContextListener: attributeAdded('org.apache.jasper.compiler.TldLocationsCache', 'org.apache.jasper.compiler.TldLocationsCache@274f5f')
八月 03, 2016 12:53:56 下午 org.apache.catalina.core.ApplicationContext log
信息: SessionListener: contextDestroyed()
八月 03, 2016 12:53:56 下午 org.apache.catalina.core.ApplicationContext log
信息: ContextListener: contextDestroyed()
八月 03, 2016 12:54:46 下午 org.apache.catalina.core.ApplicationContext log
信息: SessionListener: contextDestroyed()
八月 03, 2016 12:54:46 下午 org.apache.catalina.core.ApplicationContext log
信息: ContextListener: contextDestroyed()
八月 03, 2016 1:48:55 下午 org.apache.catalina.core.ApplicationContext log
信息: ContextListener: contextInitialized()
八月 03, 2016 1:48:55 下午 org.apache.catalina.core.ApplicationContext log
信息: SessionListener: contextInitialized()
八月 03, 2016 1:48:55 下午 org.apache.catalina.core.ApplicationContext log
信息: ContextListener: attributeAdded('org.apache.jasper.compiler.TldLocationsCache', 'org.apache.jasper.compiler.TldLocationsCache@1b4640b')
八月 03, 2016 1:50:45 下午 org.apache.catalina.core.ApplicationContext log
信息: SessionListener: contextDestroyed()
八月 03, 2016 1:50:45 下午 org.apache.catalina.core.ApplicationContext log
信息: ContextListener: contextDestroyed()
八月 03, 2016 2:05:15 下午 org.apache.catalina.core.ApplicationContext log
信息: ContextListener: contextInitialized()
八月 03, 2016 2:05:15 下午 org.apache.catalina.core.ApplicationContext log
信息: SessionListener: contextInitialized()
八月 03, 2016 2:05:15 下午 org.apache.catalina.core.ApplicationContext log
信息: ContextListener: attributeAdded('org.apache.jasper.compiler.TldLocationsCache', 'org.apache.jasper.compiler.TldLocationsCache@1b4640b')
八月 03, 2016 2:05:40 下午 org.apache.catalina.core.ApplicationContext log
信息: SessionListener: contextDestroyed()
八月 03, 2016 2:05:40 下午 org.apache.catalina.core.ApplicationContext log
信息: ContextListener: contextDestroyed()
八月 03, 2016 2:06:38 下午 org.apache.catalina.core.ApplicationContext log
信息: ContextListener: contextInitialized()
八月 03, 2016 2:06:38 下午 org.apache.catalina.core.ApplicationContext log
信息: SessionListener: contextInitialized()
八月 03, 2016 2:06:38 下午 org.apache.catalina.core.ApplicationContext log
信息: ContextListener: attributeAdded('org.apache.jasper.compiler.TldLocationsCache', 'org.apache.jasper.compiler.TldLocationsCache@32acfb')
八月 03, 2016 2:06:42 下午 org.apache.catalina.core.ApplicationContext log
信息: SessionListener: contextDestroyed()
八月 03, 2016 2:06:42 下午 org.apache.catalina.core.ApplicationContext log
信息: ContextListener: contextDestroyed()
八月 03, 2016 2:07:22 下午 org.apache.catalina.core.ApplicationContext log
信息: ContextListener: contextInitialized()
八月 03, 2016 2:07:22 下午 org.apache.catalina.core.ApplicationContext log
信息: SessionListener: contextInitialized()
八月 03, 2016 2:07:22 下午 org.apache.catalina.core.ApplicationContext log
信息: ContextListener: attributeAdded('org.apache.jasper.compiler.TldLocationsCache', 'org.apache.jasper.compiler.TldLocationsCache@1b4640b')
八月 03, 2016 2:08:10 下午 org.apache.catalina.core.ApplicationContext log
信息: SessionListener: contextDestroyed()
八月 03, 2016 2:08:10 下午 org.apache.catalina.core.ApplicationContext log
信息: ContextListener: contextDestroyed()
八月 03, 2016 2:09:24 下午 org.apache.catalina.core.ApplicationContext log
信息: ContextListener: contextInitialized()
八月 03, 2016 2:09:24 下午 org.apache.catalina.core.ApplicationContext log
信息: SessionListener: contextInitialized()
八月 03, 2016 2:09:24 下午 org.apache.catalina.core.ApplicationContext log
信息: ContextListener: attributeAdded('org.apache.jasper.compiler.TldLocationsCache', 'org.apache.jasper.compiler.TldLocationsCache@1b4640b')
八月 03, 2016 2:09:52 下午 org.apache.catalina.core.ApplicationContext log
信息: SessionListener: contextDestroyed()
八月 03, 2016 2:09:52 下午 org.apache.catalina.core.ApplicationContext log
信息: ContextListener: contextDestroyed()
八月 03, 2016 2:10:25 下午 org.apache.catalina.core.ApplicationContext log
信息: ContextListener: contextInitialized()
八月 03, 2016 2:10:25 下午 org.apache.catalina.core.ApplicationContext log
信息: SessionListener: contextInitialized()
八月 03, 2016 2:10:25 下午 org.apache.catalina.core.ApplicationContext log
信息: ContextListener: attributeAdded('org.apache.jasper.compiler.TldLocationsCache', 'org.apache.jasper.compiler.TldLocationsCache@283725')
八月 03, 2016 2:10:39 下午 org.apache.catalina.core.ApplicationContext log
信息: SessionListener: contextDestroyed()
八月 03, 2016 2:10:39 下午 org.apache.catalina.core.ApplicationContext log
信息: ContextListener: contextDestroyed()
八月 03, 2016 2:10:52 下午 org.apache.catalina.core.ApplicationContext log
信息: ContextListener: contextInitialized()
八月 03, 2016 2:10:52 下午 org.apache.catalina.core.ApplicationContext log
信息: SessionListener: contextInitialized()
八月 03, 2016 2:10:52 下午 org.apache.catalina.core.ApplicationContext log
信息: ContextListener: attributeAdded('org.apache.jasper.compiler.TldLocationsCache', 'org.apache.jasper.compiler.TldLocationsCache@32acfb')
八月 03, 2016 2:11:12 下午 org.apache.catalina.core.ApplicationContext log
信息: SessionListener: contextDestroyed()
八月 03, 2016 2:11:12 下午 org.apache.catalina.core.ApplicationContext log
信息: ContextListener: contextDestroyed()
八月 03, 2016 2:13:16 下午 org.apache.catalina.core.ApplicationContext log
信息: ContextListener: contextInitialized()
八月 03, 2016 2:13:16 下午 org.apache.catalina.core.ApplicationContext log
信息: SessionListener: contextInitialized()
八月 03, 2016 2:13:16 下午 org.apache.catalina.core.ApplicationContext log
信息: ContextListener: attributeAdded('org.apache.jasper.compiler.TldLocationsCache', 'org.apache.jasper.compiler.TldLocationsCache@1b4640b')
八月 03, 2016 2:16:25 下午 org.apache.catalina.core.ApplicationContext log
信息: SessionListener: contextDestroyed()
八月 03, 2016 2:16:25 下午 org.apache.catalina.core.ApplicationContext log
信息: ContextListener: contextDestroyed()
八月 03, 2016 2:16:30 下午 org.apache.catalina.core.ApplicationContext log
信息: ContextListener: contextInitialized()
八月 03, 2016 2:16:30 下午 org.apache.catalina.core.ApplicationContext log
信息: SessionListener: contextInitialized()
八月 03, 2016 2:16:30 下午 org.apache.catalina.core.ApplicationContext log
信息: ContextListener: attributeAdded('org.apache.jasper.compiler.TldLocationsCache', 'org.apache.jasper.compiler.TldLocationsCache@1b4640b')
八月 03, 2016 2:24:00 下午 org.apache.catalina.core.ApplicationContext log
信息: ContextListener: contextInitialized()
八月 03, 2016 2:24:00 下午 org.apache.catalina.core.ApplicationContext log
信息: SessionListener: contextInitialized()
八月 03, 2016 2:24:00 下午 org.apache.catalina.core.ApplicationContext log
信息: ContextListener: attributeAdded('org.apache.jasper.compiler.TldLocationsCache', 'org.apache.jasper.compiler.TldLocationsCache@1c7a8f')
八月 03, 2016 2:24:00 下午 org.apache.catalina.core.ApplicationContext log
信息: SessionListener: contextDestroyed()
八月 03, 2016 2:24:00 下午 org.apache.catalina.core.ApplicationContext log
信息: ContextListener: contextDestroyed()
八月 03, 2016 2:24:59 下午 org.apache.catalina.core.ApplicationContext log
信息: ContextListener: contextInitialized()
八月 03, 2016 2:24:59 下午 org.apache.catalina.core.ApplicationContext log
信息: SessionListener: contextInitialized()
八月 03, 2016 2:24:59 下午 org.apache.catalina.core.ApplicationContext log
信息: ContextListener: attributeAdded('org.apache.jasper.compiler.TldLocationsCache', 'org.apache.jasper.compiler.TldLocationsCache@1c7a8f')
八月 03, 2016 2:24:59 下午 org.apache.catalina.core.ApplicationContext log
信息: SessionListener: contextDestroyed()
八月 03, 2016 2:24:59 下午 org.apache.catalina.core.ApplicationContext log
信息: ContextListener: contextDestroyed()
八月 03, 2016 2:25:25 下午 org.apache.catalina.core.ApplicationContext log
信息: SessionListener: contextDestroyed()
八月 03, 2016 2:25:25 下午 org.apache.catalina.core.ApplicationContext log
信息: ContextListener: contextDestroyed()
八月 03, 2016 2:28:06 下午 org.apache.catalina.core.ApplicationContext log
信息: ContextListener: contextInitialized()
八月 03, 2016 2:28:06 下午 org.apache.catalina.core.ApplicationContext log
信息: SessionListener: contextInitialized()
八月 03, 2016 2:28:06 下午 org.apache.catalina.core.ApplicationContext log
信息: ContextListener: attributeAdded('org.apache.jasper.compiler.TldLocationsCache', 'org.apache.jasper.compiler.TldLocationsCache@1b4640b')
八月 03, 2016 2:31:44 下午 org.apache.catalina.core.ApplicationContext log
信息: ContextListener: contextInitialized()
八月 03, 2016 2:31:44 下午 org.apache.catalina.core.ApplicationContext log
信息: SessionListener: contextInitialized()
八月 03, 2016 2:31:44 下午 org.apache.catalina.core.ApplicationContext log
信息: ContextListener: attributeAdded('org.apache.jasper.compiler.TldLocationsCache', 'org.apache.jasper.compiler.TldLocationsCache@274f5f')
八月 03, 2016 2:31:44 下午 org.apache.catalina.core.ApplicationContext log
信息: SessionListener: contextDestroyed()
八月 03, 2016 2:31:44 下午 org.apache.catalina.core.ApplicationContext log
信息: ContextListener: contextDestroyed()
八月 03, 2016 2:35:17 下午 org.apache.catalina.core.ApplicationContext log
信息: SessionListener: contextDestroyed()
八月 03, 2016 2:35:17 下午 org.apache.catalina.core.ApplicationContext log
信息: ContextListener: contextDestroyed()
八月 03, 2016 2:37:10 下午 org.apache.catalina.core.ApplicationContext log
信息: ContextListener: contextInitialized()
八月 03, 2016 2:37:10 下午 org.apache.catalina.core.ApplicationContext log
信息: SessionListener: contextInitialized()
八月 03, 2016 2:37:10 下午 org.apache.catalina.core.ApplicationContext log
信息: ContextListener: attributeAdded('org.apache.jasper.compiler.TldLocationsCache', 'org.apache.jasper.compiler.TldLocationsCache@1b4640b')
八月 03, 2016 2:37:47 下午 org.apache.catalina.core.ApplicationContext log
信息: SessionListener: contextDestroyed()
八月 03, 2016 2:37:47 下午 org.apache.catalina.core.ApplicationContext log
信息: ContextListener: contextDestroyed()
八月 03, 2016 2:49:47 下午 org.apache.catalina.core.ApplicationContext log
信息: ContextListener: contextInitialized()
八月 03, 2016 2:49:47 下午 org.apache.catalina.core.ApplicationContext log
信息: SessionListener: contextInitialized()
八月 03, 2016 2:49:47 下午 org.apache.catalina.core.ApplicationContext log
信息: ContextListener: attributeAdded('org.apache.jasper.compiler.TldLocationsCache', 'org.apache.jasper.compiler.TldLocationsCache@1eac922')
八月 03, 2016 2:50:21 下午 org.apache.catalina.core.ApplicationContext log
信息: SessionListener: contextDestroyed()
八月 03, 2016 2:50:21 下午 org.apache.catalina.core.ApplicationContext log
信息: ContextListener: contextDestroyed()
八月 03, 2016 2:54:07 下午 org.apache.catalina.core.ApplicationContext log
信息: ContextListener: contextInitialized()
八月 03, 2016 2:54:07 下午 org.apache.catalina.core.ApplicationContext log
信息: SessionListener: contextInitialized()
八月 03, 2016 2:54:07 下午 org.apache.catalina.core.ApplicationContext log
信息: ContextListener: attributeAdded('org.apache.jasper.compiler.TldLocationsCache', 'org.apache.jasper.compiler.TldLocationsCache@1eac922')
八月 03, 2016 2:55:48 下午 org.apache.catalina.core.ApplicationContext log
信息: SessionListener: contextDestroyed()
八月 03, 2016 2:55:48 下午 org.apache.catalina.core.ApplicationContext log
信息: ContextListener: contextDestroyed()
八月 03, 2016 2:57:04 下午 org.apache.catalina.core.ApplicationContext log
信息: ContextListener: contextInitialized()
八月 03, 2016 2:57:04 下午 org.apache.catalina.core.ApplicationContext log
信息: SessionListener: contextInitialized()
八月 03, 2016 2:57:04 下午 org.apache.catalina.core.ApplicationContext log
信息: ContextListener: attributeAdded('org.apache.jasper.compiler.TldLocationsCache', 'org.apache.jasper.compiler.TldLocationsCache@10bf686')
八月 03, 2016 2:58:12 下午 org.apache.catalina.core.ApplicationContext log
信息: SessionListener: contextDestroyed()
八月 03, 2016 2:58:12 下午 org.apache.catalina.core.ApplicationContext log
信息: ContextListener: contextDestroyed()
八月 03, 2016 3:01:25 下午 org.apache.catalina.core.ApplicationContext log
信息: ContextListener: contextInitialized()
八月 03, 2016 3:01:25 下午 org.apache.catalina.core.ApplicationContext log
信息: SessionListener: contextInitialized()
八月 03, 2016 3:01:25 下午 org.apache.catalina.core.ApplicationContext log
信息: ContextListener: attributeAdded('org.apache.jasper.compiler.TldLocationsCache', 'org.apache.jasper.compiler.TldLocationsCache@1eac922')
八月 03, 2016 3:08:24 下午 org.apache.catalina.core.ApplicationContext log
信息: ContextListener: contextInitialized()
八月 03, 2016 3:08:24 下午 org.apache.catalina.core.ApplicationContext log
信息: SessionListener: contextInitialized()
八月 03, 2016 3:08:24 下午 org.apache.catalina.core.ApplicationContext log
信息: ContextListener: attributeAdded('org.apache.jasper.compiler.TldLocationsCache', 'org.apache.jasper.compiler.TldLocationsCache@13952e8')
八月 03, 2016 3:08:24 下午 org.apache.catalina.core.ApplicationContext log
信息: SessionListener: contextDestroyed()
八月 03, 2016 3:08:24 下午 org.apache.catalina.core.ApplicationContext log
信息: ContextListener: contextDestroyed()
八月 03, 2016 3:08:48 下午 org.apache.catalina.core.ApplicationContext log
信息: SessionListener: contextDestroyed()
八月 03, 2016 3:08:48 下午 org.apache.catalina.core.ApplicationContext log
信息: ContextListener: contextDestroyed()
八月 03, 2016 3:10:11 下午 org.apache.catalina.core.ApplicationContext log
信息: ContextListener: contextInitialized()
八月 03, 2016 3:10:11 下午 org.apache.catalina.core.ApplicationContext log
信息: SessionListener: contextInitialized()
八月 03, 2016 3:10:11 下午 org.apache.catalina.core.ApplicationContext log
信息: ContextListener: attributeAdded('org.apache.jasper.compiler.TldLocationsCache', 'org.apache.jasper.compiler.TldLocationsCache@17c00c')
八月 03, 2016 3:10:52 下午 org.apache.catalina.core.ApplicationContext log
信息: SessionListener: contextDestroyed()
八月 03, 2016 3:10:52 下午 org.apache.catalina.core.ApplicationContext log
信息: ContextListener: contextDestroyed()
八月 03, 2016 3:19:08 下午 org.apache.catalina.core.ApplicationContext log
信息: ContextListener: contextInitialized()
八月 03, 2016 3:19:08 下午 org.apache.catalina.core.ApplicationContext log
信息: SessionListener: contextInitialized()
八月 03, 2016 3:19:08 下午 org.apache.catalina.core.ApplicationContext log
信息: ContextListener: attributeAdded('org.apache.jasper.compiler.TldLocationsCache', 'org.apache.jasper.compiler.TldLocationsCache@1eac922')
八月 03, 2016 3:19:44 下午 org.apache.catalina.core.ApplicationContext log
信息: SessionListener: contextDestroyed()
八月 03, 2016 3:19:44 下午 org.apache.catalina.core.ApplicationContext log
信息: ContextListener: contextDestroyed()
八月 03, 2016 3:21:56 下午 org.apache.catalina.core.ApplicationContext log
信息: ContextListener: contextInitialized()
八月 03, 2016 3:21:56 下午 org.apache.catalina.core.ApplicationContext log
信息: SessionListener: contextInitialized()
八月 03, 2016 3:21:56 下午 org.apache.catalina.core.ApplicationContext log
信息: ContextListener: attributeAdded('org.apache.jasper.compiler.TldLocationsCache', 'org.apache.jasper.compiler.TldLocationsCache@1eac922')
八月 03, 2016 3:22:44 下午 org.apache.catalina.core.ApplicationContext log
信息: SessionListener: contextDestroyed()
八月 03, 2016 3:22:44 下午 org.apache.catalina.core.ApplicationContext log
信息: ContextListener: contextDestroyed()
八月 03, 2016 3:25:02 下午 org.apache.catalina.core.ApplicationContext log
信息: ContextListener: contextInitialized()
八月 03, 2016 3:25:02 下午 org.apache.catalina.core.ApplicationContext log
信息: SessionListener: contextInitialized()
八月 03, 2016 3:25:02 下午 org.apache.catalina.core.ApplicationContext log
信息: ContextListener: attributeAdded('org.apache.jasper.compiler.TldLocationsCache', 'org.apache.jasper.compiler.TldLocationsCache@157e86d')
八月 03, 2016 3:25:58 下午 org.apache.catalina.core.ApplicationContext log
信息: SessionListener: contextDestroyed()
八月 03, 2016 3:25:58 下午 org.apache.catalina.core.ApplicationContext log
信息: ContextListener: contextDestroyed()
八月 03, 2016 3:29:51 下午 org.apache.catalina.core.ApplicationContext log
信息: ContextListener: contextInitialized()
八月 03, 2016 3:29:51 下午 org.apache.catalina.core.ApplicationContext log
信息: SessionListener: contextInitialized()
八月 03, 2016 3:29:51 下午 org.apache.catalina.core.ApplicationContext log
信息: ContextListener: attributeAdded('org.apache.jasper.compiler.TldLocationsCache', 'org.apache.jasper.compiler.TldLocationsCache@1eac922')
八月 03, 2016 3:32:30 下午 org.apache.catalina.core.ApplicationContext log
信息: SessionListener: contextDestroyed()
八月 03, 2016 3:32:30 下午 org.apache.catalina.core.ApplicationContext log
信息: ContextListener: contextDestroyed()
八月 03, 2016 3:32:38 下午 org.apache.catalina.core.ApplicationContext log
信息: ContextListener: contextInitialized()
八月 03, 2016 3:32:38 下午 org.apache.catalina.core.ApplicationContext log
信息: SessionListener: contextInitialized()
八月 03, 2016 3:32:38 下午 org.apache.catalina.core.ApplicationContext log
信息: ContextListener: attributeAdded('org.apache.jasper.compiler.TldLocationsCache', 'org.apache.jasper.compiler.TldLocationsCache@1eac922')
八月 03, 2016 3:34:04 下午 org.apache.catalina.core.ApplicationContext log
信息: ContextListener: contextInitialized()
八月 03, 2016 3:34:04 下午 org.apache.catalina.core.ApplicationContext log
信息: SessionListener: contextInitialized()
八月 03, 2016 3:34:04 下午 org.apache.catalina.core.ApplicationContext log
信息: ContextListener: attributeAdded('org.apache.jasper.compiler.TldLocationsCache', 'org.apache.jasper.compiler.TldLocationsCache@10bf686')
八月 03, 2016 3:34:43 下午 org.apache.catalina.core.ApplicationContext log
信息: SessionListener: contextDestroyed()
八月 03, 2016 3:34:43 下午 org.apache.catalina.core.ApplicationContext log
信息: ContextListener: contextDestroyed()
