十月 11, 2016 11:19:33 上午 org.apache.catalina.core.ApplicationContext log
信息: ContextListener: contextInitialized()
十月 11, 2016 11:19:33 上午 org.apache.catalina.core.ApplicationContext log
信息: SessionListener: contextInitialized()
十月 11, 2016 11:19:33 上午 org.apache.catalina.core.ApplicationContext log
信息: ContextListener: attributeAdded('org.apache.jasper.compiler.TldLocationsCache', 'org.apache.jasper.compiler.TldLocationsCache@22c3ff')
十月 11, 2016 11:49:57 上午 org.apache.catalina.core.ApplicationContext log
信息: SessionListener: contextDestroyed()
十月 11, 2016 11:49:57 上午 org.apache.catalina.core.ApplicationContext log
信息: ContextListener: contextDestroyed()
十月 11, 2016 4:42:55 下午 org.apache.catalina.core.ApplicationContext log
信息: ContextListener: contextInitialized()
十月 11, 2016 4:42:55 下午 org.apache.catalina.core.ApplicationContext log
信息: SessionListener: contextInitialized()
十月 11, 2016 4:42:55 下午 org.apache.catalina.core.ApplicationContext log
信息: ContextListener: attributeAdded('org.apache.jasper.compiler.TldLocationsCache', 'org.apache.jasper.compiler.TldLocationsCache@15c5e35')
十月 11, 2016 4:43:56 下午 org.apache.catalina.core.ApplicationContext log
信息: SessionListener: contextDestroyed()
十月 11, 2016 4:43:56 下午 org.apache.catalina.core.ApplicationContext log
信息: ContextListener: contextDestroyed()
十月 11, 2016 4:44:11 下午 org.apache.catalina.core.ApplicationContext log
信息: ContextListener: contextInitialized()
十月 11, 2016 4:44:11 下午 org.apache.catalina.core.ApplicationContext log
信息: SessionListener: contextInitialized()
十月 11, 2016 4:44:11 下午 org.apache.catalina.core.ApplicationContext log
信息: ContextListener: attributeAdded('org.apache.jasper.compiler.TldLocationsCache', 'org.apache.jasper.compiler.TldLocationsCache@22c3ff')
十月 11, 2016 4:44:55 下午 org.apache.catalina.core.ApplicationContext log
信息: SessionListener: contextDestroyed()
十月 11, 2016 4:44:55 下午 org.apache.catalina.core.ApplicationContext log
信息: ContextListener: contextDestroyed()
十月 11, 2016 4:45:50 下午 org.apache.catalina.core.ApplicationContext log
信息: ContextListener: contextInitialized()
十月 11, 2016 4:45:50 下午 org.apache.catalina.core.ApplicationContext log
信息: SessionListener: contextInitialized()
十月 11, 2016 4:45:50 下午 org.apache.catalina.core.ApplicationContext log
信息: ContextListener: attributeAdded('org.apache.jasper.compiler.TldLocationsCache', 'org.apache.jasper.compiler.TldLocationsCache@22c3ff')
十月 11, 2016 4:46:18 下午 org.apache.catalina.core.ApplicationContext log
信息: SessionListener: contextDestroyed()
十月 11, 2016 4:46:18 下午 org.apache.catalina.core.ApplicationContext log
信息: ContextListener: contextDestroyed()
十月 11, 2016 4:48:11 下午 org.apache.catalina.core.ApplicationContext log
信息: ContextListener: contextInitialized()
十月 11, 2016 4:48:11 下午 org.apache.catalina.core.ApplicationContext log
信息: SessionListener: contextInitialized()
十月 11, 2016 4:48:11 下午 org.apache.catalina.core.ApplicationContext log
信息: ContextListener: attributeAdded('org.apache.jasper.compiler.TldLocationsCache', 'org.apache.jasper.compiler.TldLocationsCache@8b7182')
十月 11, 2016 4:48:47 下午 org.apache.catalina.core.ApplicationContext log
信息: SessionListener: contextDestroyed()
十月 11, 2016 4:48:47 下午 org.apache.catalina.core.ApplicationContext log
信息: ContextListener: contextDestroyed()
十月 11, 2016 4:49:15 下午 org.apache.catalina.core.ApplicationContext log
信息: ContextListener: contextInitialized()
十月 11, 2016 4:49:15 下午 org.apache.catalina.core.ApplicationContext log
信息: SessionListener: contextInitialized()
十月 11, 2016 4:49:15 下午 org.apache.catalina.core.ApplicationContext log
信息: ContextListener: attributeAdded('org.apache.jasper.compiler.TldLocationsCache', 'org.apache.jasper.compiler.TldLocationsCache@22c3ff')
十月 11, 2016 4:51:54 下午 org.apache.catalina.core.ApplicationContext log
信息: SessionListener: contextDestroyed()
十月 11, 2016 4:51:54 下午 org.apache.catalina.core.ApplicationContext log
信息: ContextListener: contextDestroyed()
十月 11, 2016 4:52:12 下午 org.apache.catalina.core.ApplicationContext log
信息: ContextListener: contextInitialized()
十月 11, 2016 4:52:12 下午 org.apache.catalina.core.ApplicationContext log
信息: SessionListener: contextInitialized()
十月 11, 2016 4:52:12 下午 org.apache.catalina.core.ApplicationContext log
信息: ContextListener: attributeAdded('org.apache.jasper.compiler.TldLocationsCache', 'org.apache.jasper.compiler.TldLocationsCache@22c3ff')
十月 11, 2016 4:53:11 下午 org.apache.catalina.core.ApplicationContext log
信息: SessionListener: contextDestroyed()
十月 11, 2016 4:53:11 下午 org.apache.catalina.core.ApplicationContext log
信息: ContextListener: contextDestroyed()
十月 11, 2016 5:29:37 下午 org.apache.catalina.core.ApplicationContext log
信息: ContextListener: contextInitialized()
十月 11, 2016 5:29:37 下午 org.apache.catalina.core.ApplicationContext log
信息: SessionListener: contextInitialized()
十月 11, 2016 5:29:37 下午 org.apache.catalina.core.ApplicationContext log
信息: ContextListener: attributeAdded('org.apache.jasper.compiler.TldLocationsCache', 'org.apache.jasper.compiler.TldLocationsCache@22c3ff')
十月 11, 2016 5:30:18 下午 org.apache.catalina.core.ApplicationContext log
信息: SessionListener: contextDestroyed()
十月 11, 2016 5:30:18 下午 org.apache.catalina.core.ApplicationContext log
信息: ContextListener: contextDestroyed()
十月 11, 2016 5:31:14 下午 org.apache.catalina.core.ApplicationContext log
信息: ContextListener: contextInitialized()
十月 11, 2016 5:31:14 下午 org.apache.catalina.core.ApplicationContext log
信息: SessionListener: contextInitialized()
十月 11, 2016 5:31:14 下午 org.apache.catalina.core.ApplicationContext log
信息: ContextListener: attributeAdded('org.apache.jasper.compiler.TldLocationsCache', 'org.apache.jasper.compiler.TldLocationsCache@8b7182')
十月 11, 2016 6:56:13 下午 org.apache.catalina.core.ApplicationContext log
信息: SessionListener: contextDestroyed()
十月 11, 2016 6:56:13 下午 org.apache.catalina.core.ApplicationContext log
信息: ContextListener: contextDestroyed()
十月 11, 2016 7:05:30 下午 org.apache.catalina.core.ApplicationContext log
信息: ContextListener: contextInitialized()
十月 11, 2016 7:05:30 下午 org.apache.catalina.core.ApplicationContext log
信息: SessionListener: contextInitialized()
十月 11, 2016 7:05:30 下午 org.apache.catalina.core.ApplicationContext log
信息: ContextListener: attributeAdded('org.apache.jasper.compiler.TldLocationsCache', 'org.apache.jasper.compiler.TldLocationsCache@22c3ff')
十月 11, 2016 7:37:39 下午 org.apache.catalina.core.ApplicationContext log
信息: SessionListener: contextDestroyed()
十月 11, 2016 7:37:39 下午 org.apache.catalina.core.ApplicationContext log
信息: ContextListener: contextDestroyed()
十月 11, 2016 7:37:50 下午 org.apache.catalina.core.ApplicationContext log
信息: ContextListener: contextInitialized()
十月 11, 2016 7:37:50 下午 org.apache.catalina.core.ApplicationContext log
信息: SessionListener: contextInitialized()
十月 11, 2016 7:37:50 下午 org.apache.catalina.core.ApplicationContext log
信息: ContextListener: attributeAdded('org.apache.jasper.compiler.TldLocationsCache', 'org.apache.jasper.compiler.TldLocationsCache@22c3ff')
十月 11, 2016 7:43:02 下午 org.apache.catalina.core.ApplicationContext log
信息: SessionListener: contextDestroyed()
十月 11, 2016 7:43:02 下午 org.apache.catalina.core.ApplicationContext log
信息: ContextListener: contextDestroyed()
十月 11, 2016 7:43:13 下午 org.apache.catalina.core.ApplicationContext log
信息: ContextListener: contextInitialized()
十月 11, 2016 7:43:13 下午 org.apache.catalina.core.ApplicationContext log
信息: SessionListener: contextInitialized()
十月 11, 2016 7:43:13 下午 org.apache.catalina.core.ApplicationContext log
信息: ContextListener: attributeAdded('org.apache.jasper.compiler.TldLocationsCache', 'org.apache.jasper.compiler.TldLocationsCache@942e54')
十月 11, 2016 8:03:22 下午 org.apache.catalina.core.ApplicationContext log
信息: SessionListener: contextDestroyed()
十月 11, 2016 8:03:22 下午 org.apache.catalina.core.ApplicationContext log
信息: ContextListener: contextDestroyed()
十月 11, 2016 8:03:28 下午 org.apache.catalina.core.ApplicationContext log
信息: ContextListener: contextInitialized()
十月 11, 2016 8:03:28 下午 org.apache.catalina.core.ApplicationContext log
信息: SessionListener: contextInitialized()
十月 11, 2016 8:03:28 下午 org.apache.catalina.core.ApplicationContext log
信息: ContextListener: attributeAdded('org.apache.jasper.compiler.TldLocationsCache', 'org.apache.jasper.compiler.TldLocationsCache@942e54')
十月 11, 2016 8:37:30 下午 org.apache.catalina.core.ApplicationContext log
信息: SessionListener: contextDestroyed()
十月 11, 2016 8:37:30 下午 org.apache.catalina.core.ApplicationContext log
信息: ContextListener: contextDestroyed()
十月 11, 2016 8:40:28 下午 org.apache.catalina.core.ApplicationContext log
信息: ContextListener: contextInitialized()
十月 11, 2016 8:40:28 下午 org.apache.catalina.core.ApplicationContext log
信息: SessionListener: contextInitialized()
十月 11, 2016 8:40:28 下午 org.apache.catalina.core.ApplicationContext log
信息: ContextListener: attributeAdded('org.apache.jasper.compiler.TldLocationsCache', 'org.apache.jasper.compiler.TldLocationsCache@22c3ff')
十月 11, 2016 9:04:24 下午 org.apache.catalina.core.ApplicationContext log
信息: SessionListener: contextDestroyed()
十月 11, 2016 9:04:24 下午 org.apache.catalina.core.ApplicationContext log
信息: ContextListener: contextDestroyed()
十月 11, 2016 9:04:32 下午 org.apache.catalina.core.ApplicationContext log
信息: ContextListener: contextInitialized()
十月 11, 2016 9:04:32 下午 org.apache.catalina.core.ApplicationContext log
信息: SessionListener: contextInitialized()
十月 11, 2016 9:04:32 下午 org.apache.catalina.core.ApplicationContext log
信息: ContextListener: attributeAdded('org.apache.jasper.compiler.TldLocationsCache', 'org.apache.jasper.compiler.TldLocationsCache@22c3ff')
十月 11, 2016 9:10:23 下午 org.apache.catalina.core.ApplicationContext log
信息: SessionListener: contextDestroyed()
十月 11, 2016 9:10:23 下午 org.apache.catalina.core.ApplicationContext log
信息: ContextListener: contextDestroyed()
十月 11, 2016 9:12:28 下午 org.apache.catalina.core.ApplicationContext log
信息: ContextListener: contextInitialized()
十月 11, 2016 9:12:28 下午 org.apache.catalina.core.ApplicationContext log
信息: SessionListener: contextInitialized()
十月 11, 2016 9:12:28 下午 org.apache.catalina.core.ApplicationContext log
信息: ContextListener: attributeAdded('org.apache.jasper.compiler.TldLocationsCache', 'org.apache.jasper.compiler.TldLocationsCache@8b7182')
十月 11, 2016 9:15:25 下午 org.apache.catalina.core.ApplicationContext log
信息: SessionListener: contextDestroyed()
十月 11, 2016 9:15:25 下午 org.apache.catalina.core.ApplicationContext log
信息: ContextListener: contextDestroyed()
十月 11, 2016 9:15:34 下午 org.apache.catalina.core.ApplicationContext log
信息: ContextListener: contextInitialized()
十月 11, 2016 9:15:34 下午 org.apache.catalina.core.ApplicationContext log
信息: SessionListener: contextInitialized()
十月 11, 2016 9:15:34 下午 org.apache.catalina.core.ApplicationContext log
信息: ContextListener: attributeAdded('org.apache.jasper.compiler.TldLocationsCache', 'org.apache.jasper.compiler.TldLocationsCache@8b7182')
十月 11, 2016 9:38:41 下午 org.apache.catalina.core.ApplicationContext log
信息: ContextListener: contextInitialized()
十月 11, 2016 9:38:41 下午 org.apache.catalina.core.ApplicationContext log
信息: SessionListener: contextInitialized()
十月 11, 2016 9:38:41 下午 org.apache.catalina.core.ApplicationContext log
信息: ContextListener: attributeAdded('org.apache.jasper.compiler.TldLocationsCache', 'org.apache.jasper.compiler.TldLocationsCache@22c3ff')
十月 11, 2016 9:39:09 下午 org.apache.catalina.core.ApplicationContext log
信息: SessionListener: contextDestroyed()
十月 11, 2016 9:39:09 下午 org.apache.catalina.core.ApplicationContext log
信息: ContextListener: contextDestroyed()
十月 11, 2016 9:40:06 下午 org.apache.catalina.core.ApplicationContext log
信息: ContextListener: contextInitialized()
十月 11, 2016 9:40:06 下午 org.apache.catalina.core.ApplicationContext log
信息: SessionListener: contextInitialized()
十月 11, 2016 9:40:06 下午 org.apache.catalina.core.ApplicationContext log
信息: ContextListener: attributeAdded('org.apache.jasper.compiler.TldLocationsCache', 'org.apache.jasper.compiler.TldLocationsCache@942e54')
十月 11, 2016 9:41:17 下午 org.apache.catalina.core.ApplicationContext log
信息: SessionListener: contextDestroyed()
十月 11, 2016 9:41:17 下午 org.apache.catalina.core.ApplicationContext log
信息: ContextListener: contextDestroyed()
十月 11, 2016 9:42:23 下午 org.apache.catalina.core.ApplicationContext log
信息: ContextListener: contextInitialized()
十月 11, 2016 9:42:23 下午 org.apache.catalina.core.ApplicationContext log
信息: SessionListener: contextInitialized()
十月 11, 2016 9:42:23 下午 org.apache.catalina.core.ApplicationContext log
信息: ContextListener: attributeAdded('org.apache.jasper.compiler.TldLocationsCache', 'org.apache.jasper.compiler.TldLocationsCache@22c3ff')
十月 11, 2016 9:42:59 下午 org.apache.catalina.core.ApplicationContext log
信息: SessionListener: contextDestroyed()
十月 11, 2016 9:42:59 下午 org.apache.catalina.core.ApplicationContext log
信息: ContextListener: contextDestroyed()
十月 11, 2016 9:43:46 下午 org.apache.catalina.core.ApplicationContext log
信息: ContextListener: contextInitialized()
十月 11, 2016 9:43:46 下午 org.apache.catalina.core.ApplicationContext log
信息: SessionListener: contextInitialized()
十月 11, 2016 9:43:46 下午 org.apache.catalina.core.ApplicationContext log
信息: ContextListener: attributeAdded('org.apache.jasper.compiler.TldLocationsCache', 'org.apache.jasper.compiler.TldLocationsCache@22c3ff')
十月 11, 2016 10:04:17 下午 org.apache.catalina.core.ApplicationContext log
信息: SessionListener: contextDestroyed()
十月 11, 2016 10:04:17 下午 org.apache.catalina.core.ApplicationContext log
信息: ContextListener: contextDestroyed()
