九月 17, 2016 10:24:44 上午 org.apache.catalina.core.ApplicationContext log
信息: ContextListener: contextInitialized()
九月 17, 2016 10:24:44 上午 org.apache.catalina.core.ApplicationContext log
信息: SessionListener: contextInitialized()
九月 17, 2016 10:24:44 上午 org.apache.catalina.core.ApplicationContext log
信息: ContextListener: attributeAdded('org.apache.jasper.compiler.TldLocationsCache', 'org.apache.jasper.compiler.TldLocationsCache@b2011b')
九月 17, 2016 10:56:44 上午 org.apache.catalina.core.ApplicationContext log
信息: SessionListener: contextDestroyed()
九月 17, 2016 10:56:44 上午 org.apache.catalina.core.ApplicationContext log
信息: ContextListener: contextDestroyed()
九月 17, 2016 10:57:20 上午 org.apache.catalina.core.ApplicationContext log
信息: ContextListener: contextInitialized()
九月 17, 2016 10:57:20 上午 org.apache.catalina.core.ApplicationContext log
信息: SessionListener: contextInitialized()
九月 17, 2016 10:57:20 上午 org.apache.catalina.core.ApplicationContext log
信息: ContextListener: attributeAdded('org.apache.jasper.compiler.TldLocationsCache', 'org.apache.jasper.compiler.TldLocationsCache@15c5e35')
九月 17, 2016 10:57:51 上午 org.apache.catalina.core.ApplicationContext log
信息: SessionListener: contextDestroyed()
九月 17, 2016 10:57:51 上午 org.apache.catalina.core.ApplicationContext log
信息: ContextListener: contextDestroyed()
九月 17, 2016 11:00:54 上午 org.apache.catalina.core.ApplicationContext log
信息: ContextListener: contextInitialized()
九月 17, 2016 11:00:54 上午 org.apache.catalina.core.ApplicationContext log
信息: SessionListener: contextInitialized()
九月 17, 2016 11:00:54 上午 org.apache.catalina.core.ApplicationContext log
信息: ContextListener: attributeAdded('org.apache.jasper.compiler.TldLocationsCache', 'org.apache.jasper.compiler.TldLocationsCache@17c00c')
九月 17, 2016 11:18:22 上午 org.apache.catalina.core.ApplicationContext log
信息: SessionListener: contextDestroyed()
九月 17, 2016 11:18:22 上午 org.apache.catalina.core.ApplicationContext log
信息: ContextListener: contextDestroyed()
九月 17, 2016 11:18:58 上午 org.apache.catalina.core.ApplicationContext log
信息: ContextListener: contextInitialized()
九月 17, 2016 11:18:58 上午 org.apache.catalina.core.ApplicationContext log
信息: SessionListener: contextInitialized()
九月 17, 2016 11:18:58 上午 org.apache.catalina.core.ApplicationContext log
信息: ContextListener: attributeAdded('org.apache.jasper.compiler.TldLocationsCache', 'org.apache.jasper.compiler.TldLocationsCache@1740bcc')
九月 17, 2016 11:33:20 上午 org.apache.catalina.core.ApplicationContext log
信息: SessionListener: contextDestroyed()
九月 17, 2016 11:33:20 上午 org.apache.catalina.core.ApplicationContext log
信息: ContextListener: contextDestroyed()
九月 17, 2016 11:33:35 上午 org.apache.catalina.core.ApplicationContext log
信息: ContextListener: contextInitialized()
九月 17, 2016 11:33:35 上午 org.apache.catalina.core.ApplicationContext log
信息: SessionListener: contextInitialized()
九月 17, 2016 11:33:35 上午 org.apache.catalina.core.ApplicationContext log
信息: ContextListener: attributeAdded('org.apache.jasper.compiler.TldLocationsCache', 'org.apache.jasper.compiler.TldLocationsCache@b2011b')
九月 17, 2016 4:14:52 下午 org.apache.catalina.core.ApplicationContext log
信息: SessionListener: contextDestroyed()
九月 17, 2016 4:14:52 下午 org.apache.catalina.core.ApplicationContext log
信息: ContextListener: contextDestroyed()
九月 17, 2016 4:15:20 下午 org.apache.catalina.core.ApplicationContext log
信息: ContextListener: contextInitialized()
九月 17, 2016 4:15:20 下午 org.apache.catalina.core.ApplicationContext log
信息: SessionListener: contextInitialized()
九月 17, 2016 4:15:20 下午 org.apache.catalina.core.ApplicationContext log
信息: ContextListener: attributeAdded('org.apache.jasper.compiler.TldLocationsCache', 'org.apache.jasper.compiler.TldLocationsCache@b2011b')
九月 17, 2016 5:21:38 下午 org.apache.catalina.core.ApplicationContext log
信息: SessionListener: contextDestroyed()
九月 17, 2016 5:21:38 下午 org.apache.catalina.core.ApplicationContext log
信息: ContextListener: contextDestroyed()
