四月 13, 2016 9:21:14 上午 org.apache.catalina.core.ApplicationContext log
信息: ContextListener: contextInitialized()
四月 13, 2016 9:21:14 上午 org.apache.catalina.core.ApplicationContext log
信息: SessionListener: contextInitialized()
四月 13, 2016 9:21:14 上午 org.apache.catalina.core.ApplicationContext log
信息: ContextListener: attributeAdded('org.apache.jasper.compiler.TldLocationsCache', 'org.apache.jasper.compiler.TldLocationsCache@bb7b31')
四月 13, 2016 9:21:15 上午 org.apache.catalina.core.ApplicationContext log
信息: SessionListener: contextDestroyed()
四月 13, 2016 9:21:15 上午 org.apache.catalina.core.ApplicationContext log
信息: ContextListener: contextDestroyed()
四月 13, 2016 9:30:41 上午 org.apache.catalina.core.ApplicationContext log
信息: ContextListener: contextInitialized()
四月 13, 2016 9:30:41 上午 org.apache.catalina.core.ApplicationContext log
信息: SessionListener: contextInitialized()
四月 13, 2016 9:30:41 上午 org.apache.catalina.core.ApplicationContext log
信息: ContextListener: attributeAdded('org.apache.jasper.compiler.TldLocationsCache', 'org.apache.jasper.compiler.TldLocationsCache@bb7b31')
四月 13, 2016 9:30:42 上午 org.apache.catalina.core.ApplicationContext log
信息: SessionListener: contextDestroyed()
四月 13, 2016 9:30:42 上午 org.apache.catalina.core.ApplicationContext log
信息: ContextListener: contextDestroyed()
四月 13, 2016 9:34:25 上午 org.apache.catalina.core.ApplicationContext log
信息: ContextListener: contextInitialized()
四月 13, 2016 9:34:25 上午 org.apache.catalina.core.ApplicationContext log
信息: SessionListener: contextInitialized()
四月 13, 2016 9:34:25 上午 org.apache.catalina.core.ApplicationContext log
信息: ContextListener: attributeAdded('org.apache.jasper.compiler.TldLocationsCache', 'org.apache.jasper.compiler.TldLocationsCache@379c2c')
四月 13, 2016 9:34:26 上午 org.apache.catalina.core.ApplicationContext log
信息: SessionListener: contextDestroyed()
四月 13, 2016 9:34:26 上午 org.apache.catalina.core.ApplicationContext log
信息: ContextListener: contextDestroyed()
四月 13, 2016 9:38:00 上午 org.apache.catalina.core.ApplicationContext log
信息: ContextListener: contextInitialized()
四月 13, 2016 9:38:00 上午 org.apache.catalina.core.ApplicationContext log
信息: SessionListener: contextInitialized()
四月 13, 2016 9:38:00 上午 org.apache.catalina.core.ApplicationContext log
信息: ContextListener: attributeAdded('org.apache.jasper.compiler.TldLocationsCache', 'org.apache.jasper.compiler.TldLocationsCache@1c1ce6e')
四月 13, 2016 9:41:42 上午 org.apache.catalina.core.ApplicationContext log
信息: SessionListener: contextDestroyed()
四月 13, 2016 9:41:42 上午 org.apache.catalina.core.ApplicationContext log
信息: ContextListener: contextDestroyed()
