七月 23, 2016 10:06:29 上午 org.apache.catalina.core.ApplicationContext log
信息: ContextListener: contextInitialized()
七月 23, 2016 10:06:29 上午 org.apache.catalina.core.ApplicationContext log
信息: SessionListener: contextInitialized()
七月 23, 2016 10:06:29 上午 org.apache.catalina.core.ApplicationContext log
信息: ContextListener: attributeAdded('org.apache.jasper.compiler.TldLocationsCache', 'org.apache.jasper.compiler.TldLocationsCache@e3a0a6')
七月 23, 2016 10:07:25 上午 org.apache.catalina.core.ApplicationContext log
信息: SessionListener: contextDestroyed()
七月 23, 2016 10:07:25 上午 org.apache.catalina.core.ApplicationContext log
信息: ContextListener: contextDestroyed()
七月 23, 2016 10:07:35 上午 org.apache.catalina.core.ApplicationContext log
信息: ContextListener: contextInitialized()
七月 23, 2016 10:07:35 上午 org.apache.catalina.core.ApplicationContext log
信息: SessionListener: contextInitialized()
七月 23, 2016 10:07:35 上午 org.apache.catalina.core.ApplicationContext log
信息: ContextListener: attributeAdded('org.apache.jasper.compiler.TldLocationsCache', 'org.apache.jasper.compiler.TldLocationsCache@1b4640b')
七月 23, 2016 10:09:04 上午 org.apache.catalina.core.ApplicationContext log
信息: SessionListener: contextDestroyed()
七月 23, 2016 10:09:04 上午 org.apache.catalina.core.ApplicationContext log
信息: ContextListener: contextDestroyed()
七月 23, 2016 10:12:07 上午 org.apache.catalina.core.ApplicationContext log
信息: ContextListener: contextInitialized()
七月 23, 2016 10:12:07 上午 org.apache.catalina.core.ApplicationContext log
信息: SessionListener: contextInitialized()
七月 23, 2016 10:12:07 上午 org.apache.catalina.core.ApplicationContext log
信息: ContextListener: attributeAdded('org.apache.jasper.compiler.TldLocationsCache', 'org.apache.jasper.compiler.TldLocationsCache@1b4640b')
七月 23, 2016 10:16:29 上午 org.apache.catalina.core.ApplicationContext log
信息: SessionListener: contextDestroyed()
七月 23, 2016 10:16:29 上午 org.apache.catalina.core.ApplicationContext log
信息: ContextListener: contextDestroyed()
七月 23, 2016 10:16:35 上午 org.apache.catalina.core.ApplicationContext log
信息: ContextListener: contextInitialized()
七月 23, 2016 10:16:35 上午 org.apache.catalina.core.ApplicationContext log
信息: SessionListener: contextInitialized()
七月 23, 2016 10:16:35 上午 org.apache.catalina.core.ApplicationContext log
信息: ContextListener: attributeAdded('org.apache.jasper.compiler.TldLocationsCache', 'org.apache.jasper.compiler.TldLocationsCache@1b4640b')
七月 23, 2016 10:20:17 上午 org.apache.catalina.core.ApplicationContext log
信息: SessionListener: contextDestroyed()
七月 23, 2016 10:20:17 上午 org.apache.catalina.core.ApplicationContext log
信息: ContextListener: contextDestroyed()
七月 23, 2016 10:20:36 上午 org.apache.catalina.core.ApplicationContext log
信息: ContextListener: contextInitialized()
七月 23, 2016 10:20:36 上午 org.apache.catalina.core.ApplicationContext log
信息: SessionListener: contextInitialized()
七月 23, 2016 10:20:36 上午 org.apache.catalina.core.ApplicationContext log
信息: ContextListener: attributeAdded('org.apache.jasper.compiler.TldLocationsCache', 'org.apache.jasper.compiler.TldLocationsCache@1b4640b')
七月 23, 2016 10:21:04 上午 org.apache.catalina.core.ApplicationContext log
信息: SessionListener: contextDestroyed()
七月 23, 2016 10:21:04 上午 org.apache.catalina.core.ApplicationContext log
信息: ContextListener: contextDestroyed()
七月 23, 2016 10:28:29 上午 org.apache.catalina.core.ApplicationContext log
信息: ContextListener: contextInitialized()
七月 23, 2016 10:28:29 上午 org.apache.catalina.core.ApplicationContext log
信息: SessionListener: contextInitialized()
七月 23, 2016 10:28:29 上午 org.apache.catalina.core.ApplicationContext log
信息: ContextListener: attributeAdded('org.apache.jasper.compiler.TldLocationsCache', 'org.apache.jasper.compiler.TldLocationsCache@1b4640b')
七月 23, 2016 10:35:55 上午 org.apache.catalina.core.ApplicationContext log
信息: SessionListener: contextDestroyed()
七月 23, 2016 10:35:55 上午 org.apache.catalina.core.ApplicationContext log
信息: ContextListener: contextDestroyed()
七月 23, 2016 10:36:03 上午 org.apache.catalina.core.ApplicationContext log
信息: ContextListener: contextInitialized()
七月 23, 2016 10:36:03 上午 org.apache.catalina.core.ApplicationContext log
信息: SessionListener: contextInitialized()
七月 23, 2016 10:36:03 上午 org.apache.catalina.core.ApplicationContext log
信息: ContextListener: attributeAdded('org.apache.jasper.compiler.TldLocationsCache', 'org.apache.jasper.compiler.TldLocationsCache@1179c9d')
七月 23, 2016 10:44:43 上午 org.apache.catalina.core.ApplicationContext log
信息: SessionListener: contextDestroyed()
七月 23, 2016 10:44:43 上午 org.apache.catalina.core.ApplicationContext log
信息: ContextListener: contextDestroyed()
七月 23, 2016 10:44:49 上午 org.apache.catalina.core.ApplicationContext log
信息: ContextListener: contextInitialized()
七月 23, 2016 10:44:49 上午 org.apache.catalina.core.ApplicationContext log
信息: SessionListener: contextInitialized()
七月 23, 2016 10:44:49 上午 org.apache.catalina.core.ApplicationContext log
信息: ContextListener: attributeAdded('org.apache.jasper.compiler.TldLocationsCache', 'org.apache.jasper.compiler.TldLocationsCache@179a1c1')
七月 23, 2016 10:47:05 上午 org.apache.catalina.core.ApplicationContext log
信息: SessionListener: contextDestroyed()
七月 23, 2016 10:47:05 上午 org.apache.catalina.core.ApplicationContext log
信息: ContextListener: contextDestroyed()
七月 23, 2016 10:47:17 上午 org.apache.catalina.core.ApplicationContext log
信息: ContextListener: contextInitialized()
七月 23, 2016 10:47:17 上午 org.apache.catalina.core.ApplicationContext log
信息: SessionListener: contextInitialized()
七月 23, 2016 10:47:17 上午 org.apache.catalina.core.ApplicationContext log
信息: ContextListener: attributeAdded('org.apache.jasper.compiler.TldLocationsCache', 'org.apache.jasper.compiler.TldLocationsCache@179a1c1')
七月 23, 2016 10:51:42 上午 org.apache.catalina.core.ApplicationContext log
信息: SessionListener: contextDestroyed()
七月 23, 2016 10:51:42 上午 org.apache.catalina.core.ApplicationContext log
信息: ContextListener: contextDestroyed()
七月 23, 2016 5:07:23 下午 org.apache.catalina.core.ApplicationContext log
信息: ContextListener: contextInitialized()
七月 23, 2016 5:07:23 下午 org.apache.catalina.core.ApplicationContext log
信息: SessionListener: contextInitialized()
七月 23, 2016 5:07:23 下午 org.apache.catalina.core.ApplicationContext log
信息: ContextListener: attributeAdded('org.apache.jasper.compiler.TldLocationsCache', 'org.apache.jasper.compiler.TldLocationsCache@176ea00')
七月 23, 2016 5:07:57 下午 org.apache.catalina.core.ApplicationContext log
信息: SessionListener: contextDestroyed()
七月 23, 2016 5:07:57 下午 org.apache.catalina.core.ApplicationContext log
信息: ContextListener: contextDestroyed()
七月 23, 2016 5:08:08 下午 org.apache.catalina.core.ApplicationContext log
信息: ContextListener: contextInitialized()
七月 23, 2016 5:08:08 下午 org.apache.catalina.core.ApplicationContext log
信息: SessionListener: contextInitialized()
七月 23, 2016 5:08:08 下午 org.apache.catalina.core.ApplicationContext log
信息: ContextListener: attributeAdded('org.apache.jasper.compiler.TldLocationsCache', 'org.apache.jasper.compiler.TldLocationsCache@1179c9d')
七月 23, 2016 5:09:07 下午 org.apache.catalina.core.ApplicationContext log
信息: SessionListener: contextDestroyed()
七月 23, 2016 5:09:07 下午 org.apache.catalina.core.ApplicationContext log
信息: ContextListener: contextDestroyed()
七月 23, 2016 5:09:23 下午 org.apache.catalina.core.ApplicationContext log
信息: ContextListener: contextInitialized()
七月 23, 2016 5:09:23 下午 org.apache.catalina.core.ApplicationContext log
信息: SessionListener: contextInitialized()
七月 23, 2016 5:09:23 下午 org.apache.catalina.core.ApplicationContext log
信息: ContextListener: attributeAdded('org.apache.jasper.compiler.TldLocationsCache', 'org.apache.jasper.compiler.TldLocationsCache@1179c9d')
七月 23, 2016 5:13:10 下午 org.apache.catalina.core.ApplicationContext log
信息: SessionListener: contextDestroyed()
七月 23, 2016 5:13:10 下午 org.apache.catalina.core.ApplicationContext log
信息: ContextListener: contextDestroyed()
七月 23, 2016 5:14:35 下午 org.apache.catalina.core.ApplicationContext log
信息: ContextListener: contextInitialized()
七月 23, 2016 5:14:35 下午 org.apache.catalina.core.ApplicationContext log
信息: SessionListener: contextInitialized()
七月 23, 2016 5:14:36 下午 org.apache.catalina.core.ApplicationContext log
信息: ContextListener: attributeAdded('org.apache.jasper.compiler.TldLocationsCache', 'org.apache.jasper.compiler.TldLocationsCache@1b4640b')
七月 23, 2016 5:17:15 下午 org.apache.catalina.core.ApplicationContext log
信息: SessionListener: contextDestroyed()
七月 23, 2016 5:17:15 下午 org.apache.catalina.core.ApplicationContext log
信息: ContextListener: contextDestroyed()
七月 23, 2016 5:17:29 下午 org.apache.catalina.core.ApplicationContext log
信息: ContextListener: contextInitialized()
七月 23, 2016 5:17:29 下午 org.apache.catalina.core.ApplicationContext log
信息: SessionListener: contextInitialized()
七月 23, 2016 5:17:29 下午 org.apache.catalina.core.ApplicationContext log
信息: ContextListener: attributeAdded('org.apache.jasper.compiler.TldLocationsCache', 'org.apache.jasper.compiler.TldLocationsCache@1b4640b')
七月 23, 2016 5:18:22 下午 org.apache.catalina.core.ApplicationContext log
信息: SessionListener: contextDestroyed()
七月 23, 2016 5:18:22 下午 org.apache.catalina.core.ApplicationContext log
信息: ContextListener: contextDestroyed()
七月 23, 2016 5:18:39 下午 org.apache.catalina.core.ApplicationContext log
信息: ContextListener: contextInitialized()
七月 23, 2016 5:18:39 下午 org.apache.catalina.core.ApplicationContext log
信息: SessionListener: contextInitialized()
七月 23, 2016 5:18:39 下午 org.apache.catalina.core.ApplicationContext log
信息: ContextListener: attributeAdded('org.apache.jasper.compiler.TldLocationsCache', 'org.apache.jasper.compiler.TldLocationsCache@1b4640b')
七月 23, 2016 5:19:00 下午 org.apache.catalina.core.ApplicationContext log
信息: SessionListener: contextDestroyed()
七月 23, 2016 5:19:00 下午 org.apache.catalina.core.ApplicationContext log
信息: ContextListener: contextDestroyed()
七月 23, 2016 5:19:23 下午 org.apache.catalina.core.ApplicationContext log
信息: ContextListener: contextInitialized()
七月 23, 2016 5:19:23 下午 org.apache.catalina.core.ApplicationContext log
信息: SessionListener: contextInitialized()
七月 23, 2016 5:19:23 下午 org.apache.catalina.core.ApplicationContext log
信息: ContextListener: attributeAdded('org.apache.jasper.compiler.TldLocationsCache', 'org.apache.jasper.compiler.TldLocationsCache@15c5e35')
七月 23, 2016 5:29:59 下午 org.apache.catalina.core.ApplicationContext log
信息: SessionListener: contextDestroyed()
七月 23, 2016 5:29:59 下午 org.apache.catalina.core.ApplicationContext log
信息: ContextListener: contextDestroyed()
七月 23, 2016 5:30:05 下午 org.apache.catalina.core.ApplicationContext log
信息: ContextListener: contextInitialized()
七月 23, 2016 5:30:05 下午 org.apache.catalina.core.ApplicationContext log
信息: SessionListener: contextInitialized()
七月 23, 2016 5:30:05 下午 org.apache.catalina.core.ApplicationContext log
信息: ContextListener: attributeAdded('org.apache.jasper.compiler.TldLocationsCache', 'org.apache.jasper.compiler.TldLocationsCache@1b4640b')
七月 23, 2016 5:35:48 下午 org.apache.catalina.core.ApplicationContext log
信息: SessionListener: contextDestroyed()
七月 23, 2016 5:35:48 下午 org.apache.catalina.core.ApplicationContext log
信息: ContextListener: contextDestroyed()
