十月 14, 2016 9:16:59 上午 org.apache.catalina.core.ApplicationContext log
信息: ContextListener: contextInitialized()
十月 14, 2016 9:16:59 上午 org.apache.catalina.core.ApplicationContext log
信息: SessionListener: contextInitialized()
十月 14, 2016 9:16:59 上午 org.apache.catalina.core.ApplicationContext log
信息: ContextListener: attributeAdded('org.apache.jasper.compiler.TldLocationsCache', 'org.apache.jasper.compiler.TldLocationsCache@942e54')
十月 14, 2016 9:24:59 上午 org.apache.catalina.core.ApplicationContext log
信息: SessionListener: contextDestroyed()
十月 14, 2016 9:24:59 上午 org.apache.catalina.core.ApplicationContext log
信息: ContextListener: contextDestroyed()
十月 14, 2016 9:25:32 上午 org.apache.catalina.core.ApplicationContext log
信息: ContextListener: contextInitialized()
十月 14, 2016 9:25:32 上午 org.apache.catalina.core.ApplicationContext log
信息: SessionListener: contextInitialized()
十月 14, 2016 9:25:32 上午 org.apache.catalina.core.ApplicationContext log
信息: ContextListener: attributeAdded('org.apache.jasper.compiler.TldLocationsCache', 'org.apache.jasper.compiler.TldLocationsCache@22c3ff')
十月 14, 2016 9:26:26 上午 org.apache.catalina.core.ApplicationContext log
信息: ContextListener: contextInitialized()
十月 14, 2016 9:26:26 上午 org.apache.catalina.core.ApplicationContext log
信息: SessionListener: contextInitialized()
十月 14, 2016 9:26:26 上午 org.apache.catalina.core.ApplicationContext log
信息: ContextListener: attributeAdded('org.apache.jasper.compiler.TldLocationsCache', 'org.apache.jasper.compiler.TldLocationsCache@1575234')
十月 14, 2016 9:26:26 上午 org.apache.catalina.core.ApplicationContext log
信息: SessionListener: contextDestroyed()
十月 14, 2016 9:26:26 上午 org.apache.catalina.core.ApplicationContext log
信息: ContextListener: contextDestroyed()
十月 14, 2016 9:28:12 上午 org.apache.catalina.core.ApplicationContext log
信息: SessionListener: contextDestroyed()
十月 14, 2016 9:28:12 上午 org.apache.catalina.core.ApplicationContext log
信息: ContextListener: contextDestroyed()
十月 14, 2016 9:28:20 上午 org.apache.catalina.core.ApplicationContext log
信息: ContextListener: contextInitialized()
十月 14, 2016 9:28:20 上午 org.apache.catalina.core.ApplicationContext log
信息: SessionListener: contextInitialized()
十月 14, 2016 9:28:20 上午 org.apache.catalina.core.ApplicationContext log
信息: ContextListener: attributeAdded('org.apache.jasper.compiler.TldLocationsCache', 'org.apache.jasper.compiler.TldLocationsCache@8b7182')
十月 14, 2016 9:29:33 上午 org.apache.catalina.core.ApplicationContext log
信息: SessionListener: contextDestroyed()
十月 14, 2016 9:29:33 上午 org.apache.catalina.core.ApplicationContext log
信息: ContextListener: contextDestroyed()
十月 14, 2016 9:29:41 上午 org.apache.catalina.core.ApplicationContext log
信息: ContextListener: contextInitialized()
十月 14, 2016 9:29:41 上午 org.apache.catalina.core.ApplicationContext log
信息: SessionListener: contextInitialized()
十月 14, 2016 9:29:41 上午 org.apache.catalina.core.ApplicationContext log
信息: ContextListener: attributeAdded('org.apache.jasper.compiler.TldLocationsCache', 'org.apache.jasper.compiler.TldLocationsCache@22c3ff')
十月 14, 2016 9:30:20 上午 org.apache.catalina.core.ApplicationContext log
信息: SessionListener: contextDestroyed()
十月 14, 2016 9:30:20 上午 org.apache.catalina.core.ApplicationContext log
信息: ContextListener: contextDestroyed()
十月 14, 2016 9:31:17 上午 org.apache.catalina.core.ApplicationContext log
信息: ContextListener: contextInitialized()
十月 14, 2016 9:31:17 上午 org.apache.catalina.core.ApplicationContext log
信息: SessionListener: contextInitialized()
十月 14, 2016 9:31:17 上午 org.apache.catalina.core.ApplicationContext log
信息: ContextListener: attributeAdded('org.apache.jasper.compiler.TldLocationsCache', 'org.apache.jasper.compiler.TldLocationsCache@942e54')
十月 14, 2016 9:33:21 上午 org.apache.catalina.core.ApplicationContext log
信息: SessionListener: contextDestroyed()
十月 14, 2016 9:33:21 上午 org.apache.catalina.core.ApplicationContext log
信息: ContextListener: contextDestroyed()
十月 14, 2016 9:33:32 上午 org.apache.catalina.core.ApplicationContext log
信息: ContextListener: contextInitialized()
十月 14, 2016 9:33:32 上午 org.apache.catalina.core.ApplicationContext log
信息: SessionListener: contextInitialized()
十月 14, 2016 9:33:32 上午 org.apache.catalina.core.ApplicationContext log
信息: ContextListener: attributeAdded('org.apache.jasper.compiler.TldLocationsCache', 'org.apache.jasper.compiler.TldLocationsCache@22c3ff')
十月 14, 2016 9:33:47 上午 org.apache.catalina.core.ApplicationContext log
信息: SessionListener: contextDestroyed()
十月 14, 2016 9:33:47 上午 org.apache.catalina.core.ApplicationContext log
信息: ContextListener: contextDestroyed()
十月 14, 2016 9:33:57 上午 org.apache.catalina.core.ApplicationContext log
信息: ContextListener: contextInitialized()
十月 14, 2016 9:33:57 上午 org.apache.catalina.core.ApplicationContext log
信息: SessionListener: contextInitialized()
十月 14, 2016 9:33:57 上午 org.apache.catalina.core.ApplicationContext log
信息: ContextListener: attributeAdded('org.apache.jasper.compiler.TldLocationsCache', 'org.apache.jasper.compiler.TldLocationsCache@22c3ff')
十月 14, 2016 9:41:53 上午 org.apache.catalina.core.ApplicationContext log
信息: SessionListener: contextDestroyed()
十月 14, 2016 9:41:53 上午 org.apache.catalina.core.ApplicationContext log
信息: ContextListener: contextDestroyed()
