九月 24, 2016 10:39:56 上午 org.apache.catalina.core.ApplicationContext log
信息: ContextListener: contextInitialized()
九月 24, 2016 10:39:56 上午 org.apache.catalina.core.ApplicationContext log
信息: SessionListener: contextInitialized()
九月 24, 2016 10:39:56 上午 org.apache.catalina.core.ApplicationContext log
信息: ContextListener: attributeAdded('org.apache.jasper.compiler.TldLocationsCache', 'org.apache.jasper.compiler.TldLocationsCache@1740bcc')
九月 24, 2016 10:43:01 上午 org.apache.catalina.core.ApplicationContext log
信息: SessionListener: contextDestroyed()
九月 24, 2016 10:43:01 上午 org.apache.catalina.core.ApplicationContext log
信息: ContextListener: contextDestroyed()
九月 24, 2016 10:45:06 上午 org.apache.catalina.core.ApplicationContext log
信息: ContextListener: contextInitialized()
九月 24, 2016 10:45:06 上午 org.apache.catalina.core.ApplicationContext log
信息: SessionListener: contextInitialized()
九月 24, 2016 10:45:06 上午 org.apache.catalina.core.ApplicationContext log
信息: ContextListener: attributeAdded('org.apache.jasper.compiler.TldLocationsCache', 'org.apache.jasper.compiler.TldLocationsCache@22c3ff')
九月 24, 2016 10:46:13 上午 org.apache.catalina.core.ApplicationContext log
信息: SessionListener: contextDestroyed()
九月 24, 2016 10:46:13 上午 org.apache.catalina.core.ApplicationContext log
信息: ContextListener: contextDestroyed()
九月 24, 2016 10:46:22 上午 org.apache.catalina.core.ApplicationContext log
信息: ContextListener: contextInitialized()
九月 24, 2016 10:46:22 上午 org.apache.catalina.core.ApplicationContext log
信息: SessionListener: contextInitialized()
九月 24, 2016 10:46:22 上午 org.apache.catalina.core.ApplicationContext log
信息: ContextListener: attributeAdded('org.apache.jasper.compiler.TldLocationsCache', 'org.apache.jasper.compiler.TldLocationsCache@22c3ff')
九月 24, 2016 11:42:58 上午 org.apache.catalina.core.ApplicationContext log
信息: SessionListener: contextDestroyed()
九月 24, 2016 11:42:58 上午 org.apache.catalina.core.ApplicationContext log
信息: ContextListener: contextDestroyed()
九月 24, 2016 11:43:12 上午 org.apache.catalina.core.ApplicationContext log
信息: ContextListener: contextInitialized()
九月 24, 2016 11:43:12 上午 org.apache.catalina.core.ApplicationContext log
信息: SessionListener: contextInitialized()
九月 24, 2016 11:43:12 上午 org.apache.catalina.core.ApplicationContext log
信息: ContextListener: attributeAdded('org.apache.jasper.compiler.TldLocationsCache', 'org.apache.jasper.compiler.TldLocationsCache@22c3ff')
九月 24, 2016 11:45:29 上午 org.apache.catalina.core.ApplicationContext log
信息: SessionListener: contextDestroyed()
九月 24, 2016 11:45:29 上午 org.apache.catalina.core.ApplicationContext log
信息: ContextListener: contextDestroyed()
九月 24, 2016 11:46:00 上午 org.apache.catalina.core.ApplicationContext log
信息: ContextListener: contextInitialized()
九月 24, 2016 11:46:00 上午 org.apache.catalina.core.ApplicationContext log
信息: SessionListener: contextInitialized()
九月 24, 2016 11:46:00 上午 org.apache.catalina.core.ApplicationContext log
信息: ContextListener: attributeAdded('org.apache.jasper.compiler.TldLocationsCache', 'org.apache.jasper.compiler.TldLocationsCache@22c3ff')
九月 24, 2016 11:47:58 上午 org.apache.catalina.core.ApplicationContext log
信息: SessionListener: contextDestroyed()
九月 24, 2016 11:47:58 上午 org.apache.catalina.core.ApplicationContext log
信息: ContextListener: contextDestroyed()
九月 24, 2016 11:49:52 上午 org.apache.catalina.core.ApplicationContext log
信息: ContextListener: contextInitialized()
九月 24, 2016 11:49:52 上午 org.apache.catalina.core.ApplicationContext log
信息: SessionListener: contextInitialized()
九月 24, 2016 11:49:52 上午 org.apache.catalina.core.ApplicationContext log
信息: ContextListener: attributeAdded('org.apache.jasper.compiler.TldLocationsCache', 'org.apache.jasper.compiler.TldLocationsCache@942e54')
九月 24, 2016 12:01:50 下午 org.apache.catalina.core.ApplicationContext log
信息: SessionListener: contextDestroyed()
九月 24, 2016 12:01:50 下午 org.apache.catalina.core.ApplicationContext log
信息: ContextListener: contextDestroyed()
九月 24, 2016 4:37:25 下午 org.apache.catalina.core.ApplicationContext log
信息: ContextListener: contextInitialized()
九月 24, 2016 4:37:25 下午 org.apache.catalina.core.ApplicationContext log
信息: SessionListener: contextInitialized()
九月 24, 2016 4:37:25 下午 org.apache.catalina.core.ApplicationContext log
信息: ContextListener: attributeAdded('org.apache.jasper.compiler.TldLocationsCache', 'org.apache.jasper.compiler.TldLocationsCache@22c3ff')
