七月 17, 2016 8:10:26 下午 org.apache.catalina.core.ApplicationContext log
信息: ContextListener: contextInitialized()
七月 17, 2016 8:10:26 下午 org.apache.catalina.core.ApplicationContext log
信息: SessionListener: contextInitialized()
七月 17, 2016 8:10:26 下午 org.apache.catalina.core.ApplicationContext log
信息: ContextListener: attributeAdded('org.apache.jasper.compiler.TldLocationsCache', 'org.apache.jasper.compiler.TldLocationsCache@e3a0a6')
七月 17, 2016 8:10:38 下午 org.apache.catalina.core.ApplicationContext log
信息: SessionListener: contextDestroyed()
七月 17, 2016 8:10:38 下午 org.apache.catalina.core.ApplicationContext log
信息: ContextListener: contextDestroyed()
七月 17, 2016 8:10:43 下午 org.apache.catalina.core.ApplicationContext log
信息: ContextListener: contextInitialized()
七月 17, 2016 8:10:43 下午 org.apache.catalina.core.ApplicationContext log
信息: SessionListener: contextInitialized()
七月 17, 2016 8:10:43 下午 org.apache.catalina.core.ApplicationContext log
信息: ContextListener: attributeAdded('org.apache.jasper.compiler.TldLocationsCache', 'org.apache.jasper.compiler.TldLocationsCache@1b4640b')
七月 17, 2016 8:11:04 下午 org.apache.catalina.core.ApplicationContext log
信息: SessionListener: contextDestroyed()
七月 17, 2016 8:11:04 下午 org.apache.catalina.core.ApplicationContext log
信息: ContextListener: contextDestroyed()
七月 17, 2016 8:11:20 下午 org.apache.catalina.core.ApplicationContext log
信息: ContextListener: contextInitialized()
七月 17, 2016 8:11:20 下午 org.apache.catalina.core.ApplicationContext log
信息: SessionListener: contextInitialized()
七月 17, 2016 8:11:20 下午 org.apache.catalina.core.ApplicationContext log
信息: ContextListener: attributeAdded('org.apache.jasper.compiler.TldLocationsCache', 'org.apache.jasper.compiler.TldLocationsCache@1b4640b')
七月 17, 2016 8:11:23 下午 org.apache.catalina.core.ApplicationContext log
信息: SessionListener: contextDestroyed()
七月 17, 2016 8:11:23 下午 org.apache.catalina.core.ApplicationContext log
信息: ContextListener: contextDestroyed()
