四月 23, 2016 11:28:29 上午 org.apache.catalina.core.ApplicationContext log
信息: ContextListener: contextInitialized()
四月 23, 2016 11:28:29 上午 org.apache.catalina.core.ApplicationContext log
信息: SessionListener: contextInitialized()
四月 23, 2016 11:28:29 上午 org.apache.catalina.core.ApplicationContext log
信息: ContextListener: attributeAdded('org.apache.jasper.compiler.TldLocationsCache', 'org.apache.jasper.compiler.TldLocationsCache@22c3ff')
四月 23, 2016 11:39:45 上午 org.apache.catalina.core.ApplicationContext log
信息: SessionListener: contextDestroyed()
四月 23, 2016 11:39:45 上午 org.apache.catalina.core.ApplicationContext log
信息: ContextListener: contextDestroyed()
四月 23, 2016 11:55:39 上午 org.apache.catalina.core.ApplicationContext log
信息: ContextListener: contextInitialized()
四月 23, 2016 11:55:39 上午 org.apache.catalina.core.ApplicationContext log
信息: SessionListener: contextInitialized()
四月 23, 2016 11:55:39 上午 org.apache.catalina.core.ApplicationContext log
信息: ContextListener: attributeAdded('org.apache.jasper.compiler.TldLocationsCache', 'org.apache.jasper.compiler.TldLocationsCache@c1d8ce')
四月 23, 2016 2:54:42 下午 org.apache.catalina.core.ApplicationContext log
信息: ContextListener: contextInitialized()
四月 23, 2016 2:54:42 下午 org.apache.catalina.core.ApplicationContext log
信息: SessionListener: contextInitialized()
四月 23, 2016 2:54:42 下午 org.apache.catalina.core.ApplicationContext log
信息: ContextListener: attributeAdded('org.apache.jasper.compiler.TldLocationsCache', 'org.apache.jasper.compiler.TldLocationsCache@720d65')
四月 23, 2016 2:54:42 下午 org.apache.catalina.core.ApplicationContext log
信息: SessionListener: contextDestroyed()
四月 23, 2016 2:54:42 下午 org.apache.catalina.core.ApplicationContext log
信息: ContextListener: contextDestroyed()
四月 23, 2016 2:59:38 下午 org.apache.catalina.core.ApplicationContext log
信息: SessionListener: contextDestroyed()
四月 23, 2016 2:59:38 下午 org.apache.catalina.core.ApplicationContext log
信息: ContextListener: contextDestroyed()
四月 23, 2016 3:00:41 下午 org.apache.catalina.core.ApplicationContext log
信息: ContextListener: contextInitialized()
四月 23, 2016 3:00:41 下午 org.apache.catalina.core.ApplicationContext log
信息: SessionListener: contextInitialized()
四月 23, 2016 3:00:41 下午 org.apache.catalina.core.ApplicationContext log
信息: ContextListener: attributeAdded('org.apache.jasper.compiler.TldLocationsCache', 'org.apache.jasper.compiler.TldLocationsCache@c1d8ce')
四月 23, 2016 3:16:31 下午 org.apache.catalina.core.ApplicationContext log
信息: SessionListener: contextDestroyed()
四月 23, 2016 3:16:31 下午 org.apache.catalina.core.ApplicationContext log
信息: ContextListener: contextDestroyed()
四月 23, 2016 3:17:00 下午 org.apache.catalina.core.ApplicationContext log
信息: ContextListener: contextInitialized()
四月 23, 2016 3:17:00 下午 org.apache.catalina.core.ApplicationContext log
信息: SessionListener: contextInitialized()
四月 23, 2016 3:17:00 下午 org.apache.catalina.core.ApplicationContext log
信息: ContextListener: attributeAdded('org.apache.jasper.compiler.TldLocationsCache', 'org.apache.jasper.compiler.TldLocationsCache@c1d8ce')
四月 23, 2016 3:18:18 下午 org.apache.catalina.core.ApplicationContext log
信息: SessionListener: contextDestroyed()
四月 23, 2016 3:18:18 下午 org.apache.catalina.core.ApplicationContext log
信息: ContextListener: contextDestroyed()
四月 23, 2016 3:18:38 下午 org.apache.catalina.core.ApplicationContext log
信息: ContextListener: contextInitialized()
四月 23, 2016 3:18:38 下午 org.apache.catalina.core.ApplicationContext log
信息: SessionListener: contextInitialized()
四月 23, 2016 3:18:38 下午 org.apache.catalina.core.ApplicationContext log
信息: ContextListener: attributeAdded('org.apache.jasper.compiler.TldLocationsCache', 'org.apache.jasper.compiler.TldLocationsCache@c1d8ce')
四月 23, 2016 3:20:20 下午 org.apache.catalina.core.ApplicationContext log
信息: ContextListener: contextInitialized()
四月 23, 2016 3:20:20 下午 org.apache.catalina.core.ApplicationContext log
信息: SessionListener: contextInitialized()
四月 23, 2016 3:20:20 下午 org.apache.catalina.core.ApplicationContext log
信息: ContextListener: attributeAdded('org.apache.jasper.compiler.TldLocationsCache', 'org.apache.jasper.compiler.TldLocationsCache@22c3ff')
四月 23, 2016 3:23:44 下午 org.apache.catalina.core.ApplicationContext log
信息: SessionListener: contextDestroyed()
四月 23, 2016 3:23:44 下午 org.apache.catalina.core.ApplicationContext log
信息: ContextListener: contextDestroyed()
四月 23, 2016 3:45:26 下午 org.apache.catalina.core.ApplicationContext log
信息: ContextListener: contextInitialized()
四月 23, 2016 3:45:26 下午 org.apache.catalina.core.ApplicationContext log
信息: SessionListener: contextInitialized()
四月 23, 2016 3:45:26 下午 org.apache.catalina.core.ApplicationContext log
信息: ContextListener: attributeAdded('org.apache.jasper.compiler.TldLocationsCache', 'org.apache.jasper.compiler.TldLocationsCache@c1d8ce')
四月 23, 2016 3:45:52 下午 org.apache.catalina.core.ApplicationContext log
信息: SessionListener: contextDestroyed()
四月 23, 2016 3:45:52 下午 org.apache.catalina.core.ApplicationContext log
信息: ContextListener: contextDestroyed()
