六月 17, 2016 5:17:25 下午 org.apache.catalina.core.ApplicationContext log
信息: ContextListener: contextInitialized()
六月 17, 2016 5:17:25 下午 org.apache.catalina.core.ApplicationContext log
信息: SessionListener: contextInitialized()
六月 17, 2016 5:17:25 下午 org.apache.catalina.core.ApplicationContext log
信息: ContextListener: attributeAdded('org.apache.jasper.compiler.TldLocationsCache', 'org.apache.jasper.compiler.TldLocationsCache@1e2e5a2')
六月 17, 2016 5:18:03 下午 org.apache.catalina.core.ApplicationContext log
信息: ContextListener: contextInitialized()
六月 17, 2016 5:18:03 下午 org.apache.catalina.core.ApplicationContext log
信息: SessionListener: contextInitialized()
六月 17, 2016 5:18:03 下午 org.apache.catalina.core.ApplicationContext log
信息: ContextListener: attributeAdded('org.apache.jasper.compiler.TldLocationsCache', 'org.apache.jasper.compiler.TldLocationsCache@274f5f')
六月 17, 2016 5:18:03 下午 org.apache.catalina.core.ApplicationContext log
信息: SessionListener: contextDestroyed()
六月 17, 2016 5:18:03 下午 org.apache.catalina.core.ApplicationContext log
信息: ContextListener: contextDestroyed()
六月 17, 2016 5:19:20 下午 org.apache.catalina.core.ApplicationContext log
信息: ContextListener: contextInitialized()
六月 17, 2016 5:19:20 下午 org.apache.catalina.core.ApplicationContext log
信息: SessionListener: contextInitialized()
六月 17, 2016 5:19:20 下午 org.apache.catalina.core.ApplicationContext log
信息: ContextListener: attributeAdded('org.apache.jasper.compiler.TldLocationsCache', 'org.apache.jasper.compiler.TldLocationsCache@1c7a8f')
六月 17, 2016 5:19:20 下午 org.apache.catalina.core.ApplicationContext log
信息: SessionListener: contextDestroyed()
六月 17, 2016 5:19:20 下午 org.apache.catalina.core.ApplicationContext log
信息: ContextListener: contextDestroyed()
六月 17, 2016 5:19:25 下午 org.apache.catalina.core.ApplicationContext log
信息: SessionListener: contextDestroyed()
六月 17, 2016 5:19:25 下午 org.apache.catalina.core.ApplicationContext log
信息: ContextListener: contextDestroyed()
六月 17, 2016 5:20:32 下午 org.apache.catalina.core.ApplicationContext log
信息: ContextListener: contextInitialized()
六月 17, 2016 5:20:32 下午 org.apache.catalina.core.ApplicationContext log
信息: SessionListener: contextInitialized()
六月 17, 2016 5:20:32 下午 org.apache.catalina.core.ApplicationContext log
信息: ContextListener: attributeAdded('org.apache.jasper.compiler.TldLocationsCache', 'org.apache.jasper.compiler.TldLocationsCache@32acfb')
六月 17, 2016 5:22:10 下午 org.apache.catalina.core.ApplicationContext log
信息: SessionListener: contextDestroyed()
六月 17, 2016 5:22:10 下午 org.apache.catalina.core.ApplicationContext log
信息: ContextListener: contextDestroyed()
六月 17, 2016 5:22:29 下午 org.apache.catalina.core.ApplicationContext log
信息: ContextListener: contextInitialized()
六月 17, 2016 5:22:29 下午 org.apache.catalina.core.ApplicationContext log
信息: SessionListener: contextInitialized()
六月 17, 2016 5:22:29 下午 org.apache.catalina.core.ApplicationContext log
信息: ContextListener: attributeAdded('org.apache.jasper.compiler.TldLocationsCache', 'org.apache.jasper.compiler.TldLocationsCache@15274da')
六月 17, 2016 5:23:41 下午 org.apache.catalina.core.ApplicationContext log
信息: ContextListener: contextInitialized()
六月 17, 2016 5:23:41 下午 org.apache.catalina.core.ApplicationContext log
信息: SessionListener: contextInitialized()
六月 17, 2016 5:23:41 下午 org.apache.catalina.core.ApplicationContext log
信息: ContextListener: attributeAdded('org.apache.jasper.compiler.TldLocationsCache', 'org.apache.jasper.compiler.TldLocationsCache@274f5f')
六月 17, 2016 5:23:41 下午 org.apache.catalina.core.ApplicationContext log
信息: SessionListener: contextDestroyed()
六月 17, 2016 5:23:41 下午 org.apache.catalina.core.ApplicationContext log
信息: ContextListener: contextDestroyed()
六月 17, 2016 5:24:41 下午 org.apache.catalina.core.ApplicationContext log
信息: SessionListener: contextDestroyed()
六月 17, 2016 5:24:41 下午 org.apache.catalina.core.ApplicationContext log
信息: ContextListener: contextDestroyed()
六月 17, 2016 5:25:46 下午 org.apache.catalina.core.ApplicationContext log
信息: ContextListener: contextInitialized()
六月 17, 2016 5:25:46 下午 org.apache.catalina.core.ApplicationContext log
信息: SessionListener: contextInitialized()
六月 17, 2016 5:25:46 下午 org.apache.catalina.core.ApplicationContext log
信息: ContextListener: attributeAdded('org.apache.jasper.compiler.TldLocationsCache', 'org.apache.jasper.compiler.TldLocationsCache@15274da')
六月 17, 2016 5:27:36 下午 org.apache.catalina.core.ApplicationContext log
信息: SessionListener: contextDestroyed()
六月 17, 2016 5:27:36 下午 org.apache.catalina.core.ApplicationContext log
信息: ContextListener: contextDestroyed()
六月 17, 2016 5:28:39 下午 org.apache.catalina.core.ApplicationContext log
信息: ContextListener: contextInitialized()
六月 17, 2016 5:28:39 下午 org.apache.catalina.core.ApplicationContext log
信息: SessionListener: contextInitialized()
六月 17, 2016 5:28:39 下午 org.apache.catalina.core.ApplicationContext log
信息: ContextListener: attributeAdded('org.apache.jasper.compiler.TldLocationsCache', 'org.apache.jasper.compiler.TldLocationsCache@1179c9d')
六月 17, 2016 5:29:12 下午 org.apache.catalina.core.ApplicationContext log
信息: SessionListener: contextDestroyed()
六月 17, 2016 5:29:12 下午 org.apache.catalina.core.ApplicationContext log
信息: ContextListener: contextDestroyed()
六月 17, 2016 5:29:32 下午 org.apache.catalina.core.ApplicationContext log
信息: ContextListener: contextInitialized()
六月 17, 2016 5:29:32 下午 org.apache.catalina.core.ApplicationContext log
信息: SessionListener: contextInitialized()
六月 17, 2016 5:29:32 下午 org.apache.catalina.core.ApplicationContext log
信息: ContextListener: attributeAdded('org.apache.jasper.compiler.TldLocationsCache', 'org.apache.jasper.compiler.TldLocationsCache@1179c9d')
六月 17, 2016 5:29:44 下午 org.apache.catalina.core.ApplicationContext log
信息: SessionListener: contextDestroyed()
六月 17, 2016 5:29:44 下午 org.apache.catalina.core.ApplicationContext log
信息: ContextListener: contextDestroyed()
六月 17, 2016 5:30:04 下午 org.apache.catalina.core.ApplicationContext log
信息: ContextListener: contextInitialized()
六月 17, 2016 5:30:04 下午 org.apache.catalina.core.ApplicationContext log
信息: SessionListener: contextInitialized()
六月 17, 2016 5:30:04 下午 org.apache.catalina.core.ApplicationContext log
信息: ContextListener: attributeAdded('org.apache.jasper.compiler.TldLocationsCache', 'org.apache.jasper.compiler.TldLocationsCache@14dfc8c')
六月 17, 2016 5:30:29 下午 org.apache.catalina.core.ApplicationContext log
信息: SessionListener: contextDestroyed()
六月 17, 2016 5:30:29 下午 org.apache.catalina.core.ApplicationContext log
信息: ContextListener: contextDestroyed()
六月 17, 2016 5:31:58 下午 org.apache.catalina.core.ApplicationContext log
信息: ContextListener: contextInitialized()
六月 17, 2016 5:31:58 下午 org.apache.catalina.core.ApplicationContext log
信息: SessionListener: contextInitialized()
六月 17, 2016 5:31:58 下午 org.apache.catalina.core.ApplicationContext log
信息: ContextListener: attributeAdded('org.apache.jasper.compiler.TldLocationsCache', 'org.apache.jasper.compiler.TldLocationsCache@1179c9d')
六月 17, 2016 5:33:10 下午 org.apache.catalina.core.ApplicationContext log
信息: SessionListener: contextDestroyed()
六月 17, 2016 5:33:10 下午 org.apache.catalina.core.ApplicationContext log
信息: ContextListener: contextDestroyed()
六月 17, 2016 5:37:16 下午 org.apache.catalina.core.ApplicationContext log
信息: ContextListener: contextInitialized()
六月 17, 2016 5:37:16 下午 org.apache.catalina.core.ApplicationContext log
信息: SessionListener: contextInitialized()
六月 17, 2016 5:37:16 下午 org.apache.catalina.core.ApplicationContext log
信息: ContextListener: attributeAdded('org.apache.jasper.compiler.TldLocationsCache', 'org.apache.jasper.compiler.TldLocationsCache@1179c9d')
六月 17, 2016 5:38:08 下午 org.apache.catalina.core.ApplicationContext log
信息: SessionListener: contextDestroyed()
六月 17, 2016 5:38:08 下午 org.apache.catalina.core.ApplicationContext log
信息: ContextListener: contextDestroyed()
六月 17, 2016 5:42:12 下午 org.apache.catalina.core.ApplicationContext log
信息: ContextListener: contextInitialized()
六月 17, 2016 5:42:12 下午 org.apache.catalina.core.ApplicationContext log
信息: SessionListener: contextInitialized()
六月 17, 2016 5:42:12 下午 org.apache.catalina.core.ApplicationContext log
信息: ContextListener: attributeAdded('org.apache.jasper.compiler.TldLocationsCache', 'org.apache.jasper.compiler.TldLocationsCache@15274da')
六月 17, 2016 5:43:44 下午 org.apache.catalina.core.ApplicationContext log
信息: SessionListener: contextDestroyed()
六月 17, 2016 5:43:44 下午 org.apache.catalina.core.ApplicationContext log
信息: ContextListener: contextDestroyed()
六月 17, 2016 5:48:51 下午 org.apache.catalina.core.ApplicationContext log
信息: ContextListener: contextInitialized()
六月 17, 2016 5:48:51 下午 org.apache.catalina.core.ApplicationContext log
信息: SessionListener: contextInitialized()
六月 17, 2016 5:48:51 下午 org.apache.catalina.core.ApplicationContext log
信息: ContextListener: attributeAdded('org.apache.jasper.compiler.TldLocationsCache', 'org.apache.jasper.compiler.TldLocationsCache@19e04fd')
六月 17, 2016 5:48:59 下午 org.apache.catalina.core.ApplicationContext log
信息: SessionListener: contextDestroyed()
六月 17, 2016 5:48:59 下午 org.apache.catalina.core.ApplicationContext log
信息: ContextListener: contextDestroyed()
