九月 20, 2016 11:31:29 上午 org.apache.catalina.core.ApplicationContext log
信息: ContextListener: contextInitialized()
九月 20, 2016 11:31:29 上午 org.apache.catalina.core.ApplicationContext log
信息: SessionListener: contextInitialized()
九月 20, 2016 11:31:29 上午 org.apache.catalina.core.ApplicationContext log
信息: ContextListener: attributeAdded('org.apache.jasper.compiler.TldLocationsCache', 'org.apache.jasper.compiler.TldLocationsCache@1740bcc')
九月 20, 2016 11:33:31 上午 org.apache.catalina.core.ApplicationContext log
信息: SessionListener: contextDestroyed()
九月 20, 2016 11:33:31 上午 org.apache.catalina.core.ApplicationContext log
信息: ContextListener: contextDestroyed()
九月 20, 2016 11:33:47 上午 org.apache.catalina.core.ApplicationContext log
信息: ContextListener: contextInitialized()
九月 20, 2016 11:33:47 上午 org.apache.catalina.core.ApplicationContext log
信息: SessionListener: contextInitialized()
九月 20, 2016 11:33:47 上午 org.apache.catalina.core.ApplicationContext log
信息: ContextListener: attributeAdded('org.apache.jasper.compiler.TldLocationsCache', 'org.apache.jasper.compiler.TldLocationsCache@1740bcc')
九月 20, 2016 11:35:19 上午 org.apache.catalina.core.ApplicationContext log
信息: SessionListener: contextDestroyed()
九月 20, 2016 11:35:19 上午 org.apache.catalina.core.ApplicationContext log
信息: ContextListener: contextDestroyed()
九月 20, 2016 11:35:38 上午 org.apache.catalina.core.ApplicationContext log
信息: ContextListener: contextInitialized()
九月 20, 2016 11:35:38 上午 org.apache.catalina.core.ApplicationContext log
信息: SessionListener: contextInitialized()
九月 20, 2016 11:35:38 上午 org.apache.catalina.core.ApplicationContext log
信息: ContextListener: attributeAdded('org.apache.jasper.compiler.TldLocationsCache', 'org.apache.jasper.compiler.TldLocationsCache@cfc3b1')
九月 20, 2016 11:37:39 上午 org.apache.catalina.core.ApplicationContext log
信息: ContextListener: contextInitialized()
九月 20, 2016 11:37:39 上午 org.apache.catalina.core.ApplicationContext log
信息: SessionListener: contextInitialized()
九月 20, 2016 11:37:39 上午 org.apache.catalina.core.ApplicationContext log
信息: ContextListener: attributeAdded('org.apache.jasper.compiler.TldLocationsCache', 'org.apache.jasper.compiler.TldLocationsCache@1740bcc')
九月 20, 2016 12:09:01 下午 org.apache.catalina.core.ApplicationContext log
信息: SessionListener: contextDestroyed()
九月 20, 2016 12:09:01 下午 org.apache.catalina.core.ApplicationContext log
信息: ContextListener: contextDestroyed()
九月 20, 2016 12:09:29 下午 org.apache.catalina.core.ApplicationContext log
信息: ContextListener: contextInitialized()
九月 20, 2016 12:09:29 下午 org.apache.catalina.core.ApplicationContext log
信息: SessionListener: contextInitialized()
九月 20, 2016 12:09:29 下午 org.apache.catalina.core.ApplicationContext log
信息: ContextListener: attributeAdded('org.apache.jasper.compiler.TldLocationsCache', 'org.apache.jasper.compiler.TldLocationsCache@1740bcc')
九月 20, 2016 3:11:33 下午 org.apache.catalina.core.ApplicationContext log
信息: ContextListener: contextInitialized()
九月 20, 2016 3:11:33 下午 org.apache.catalina.core.ApplicationContext log
信息: SessionListener: contextInitialized()
九月 20, 2016 3:11:33 下午 org.apache.catalina.core.ApplicationContext log
信息: ContextListener: attributeAdded('org.apache.jasper.compiler.TldLocationsCache', 'org.apache.jasper.compiler.TldLocationsCache@b2011b')
九月 20, 2016 3:28:54 下午 org.apache.catalina.core.ApplicationContext log
信息: SessionListener: contextDestroyed()
九月 20, 2016 3:28:54 下午 org.apache.catalina.core.ApplicationContext log
信息: ContextListener: contextDestroyed()
九月 20, 2016 3:29:10 下午 org.apache.catalina.core.ApplicationContext log
信息: ContextListener: contextInitialized()
九月 20, 2016 3:29:10 下午 org.apache.catalina.core.ApplicationContext log
信息: SessionListener: contextInitialized()
九月 20, 2016 3:29:10 下午 org.apache.catalina.core.ApplicationContext log
信息: ContextListener: attributeAdded('org.apache.jasper.compiler.TldLocationsCache', 'org.apache.jasper.compiler.TldLocationsCache@1740bcc')
九月 20, 2016 3:56:56 下午 org.apache.catalina.core.ApplicationContext log
信息: SessionListener: contextDestroyed()
九月 20, 2016 3:56:56 下午 org.apache.catalina.core.ApplicationContext log
信息: ContextListener: contextDestroyed()
九月 20, 2016 3:57:10 下午 org.apache.catalina.core.ApplicationContext log
信息: ContextListener: contextInitialized()
九月 20, 2016 3:57:10 下午 org.apache.catalina.core.ApplicationContext log
信息: SessionListener: contextInitialized()
九月 20, 2016 3:57:10 下午 org.apache.catalina.core.ApplicationContext log
信息: ContextListener: attributeAdded('org.apache.jasper.compiler.TldLocationsCache', 'org.apache.jasper.compiler.TldLocationsCache@b2011b')
九月 20, 2016 3:57:24 下午 org.apache.catalina.core.ApplicationContext log
信息: SessionListener: contextDestroyed()
九月 20, 2016 3:57:24 下午 org.apache.catalina.core.ApplicationContext log
信息: ContextListener: contextDestroyed()
九月 20, 2016 3:59:25 下午 org.apache.catalina.core.ApplicationContext log
信息: ContextListener: contextInitialized()
九月 20, 2016 3:59:25 下午 org.apache.catalina.core.ApplicationContext log
信息: SessionListener: contextInitialized()
九月 20, 2016 3:59:25 下午 org.apache.catalina.core.ApplicationContext log
信息: ContextListener: attributeAdded('org.apache.jasper.compiler.TldLocationsCache', 'org.apache.jasper.compiler.TldLocationsCache@1eac922')
九月 20, 2016 4:18:09 下午 org.apache.catalina.core.ApplicationContext log
信息: SessionListener: contextDestroyed()
九月 20, 2016 4:18:09 下午 org.apache.catalina.core.ApplicationContext log
信息: ContextListener: contextDestroyed()
九月 20, 2016 4:37:39 下午 org.apache.catalina.core.ApplicationContext log
信息: ContextListener: contextInitialized()
九月 20, 2016 4:37:39 下午 org.apache.catalina.core.ApplicationContext log
信息: SessionListener: contextInitialized()
九月 20, 2016 4:37:39 下午 org.apache.catalina.core.ApplicationContext log
信息: ContextListener: attributeAdded('org.apache.jasper.compiler.TldLocationsCache', 'org.apache.jasper.compiler.TldLocationsCache@1435587')
九月 20, 2016 4:42:22 下午 org.apache.catalina.core.ApplicationContext log
信息: SessionListener: contextDestroyed()
九月 20, 2016 4:42:22 下午 org.apache.catalina.core.ApplicationContext log
信息: ContextListener: contextDestroyed()
九月 20, 2016 4:42:39 下午 org.apache.catalina.core.ApplicationContext log
信息: ContextListener: contextInitialized()
九月 20, 2016 4:42:39 下午 org.apache.catalina.core.ApplicationContext log
信息: SessionListener: contextInitialized()
九月 20, 2016 4:42:39 下午 org.apache.catalina.core.ApplicationContext log
信息: ContextListener: attributeAdded('org.apache.jasper.compiler.TldLocationsCache', 'org.apache.jasper.compiler.TldLocationsCache@1740bcc')
九月 20, 2016 4:42:53 下午 org.apache.catalina.core.ApplicationContext log
信息: ContextListener: contextInitialized()
九月 20, 2016 4:42:53 下午 org.apache.catalina.core.ApplicationContext log
信息: SessionListener: contextInitialized()
九月 20, 2016 4:42:53 下午 org.apache.catalina.core.ApplicationContext log
信息: ContextListener: attributeAdded('org.apache.jasper.compiler.TldLocationsCache', 'org.apache.jasper.compiler.TldLocationsCache@96c625')
九月 20, 2016 4:42:54 下午 org.apache.catalina.core.ApplicationContext log
信息: SessionListener: contextDestroyed()
九月 20, 2016 4:42:54 下午 org.apache.catalina.core.ApplicationContext log
信息: ContextListener: contextDestroyed()
九月 20, 2016 4:43:08 下午 org.apache.catalina.core.ApplicationContext log
信息: SessionListener: contextDestroyed()
九月 20, 2016 4:43:08 下午 org.apache.catalina.core.ApplicationContext log
信息: ContextListener: contextDestroyed()
九月 20, 2016 4:44:20 下午 org.apache.catalina.core.ApplicationContext log
信息: ContextListener: contextInitialized()
九月 20, 2016 4:44:20 下午 org.apache.catalina.core.ApplicationContext log
信息: SessionListener: contextInitialized()
九月 20, 2016 4:44:20 下午 org.apache.catalina.core.ApplicationContext log
信息: ContextListener: attributeAdded('org.apache.jasper.compiler.TldLocationsCache', 'org.apache.jasper.compiler.TldLocationsCache@15c5e35')
九月 20, 2016 5:00:06 下午 org.apache.catalina.core.ApplicationContext log
信息: SessionListener: contextDestroyed()
九月 20, 2016 5:00:06 下午 org.apache.catalina.core.ApplicationContext log
信息: ContextListener: contextDestroyed()
九月 20, 2016 5:16:40 下午 org.apache.catalina.core.ApplicationContext log
信息: ContextListener: contextInitialized()
九月 20, 2016 5:16:40 下午 org.apache.catalina.core.ApplicationContext log
信息: SessionListener: contextInitialized()
九月 20, 2016 5:16:40 下午 org.apache.catalina.core.ApplicationContext log
信息: ContextListener: attributeAdded('org.apache.jasper.compiler.TldLocationsCache', 'org.apache.jasper.compiler.TldLocationsCache@1740bcc')
九月 20, 2016 5:43:10 下午 org.apache.catalina.core.ApplicationContext log
信息: SessionListener: contextDestroyed()
九月 20, 2016 5:43:10 下午 org.apache.catalina.core.ApplicationContext log
信息: ContextListener: contextDestroyed()
九月 20, 2016 5:44:13 下午 org.apache.catalina.core.ApplicationContext log
信息: ContextListener: contextInitialized()
九月 20, 2016 5:44:13 下午 org.apache.catalina.core.ApplicationContext log
信息: SessionListener: contextInitialized()
九月 20, 2016 5:44:13 下午 org.apache.catalina.core.ApplicationContext log
信息: ContextListener: attributeAdded('org.apache.jasper.compiler.TldLocationsCache', 'org.apache.jasper.compiler.TldLocationsCache@1740bcc')
九月 20, 2016 5:58:02 下午 org.apache.catalina.core.ApplicationContext log
信息: SessionListener: contextDestroyed()
九月 20, 2016 5:58:02 下午 org.apache.catalina.core.ApplicationContext log
信息: ContextListener: contextDestroyed()
九月 20, 2016 5:58:19 下午 org.apache.catalina.core.ApplicationContext log
信息: ContextListener: contextInitialized()
九月 20, 2016 5:58:19 下午 org.apache.catalina.core.ApplicationContext log
信息: SessionListener: contextInitialized()
九月 20, 2016 5:58:19 下午 org.apache.catalina.core.ApplicationContext log
信息: ContextListener: attributeAdded('org.apache.jasper.compiler.TldLocationsCache', 'org.apache.jasper.compiler.TldLocationsCache@b2011b')
九月 20, 2016 5:58:27 下午 org.apache.catalina.core.ApplicationContext log
信息: ContextListener: contextInitialized()
九月 20, 2016 5:58:27 下午 org.apache.catalina.core.ApplicationContext log
信息: SessionListener: contextInitialized()
九月 20, 2016 5:58:27 下午 org.apache.catalina.core.ApplicationContext log
信息: ContextListener: attributeAdded('org.apache.jasper.compiler.TldLocationsCache', 'org.apache.jasper.compiler.TldLocationsCache@96c625')
九月 20, 2016 5:58:28 下午 org.apache.catalina.core.ApplicationContext log
信息: SessionListener: contextDestroyed()
九月 20, 2016 5:58:28 下午 org.apache.catalina.core.ApplicationContext log
信息: ContextListener: contextDestroyed()
九月 20, 2016 6:00:07 下午 org.apache.catalina.core.ApplicationContext log
信息: ContextListener: contextInitialized()
九月 20, 2016 6:00:07 下午 org.apache.catalina.core.ApplicationContext log
信息: SessionListener: contextInitialized()
九月 20, 2016 6:00:07 下午 org.apache.catalina.core.ApplicationContext log
信息: ContextListener: attributeAdded('org.apache.jasper.compiler.TldLocationsCache', 'org.apache.jasper.compiler.TldLocationsCache@b2011b')
九月 20, 2016 6:02:48 下午 org.apache.catalina.core.ApplicationContext log
信息: ContextListener: contextInitialized()
九月 20, 2016 6:02:48 下午 org.apache.catalina.core.ApplicationContext log
信息: SessionListener: contextInitialized()
九月 20, 2016 6:02:48 下午 org.apache.catalina.core.ApplicationContext log
信息: ContextListener: attributeAdded('org.apache.jasper.compiler.TldLocationsCache', 'org.apache.jasper.compiler.TldLocationsCache@17c00c')
九月 20, 2016 6:05:11 下午 org.apache.catalina.core.ApplicationContext log
信息: SessionListener: contextDestroyed()
九月 20, 2016 6:05:11 下午 org.apache.catalina.core.ApplicationContext log
信息: ContextListener: contextDestroyed()
九月 20, 2016 6:15:53 下午 org.apache.catalina.core.ApplicationContext log
信息: ContextListener: contextInitialized()
九月 20, 2016 6:15:53 下午 org.apache.catalina.core.ApplicationContext log
信息: SessionListener: contextInitialized()
九月 20, 2016 6:15:53 下午 org.apache.catalina.core.ApplicationContext log
信息: ContextListener: attributeAdded('org.apache.jasper.compiler.TldLocationsCache', 'org.apache.jasper.compiler.TldLocationsCache@e3a0a6')
九月 20, 2016 6:32:41 下午 org.apache.catalina.core.ApplicationContext log
信息: SessionListener: contextDestroyed()
九月 20, 2016 6:32:41 下午 org.apache.catalina.core.ApplicationContext log
信息: ContextListener: contextDestroyed()
