四月 28, 2016 10:13:32 上午 org.apache.catalina.core.ApplicationContext log
信息: ContextListener: contextInitialized()
四月 28, 2016 10:13:32 上午 org.apache.catalina.core.ApplicationContext log
信息: SessionListener: contextInitialized()
四月 28, 2016 10:13:32 上午 org.apache.catalina.core.ApplicationContext log
信息: ContextListener: attributeAdded('org.apache.jasper.compiler.TldLocationsCache', 'org.apache.jasper.compiler.TldLocationsCache@14dfc8c')
四月 28, 2016 10:16:22 上午 org.apache.catalina.core.ApplicationContext log
信息: SessionListener: contextDestroyed()
四月 28, 2016 10:16:22 上午 org.apache.catalina.core.ApplicationContext log
信息: ContextListener: contextDestroyed()
四月 28, 2016 10:19:58 上午 org.apache.catalina.core.ApplicationContext log
信息: ContextListener: contextInitialized()
四月 28, 2016 10:19:58 上午 org.apache.catalina.core.ApplicationContext log
信息: SessionListener: contextInitialized()
四月 28, 2016 10:19:58 上午 org.apache.catalina.core.ApplicationContext log
信息: ContextListener: attributeAdded('org.apache.jasper.compiler.TldLocationsCache', 'org.apache.jasper.compiler.TldLocationsCache@14dfc8c')
四月 28, 2016 10:20:45 上午 org.apache.catalina.core.ApplicationContext log
信息: SessionListener: contextDestroyed()
四月 28, 2016 10:20:45 上午 org.apache.catalina.core.ApplicationContext log
信息: ContextListener: contextDestroyed()
四月 28, 2016 10:57:32 上午 org.apache.catalina.core.ApplicationContext log
信息: ContextListener: contextInitialized()
四月 28, 2016 10:57:32 上午 org.apache.catalina.core.ApplicationContext log
信息: SessionListener: contextInitialized()
四月 28, 2016 10:57:32 上午 org.apache.catalina.core.ApplicationContext log
信息: ContextListener: attributeAdded('org.apache.jasper.compiler.TldLocationsCache', 'org.apache.jasper.compiler.TldLocationsCache@15274da')
四月 28, 2016 11:01:20 上午 org.apache.catalina.core.ApplicationContext log
信息: SessionListener: contextDestroyed()
四月 28, 2016 11:01:20 上午 org.apache.catalina.core.ApplicationContext log
信息: ContextListener: contextDestroyed()
四月 28, 2016 11:01:37 上午 org.apache.catalina.core.ApplicationContext log
信息: ContextListener: contextInitialized()
四月 28, 2016 11:01:37 上午 org.apache.catalina.core.ApplicationContext log
信息: SessionListener: contextInitialized()
四月 28, 2016 11:01:37 上午 org.apache.catalina.core.ApplicationContext log
信息: ContextListener: attributeAdded('org.apache.jasper.compiler.TldLocationsCache', 'org.apache.jasper.compiler.TldLocationsCache@15274da')
四月 28, 2016 11:02:08 上午 org.apache.catalina.core.ApplicationContext log
信息: SessionListener: contextDestroyed()
四月 28, 2016 11:02:08 上午 org.apache.catalina.core.ApplicationContext log
信息: ContextListener: contextDestroyed()
四月 28, 2016 11:10:54 上午 org.apache.catalina.core.ApplicationContext log
信息: ContextListener: contextInitialized()
四月 28, 2016 11:10:54 上午 org.apache.catalina.core.ApplicationContext log
信息: SessionListener: contextInitialized()
四月 28, 2016 11:10:55 上午 org.apache.catalina.core.ApplicationContext log
信息: ContextListener: attributeAdded('org.apache.jasper.compiler.TldLocationsCache', 'org.apache.jasper.compiler.TldLocationsCache@15274da')
四月 28, 2016 11:12:14 上午 org.apache.catalina.core.ApplicationContext log
信息: SessionListener: contextDestroyed()
四月 28, 2016 11:12:14 上午 org.apache.catalina.core.ApplicationContext log
信息: ContextListener: contextDestroyed()
