四月 22, 2016 7:52:39 下午 org.apache.catalina.core.ApplicationContext log
信息: ContextListener: contextInitialized()
四月 22, 2016 7:52:39 下午 org.apache.catalina.core.ApplicationContext log
信息: SessionListener: contextInitialized()
四月 22, 2016 7:52:39 下午 org.apache.catalina.core.ApplicationContext log
信息: ContextListener: attributeAdded('org.apache.jasper.compiler.TldLocationsCache', 'org.apache.jasper.compiler.TldLocationsCache@c1d8ce')
四月 22, 2016 7:53:46 下午 org.apache.catalina.core.ApplicationContext log
信息: SessionListener: contextDestroyed()
四月 22, 2016 7:53:46 下午 org.apache.catalina.core.ApplicationContext log
信息: ContextListener: contextDestroyed()
四月 22, 2016 7:59:19 下午 org.apache.catalina.core.ApplicationContext log
信息: ContextListener: contextInitialized()
四月 22, 2016 7:59:19 下午 org.apache.catalina.core.ApplicationContext log
信息: SessionListener: contextInitialized()
四月 22, 2016 7:59:19 下午 org.apache.catalina.core.ApplicationContext log
信息: ContextListener: attributeAdded('org.apache.jasper.compiler.TldLocationsCache', 'org.apache.jasper.compiler.TldLocationsCache@1c7bec5')
四月 22, 2016 8:07:26 下午 org.apache.catalina.core.ApplicationContext log
信息: ContextListener: contextInitialized()
四月 22, 2016 8:07:26 下午 org.apache.catalina.core.ApplicationContext log
信息: SessionListener: contextInitialized()
四月 22, 2016 8:07:26 下午 org.apache.catalina.core.ApplicationContext log
信息: ContextListener: attributeAdded('org.apache.jasper.compiler.TldLocationsCache', 'org.apache.jasper.compiler.TldLocationsCache@1f87fa7')
四月 22, 2016 8:07:26 下午 org.apache.catalina.core.ApplicationContext log
信息: SessionListener: contextDestroyed()
四月 22, 2016 8:07:26 下午 org.apache.catalina.core.ApplicationContext log
信息: ContextListener: contextDestroyed()
四月 22, 2016 8:11:26 下午 org.apache.catalina.core.ApplicationContext log
信息: ContextListener: contextInitialized()
四月 22, 2016 8:11:26 下午 org.apache.catalina.core.ApplicationContext log
信息: SessionListener: contextInitialized()
四月 22, 2016 8:11:26 下午 org.apache.catalina.core.ApplicationContext log
信息: ContextListener: attributeAdded('org.apache.jasper.compiler.TldLocationsCache', 'org.apache.jasper.compiler.TldLocationsCache@942e54')
四月 22, 2016 8:19:49 下午 org.apache.catalina.core.ApplicationContext log
信息: ContextListener: contextInitialized()
四月 22, 2016 8:19:49 下午 org.apache.catalina.core.ApplicationContext log
信息: SessionListener: contextInitialized()
四月 22, 2016 8:19:49 下午 org.apache.catalina.core.ApplicationContext log
信息: ContextListener: attributeAdded('org.apache.jasper.compiler.TldLocationsCache', 'org.apache.jasper.compiler.TldLocationsCache@1575234')
四月 22, 2016 8:19:49 下午 org.apache.catalina.core.ApplicationContext log
信息: SessionListener: contextDestroyed()
四月 22, 2016 8:19:49 下午 org.apache.catalina.core.ApplicationContext log
信息: ContextListener: contextDestroyed()
