十月 10, 2016 3:22:26 下午 org.apache.catalina.core.ApplicationContext log
信息: ContextListener: contextInitialized()
十月 10, 2016 3:22:26 下午 org.apache.catalina.core.ApplicationContext log
信息: SessionListener: contextInitialized()
十月 10, 2016 3:22:26 下午 org.apache.catalina.core.ApplicationContext log
信息: ContextListener: attributeAdded('org.apache.jasper.compiler.TldLocationsCache', 'org.apache.jasper.compiler.TldLocationsCache@1740bcc')
十月 10, 2016 3:33:11 下午 org.apache.catalina.core.ApplicationContext log
信息: SessionListener: contextDestroyed()
十月 10, 2016 3:33:11 下午 org.apache.catalina.core.ApplicationContext log
信息: ContextListener: contextDestroyed()
十月 10, 2016 3:33:20 下午 org.apache.catalina.core.ApplicationContext log
信息: ContextListener: contextInitialized()
十月 10, 2016 3:33:20 下午 org.apache.catalina.core.ApplicationContext log
信息: SessionListener: contextInitialized()
十月 10, 2016 3:33:20 下午 org.apache.catalina.core.ApplicationContext log
信息: ContextListener: attributeAdded('org.apache.jasper.compiler.TldLocationsCache', 'org.apache.jasper.compiler.TldLocationsCache@22c3ff')
十月 10, 2016 3:35:03 下午 org.apache.catalina.core.ApplicationContext log
信息: SessionListener: contextDestroyed()
十月 10, 2016 3:35:03 下午 org.apache.catalina.core.ApplicationContext log
信息: ContextListener: contextDestroyed()
十月 10, 2016 3:35:10 下午 org.apache.catalina.core.ApplicationContext log
信息: ContextListener: contextInitialized()
十月 10, 2016 3:35:10 下午 org.apache.catalina.core.ApplicationContext log
信息: SessionListener: contextInitialized()
十月 10, 2016 3:35:10 下午 org.apache.catalina.core.ApplicationContext log
信息: ContextListener: attributeAdded('org.apache.jasper.compiler.TldLocationsCache', 'org.apache.jasper.compiler.TldLocationsCache@22c3ff')
十月 10, 2016 3:38:13 下午 org.apache.catalina.core.ApplicationContext log
信息: SessionListener: contextDestroyed()
十月 10, 2016 3:38:13 下午 org.apache.catalina.core.ApplicationContext log
信息: ContextListener: contextDestroyed()
