五月 25, 2016 6:26:45 下午 org.apache.catalina.core.ApplicationContext log
信息: ContextListener: contextInitialized()
五月 25, 2016 6:26:45 下午 org.apache.catalina.core.ApplicationContext log
信息: SessionListener: contextInitialized()
五月 25, 2016 6:26:45 下午 org.apache.catalina.core.ApplicationContext log
信息: ContextListener: attributeAdded('org.apache.jasper.compiler.TldLocationsCache', 'org.apache.jasper.compiler.TldLocationsCache@d8b760')
五月 25, 2016 6:29:00 下午 org.apache.catalina.core.ApplicationContext log
信息: SessionListener: contextDestroyed()
五月 25, 2016 6:29:00 下午 org.apache.catalina.core.ApplicationContext log
信息: ContextListener: contextDestroyed()
五月 25, 2016 6:31:07 下午 org.apache.catalina.core.ApplicationContext log
信息: ContextListener: contextInitialized()
五月 25, 2016 6:31:07 下午 org.apache.catalina.core.ApplicationContext log
信息: SessionListener: contextInitialized()
五月 25, 2016 6:31:07 下午 org.apache.catalina.core.ApplicationContext log
信息: ContextListener: attributeAdded('org.apache.jasper.compiler.TldLocationsCache', 'org.apache.jasper.compiler.TldLocationsCache@1179c9d')
五月 25, 2016 6:36:33 下午 org.apache.catalina.core.ApplicationContext log
信息: SessionListener: contextDestroyed()
五月 25, 2016 6:36:33 下午 org.apache.catalina.core.ApplicationContext log
信息: ContextListener: contextDestroyed()
