六月 28, 2016 3:36:10 下午 org.apache.catalina.core.ApplicationContext log
信息: ContextListener: contextInitialized()
六月 28, 2016 3:36:10 下午 org.apache.catalina.core.ApplicationContext log
信息: SessionListener: contextInitialized()
六月 28, 2016 3:36:10 下午 org.apache.catalina.core.ApplicationContext log
信息: ContextListener: attributeAdded('org.apache.jasper.compiler.TldLocationsCache', 'org.apache.jasper.compiler.TldLocationsCache@14dfc8c')
六月 28, 2016 3:36:54 下午 org.apache.catalina.core.ApplicationContext log
信息: SessionListener: contextDestroyed()
六月 28, 2016 3:36:54 下午 org.apache.catalina.core.ApplicationContext log
信息: ContextListener: contextDestroyed()
六月 28, 2016 7:14:16 下午 org.apache.catalina.core.ApplicationContext log
信息: ContextListener: contextInitialized()
六月 28, 2016 7:14:16 下午 org.apache.catalina.core.ApplicationContext log
信息: SessionListener: contextInitialized()
六月 28, 2016 7:14:16 下午 org.apache.catalina.core.ApplicationContext log
信息: ContextListener: attributeAdded('org.apache.jasper.compiler.TldLocationsCache', 'org.apache.jasper.compiler.TldLocationsCache@14dfc8c')
六月 28, 2016 7:15:16 下午 org.apache.catalina.core.ApplicationContext log
信息: SessionListener: contextDestroyed()
六月 28, 2016 7:15:16 下午 org.apache.catalina.core.ApplicationContext log
信息: ContextListener: contextDestroyed()
六月 28, 2016 7:16:23 下午 org.apache.catalina.core.ApplicationContext log
信息: ContextListener: contextInitialized()
六月 28, 2016 7:16:23 下午 org.apache.catalina.core.ApplicationContext log
信息: SessionListener: contextInitialized()
六月 28, 2016 7:16:23 下午 org.apache.catalina.core.ApplicationContext log
信息: ContextListener: attributeAdded('org.apache.jasper.compiler.TldLocationsCache', 'org.apache.jasper.compiler.TldLocationsCache@14dfc8c')
六月 28, 2016 7:26:45 下午 org.apache.catalina.core.ApplicationContext log
信息: SessionListener: contextDestroyed()
六月 28, 2016 7:26:45 下午 org.apache.catalina.core.ApplicationContext log
信息: ContextListener: contextDestroyed()
六月 28, 2016 9:06:10 下午 org.apache.catalina.core.ApplicationContext log
信息: ContextListener: contextInitialized()
六月 28, 2016 9:06:10 下午 org.apache.catalina.core.ApplicationContext log
信息: SessionListener: contextInitialized()
六月 28, 2016 9:06:10 下午 org.apache.catalina.core.ApplicationContext log
信息: ContextListener: attributeAdded('org.apache.jasper.compiler.TldLocationsCache', 'org.apache.jasper.compiler.TldLocationsCache@32acfb')
六月 28, 2016 9:06:21 下午 org.apache.catalina.core.ApplicationContext log
信息: SessionListener: contextDestroyed()
六月 28, 2016 9:06:21 下午 org.apache.catalina.core.ApplicationContext log
信息: ContextListener: contextDestroyed()
