九月 18, 2016 8:59:31 上午 org.apache.catalina.core.ApplicationContext log
信息: ContextListener: contextInitialized()
九月 18, 2016 8:59:31 上午 org.apache.catalina.core.ApplicationContext log
信息: SessionListener: contextInitialized()
九月 18, 2016 8:59:31 上午 org.apache.catalina.core.ApplicationContext log
信息: ContextListener: attributeAdded('org.apache.jasper.compiler.TldLocationsCache', 'org.apache.jasper.compiler.TldLocationsCache@1740bcc')
九月 18, 2016 8:59:39 上午 org.apache.catalina.core.ApplicationContext log
信息: SessionListener: contextDestroyed()
九月 18, 2016 8:59:39 上午 org.apache.catalina.core.ApplicationContext log
信息: ContextListener: contextDestroyed()
九月 18, 2016 9:16:24 上午 org.apache.catalina.core.ApplicationContext log
信息: ContextListener: contextInitialized()
九月 18, 2016 9:16:24 上午 org.apache.catalina.core.ApplicationContext log
信息: SessionListener: contextInitialized()
九月 18, 2016 9:16:24 上午 org.apache.catalina.core.ApplicationContext log
信息: ContextListener: attributeAdded('org.apache.jasper.compiler.TldLocationsCache', 'org.apache.jasper.compiler.TldLocationsCache@1740bcc')
九月 18, 2016 9:38:35 上午 org.apache.catalina.core.ApplicationContext log
信息: SessionListener: contextDestroyed()
九月 18, 2016 9:38:35 上午 org.apache.catalina.core.ApplicationContext log
信息: ContextListener: contextDestroyed()
九月 18, 2016 9:39:06 上午 org.apache.catalina.core.ApplicationContext log
信息: ContextListener: contextInitialized()
九月 18, 2016 9:39:06 上午 org.apache.catalina.core.ApplicationContext log
信息: SessionListener: contextInitialized()
九月 18, 2016 9:39:06 上午 org.apache.catalina.core.ApplicationContext log
信息: ContextListener: attributeAdded('org.apache.jasper.compiler.TldLocationsCache', 'org.apache.jasper.compiler.TldLocationsCache@cfc3b1')
九月 18, 2016 11:35:30 上午 org.apache.catalina.core.ApplicationContext log
信息: SessionListener: contextDestroyed()
九月 18, 2016 11:35:30 上午 org.apache.catalina.core.ApplicationContext log
信息: ContextListener: contextDestroyed()
九月 18, 2016 11:35:45 上午 org.apache.catalina.core.ApplicationContext log
信息: ContextListener: contextInitialized()
九月 18, 2016 11:35:45 上午 org.apache.catalina.core.ApplicationContext log
信息: SessionListener: contextInitialized()
九月 18, 2016 11:35:45 上午 org.apache.catalina.core.ApplicationContext log
信息: ContextListener: attributeAdded('org.apache.jasper.compiler.TldLocationsCache', 'org.apache.jasper.compiler.TldLocationsCache@b2011b')
九月 18, 2016 11:36:04 上午 org.apache.catalina.core.ApplicationContext log
信息: SessionListener: contextDestroyed()
九月 18, 2016 11:36:04 上午 org.apache.catalina.core.ApplicationContext log
信息: ContextListener: contextDestroyed()
九月 18, 2016 11:36:21 上午 org.apache.catalina.core.ApplicationContext log
信息: ContextListener: contextInitialized()
九月 18, 2016 11:36:21 上午 org.apache.catalina.core.ApplicationContext log
信息: SessionListener: contextInitialized()
九月 18, 2016 11:36:21 上午 org.apache.catalina.core.ApplicationContext log
信息: ContextListener: attributeAdded('org.apache.jasper.compiler.TldLocationsCache', 'org.apache.jasper.compiler.TldLocationsCache@942e54')
九月 18, 2016 12:01:07 下午 org.apache.catalina.core.ApplicationContext log
信息: SessionListener: contextDestroyed()
九月 18, 2016 12:01:07 下午 org.apache.catalina.core.ApplicationContext log
信息: ContextListener: contextDestroyed()
九月 18, 2016 2:53:23 下午 org.apache.catalina.core.ApplicationContext log
信息: ContextListener: contextInitialized()
九月 18, 2016 2:53:23 下午 org.apache.catalina.core.ApplicationContext log
信息: SessionListener: contextInitialized()
九月 18, 2016 2:53:23 下午 org.apache.catalina.core.ApplicationContext log
信息: ContextListener: attributeAdded('org.apache.jasper.compiler.TldLocationsCache', 'org.apache.jasper.compiler.TldLocationsCache@1740bcc')
九月 18, 2016 3:16:17 下午 org.apache.catalina.core.ApplicationContext log
信息: SessionListener: contextDestroyed()
九月 18, 2016 3:16:17 下午 org.apache.catalina.core.ApplicationContext log
信息: ContextListener: contextDestroyed()
九月 18, 2016 3:16:36 下午 org.apache.catalina.core.ApplicationContext log
信息: ContextListener: contextInitialized()
九月 18, 2016 3:16:36 下午 org.apache.catalina.core.ApplicationContext log
信息: SessionListener: contextInitialized()
九月 18, 2016 3:16:36 下午 org.apache.catalina.core.ApplicationContext log
信息: ContextListener: attributeAdded('org.apache.jasper.compiler.TldLocationsCache', 'org.apache.jasper.compiler.TldLocationsCache@b2011b')
九月 18, 2016 3:46:29 下午 org.apache.catalina.core.ApplicationContext log
信息: SessionListener: contextDestroyed()
九月 18, 2016 3:46:29 下午 org.apache.catalina.core.ApplicationContext log
信息: ContextListener: contextDestroyed()
九月 18, 2016 4:25:33 下午 org.apache.catalina.core.ApplicationContext log
信息: ContextListener: contextInitialized()
九月 18, 2016 4:25:33 下午 org.apache.catalina.core.ApplicationContext log
信息: SessionListener: contextInitialized()
九月 18, 2016 4:25:33 下午 org.apache.catalina.core.ApplicationContext log
信息: ContextListener: attributeAdded('org.apache.jasper.compiler.TldLocationsCache', 'org.apache.jasper.compiler.TldLocationsCache@10bf686')
九月 18, 2016 10:03:02 下午 org.apache.catalina.core.ApplicationContext log
信息: ContextListener: contextInitialized()
九月 18, 2016 10:03:02 下午 org.apache.catalina.core.ApplicationContext log
信息: SessionListener: contextInitialized()
九月 18, 2016 10:03:02 下午 org.apache.catalina.core.ApplicationContext log
信息: ContextListener: attributeAdded('org.apache.jasper.compiler.TldLocationsCache', 'org.apache.jasper.compiler.TldLocationsCache@1740bcc')
九月 18, 2016 10:08:16 下午 org.apache.catalina.core.ApplicationContext log
信息: SessionListener: contextDestroyed()
九月 18, 2016 10:08:16 下午 org.apache.catalina.core.ApplicationContext log
信息: ContextListener: contextDestroyed()
