六月 29, 2016 1:01:34 下午 org.apache.catalina.core.ApplicationContext log
信息: ContextListener: contextInitialized()
六月 29, 2016 1:01:34 下午 org.apache.catalina.core.ApplicationContext log
信息: SessionListener: contextInitialized()
六月 29, 2016 1:01:34 下午 org.apache.catalina.core.ApplicationContext log
信息: ContextListener: attributeAdded('org.apache.jasper.compiler.TldLocationsCache', 'org.apache.jasper.compiler.TldLocationsCache@e3a0a6')
六月 29, 2016 1:03:02 下午 org.apache.catalina.core.ApplicationContext log
信息: SessionListener: contextDestroyed()
六月 29, 2016 1:03:02 下午 org.apache.catalina.core.ApplicationContext log
信息: ContextListener: contextDestroyed()
六月 29, 2016 1:03:12 下午 org.apache.catalina.core.ApplicationContext log
信息: ContextListener: contextInitialized()
六月 29, 2016 1:03:12 下午 org.apache.catalina.core.ApplicationContext log
信息: SessionListener: contextInitialized()
六月 29, 2016 1:03:12 下午 org.apache.catalina.core.ApplicationContext log
信息: ContextListener: attributeAdded('org.apache.jasper.compiler.TldLocationsCache', 'org.apache.jasper.compiler.TldLocationsCache@283725')
六月 29, 2016 1:04:39 下午 org.apache.catalina.core.ApplicationContext log
信息: ContextListener: contextInitialized()
六月 29, 2016 1:04:39 下午 org.apache.catalina.core.ApplicationContext log
信息: SessionListener: contextInitialized()
六月 29, 2016 1:04:39 下午 org.apache.catalina.core.ApplicationContext log
信息: ContextListener: attributeAdded('org.apache.jasper.compiler.TldLocationsCache', 'org.apache.jasper.compiler.TldLocationsCache@1c7a8f')
六月 29, 2016 1:04:39 下午 org.apache.catalina.core.ApplicationContext log
信息: SessionListener: contextDestroyed()
六月 29, 2016 1:04:39 下午 org.apache.catalina.core.ApplicationContext log
信息: ContextListener: contextDestroyed()
六月 29, 2016 1:05:40 下午 org.apache.catalina.core.ApplicationContext log
信息: SessionListener: contextDestroyed()
六月 29, 2016 1:05:40 下午 org.apache.catalina.core.ApplicationContext log
信息: ContextListener: contextDestroyed()
六月 29, 2016 1:05:55 下午 org.apache.catalina.core.ApplicationContext log
信息: ContextListener: contextInitialized()
六月 29, 2016 1:05:55 下午 org.apache.catalina.core.ApplicationContext log
信息: SessionListener: contextInitialized()
六月 29, 2016 1:05:55 下午 org.apache.catalina.core.ApplicationContext log
信息: ContextListener: attributeAdded('org.apache.jasper.compiler.TldLocationsCache', 'org.apache.jasper.compiler.TldLocationsCache@283725')
六月 29, 2016 1:05:59 下午 org.apache.catalina.core.ApplicationContext log
信息: SessionListener: contextDestroyed()
六月 29, 2016 1:05:59 下午 org.apache.catalina.core.ApplicationContext log
信息: ContextListener: contextDestroyed()
六月 29, 2016 1:06:41 下午 org.apache.catalina.core.ApplicationContext log
信息: ContextListener: contextInitialized()
六月 29, 2016 1:06:41 下午 org.apache.catalina.core.ApplicationContext log
信息: SessionListener: contextInitialized()
六月 29, 2016 1:06:41 下午 org.apache.catalina.core.ApplicationContext log
信息: ContextListener: attributeAdded('org.apache.jasper.compiler.TldLocationsCache', 'org.apache.jasper.compiler.TldLocationsCache@283725')
六月 29, 2016 1:06:42 下午 org.apache.catalina.core.ApplicationContext log
信息: SessionListener: contextDestroyed()
六月 29, 2016 1:06:42 下午 org.apache.catalina.core.ApplicationContext log
信息: ContextListener: contextDestroyed()
六月 29, 2016 1:07:20 下午 org.apache.catalina.core.ApplicationContext log
信息: ContextListener: contextInitialized()
六月 29, 2016 1:07:20 下午 org.apache.catalina.core.ApplicationContext log
信息: SessionListener: contextInitialized()
六月 29, 2016 1:07:20 下午 org.apache.catalina.core.ApplicationContext log
信息: ContextListener: attributeAdded('org.apache.jasper.compiler.TldLocationsCache', 'org.apache.jasper.compiler.TldLocationsCache@1b4640b')
六月 29, 2016 1:07:29 下午 org.apache.catalina.core.ApplicationContext log
信息: SessionListener: contextDestroyed()
六月 29, 2016 1:07:29 下午 org.apache.catalina.core.ApplicationContext log
信息: ContextListener: contextDestroyed()
六月 29, 2016 1:07:49 下午 org.apache.catalina.core.ApplicationContext log
信息: ContextListener: contextInitialized()
六月 29, 2016 1:07:49 下午 org.apache.catalina.core.ApplicationContext log
信息: SessionListener: contextInitialized()
六月 29, 2016 1:07:49 下午 org.apache.catalina.core.ApplicationContext log
信息: ContextListener: attributeAdded('org.apache.jasper.compiler.TldLocationsCache', 'org.apache.jasper.compiler.TldLocationsCache@1b4640b')
六月 29, 2016 1:08:33 下午 org.apache.catalina.core.ApplicationContext log
信息: ContextListener: contextInitialized()
六月 29, 2016 1:08:33 下午 org.apache.catalina.core.ApplicationContext log
信息: SessionListener: contextInitialized()
六月 29, 2016 1:08:33 下午 org.apache.catalina.core.ApplicationContext log
信息: ContextListener: attributeAdded('org.apache.jasper.compiler.TldLocationsCache', 'org.apache.jasper.compiler.TldLocationsCache@387ee7')
六月 29, 2016 1:08:33 下午 org.apache.catalina.core.ApplicationContext log
信息: SessionListener: contextDestroyed()
六月 29, 2016 1:08:33 下午 org.apache.catalina.core.ApplicationContext log
信息: ContextListener: contextDestroyed()
六月 29, 2016 1:08:53 下午 org.apache.catalina.core.ApplicationContext log
信息: SessionListener: contextDestroyed()
六月 29, 2016 1:08:53 下午 org.apache.catalina.core.ApplicationContext log
信息: ContextListener: contextDestroyed()
六月 29, 2016 1:11:04 下午 org.apache.catalina.core.ApplicationContext log
信息: ContextListener: contextInitialized()
六月 29, 2016 1:11:04 下午 org.apache.catalina.core.ApplicationContext log
信息: SessionListener: contextInitialized()
六月 29, 2016 1:11:04 下午 org.apache.catalina.core.ApplicationContext log
信息: ContextListener: attributeAdded('org.apache.jasper.compiler.TldLocationsCache', 'org.apache.jasper.compiler.TldLocationsCache@283725')
六月 29, 2016 1:17:08 下午 org.apache.catalina.core.ApplicationContext log
信息: SessionListener: contextDestroyed()
六月 29, 2016 1:17:08 下午 org.apache.catalina.core.ApplicationContext log
信息: ContextListener: contextDestroyed()
六月 29, 2016 2:17:51 下午 org.apache.catalina.core.ApplicationContext log
信息: ContextListener: contextInitialized()
六月 29, 2016 2:17:51 下午 org.apache.catalina.core.ApplicationContext log
信息: SessionListener: contextInitialized()
六月 29, 2016 2:17:51 下午 org.apache.catalina.core.ApplicationContext log
信息: ContextListener: attributeAdded('org.apache.jasper.compiler.TldLocationsCache', 'org.apache.jasper.compiler.TldLocationsCache@283725')
六月 29, 2016 2:19:50 下午 org.apache.catalina.core.ApplicationContext log
信息: SessionListener: contextDestroyed()
六月 29, 2016 2:19:50 下午 org.apache.catalina.core.ApplicationContext log
信息: ContextListener: contextDestroyed()
六月 29, 2016 2:20:45 下午 org.apache.catalina.core.ApplicationContext log
信息: ContextListener: contextInitialized()
六月 29, 2016 2:20:45 下午 org.apache.catalina.core.ApplicationContext log
信息: SessionListener: contextInitialized()
六月 29, 2016 2:20:45 下午 org.apache.catalina.core.ApplicationContext log
信息: ContextListener: attributeAdded('org.apache.jasper.compiler.TldLocationsCache', 'org.apache.jasper.compiler.TldLocationsCache@1b4640b')
六月 29, 2016 2:21:23 下午 org.apache.catalina.core.ApplicationContext log
信息: SessionListener: contextDestroyed()
六月 29, 2016 2:21:23 下午 org.apache.catalina.core.ApplicationContext log
信息: ContextListener: contextDestroyed()
六月 29, 2016 2:22:16 下午 org.apache.catalina.core.ApplicationContext log
信息: ContextListener: contextInitialized()
六月 29, 2016 2:22:16 下午 org.apache.catalina.core.ApplicationContext log
信息: SessionListener: contextInitialized()
六月 29, 2016 2:22:16 下午 org.apache.catalina.core.ApplicationContext log
信息: ContextListener: attributeAdded('org.apache.jasper.compiler.TldLocationsCache', 'org.apache.jasper.compiler.TldLocationsCache@1b4640b')
六月 29, 2016 2:22:48 下午 org.apache.catalina.core.ApplicationContext log
信息: SessionListener: contextDestroyed()
六月 29, 2016 2:22:48 下午 org.apache.catalina.core.ApplicationContext log
信息: ContextListener: contextDestroyed()
六月 29, 2016 2:23:15 下午 org.apache.catalina.core.ApplicationContext log
信息: ContextListener: contextInitialized()
六月 29, 2016 2:23:15 下午 org.apache.catalina.core.ApplicationContext log
信息: SessionListener: contextInitialized()
六月 29, 2016 2:23:15 下午 org.apache.catalina.core.ApplicationContext log
信息: ContextListener: attributeAdded('org.apache.jasper.compiler.TldLocationsCache', 'org.apache.jasper.compiler.TldLocationsCache@283725')
六月 29, 2016 2:23:26 下午 org.apache.catalina.core.ApplicationContext log
信息: SessionListener: contextDestroyed()
六月 29, 2016 2:23:26 下午 org.apache.catalina.core.ApplicationContext log
信息: ContextListener: contextDestroyed()
六月 29, 2016 2:24:05 下午 org.apache.catalina.core.ApplicationContext log
信息: ContextListener: contextInitialized()
六月 29, 2016 2:24:05 下午 org.apache.catalina.core.ApplicationContext log
信息: SessionListener: contextInitialized()
六月 29, 2016 2:24:05 下午 org.apache.catalina.core.ApplicationContext log
信息: ContextListener: attributeAdded('org.apache.jasper.compiler.TldLocationsCache', 'org.apache.jasper.compiler.TldLocationsCache@283725')
六月 29, 2016 2:24:35 下午 org.apache.catalina.core.ApplicationContext log
信息: SessionListener: contextDestroyed()
六月 29, 2016 2:24:35 下午 org.apache.catalina.core.ApplicationContext log
信息: ContextListener: contextDestroyed()
