九月 27, 2016 8:56:40 上午 org.apache.catalina.core.ApplicationContext log
信息: ContextListener: contextInitialized()
九月 27, 2016 8:56:40 上午 org.apache.catalina.core.ApplicationContext log
信息: SessionListener: contextInitialized()
九月 27, 2016 8:56:40 上午 org.apache.catalina.core.ApplicationContext log
信息: ContextListener: attributeAdded('org.apache.jasper.compiler.TldLocationsCache', 'org.apache.jasper.compiler.TldLocationsCache@22c3ff')
九月 27, 2016 9:46:28 上午 org.apache.catalina.core.ApplicationContext log
信息: SessionListener: contextDestroyed()
九月 27, 2016 9:46:28 上午 org.apache.catalina.core.ApplicationContext log
信息: ContextListener: contextDestroyed()
九月 27, 2016 9:46:51 上午 org.apache.catalina.core.ApplicationContext log
信息: ContextListener: contextInitialized()
九月 27, 2016 9:46:51 上午 org.apache.catalina.core.ApplicationContext log
信息: SessionListener: contextInitialized()
九月 27, 2016 9:46:51 上午 org.apache.catalina.core.ApplicationContext log
信息: ContextListener: attributeAdded('org.apache.jasper.compiler.TldLocationsCache', 'org.apache.jasper.compiler.TldLocationsCache@22c3ff')
九月 27, 2016 9:47:20 上午 org.apache.catalina.core.ApplicationContext log
信息: SessionListener: contextDestroyed()
九月 27, 2016 9:47:20 上午 org.apache.catalina.core.ApplicationContext log
信息: ContextListener: contextDestroyed()
九月 27, 2016 9:47:40 上午 org.apache.catalina.core.ApplicationContext log
信息: ContextListener: contextInitialized()
九月 27, 2016 9:47:40 上午 org.apache.catalina.core.ApplicationContext log
信息: SessionListener: contextInitialized()
九月 27, 2016 9:47:40 上午 org.apache.catalina.core.ApplicationContext log
信息: ContextListener: attributeAdded('org.apache.jasper.compiler.TldLocationsCache', 'org.apache.jasper.compiler.TldLocationsCache@22c3ff')
九月 27, 2016 9:50:16 上午 org.apache.catalina.core.ApplicationContext log
信息: SessionListener: contextDestroyed()
九月 27, 2016 9:50:16 上午 org.apache.catalina.core.ApplicationContext log
信息: ContextListener: contextDestroyed()
九月 27, 2016 9:52:34 上午 org.apache.catalina.core.ApplicationContext log
信息: ContextListener: contextInitialized()
九月 27, 2016 9:52:34 上午 org.apache.catalina.core.ApplicationContext log
信息: SessionListener: contextInitialized()
九月 27, 2016 9:52:34 上午 org.apache.catalina.core.ApplicationContext log
信息: ContextListener: attributeAdded('org.apache.jasper.compiler.TldLocationsCache', 'org.apache.jasper.compiler.TldLocationsCache@8b7182')
九月 27, 2016 6:16:41 下午 org.apache.catalina.core.ApplicationContext log
信息: SessionListener: contextDestroyed()
九月 27, 2016 6:16:42 下午 org.apache.catalina.core.ApplicationContext log
信息: ContextListener: contextDestroyed()
