七月 25, 2016 11:02:44 上午 org.apache.catalina.core.ApplicationContext log
信息: ContextListener: contextInitialized()
七月 25, 2016 11:02:44 上午 org.apache.catalina.core.ApplicationContext log
信息: SessionListener: contextInitialized()
七月 25, 2016 11:02:44 上午 org.apache.catalina.core.ApplicationContext log
信息: ContextListener: attributeAdded('org.apache.jasper.compiler.TldLocationsCache', 'org.apache.jasper.compiler.TldLocationsCache@1b4640b')
七月 25, 2016 11:03:39 上午 org.apache.catalina.core.ApplicationContext log
信息: SessionListener: contextDestroyed()
七月 25, 2016 11:03:39 上午 org.apache.catalina.core.ApplicationContext log
信息: ContextListener: contextDestroyed()
七月 25, 2016 11:03:46 上午 org.apache.catalina.core.ApplicationContext log
信息: ContextListener: contextInitialized()
七月 25, 2016 11:03:46 上午 org.apache.catalina.core.ApplicationContext log
信息: SessionListener: contextInitialized()
七月 25, 2016 11:03:46 上午 org.apache.catalina.core.ApplicationContext log
信息: ContextListener: attributeAdded('org.apache.jasper.compiler.TldLocationsCache', 'org.apache.jasper.compiler.TldLocationsCache@1b4640b')
七月 25, 2016 11:04:39 上午 org.apache.catalina.core.ApplicationContext log
信息: SessionListener: contextDestroyed()
七月 25, 2016 11:04:39 上午 org.apache.catalina.core.ApplicationContext log
信息: ContextListener: contextDestroyed()
七月 25, 2016 11:04:46 上午 org.apache.catalina.core.ApplicationContext log
信息: ContextListener: contextInitialized()
七月 25, 2016 11:04:46 上午 org.apache.catalina.core.ApplicationContext log
信息: SessionListener: contextInitialized()
七月 25, 2016 11:04:46 上午 org.apache.catalina.core.ApplicationContext log
信息: ContextListener: attributeAdded('org.apache.jasper.compiler.TldLocationsCache', 'org.apache.jasper.compiler.TldLocationsCache@1b4640b')
七月 25, 2016 11:05:27 上午 org.apache.catalina.core.ApplicationContext log
信息: SessionListener: contextDestroyed()
七月 25, 2016 11:05:27 上午 org.apache.catalina.core.ApplicationContext log
信息: ContextListener: contextDestroyed()
