十月 13, 2016 5:28:35 下午 org.apache.catalina.core.ApplicationContext log
信息: ContextListener: contextInitialized()
十月 13, 2016 5:28:35 下午 org.apache.catalina.core.ApplicationContext log
信息: SessionListener: contextInitialized()
十月 13, 2016 5:28:35 下午 org.apache.catalina.core.ApplicationContext log
信息: ContextListener: attributeAdded('org.apache.jasper.compiler.TldLocationsCache', 'org.apache.jasper.compiler.TldLocationsCache@22c3ff')
十月 13, 2016 5:29:50 下午 org.apache.catalina.core.ApplicationContext log
信息: SessionListener: contextDestroyed()
十月 13, 2016 5:29:50 下午 org.apache.catalina.core.ApplicationContext log
信息: ContextListener: contextDestroyed()
十月 13, 2016 5:33:03 下午 org.apache.catalina.core.ApplicationContext log
信息: ContextListener: contextInitialized()
十月 13, 2016 5:33:03 下午 org.apache.catalina.core.ApplicationContext log
信息: SessionListener: contextInitialized()
十月 13, 2016 5:33:03 下午 org.apache.catalina.core.ApplicationContext log
信息: ContextListener: attributeAdded('org.apache.jasper.compiler.TldLocationsCache', 'org.apache.jasper.compiler.TldLocationsCache@22c3ff')
十月 13, 2016 5:41:58 下午 org.apache.catalina.core.ApplicationContext log
信息: SessionListener: contextDestroyed()
十月 13, 2016 5:41:58 下午 org.apache.catalina.core.ApplicationContext log
信息: ContextListener: contextDestroyed()
十月 13, 2016 5:42:26 下午 org.apache.catalina.core.ApplicationContext log
信息: ContextListener: contextInitialized()
十月 13, 2016 5:42:26 下午 org.apache.catalina.core.ApplicationContext log
信息: SessionListener: contextInitialized()
十月 13, 2016 5:42:26 下午 org.apache.catalina.core.ApplicationContext log
信息: ContextListener: attributeAdded('org.apache.jasper.compiler.TldLocationsCache', 'org.apache.jasper.compiler.TldLocationsCache@22c3ff')
十月 13, 2016 5:45:20 下午 org.apache.catalina.core.ApplicationContext log
信息: SessionListener: contextDestroyed()
十月 13, 2016 5:45:20 下午 org.apache.catalina.core.ApplicationContext log
信息: ContextListener: contextDestroyed()
十月 13, 2016 5:46:14 下午 org.apache.catalina.core.ApplicationContext log
信息: ContextListener: contextInitialized()
十月 13, 2016 5:46:14 下午 org.apache.catalina.core.ApplicationContext log
信息: SessionListener: contextInitialized()
十月 13, 2016 5:46:14 下午 org.apache.catalina.core.ApplicationContext log
信息: ContextListener: attributeAdded('org.apache.jasper.compiler.TldLocationsCache', 'org.apache.jasper.compiler.TldLocationsCache@22c3ff')
十月 13, 2016 5:56:56 下午 org.apache.catalina.core.ApplicationContext log
信息: SessionListener: contextDestroyed()
十月 13, 2016 5:56:56 下午 org.apache.catalina.core.ApplicationContext log
信息: ContextListener: contextDestroyed()
十月 13, 2016 8:38:26 下午 org.apache.catalina.core.ApplicationContext log
信息: ContextListener: contextInitialized()
十月 13, 2016 8:38:26 下午 org.apache.catalina.core.ApplicationContext log
信息: SessionListener: contextInitialized()
十月 13, 2016 8:38:26 下午 org.apache.catalina.core.ApplicationContext log
信息: ContextListener: attributeAdded('org.apache.jasper.compiler.TldLocationsCache', 'org.apache.jasper.compiler.TldLocationsCache@22c3ff')
十月 13, 2016 8:42:09 下午 org.apache.catalina.core.ApplicationContext log
信息: SessionListener: contextDestroyed()
十月 13, 2016 8:42:09 下午 org.apache.catalina.core.ApplicationContext log
信息: ContextListener: contextDestroyed()
十月 13, 2016 9:08:57 下午 org.apache.catalina.core.ApplicationContext log
信息: ContextListener: contextInitialized()
十月 13, 2016 9:08:57 下午 org.apache.catalina.core.ApplicationContext log
信息: SessionListener: contextInitialized()
十月 13, 2016 9:08:57 下午 org.apache.catalina.core.ApplicationContext log
信息: ContextListener: attributeAdded('org.apache.jasper.compiler.TldLocationsCache', 'org.apache.jasper.compiler.TldLocationsCache@8b7182')
