五月 17, 2016 10:58:56 上午 org.apache.catalina.core.ApplicationContext log
信息: ContextListener: contextInitialized()
五月 17, 2016 10:58:56 上午 org.apache.catalina.core.ApplicationContext log
信息: SessionListener: contextInitialized()
五月 17, 2016 10:58:56 上午 org.apache.catalina.core.ApplicationContext log
信息: ContextListener: attributeAdded('org.apache.jasper.compiler.TldLocationsCache', 'org.apache.jasper.compiler.TldLocationsCache@32acfb')
五月 17, 2016 11:16:14 上午 org.apache.catalina.core.ApplicationContext log
信息: ContextListener: contextInitialized()
五月 17, 2016 11:16:14 上午 org.apache.catalina.core.ApplicationContext log
信息: SessionListener: contextInitialized()
五月 17, 2016 11:16:14 上午 org.apache.catalina.core.ApplicationContext log
信息: ContextListener: attributeAdded('org.apache.jasper.compiler.TldLocationsCache', 'org.apache.jasper.compiler.TldLocationsCache@274f5f')
五月 17, 2016 11:16:15 上午 org.apache.catalina.core.ApplicationContext log
信息: SessionListener: contextDestroyed()
五月 17, 2016 11:16:15 上午 org.apache.catalina.core.ApplicationContext log
信息: ContextListener: contextDestroyed()
五月 17, 2016 11:16:51 上午 org.apache.catalina.core.ApplicationContext log
信息: SessionListener: contextDestroyed()
五月 17, 2016 11:16:51 上午 org.apache.catalina.core.ApplicationContext log
信息: ContextListener: contextDestroyed()
五月 17, 2016 11:46:20 上午 org.apache.catalina.core.ApplicationContext log
信息: ContextListener: contextInitialized()
五月 17, 2016 11:46:20 上午 org.apache.catalina.core.ApplicationContext log
信息: SessionListener: contextInitialized()
五月 17, 2016 11:46:20 上午 org.apache.catalina.core.ApplicationContext log
信息: ContextListener: attributeAdded('org.apache.jasper.compiler.TldLocationsCache', 'org.apache.jasper.compiler.TldLocationsCache@15274da')
五月 17, 2016 11:47:09 上午 org.apache.catalina.core.ApplicationContext log
信息: SessionListener: contextDestroyed()
五月 17, 2016 11:47:09 上午 org.apache.catalina.core.ApplicationContext log
信息: ContextListener: contextDestroyed()
五月 17, 2016 1:13:31 下午 org.apache.catalina.core.ApplicationContext log
信息: ContextListener: contextInitialized()
五月 17, 2016 1:13:31 下午 org.apache.catalina.core.ApplicationContext log
信息: SessionListener: contextInitialized()
五月 17, 2016 1:13:31 下午 org.apache.catalina.core.ApplicationContext log
信息: ContextListener: attributeAdded('org.apache.jasper.compiler.TldLocationsCache', 'org.apache.jasper.compiler.TldLocationsCache@14dfc8c')
五月 17, 2016 1:15:36 下午 org.apache.catalina.core.ApplicationContext log
信息: SessionListener: contextDestroyed()
五月 17, 2016 1:15:36 下午 org.apache.catalina.core.ApplicationContext log
信息: ContextListener: contextDestroyed()
五月 17, 2016 1:16:00 下午 org.apache.catalina.core.ApplicationContext log
信息: ContextListener: contextInitialized()
五月 17, 2016 1:16:00 下午 org.apache.catalina.core.ApplicationContext log
信息: SessionListener: contextInitialized()
五月 17, 2016 1:16:00 下午 org.apache.catalina.core.ApplicationContext log
信息: ContextListener: attributeAdded('org.apache.jasper.compiler.TldLocationsCache', 'org.apache.jasper.compiler.TldLocationsCache@14dfc8c')
五月 17, 2016 1:32:08 下午 org.apache.catalina.core.ApplicationContext log
信息: ContextListener: contextInitialized()
五月 17, 2016 1:32:08 下午 org.apache.catalina.core.ApplicationContext log
信息: SessionListener: contextInitialized()
五月 17, 2016 1:32:08 下午 org.apache.catalina.core.ApplicationContext log
信息: ContextListener: attributeAdded('org.apache.jasper.compiler.TldLocationsCache', 'org.apache.jasper.compiler.TldLocationsCache@1c7a8f')
五月 17, 2016 1:32:08 下午 org.apache.catalina.core.ApplicationContext log
信息: SessionListener: contextDestroyed()
五月 17, 2016 1:32:08 下午 org.apache.catalina.core.ApplicationContext log
信息: ContextListener: contextDestroyed()
五月 17, 2016 1:33:02 下午 org.apache.catalina.core.ApplicationContext log
信息: SessionListener: contextDestroyed()
五月 17, 2016 1:33:02 下午 org.apache.catalina.core.ApplicationContext log
信息: ContextListener: contextDestroyed()
五月 17, 2016 1:37:26 下午 org.apache.catalina.core.ApplicationContext log
信息: ContextListener: contextInitialized()
五月 17, 2016 1:37:26 下午 org.apache.catalina.core.ApplicationContext log
信息: SessionListener: contextInitialized()
五月 17, 2016 1:37:26 下午 org.apache.catalina.core.ApplicationContext log
信息: ContextListener: attributeAdded('org.apache.jasper.compiler.TldLocationsCache', 'org.apache.jasper.compiler.TldLocationsCache@15274da')
五月 17, 2016 1:40:36 下午 org.apache.catalina.core.ApplicationContext log
信息: SessionListener: contextDestroyed()
五月 17, 2016 1:40:36 下午 org.apache.catalina.core.ApplicationContext log
信息: ContextListener: contextDestroyed()
五月 17, 2016 1:41:07 下午 org.apache.catalina.core.ApplicationContext log
信息: ContextListener: contextInitialized()
五月 17, 2016 1:41:07 下午 org.apache.catalina.core.ApplicationContext log
信息: SessionListener: contextInitialized()
五月 17, 2016 1:41:07 下午 org.apache.catalina.core.ApplicationContext log
信息: ContextListener: attributeAdded('org.apache.jasper.compiler.TldLocationsCache', 'org.apache.jasper.compiler.TldLocationsCache@14dfc8c')
五月 17, 2016 1:49:50 下午 org.apache.catalina.core.ApplicationContext log
信息: SessionListener: contextDestroyed()
五月 17, 2016 1:49:50 下午 org.apache.catalina.core.ApplicationContext log
信息: ContextListener: contextDestroyed()
五月 17, 2016 2:01:31 下午 org.apache.catalina.core.ApplicationContext log
信息: ContextListener: contextInitialized()
五月 17, 2016 2:01:31 下午 org.apache.catalina.core.ApplicationContext log
信息: SessionListener: contextInitialized()
五月 17, 2016 2:01:31 下午 org.apache.catalina.core.ApplicationContext log
信息: ContextListener: attributeAdded('org.apache.jasper.compiler.TldLocationsCache', 'org.apache.jasper.compiler.TldLocationsCache@1179c9d')
五月 17, 2016 2:06:39 下午 org.apache.catalina.core.ApplicationContext log
信息: SessionListener: contextDestroyed()
五月 17, 2016 2:06:39 下午 org.apache.catalina.core.ApplicationContext log
信息: ContextListener: contextDestroyed()
五月 17, 2016 2:17:12 下午 org.apache.catalina.core.ApplicationContext log
信息: ContextListener: contextInitialized()
五月 17, 2016 2:17:12 下午 org.apache.catalina.core.ApplicationContext log
信息: SessionListener: contextInitialized()
五月 17, 2016 2:17:12 下午 org.apache.catalina.core.ApplicationContext log
信息: ContextListener: attributeAdded('org.apache.jasper.compiler.TldLocationsCache', 'org.apache.jasper.compiler.TldLocationsCache@18ee757')
五月 17, 2016 2:18:02 下午 org.apache.catalina.core.ApplicationContext log
信息: SessionListener: contextDestroyed()
五月 17, 2016 2:18:02 下午 org.apache.catalina.core.ApplicationContext log
信息: ContextListener: contextDestroyed()
五月 17, 2016 2:18:20 下午 org.apache.catalina.core.ApplicationContext log
信息: ContextListener: contextInitialized()
五月 17, 2016 2:18:20 下午 org.apache.catalina.core.ApplicationContext log
信息: SessionListener: contextInitialized()
五月 17, 2016 2:18:20 下午 org.apache.catalina.core.ApplicationContext log
信息: ContextListener: attributeAdded('org.apache.jasper.compiler.TldLocationsCache', 'org.apache.jasper.compiler.TldLocationsCache@14dfc8c')
五月 17, 2016 2:35:59 下午 org.apache.catalina.core.ApplicationContext log
信息: SessionListener: contextDestroyed()
五月 17, 2016 2:35:59 下午 org.apache.catalina.core.ApplicationContext log
信息: ContextListener: contextDestroyed()
五月 17, 2016 2:37:25 下午 org.apache.catalina.core.ApplicationContext log
信息: ContextListener: contextInitialized()
五月 17, 2016 2:37:25 下午 org.apache.catalina.core.ApplicationContext log
信息: SessionListener: contextInitialized()
五月 17, 2016 2:37:25 下午 org.apache.catalina.core.ApplicationContext log
信息: ContextListener: attributeAdded('org.apache.jasper.compiler.TldLocationsCache', 'org.apache.jasper.compiler.TldLocationsCache@1179c9d')
五月 17, 2016 2:40:20 下午 org.apache.catalina.core.ApplicationContext log
信息: SessionListener: contextDestroyed()
五月 17, 2016 2:40:20 下午 org.apache.catalina.core.ApplicationContext log
信息: ContextListener: contextDestroyed()
五月 17, 2016 7:09:51 下午 org.apache.catalina.core.ApplicationContext log
信息: ContextListener: contextInitialized()
五月 17, 2016 7:09:51 下午 org.apache.catalina.core.ApplicationContext log
信息: SessionListener: contextInitialized()
五月 17, 2016 7:09:51 下午 org.apache.catalina.core.ApplicationContext log
信息: ContextListener: attributeAdded('org.apache.jasper.compiler.TldLocationsCache', 'org.apache.jasper.compiler.TldLocationsCache@14dfc8c')
五月 17, 2016 7:27:56 下午 org.apache.catalina.core.ApplicationContext log
信息: SessionListener: contextDestroyed()
五月 17, 2016 7:27:56 下午 org.apache.catalina.core.ApplicationContext log
信息: ContextListener: contextDestroyed()
五月 17, 2016 7:29:10 下午 org.apache.catalina.core.ApplicationContext log
信息: ContextListener: contextInitialized()
五月 17, 2016 7:29:10 下午 org.apache.catalina.core.ApplicationContext log
信息: SessionListener: contextInitialized()
五月 17, 2016 7:29:10 下午 org.apache.catalina.core.ApplicationContext log
信息: ContextListener: attributeAdded('org.apache.jasper.compiler.TldLocationsCache', 'org.apache.jasper.compiler.TldLocationsCache@14dfc8c')
五月 17, 2016 7:36:16 下午 org.apache.catalina.core.ApplicationContext log
信息: ContextListener: contextInitialized()
五月 17, 2016 7:36:16 下午 org.apache.catalina.core.ApplicationContext log
信息: SessionListener: contextInitialized()
五月 17, 2016 7:36:16 下午 org.apache.catalina.core.ApplicationContext log
信息: ContextListener: attributeAdded('org.apache.jasper.compiler.TldLocationsCache', 'org.apache.jasper.compiler.TldLocationsCache@274f5f')
五月 17, 2016 7:36:16 下午 org.apache.catalina.core.ApplicationContext log
信息: SessionListener: contextDestroyed()
五月 17, 2016 7:36:16 下午 org.apache.catalina.core.ApplicationContext log
信息: ContextListener: contextDestroyed()
五月 17, 2016 7:42:16 下午 org.apache.catalina.core.ApplicationContext log
信息: SessionListener: contextDestroyed()
五月 17, 2016 7:42:16 下午 org.apache.catalina.core.ApplicationContext log
信息: ContextListener: contextDestroyed()
五月 17, 2016 7:42:32 下午 org.apache.catalina.core.ApplicationContext log
信息: ContextListener: contextInitialized()
五月 17, 2016 7:42:32 下午 org.apache.catalina.core.ApplicationContext log
信息: SessionListener: contextInitialized()
五月 17, 2016 7:42:32 下午 org.apache.catalina.core.ApplicationContext log
信息: ContextListener: attributeAdded('org.apache.jasper.compiler.TldLocationsCache', 'org.apache.jasper.compiler.TldLocationsCache@14dfc8c')
五月 17, 2016 7:43:08 下午 org.apache.catalina.core.ApplicationContext log
信息: SessionListener: contextDestroyed()
五月 17, 2016 7:43:08 下午 org.apache.catalina.core.ApplicationContext log
信息: ContextListener: contextDestroyed()
五月 17, 2016 7:44:27 下午 org.apache.catalina.core.ApplicationContext log
信息: ContextListener: contextInitialized()
五月 17, 2016 7:44:27 下午 org.apache.catalina.core.ApplicationContext log
信息: SessionListener: contextInitialized()
五月 17, 2016 7:44:27 下午 org.apache.catalina.core.ApplicationContext log
信息: ContextListener: attributeAdded('org.apache.jasper.compiler.TldLocationsCache', 'org.apache.jasper.compiler.TldLocationsCache@14dfc8c')
五月 17, 2016 7:45:12 下午 org.apache.catalina.core.ApplicationContext log
信息: SessionListener: contextDestroyed()
五月 17, 2016 7:45:12 下午 org.apache.catalina.core.ApplicationContext log
信息: ContextListener: contextDestroyed()
五月 17, 2016 7:52:23 下午 org.apache.catalina.core.ApplicationContext log
信息: ContextListener: contextInitialized()
五月 17, 2016 7:52:23 下午 org.apache.catalina.core.ApplicationContext log
信息: SessionListener: contextInitialized()
五月 17, 2016 7:52:23 下午 org.apache.catalina.core.ApplicationContext log
信息: ContextListener: attributeAdded('org.apache.jasper.compiler.TldLocationsCache', 'org.apache.jasper.compiler.TldLocationsCache@15274da')
五月 17, 2016 7:52:57 下午 org.apache.catalina.core.ApplicationContext log
信息: SessionListener: contextDestroyed()
五月 17, 2016 7:52:57 下午 org.apache.catalina.core.ApplicationContext log
信息: ContextListener: contextDestroyed()
五月 17, 2016 8:03:31 下午 org.apache.catalina.core.ApplicationContext log
信息: ContextListener: contextInitialized()
五月 17, 2016 8:03:31 下午 org.apache.catalina.core.ApplicationContext log
信息: SessionListener: contextInitialized()
五月 17, 2016 8:03:31 下午 org.apache.catalina.core.ApplicationContext log
信息: ContextListener: attributeAdded('org.apache.jasper.compiler.TldLocationsCache', 'org.apache.jasper.compiler.TldLocationsCache@adca6e')
五月 17, 2016 8:04:55 下午 org.apache.catalina.core.ApplicationContext log
信息: SessionListener: contextDestroyed()
五月 17, 2016 8:04:55 下午 org.apache.catalina.core.ApplicationContext log
信息: ContextListener: contextDestroyed()
五月 17, 2016 8:07:19 下午 org.apache.catalina.core.ApplicationContext log
信息: ContextListener: contextInitialized()
五月 17, 2016 8:07:19 下午 org.apache.catalina.core.ApplicationContext log
信息: SessionListener: contextInitialized()
五月 17, 2016 8:07:19 下午 org.apache.catalina.core.ApplicationContext log
信息: ContextListener: attributeAdded('org.apache.jasper.compiler.TldLocationsCache', 'org.apache.jasper.compiler.TldLocationsCache@14dfc8c')
五月 17, 2016 8:08:24 下午 org.apache.catalina.core.ApplicationContext log
信息: SessionListener: contextDestroyed()
五月 17, 2016 8:08:24 下午 org.apache.catalina.core.ApplicationContext log
信息: ContextListener: contextDestroyed()
五月 17, 2016 8:12:13 下午 org.apache.catalina.core.ApplicationContext log
信息: ContextListener: contextInitialized()
五月 17, 2016 8:12:13 下午 org.apache.catalina.core.ApplicationContext log
信息: SessionListener: contextInitialized()
五月 17, 2016 8:12:13 下午 org.apache.catalina.core.ApplicationContext log
信息: ContextListener: attributeAdded('org.apache.jasper.compiler.TldLocationsCache', 'org.apache.jasper.compiler.TldLocationsCache@15274da')
五月 17, 2016 8:12:39 下午 org.apache.catalina.core.ApplicationContext log
信息: SessionListener: contextDestroyed()
五月 17, 2016 8:12:39 下午 org.apache.catalina.core.ApplicationContext log
信息: ContextListener: contextDestroyed()
五月 17, 2016 8:17:46 下午 org.apache.catalina.core.ApplicationContext log
信息: ContextListener: contextInitialized()
五月 17, 2016 8:17:46 下午 org.apache.catalina.core.ApplicationContext log
信息: SessionListener: contextInitialized()
五月 17, 2016 8:17:46 下午 org.apache.catalina.core.ApplicationContext log
信息: ContextListener: attributeAdded('org.apache.jasper.compiler.TldLocationsCache', 'org.apache.jasper.compiler.TldLocationsCache@14dfc8c')
五月 17, 2016 8:23:34 下午 org.apache.catalina.core.ApplicationContext log
信息: SessionListener: contextDestroyed()
五月 17, 2016 8:23:34 下午 org.apache.catalina.core.ApplicationContext log
信息: ContextListener: contextDestroyed()
五月 17, 2016 8:38:36 下午 org.apache.catalina.core.ApplicationContext log
信息: ContextListener: contextInitialized()
五月 17, 2016 8:38:36 下午 org.apache.catalina.core.ApplicationContext log
信息: SessionListener: contextInitialized()
五月 17, 2016 8:38:36 下午 org.apache.catalina.core.ApplicationContext log
信息: ContextListener: attributeAdded('org.apache.jasper.compiler.TldLocationsCache', 'org.apache.jasper.compiler.TldLocationsCache@15274da')
五月 17, 2016 8:42:09 下午 org.apache.catalina.core.ApplicationContext log
信息: SessionListener: contextDestroyed()
五月 17, 2016 8:42:09 下午 org.apache.catalina.core.ApplicationContext log
信息: ContextListener: contextDestroyed()
