九月 16, 2016 3:53:42 下午 org.apache.catalina.core.ApplicationContext log
信息: ContextListener: contextInitialized()
九月 16, 2016 3:53:42 下午 org.apache.catalina.core.ApplicationContext log
信息: SessionListener: contextInitialized()
九月 16, 2016 3:53:42 下午 org.apache.catalina.core.ApplicationContext log
信息: ContextListener: attributeAdded('org.apache.jasper.compiler.TldLocationsCache', 'org.apache.jasper.compiler.TldLocationsCache@157e86d')
九月 16, 2016 3:55:12 下午 org.apache.catalina.core.ApplicationContext log
信息: SessionListener: contextDestroyed()
九月 16, 2016 3:55:12 下午 org.apache.catalina.core.ApplicationContext log
信息: ContextListener: contextDestroyed()
九月 16, 2016 3:56:38 下午 org.apache.catalina.core.ApplicationContext log
信息: ContextListener: contextInitialized()
九月 16, 2016 3:56:38 下午 org.apache.catalina.core.ApplicationContext log
信息: SessionListener: contextInitialized()
九月 16, 2016 3:56:38 下午 org.apache.catalina.core.ApplicationContext log
信息: ContextListener: attributeAdded('org.apache.jasper.compiler.TldLocationsCache', 'org.apache.jasper.compiler.TldLocationsCache@b2011b')
九月 16, 2016 4:57:01 下午 org.apache.catalina.core.ApplicationContext log
信息: SessionListener: contextDestroyed()
九月 16, 2016 4:57:01 下午 org.apache.catalina.core.ApplicationContext log
信息: ContextListener: contextDestroyed()
九月 16, 2016 4:57:44 下午 org.apache.catalina.core.ApplicationContext log
信息: ContextListener: contextInitialized()
九月 16, 2016 4:57:44 下午 org.apache.catalina.core.ApplicationContext log
信息: SessionListener: contextInitialized()
九月 16, 2016 4:57:44 下午 org.apache.catalina.core.ApplicationContext log
信息: ContextListener: attributeAdded('org.apache.jasper.compiler.TldLocationsCache', 'org.apache.jasper.compiler.TldLocationsCache@1740bcc')
