五月 16, 2016 2:54:22 下午 org.apache.catalina.core.ApplicationContext log
信息: ContextListener: contextInitialized()
五月 16, 2016 2:54:22 下午 org.apache.catalina.core.ApplicationContext log
信息: SessionListener: contextInitialized()
五月 16, 2016 2:54:22 下午 org.apache.catalina.core.ApplicationContext log
信息: ContextListener: attributeAdded('org.apache.jasper.compiler.TldLocationsCache', 'org.apache.jasper.compiler.TldLocationsCache@159f685')
五月 16, 2016 2:54:31 下午 org.apache.catalina.core.ApplicationContext log
信息: SessionListener: contextDestroyed()
五月 16, 2016 2:54:31 下午 org.apache.catalina.core.ApplicationContext log
信息: ContextListener: contextDestroyed()
五月 16, 2016 2:55:21 下午 org.apache.catalina.core.ApplicationContext log
信息: ContextListener: contextInitialized()
五月 16, 2016 2:55:21 下午 org.apache.catalina.core.ApplicationContext log
信息: SessionListener: contextInitialized()
五月 16, 2016 2:55:21 下午 org.apache.catalina.core.ApplicationContext log
信息: ContextListener: attributeAdded('org.apache.jasper.compiler.TldLocationsCache', 'org.apache.jasper.compiler.TldLocationsCache@27dd9a')
五月 16, 2016 2:56:01 下午 org.apache.catalina.core.ApplicationContext log
信息: ContextListener: contextInitialized()
五月 16, 2016 2:56:01 下午 org.apache.catalina.core.ApplicationContext log
信息: SessionListener: contextInitialized()
五月 16, 2016 2:56:01 下午 org.apache.catalina.core.ApplicationContext log
信息: ContextListener: attributeAdded('org.apache.jasper.compiler.TldLocationsCache', 'org.apache.jasper.compiler.TldLocationsCache@1b4640b')
五月 16, 2016 2:57:05 下午 org.apache.catalina.core.ApplicationContext log
信息: SessionListener: contextDestroyed()
五月 16, 2016 2:57:05 下午 org.apache.catalina.core.ApplicationContext log
信息: ContextListener: contextDestroyed()
五月 16, 2016 2:57:32 下午 org.apache.catalina.core.ApplicationContext log
信息: ContextListener: contextInitialized()
五月 16, 2016 2:57:32 下午 org.apache.catalina.core.ApplicationContext log
信息: SessionListener: contextInitialized()
五月 16, 2016 2:57:32 下午 org.apache.catalina.core.ApplicationContext log
信息: ContextListener: attributeAdded('org.apache.jasper.compiler.TldLocationsCache', 'org.apache.jasper.compiler.TldLocationsCache@283725')
五月 16, 2016 2:58:11 下午 org.apache.catalina.core.ApplicationContext log
信息: SessionListener: contextDestroyed()
五月 16, 2016 2:58:11 下午 org.apache.catalina.core.ApplicationContext log
信息: ContextListener: contextDestroyed()
五月 16, 2016 2:59:09 下午 org.apache.catalina.core.ApplicationContext log
信息: ContextListener: contextInitialized()
五月 16, 2016 2:59:09 下午 org.apache.catalina.core.ApplicationContext log
信息: SessionListener: contextInitialized()
五月 16, 2016 2:59:09 下午 org.apache.catalina.core.ApplicationContext log
信息: ContextListener: attributeAdded('org.apache.jasper.compiler.TldLocationsCache', 'org.apache.jasper.compiler.TldLocationsCache@283725')
五月 16, 2016 3:02:37 下午 org.apache.catalina.core.ApplicationContext log
信息: SessionListener: contextDestroyed()
五月 16, 2016 3:02:37 下午 org.apache.catalina.core.ApplicationContext log
信息: ContextListener: contextDestroyed()
五月 16, 2016 3:02:58 下午 org.apache.catalina.core.ApplicationContext log
信息: ContextListener: contextInitialized()
五月 16, 2016 3:02:58 下午 org.apache.catalina.core.ApplicationContext log
信息: SessionListener: contextInitialized()
五月 16, 2016 3:02:58 下午 org.apache.catalina.core.ApplicationContext log
信息: ContextListener: attributeAdded('org.apache.jasper.compiler.TldLocationsCache', 'org.apache.jasper.compiler.TldLocationsCache@15274da')
五月 16, 2016 3:20:15 下午 org.apache.catalina.core.ApplicationContext log
信息: ContextListener: contextInitialized()
五月 16, 2016 3:20:15 下午 org.apache.catalina.core.ApplicationContext log
信息: SessionListener: contextInitialized()
五月 16, 2016 3:20:15 下午 org.apache.catalina.core.ApplicationContext log
信息: ContextListener: attributeAdded('org.apache.jasper.compiler.TldLocationsCache', 'org.apache.jasper.compiler.TldLocationsCache@6758c6')
五月 16, 2016 3:20:15 下午 org.apache.catalina.core.ApplicationContext log
信息: SessionListener: contextDestroyed()
五月 16, 2016 3:20:15 下午 org.apache.catalina.core.ApplicationContext log
信息: ContextListener: contextDestroyed()
五月 16, 2016 3:28:01 下午 org.apache.catalina.core.ApplicationContext log
信息: ContextListener: contextInitialized()
五月 16, 2016 3:28:01 下午 org.apache.catalina.core.ApplicationContext log
信息: SessionListener: contextInitialized()
五月 16, 2016 3:28:01 下午 org.apache.catalina.core.ApplicationContext log
信息: ContextListener: attributeAdded('org.apache.jasper.compiler.TldLocationsCache', 'org.apache.jasper.compiler.TldLocationsCache@1c7a8f')
五月 16, 2016 3:28:01 下午 org.apache.catalina.core.ApplicationContext log
信息: SessionListener: contextDestroyed()
五月 16, 2016 3:28:01 下午 org.apache.catalina.core.ApplicationContext log
信息: ContextListener: contextDestroyed()
五月 16, 2016 6:02:52 下午 org.apache.catalina.core.ApplicationContext log
信息: SessionListener: contextDestroyed()
五月 16, 2016 6:02:52 下午 org.apache.catalina.core.ApplicationContext log
信息: ContextListener: contextDestroyed()
