九月 26, 2016 2:57:00 下午 org.apache.catalina.core.ApplicationContext log
信息: ContextListener: contextInitialized()
九月 26, 2016 2:57:00 下午 org.apache.catalina.core.ApplicationContext log
信息: SessionListener: contextInitialized()
九月 26, 2016 2:57:00 下午 org.apache.catalina.core.ApplicationContext log
信息: ContextListener: attributeAdded('org.apache.jasper.compiler.TldLocationsCache', 'org.apache.jasper.compiler.TldLocationsCache@22c3ff')
九月 26, 2016 2:57:38 下午 org.apache.catalina.core.ApplicationContext log
信息: SessionListener: contextDestroyed()
九月 26, 2016 2:57:38 下午 org.apache.catalina.core.ApplicationContext log
信息: ContextListener: contextDestroyed()
九月 26, 2016 2:59:01 下午 org.apache.catalina.core.ApplicationContext log
信息: ContextListener: contextInitialized()
九月 26, 2016 2:59:01 下午 org.apache.catalina.core.ApplicationContext log
信息: SessionListener: contextInitialized()
九月 26, 2016 2:59:01 下午 org.apache.catalina.core.ApplicationContext log
信息: ContextListener: attributeAdded('org.apache.jasper.compiler.TldLocationsCache', 'org.apache.jasper.compiler.TldLocationsCache@22c3ff')
九月 26, 2016 3:10:51 下午 org.apache.catalina.core.ApplicationContext log
信息: SessionListener: contextDestroyed()
九月 26, 2016 3:10:51 下午 org.apache.catalina.core.ApplicationContext log
信息: ContextListener: contextDestroyed()
九月 26, 2016 4:45:41 下午 org.apache.catalina.core.ApplicationContext log
信息: ContextListener: contextInitialized()
九月 26, 2016 4:45:41 下午 org.apache.catalina.core.ApplicationContext log
信息: SessionListener: contextInitialized()
九月 26, 2016 4:45:41 下午 org.apache.catalina.core.ApplicationContext log
信息: ContextListener: attributeAdded('org.apache.jasper.compiler.TldLocationsCache', 'org.apache.jasper.compiler.TldLocationsCache@8b7182')
九月 26, 2016 4:57:55 下午 org.apache.catalina.core.ApplicationContext log
信息: SessionListener: contextDestroyed()
九月 26, 2016 4:57:55 下午 org.apache.catalina.core.ApplicationContext log
信息: ContextListener: contextDestroyed()
九月 26, 2016 4:59:16 下午 org.apache.catalina.core.ApplicationContext log
信息: ContextListener: contextInitialized()
九月 26, 2016 4:59:16 下午 org.apache.catalina.core.ApplicationContext log
信息: SessionListener: contextInitialized()
九月 26, 2016 4:59:16 下午 org.apache.catalina.core.ApplicationContext log
信息: ContextListener: attributeAdded('org.apache.jasper.compiler.TldLocationsCache', 'org.apache.jasper.compiler.TldLocationsCache@22c3ff')
九月 26, 2016 5:05:51 下午 org.apache.catalina.core.ApplicationContext log
信息: SessionListener: contextDestroyed()
九月 26, 2016 5:05:51 下午 org.apache.catalina.core.ApplicationContext log
信息: ContextListener: contextDestroyed()
九月 26, 2016 5:17:27 下午 org.apache.catalina.core.ApplicationContext log
信息: ContextListener: contextInitialized()
九月 26, 2016 5:17:27 下午 org.apache.catalina.core.ApplicationContext log
信息: SessionListener: contextInitialized()
九月 26, 2016 5:17:27 下午 org.apache.catalina.core.ApplicationContext log
信息: ContextListener: attributeAdded('org.apache.jasper.compiler.TldLocationsCache', 'org.apache.jasper.compiler.TldLocationsCache@22c3ff')
九月 26, 2016 7:59:14 下午 org.apache.catalina.core.ApplicationContext log
信息: ContextListener: contextInitialized()
九月 26, 2016 7:59:14 下午 org.apache.catalina.core.ApplicationContext log
信息: SessionListener: contextInitialized()
九月 26, 2016 7:59:15 下午 org.apache.catalina.core.ApplicationContext log
信息: ContextListener: attributeAdded('org.apache.jasper.compiler.TldLocationsCache', 'org.apache.jasper.compiler.TldLocationsCache@22c3ff')
九月 26, 2016 10:35:06 下午 org.apache.catalina.core.ApplicationContext log
信息: SessionListener: contextDestroyed()
九月 26, 2016 10:35:06 下午 org.apache.catalina.core.ApplicationContext log
信息: ContextListener: contextDestroyed()
