七月 11, 2016 2:57:53 下午 org.apache.catalina.core.ApplicationContext log
信息: ContextListener: contextInitialized()
七月 11, 2016 2:57:53 下午 org.apache.catalina.core.ApplicationContext log
信息: SessionListener: contextInitialized()
七月 11, 2016 2:57:53 下午 org.apache.catalina.core.ApplicationContext log
信息: ContextListener: attributeAdded('org.apache.jasper.compiler.TldLocationsCache', 'org.apache.jasper.compiler.TldLocationsCache@10bf686')
七月 11, 2016 2:58:06 下午 org.apache.catalina.core.ApplicationContext log
信息: SessionListener: contextDestroyed()
七月 11, 2016 2:58:06 下午 org.apache.catalina.core.ApplicationContext log
信息: ContextListener: contextDestroyed()
七月 11, 2016 10:39:01 下午 org.apache.catalina.core.ApplicationContext log
信息: ContextListener: contextInitialized()
七月 11, 2016 10:39:01 下午 org.apache.catalina.core.ApplicationContext log
信息: SessionListener: contextInitialized()
七月 11, 2016 10:39:01 下午 org.apache.catalina.core.ApplicationContext log
信息: ContextListener: attributeAdded('org.apache.jasper.compiler.TldLocationsCache', 'org.apache.jasper.compiler.TldLocationsCache@283725')
七月 11, 2016 10:41:14 下午 org.apache.catalina.core.ApplicationContext log
信息: SessionListener: contextDestroyed()
七月 11, 2016 10:41:14 下午 org.apache.catalina.core.ApplicationContext log
信息: ContextListener: contextDestroyed()
七月 11, 2016 10:43:38 下午 org.apache.catalina.core.ApplicationContext log
信息: ContextListener: contextInitialized()
七月 11, 2016 10:43:38 下午 org.apache.catalina.core.ApplicationContext log
信息: SessionListener: contextInitialized()
七月 11, 2016 10:43:38 下午 org.apache.catalina.core.ApplicationContext log
信息: ContextListener: attributeAdded('org.apache.jasper.compiler.TldLocationsCache', 'org.apache.jasper.compiler.TldLocationsCache@1b4640b')
七月 11, 2016 10:47:54 下午 org.apache.catalina.core.ApplicationContext log
信息: ContextListener: contextInitialized()
七月 11, 2016 10:47:54 下午 org.apache.catalina.core.ApplicationContext log
信息: SessionListener: contextInitialized()
七月 11, 2016 10:47:54 下午 org.apache.catalina.core.ApplicationContext log
信息: ContextListener: attributeAdded('org.apache.jasper.compiler.TldLocationsCache', 'org.apache.jasper.compiler.TldLocationsCache@11a3511')
七月 11, 2016 10:47:54 下午 org.apache.catalina.core.ApplicationContext log
信息: SessionListener: contextDestroyed()
七月 11, 2016 10:47:54 下午 org.apache.catalina.core.ApplicationContext log
信息: ContextListener: contextDestroyed()
七月 11, 2016 10:48:45 下午 org.apache.catalina.core.ApplicationContext log
信息: SessionListener: contextDestroyed()
七月 11, 2016 10:48:45 下午 org.apache.catalina.core.ApplicationContext log
信息: ContextListener: contextDestroyed()
七月 11, 2016 10:48:54 下午 org.apache.catalina.core.ApplicationContext log
信息: ContextListener: contextInitialized()
七月 11, 2016 10:48:54 下午 org.apache.catalina.core.ApplicationContext log
信息: SessionListener: contextInitialized()
七月 11, 2016 10:48:54 下午 org.apache.catalina.core.ApplicationContext log
信息: ContextListener: attributeAdded('org.apache.jasper.compiler.TldLocationsCache', 'org.apache.jasper.compiler.TldLocationsCache@283725')
七月 11, 2016 10:49:13 下午 org.apache.catalina.core.ApplicationContext log
信息: SessionListener: contextDestroyed()
七月 11, 2016 10:49:13 下午 org.apache.catalina.core.ApplicationContext log
信息: ContextListener: contextDestroyed()
七月 11, 2016 10:50:26 下午 org.apache.catalina.core.ApplicationContext log
信息: ContextListener: contextInitialized()
七月 11, 2016 10:50:26 下午 org.apache.catalina.core.ApplicationContext log
信息: SessionListener: contextInitialized()
七月 11, 2016 10:50:26 下午 org.apache.catalina.core.ApplicationContext log
信息: ContextListener: attributeAdded('org.apache.jasper.compiler.TldLocationsCache', 'org.apache.jasper.compiler.TldLocationsCache@283725')
七月 11, 2016 10:52:52 下午 org.apache.catalina.core.ApplicationContext log
信息: ContextListener: contextInitialized()
七月 11, 2016 10:52:52 下午 org.apache.catalina.core.ApplicationContext log
信息: SessionListener: contextInitialized()
七月 11, 2016 10:52:52 下午 org.apache.catalina.core.ApplicationContext log
信息: ContextListener: attributeAdded('org.apache.jasper.compiler.TldLocationsCache', 'org.apache.jasper.compiler.TldLocationsCache@274f5f')
七月 11, 2016 10:52:53 下午 org.apache.catalina.core.ApplicationContext log
信息: SessionListener: contextDestroyed()
七月 11, 2016 10:52:53 下午 org.apache.catalina.core.ApplicationContext log
信息: ContextListener: contextDestroyed()
七月 11, 2016 10:52:54 下午 org.apache.catalina.core.ApplicationContext log
信息: SessionListener: contextDestroyed()
七月 11, 2016 10:52:54 下午 org.apache.catalina.core.ApplicationContext log
信息: ContextListener: contextDestroyed()
七月 11, 2016 10:54:31 下午 org.apache.catalina.core.ApplicationContext log
信息: ContextListener: contextInitialized()
七月 11, 2016 10:54:31 下午 org.apache.catalina.core.ApplicationContext log
信息: SessionListener: contextInitialized()
七月 11, 2016 10:54:31 下午 org.apache.catalina.core.ApplicationContext log
信息: ContextListener: attributeAdded('org.apache.jasper.compiler.TldLocationsCache', 'org.apache.jasper.compiler.TldLocationsCache@283725')
七月 11, 2016 10:54:32 下午 org.apache.catalina.core.ApplicationContext log
信息: SessionListener: contextDestroyed()
七月 11, 2016 10:54:32 下午 org.apache.catalina.core.ApplicationContext log
信息: ContextListener: contextDestroyed()
七月 11, 2016 10:56:33 下午 org.apache.catalina.core.ApplicationContext log
信息: ContextListener: contextInitialized()
七月 11, 2016 10:56:33 下午 org.apache.catalina.core.ApplicationContext log
信息: SessionListener: contextInitialized()
七月 11, 2016 10:56:33 下午 org.apache.catalina.core.ApplicationContext log
信息: ContextListener: attributeAdded('org.apache.jasper.compiler.TldLocationsCache', 'org.apache.jasper.compiler.TldLocationsCache@1b4640b')
七月 11, 2016 10:57:45 下午 org.apache.catalina.core.ApplicationContext log
信息: SessionListener: contextDestroyed()
七月 11, 2016 10:57:45 下午 org.apache.catalina.core.ApplicationContext log
信息: ContextListener: contextDestroyed()
七月 11, 2016 10:59:14 下午 org.apache.catalina.core.ApplicationContext log
信息: ContextListener: contextInitialized()
七月 11, 2016 10:59:14 下午 org.apache.catalina.core.ApplicationContext log
信息: SessionListener: contextInitialized()
七月 11, 2016 10:59:14 下午 org.apache.catalina.core.ApplicationContext log
信息: ContextListener: attributeAdded('org.apache.jasper.compiler.TldLocationsCache', 'org.apache.jasper.compiler.TldLocationsCache@283725')
七月 11, 2016 11:01:22 下午 org.apache.catalina.core.ApplicationContext log
信息: SessionListener: contextDestroyed()
七月 11, 2016 11:01:22 下午 org.apache.catalina.core.ApplicationContext log
信息: ContextListener: contextDestroyed()
七月 11, 2016 11:01:26 下午 org.apache.catalina.core.ApplicationContext log
信息: ContextListener: contextInitialized()
七月 11, 2016 11:01:26 下午 org.apache.catalina.core.ApplicationContext log
信息: SessionListener: contextInitialized()
七月 11, 2016 11:01:26 下午 org.apache.catalina.core.ApplicationContext log
信息: ContextListener: attributeAdded('org.apache.jasper.compiler.TldLocationsCache', 'org.apache.jasper.compiler.TldLocationsCache@1b4640b')
七月 11, 2016 11:03:34 下午 org.apache.catalina.core.ApplicationContext log
信息: SessionListener: contextDestroyed()
七月 11, 2016 11:03:34 下午 org.apache.catalina.core.ApplicationContext log
信息: ContextListener: contextDestroyed()
七月 11, 2016 11:06:40 下午 org.apache.catalina.core.ApplicationContext log
信息: ContextListener: contextInitialized()
七月 11, 2016 11:06:40 下午 org.apache.catalina.core.ApplicationContext log
信息: SessionListener: contextInitialized()
七月 11, 2016 11:06:40 下午 org.apache.catalina.core.ApplicationContext log
信息: ContextListener: attributeAdded('org.apache.jasper.compiler.TldLocationsCache', 'org.apache.jasper.compiler.TldLocationsCache@15274da')
七月 11, 2016 11:07:28 下午 org.apache.catalina.core.ApplicationContext log
信息: SessionListener: contextDestroyed()
七月 11, 2016 11:07:28 下午 org.apache.catalina.core.ApplicationContext log
信息: ContextListener: contextDestroyed()
