十月 12, 2016 11:00:34 上午 org.apache.catalina.core.ApplicationContext log
信息: ContextListener: contextInitialized()
十月 12, 2016 11:00:34 上午 org.apache.catalina.core.ApplicationContext log
信息: SessionListener: contextInitialized()
十月 12, 2016 11:00:34 上午 org.apache.catalina.core.ApplicationContext log
信息: ContextListener: attributeAdded('org.apache.jasper.compiler.TldLocationsCache', 'org.apache.jasper.compiler.TldLocationsCache@942e54')
十月 12, 2016 2:29:03 下午 org.apache.catalina.core.ApplicationContext log
信息: SessionListener: contextDestroyed()
十月 12, 2016 2:29:03 下午 org.apache.catalina.core.ApplicationContext log
信息: ContextListener: contextDestroyed()
十月 12, 2016 3:26:03 下午 org.apache.catalina.core.ApplicationContext log
信息: ContextListener: contextInitialized()
十月 12, 2016 3:26:03 下午 org.apache.catalina.core.ApplicationContext log
信息: SessionListener: contextInitialized()
十月 12, 2016 3:26:03 下午 org.apache.catalina.core.ApplicationContext log
信息: ContextListener: attributeAdded('org.apache.jasper.compiler.TldLocationsCache', 'org.apache.jasper.compiler.TldLocationsCache@22c3ff')
十月 12, 2016 3:42:20 下午 org.apache.catalina.core.ApplicationContext log
信息: SessionListener: contextDestroyed()
十月 12, 2016 3:42:20 下午 org.apache.catalina.core.ApplicationContext log
信息: ContextListener: contextDestroyed()
十月 12, 2016 3:42:32 下午 org.apache.catalina.core.ApplicationContext log
信息: ContextListener: contextInitialized()
十月 12, 2016 3:42:32 下午 org.apache.catalina.core.ApplicationContext log
信息: SessionListener: contextInitialized()
十月 12, 2016 3:42:32 下午 org.apache.catalina.core.ApplicationContext log
信息: ContextListener: attributeAdded('org.apache.jasper.compiler.TldLocationsCache', 'org.apache.jasper.compiler.TldLocationsCache@22c3ff')
十月 12, 2016 3:43:31 下午 org.apache.catalina.core.ApplicationContext log
信息: SessionListener: contextDestroyed()
十月 12, 2016 3:43:31 下午 org.apache.catalina.core.ApplicationContext log
信息: ContextListener: contextDestroyed()
十月 12, 2016 3:43:41 下午 org.apache.catalina.core.ApplicationContext log
信息: ContextListener: contextInitialized()
十月 12, 2016 3:43:41 下午 org.apache.catalina.core.ApplicationContext log
信息: SessionListener: contextInitialized()
十月 12, 2016 3:43:41 下午 org.apache.catalina.core.ApplicationContext log
信息: ContextListener: attributeAdded('org.apache.jasper.compiler.TldLocationsCache', 'org.apache.jasper.compiler.TldLocationsCache@8b7182')
十月 12, 2016 3:44:34 下午 org.apache.catalina.core.ApplicationContext log
信息: SessionListener: contextDestroyed()
十月 12, 2016 3:44:34 下午 org.apache.catalina.core.ApplicationContext log
信息: ContextListener: contextDestroyed()
十月 12, 2016 3:51:35 下午 org.apache.catalina.core.ApplicationContext log
信息: ContextListener: contextInitialized()
十月 12, 2016 3:51:35 下午 org.apache.catalina.core.ApplicationContext log
信息: SessionListener: contextInitialized()
十月 12, 2016 3:51:36 下午 org.apache.catalina.core.ApplicationContext log
信息: ContextListener: attributeAdded('org.apache.jasper.compiler.TldLocationsCache', 'org.apache.jasper.compiler.TldLocationsCache@22c3ff')
十月 12, 2016 4:37:33 下午 org.apache.catalina.core.ApplicationContext log
信息: SessionListener: contextDestroyed()
十月 12, 2016 4:37:33 下午 org.apache.catalina.core.ApplicationContext log
信息: ContextListener: contextDestroyed()
十月 12, 2016 4:37:57 下午 org.apache.catalina.core.ApplicationContext log
信息: ContextListener: contextInitialized()
十月 12, 2016 4:37:57 下午 org.apache.catalina.core.ApplicationContext log
信息: SessionListener: contextInitialized()
十月 12, 2016 4:37:57 下午 org.apache.catalina.core.ApplicationContext log
信息: ContextListener: attributeAdded('org.apache.jasper.compiler.TldLocationsCache', 'org.apache.jasper.compiler.TldLocationsCache@22c3ff')
十月 12, 2016 4:39:24 下午 org.apache.catalina.core.ApplicationContext log
信息: SessionListener: contextDestroyed()
十月 12, 2016 4:39:24 下午 org.apache.catalina.core.ApplicationContext log
信息: ContextListener: contextDestroyed()
十月 12, 2016 4:39:33 下午 org.apache.catalina.core.ApplicationContext log
信息: ContextListener: contextInitialized()
十月 12, 2016 4:39:33 下午 org.apache.catalina.core.ApplicationContext log
信息: SessionListener: contextInitialized()
十月 12, 2016 4:39:33 下午 org.apache.catalina.core.ApplicationContext log
信息: ContextListener: attributeAdded('org.apache.jasper.compiler.TldLocationsCache', 'org.apache.jasper.compiler.TldLocationsCache@22c3ff')
十月 12, 2016 4:39:45 下午 org.apache.catalina.core.ApplicationContext log
信息: SessionListener: contextDestroyed()
十月 12, 2016 4:39:45 下午 org.apache.catalina.core.ApplicationContext log
信息: ContextListener: contextDestroyed()
十月 12, 2016 4:40:21 下午 org.apache.catalina.core.ApplicationContext log
信息: ContextListener: contextInitialized()
十月 12, 2016 4:40:21 下午 org.apache.catalina.core.ApplicationContext log
信息: SessionListener: contextInitialized()
十月 12, 2016 4:40:21 下午 org.apache.catalina.core.ApplicationContext log
信息: ContextListener: attributeAdded('org.apache.jasper.compiler.TldLocationsCache', 'org.apache.jasper.compiler.TldLocationsCache@22c3ff')
十月 12, 2016 4:40:36 下午 org.apache.catalina.core.ApplicationContext log
信息: SessionListener: contextDestroyed()
十月 12, 2016 4:40:36 下午 org.apache.catalina.core.ApplicationContext log
信息: ContextListener: contextDestroyed()
十月 12, 2016 4:41:19 下午 org.apache.catalina.core.ApplicationContext log
信息: ContextListener: contextInitialized()
十月 12, 2016 4:41:19 下午 org.apache.catalina.core.ApplicationContext log
信息: SessionListener: contextInitialized()
十月 12, 2016 4:41:19 下午 org.apache.catalina.core.ApplicationContext log
信息: ContextListener: attributeAdded('org.apache.jasper.compiler.TldLocationsCache', 'org.apache.jasper.compiler.TldLocationsCache@22c3ff')
十月 12, 2016 4:41:35 下午 org.apache.catalina.core.ApplicationContext log
信息: SessionListener: contextDestroyed()
十月 12, 2016 4:41:35 下午 org.apache.catalina.core.ApplicationContext log
信息: ContextListener: contextDestroyed()
十月 12, 2016 4:43:17 下午 org.apache.catalina.core.ApplicationContext log
信息: ContextListener: contextInitialized()
十月 12, 2016 4:43:17 下午 org.apache.catalina.core.ApplicationContext log
信息: SessionListener: contextInitialized()
十月 12, 2016 4:43:17 下午 org.apache.catalina.core.ApplicationContext log
信息: ContextListener: attributeAdded('org.apache.jasper.compiler.TldLocationsCache', 'org.apache.jasper.compiler.TldLocationsCache@22c3ff')
十月 12, 2016 4:52:17 下午 org.apache.catalina.core.ApplicationContext log
信息: SessionListener: contextDestroyed()
十月 12, 2016 4:52:17 下午 org.apache.catalina.core.ApplicationContext log
信息: ContextListener: contextDestroyed()
十月 12, 2016 4:52:29 下午 org.apache.catalina.core.ApplicationContext log
信息: ContextListener: contextInitialized()
十月 12, 2016 4:52:29 下午 org.apache.catalina.core.ApplicationContext log
信息: SessionListener: contextInitialized()
十月 12, 2016 4:52:29 下午 org.apache.catalina.core.ApplicationContext log
信息: ContextListener: attributeAdded('org.apache.jasper.compiler.TldLocationsCache', 'org.apache.jasper.compiler.TldLocationsCache@22c3ff')
十月 12, 2016 4:53:44 下午 org.apache.catalina.core.ApplicationContext log
信息: SessionListener: contextDestroyed()
十月 12, 2016 4:53:44 下午 org.apache.catalina.core.ApplicationContext log
信息: ContextListener: contextDestroyed()
十月 12, 2016 4:53:53 下午 org.apache.catalina.core.ApplicationContext log
信息: ContextListener: contextInitialized()
十月 12, 2016 4:53:53 下午 org.apache.catalina.core.ApplicationContext log
信息: SessionListener: contextInitialized()
十月 12, 2016 4:53:53 下午 org.apache.catalina.core.ApplicationContext log
信息: ContextListener: attributeAdded('org.apache.jasper.compiler.TldLocationsCache', 'org.apache.jasper.compiler.TldLocationsCache@942e54')
十月 12, 2016 4:54:19 下午 org.apache.catalina.core.ApplicationContext log
信息: SessionListener: contextDestroyed()
十月 12, 2016 4:54:19 下午 org.apache.catalina.core.ApplicationContext log
信息: ContextListener: contextDestroyed()
十月 12, 2016 5:00:08 下午 org.apache.catalina.core.ApplicationContext log
信息: ContextListener: contextInitialized()
十月 12, 2016 5:00:08 下午 org.apache.catalina.core.ApplicationContext log
信息: SessionListener: contextInitialized()
十月 12, 2016 5:00:08 下午 org.apache.catalina.core.ApplicationContext log
信息: ContextListener: attributeAdded('org.apache.jasper.compiler.TldLocationsCache', 'org.apache.jasper.compiler.TldLocationsCache@22c3ff')
十月 12, 2016 5:00:17 下午 org.apache.catalina.core.ApplicationContext log
信息: SessionListener: contextDestroyed()
十月 12, 2016 5:00:17 下午 org.apache.catalina.core.ApplicationContext log
信息: ContextListener: contextDestroyed()
十月 12, 2016 5:05:44 下午 org.apache.catalina.core.ApplicationContext log
信息: ContextListener: contextInitialized()
十月 12, 2016 5:05:44 下午 org.apache.catalina.core.ApplicationContext log
信息: SessionListener: contextInitialized()
十月 12, 2016 5:05:44 下午 org.apache.catalina.core.ApplicationContext log
信息: ContextListener: attributeAdded('org.apache.jasper.compiler.TldLocationsCache', 'org.apache.jasper.compiler.TldLocationsCache@22c3ff')
十月 12, 2016 5:06:21 下午 org.apache.catalina.core.ApplicationContext log
信息: SessionListener: contextDestroyed()
十月 12, 2016 5:06:21 下午 org.apache.catalina.core.ApplicationContext log
信息: ContextListener: contextDestroyed()
十月 12, 2016 5:30:47 下午 org.apache.catalina.core.ApplicationContext log
信息: ContextListener: contextInitialized()
十月 12, 2016 5:30:47 下午 org.apache.catalina.core.ApplicationContext log
信息: SessionListener: contextInitialized()
十月 12, 2016 5:30:47 下午 org.apache.catalina.core.ApplicationContext log
信息: ContextListener: attributeAdded('org.apache.jasper.compiler.TldLocationsCache', 'org.apache.jasper.compiler.TldLocationsCache@8b7182')
十月 12, 2016 5:32:19 下午 org.apache.catalina.core.ApplicationContext log
信息: SessionListener: contextDestroyed()
十月 12, 2016 5:32:19 下午 org.apache.catalina.core.ApplicationContext log
信息: ContextListener: contextDestroyed()
十月 12, 2016 5:35:51 下午 org.apache.catalina.core.ApplicationContext log
信息: ContextListener: contextInitialized()
十月 12, 2016 5:35:51 下午 org.apache.catalina.core.ApplicationContext log
信息: SessionListener: contextInitialized()
十月 12, 2016 5:35:51 下午 org.apache.catalina.core.ApplicationContext log
信息: ContextListener: attributeAdded('org.apache.jasper.compiler.TldLocationsCache', 'org.apache.jasper.compiler.TldLocationsCache@8b7182')
十月 12, 2016 5:36:22 下午 org.apache.catalina.core.ApplicationContext log
信息: SessionListener: contextDestroyed()
十月 12, 2016 5:36:22 下午 org.apache.catalina.core.ApplicationContext log
信息: ContextListener: contextDestroyed()
十月 12, 2016 5:47:40 下午 org.apache.catalina.core.ApplicationContext log
信息: ContextListener: contextInitialized()
十月 12, 2016 5:47:40 下午 org.apache.catalina.core.ApplicationContext log
信息: SessionListener: contextInitialized()
十月 12, 2016 5:47:40 下午 org.apache.catalina.core.ApplicationContext log
信息: ContextListener: attributeAdded('org.apache.jasper.compiler.TldLocationsCache', 'org.apache.jasper.compiler.TldLocationsCache@22c3ff')
十月 12, 2016 5:48:08 下午 org.apache.catalina.core.ApplicationContext log
信息: SessionListener: contextDestroyed()
十月 12, 2016 5:48:08 下午 org.apache.catalina.core.ApplicationContext log
信息: ContextListener: contextDestroyed()
十月 12, 2016 5:48:16 下午 org.apache.catalina.core.ApplicationContext log
信息: ContextListener: contextInitialized()
十月 12, 2016 5:48:16 下午 org.apache.catalina.core.ApplicationContext log
信息: SessionListener: contextInitialized()
十月 12, 2016 5:48:16 下午 org.apache.catalina.core.ApplicationContext log
信息: ContextListener: attributeAdded('org.apache.jasper.compiler.TldLocationsCache', 'org.apache.jasper.compiler.TldLocationsCache@22c3ff')
十月 12, 2016 5:48:26 下午 org.apache.catalina.core.ApplicationContext log
信息: SessionListener: contextDestroyed()
十月 12, 2016 5:48:26 下午 org.apache.catalina.core.ApplicationContext log
信息: ContextListener: contextDestroyed()
十月 12, 2016 5:53:25 下午 org.apache.catalina.core.ApplicationContext log
信息: ContextListener: contextInitialized()
十月 12, 2016 5:53:25 下午 org.apache.catalina.core.ApplicationContext log
信息: SessionListener: contextInitialized()
十月 12, 2016 5:53:25 下午 org.apache.catalina.core.ApplicationContext log
信息: ContextListener: attributeAdded('org.apache.jasper.compiler.TldLocationsCache', 'org.apache.jasper.compiler.TldLocationsCache@22c3ff')
十月 12, 2016 5:58:58 下午 org.apache.catalina.core.ApplicationContext log
信息: SessionListener: contextDestroyed()
十月 12, 2016 5:58:58 下午 org.apache.catalina.core.ApplicationContext log
信息: ContextListener: contextDestroyed()
十月 12, 2016 5:59:13 下午 org.apache.catalina.core.ApplicationContext log
信息: ContextListener: contextInitialized()
十月 12, 2016 5:59:13 下午 org.apache.catalina.core.ApplicationContext log
信息: SessionListener: contextInitialized()
十月 12, 2016 5:59:13 下午 org.apache.catalina.core.ApplicationContext log
信息: ContextListener: attributeAdded('org.apache.jasper.compiler.TldLocationsCache', 'org.apache.jasper.compiler.TldLocationsCache@22c3ff')
十月 12, 2016 6:03:24 下午 org.apache.catalina.core.ApplicationContext log
信息: SessionListener: contextDestroyed()
十月 12, 2016 6:03:24 下午 org.apache.catalina.core.ApplicationContext log
信息: ContextListener: contextDestroyed()
十月 12, 2016 9:06:26 下午 org.apache.catalina.core.ApplicationContext log
信息: ContextListener: contextInitialized()
十月 12, 2016 9:06:26 下午 org.apache.catalina.core.ApplicationContext log
信息: SessionListener: contextInitialized()
十月 12, 2016 9:06:26 下午 org.apache.catalina.core.ApplicationContext log
信息: ContextListener: attributeAdded('org.apache.jasper.compiler.TldLocationsCache', 'org.apache.jasper.compiler.TldLocationsCache@22c3ff')
十月 12, 2016 9:07:44 下午 org.apache.catalina.core.ApplicationContext log
信息: SessionListener: contextDestroyed()
十月 12, 2016 9:07:44 下午 org.apache.catalina.core.ApplicationContext log
信息: ContextListener: contextDestroyed()
