九月 19, 2016 12:53:35 下午 org.apache.catalina.core.ApplicationContext log
信息: ContextListener: contextInitialized()
九月 19, 2016 12:53:35 下午 org.apache.catalina.core.ApplicationContext log
信息: SessionListener: contextInitialized()
九月 19, 2016 12:53:35 下午 org.apache.catalina.core.ApplicationContext log
信息: ContextListener: attributeAdded('org.apache.jasper.compiler.TldLocationsCache', 'org.apache.jasper.compiler.TldLocationsCache@1eac922')
九月 19, 2016 1:49:29 下午 org.apache.catalina.core.ApplicationContext log
信息: SessionListener: contextDestroyed()
九月 19, 2016 1:49:29 下午 org.apache.catalina.core.ApplicationContext log
信息: ContextListener: contextDestroyed()
九月 19, 2016 3:25:15 下午 org.apache.catalina.core.ApplicationContext log
信息: ContextListener: contextInitialized()
九月 19, 2016 3:25:15 下午 org.apache.catalina.core.ApplicationContext log
信息: SessionListener: contextInitialized()
九月 19, 2016 3:25:15 下午 org.apache.catalina.core.ApplicationContext log
信息: ContextListener: attributeAdded('org.apache.jasper.compiler.TldLocationsCache', 'org.apache.jasper.compiler.TldLocationsCache@1740bcc')
九月 19, 2016 3:32:59 下午 org.apache.catalina.core.ApplicationContext log
信息: SessionListener: contextDestroyed()
九月 19, 2016 3:32:59 下午 org.apache.catalina.core.ApplicationContext log
信息: ContextListener: contextDestroyed()
九月 19, 2016 3:33:16 下午 org.apache.catalina.core.ApplicationContext log
信息: ContextListener: contextInitialized()
九月 19, 2016 3:33:16 下午 org.apache.catalina.core.ApplicationContext log
信息: SessionListener: contextInitialized()
九月 19, 2016 3:33:16 下午 org.apache.catalina.core.ApplicationContext log
信息: ContextListener: attributeAdded('org.apache.jasper.compiler.TldLocationsCache', 'org.apache.jasper.compiler.TldLocationsCache@b2011b')
九月 19, 2016 3:37:06 下午 org.apache.catalina.core.ApplicationContext log
信息: ContextListener: contextInitialized()
九月 19, 2016 3:37:06 下午 org.apache.catalina.core.ApplicationContext log
信息: SessionListener: contextInitialized()
九月 19, 2016 3:37:06 下午 org.apache.catalina.core.ApplicationContext log
信息: ContextListener: attributeAdded('org.apache.jasper.compiler.TldLocationsCache', 'org.apache.jasper.compiler.TldLocationsCache@147d91e')
九月 19, 2016 3:37:06 下午 org.apache.catalina.core.ApplicationContext log
信息: SessionListener: contextDestroyed()
九月 19, 2016 3:37:06 下午 org.apache.catalina.core.ApplicationContext log
信息: ContextListener: contextDestroyed()
九月 19, 2016 3:48:01 下午 org.apache.catalina.core.ApplicationContext log
信息: SessionListener: contextDestroyed()
九月 19, 2016 3:48:01 下午 org.apache.catalina.core.ApplicationContext log
信息: ContextListener: contextDestroyed()
九月 19, 2016 3:48:23 下午 org.apache.catalina.core.ApplicationContext log
信息: ContextListener: contextInitialized()
九月 19, 2016 3:48:23 下午 org.apache.catalina.core.ApplicationContext log
信息: SessionListener: contextInitialized()
九月 19, 2016 3:48:23 下午 org.apache.catalina.core.ApplicationContext log
信息: ContextListener: attributeAdded('org.apache.jasper.compiler.TldLocationsCache', 'org.apache.jasper.compiler.TldLocationsCache@b2011b')
九月 19, 2016 3:49:22 下午 org.apache.catalina.core.ApplicationContext log
信息: SessionListener: contextDestroyed()
九月 19, 2016 3:49:22 下午 org.apache.catalina.core.ApplicationContext log
信息: ContextListener: contextDestroyed()
九月 19, 2016 3:49:41 下午 org.apache.catalina.core.ApplicationContext log
信息: ContextListener: contextInitialized()
九月 19, 2016 3:49:41 下午 org.apache.catalina.core.ApplicationContext log
信息: SessionListener: contextInitialized()
九月 19, 2016 3:49:41 下午 org.apache.catalina.core.ApplicationContext log
信息: ContextListener: attributeAdded('org.apache.jasper.compiler.TldLocationsCache', 'org.apache.jasper.compiler.TldLocationsCache@1740bcc')
九月 19, 2016 3:55:48 下午 org.apache.catalina.core.ApplicationContext log
信息: ContextListener: contextInitialized()
九月 19, 2016 3:55:48 下午 org.apache.catalina.core.ApplicationContext log
信息: SessionListener: contextInitialized()
九月 19, 2016 3:55:48 下午 org.apache.catalina.core.ApplicationContext log
信息: ContextListener: attributeAdded('org.apache.jasper.compiler.TldLocationsCache', 'org.apache.jasper.compiler.TldLocationsCache@10bf686')
九月 19, 2016 4:39:14 下午 org.apache.catalina.core.ApplicationContext log
信息: ContextListener: contextInitialized()
九月 19, 2016 4:39:14 下午 org.apache.catalina.core.ApplicationContext log
信息: SessionListener: contextInitialized()
九月 19, 2016 4:39:14 下午 org.apache.catalina.core.ApplicationContext log
信息: ContextListener: attributeAdded('org.apache.jasper.compiler.TldLocationsCache', 'org.apache.jasper.compiler.TldLocationsCache@b2011b')
九月 19, 2016 5:17:19 下午 org.apache.catalina.core.ApplicationContext log
信息: SessionListener: contextDestroyed()
九月 19, 2016 5:17:19 下午 org.apache.catalina.core.ApplicationContext log
信息: ContextListener: contextDestroyed()
九月 19, 2016 5:17:32 下午 org.apache.catalina.core.ApplicationContext log
信息: ContextListener: contextInitialized()
九月 19, 2016 5:17:32 下午 org.apache.catalina.core.ApplicationContext log
信息: SessionListener: contextInitialized()
九月 19, 2016 5:17:32 下午 org.apache.catalina.core.ApplicationContext log
信息: ContextListener: attributeAdded('org.apache.jasper.compiler.TldLocationsCache', 'org.apache.jasper.compiler.TldLocationsCache@b2011b')
九月 19, 2016 5:22:21 下午 org.apache.catalina.core.ApplicationContext log
信息: SessionListener: contextDestroyed()
九月 19, 2016 5:22:21 下午 org.apache.catalina.core.ApplicationContext log
信息: ContextListener: contextDestroyed()
九月 19, 2016 5:22:36 下午 org.apache.catalina.core.ApplicationContext log
信息: ContextListener: contextInitialized()
九月 19, 2016 5:22:36 下午 org.apache.catalina.core.ApplicationContext log
信息: SessionListener: contextInitialized()
九月 19, 2016 5:22:36 下午 org.apache.catalina.core.ApplicationContext log
信息: ContextListener: attributeAdded('org.apache.jasper.compiler.TldLocationsCache', 'org.apache.jasper.compiler.TldLocationsCache@1740bcc')
